[0.076s] DEBUG:colcon:Command line arguments: ['/usr/bin/colcon', 'build']
[0.076s] DEBUG:colcon:Parsed command line arguments: Namespace(log_base=None, log_level=None, verb_name='build', build_base='build', install_base='install', merge_install=False, symlink_install=False, test_result_base=None, continue_on_error=False, executor='parallel', parallel_workers=16, event_handlers=None, ignore_user_meta=False, metas=['./colcon.meta'], base_paths=['.'], packages_ignore=None, packages_ignore_regex=None, paths=None, packages_up_to=None, packages_up_to_regex=None, packages_above=None, packages_above_and_dependencies=None, packages_above_depth=None, packages_select_by_dep=None, packages_skip_by_dep=None, packages_skip_up_to=None, packages_select_build_failed=False, packages_skip_build_finished=False, packages_select_test_failures=False, packages_skip_test_passed=False, packages_select=None, packages_skip=None, packages_select_regex=None, packages_skip_regex=None, packages_start=None, packages_end=None, allow_overriding=[], cmake_args=None, cmake_target=None, cmake_target_skip_unavailable=False, cmake_clean_cache=False, cmake_clean_first=False, cmake_force_configure=False, ament_cmake_args=None, catkin_cmake_args=None, catkin_skip_building_tests=False, verb_parser=<colcon_defaults.argument_parser.defaults.DefaultArgumentsDecorator object at 0x7c17758e52d0>, verb_extension=<colcon_core.verb.build.BuildVerb object at 0x7c1775a4dea0>, main=<bound method BuildVerb.main of <colcon_core.verb.build.BuildVerb object at 0x7c1775a4dea0>>)
[0.209s] Level 1:colcon.colcon_core.package_discovery:discover_packages(colcon_meta) check parameters
[0.209s] Level 1:colcon.colcon_core.package_discovery:discover_packages(recursive) check parameters
[0.209s] Level 1:colcon.colcon_core.package_discovery:discover_packages(ignore) check parameters
[0.209s] Level 1:colcon.colcon_core.package_discovery:discover_packages(path) check parameters
[0.209s] Level 1:colcon.colcon_core.package_discovery:discover_packages(colcon_meta) discover
[0.209s] Level 1:colcon.colcon_core.package_discovery:discover_packages(recursive) discover
[0.209s] INFO:colcon.colcon_core.package_discovery:Crawling recursively for packages in '/home/prateek/ros2_ws'
[0.209s] Level 1:colcon.colcon_core.package_identification:_identify(.) by extensions ['ignore', 'ignore_ament_install']
[0.209s] Level 1:colcon.colcon_core.package_identification:_identify(.) by extension 'ignore'
[0.210s] Level 1:colcon.colcon_core.package_identification:_identify(.) by extension 'ignore_ament_install'
[0.210s] Level 1:colcon.colcon_core.package_identification:_identify(.) by extensions ['colcon_pkg']
[0.210s] Level 1:colcon.colcon_core.package_identification:_identify(.) by extension 'colcon_pkg'
[0.210s] Level 1:colcon.colcon_core.package_identification:_identify(.) by extensions ['colcon_meta']
[0.210s] Level 1:colcon.colcon_core.package_identification:_identify(.) by extension 'colcon_meta'
[0.210s] Level 1:colcon.colcon_core.package_identification:_identify(.) by extensions ['ros']
[0.210s] Level 1:colcon.colcon_core.package_identification:_identify(.) by extension 'ros'
[0.217s] Level 1:colcon.colcon_core.package_identification:_identify(.) by extensions ['cmake', 'python']
[0.218s] Level 1:colcon.colcon_core.package_identification:_identify(.) by extension 'cmake'
[0.218s] Level 1:colcon.colcon_core.package_identification:_identify(.) by extension 'python'
[0.218s] Level 1:colcon.colcon_core.package_identification:_identify(.) by extensions ['python_setup_py']
[0.218s] Level 1:colcon.colcon_core.package_identification:_identify(.) by extension 'python_setup_py'
[0.218s] Level 1:colcon.colcon_core.package_identification:_identify(Screenshots) by extensions ['ignore', 'ignore_ament_install']
[0.218s] Level 1:colcon.colcon_core.package_identification:_identify(Screenshots) by extension 'ignore'
[0.218s] Level 1:colcon.colcon_core.package_identification:_identify(Screenshots) by extension 'ignore_ament_install'
[0.218s] Level 1:colcon.colcon_core.package_identification:_identify(Screenshots) by extensions ['colcon_pkg']
[0.218s] Level 1:colcon.colcon_core.package_identification:_identify(Screenshots) by extension 'colcon_pkg'
[0.218s] Level 1:colcon.colcon_core.package_identification:_identify(Screenshots) by extensions ['colcon_meta']
[0.218s] Level 1:colcon.colcon_core.package_identification:_identify(Screenshots) by extension 'colcon_meta'
[0.218s] Level 1:colcon.colcon_core.package_identification:_identify(Screenshots) by extensions ['ros']
[0.218s] Level 1:colcon.colcon_core.package_identification:_identify(Screenshots) by extension 'ros'
[0.218s] Level 1:colcon.colcon_core.package_identification:_identify(Screenshots) by extensions ['cmake', 'python']
[0.218s] Level 1:colcon.colcon_core.package_identification:_identify(Screenshots) by extension 'cmake'
[0.218s] Level 1:colcon.colcon_core.package_identification:_identify(Screenshots) by extension 'python'
[0.218s] Level 1:colcon.colcon_core.package_identification:_identify(Screenshots) by extensions ['python_setup_py']
[0.218s] Level 1:colcon.colcon_core.package_identification:_identify(Screenshots) by extension 'python_setup_py'
[0.218s] Level 1:colcon.colcon_core.package_identification:_identify(build) by extensions ['ignore', 'ignore_ament_install']
[0.218s] Level 1:colcon.colcon_core.package_identification:_identify(build) by extension 'ignore'
[0.218s] Level 1:colcon.colcon_core.package_identification:_identify(build) ignored
[0.218s] Level 1:colcon.colcon_core.package_identification:_identify(install) by extensions ['ignore', 'ignore_ament_install']
[0.218s] Level 1:colcon.colcon_core.package_identification:_identify(install) by extension 'ignore'
[0.219s] Level 1:colcon.colcon_core.package_identification:_identify(install) ignored
[0.219s] Level 1:colcon.colcon_core.package_identification:_identify(log) by extensions ['ignore', 'ignore_ament_install']
[0.219s] Level 1:colcon.colcon_core.package_identification:_identify(log) by extension 'ignore'
[0.219s] Level 1:colcon.colcon_core.package_identification:_identify(log) ignored
[0.219s] Level 1:colcon.colcon_core.package_identification:_identify(src) by extensions ['ignore', 'ignore_ament_install']
[0.219s] Level 1:colcon.colcon_core.package_identification:_identify(src) by extension 'ignore'
[0.219s] Level 1:colcon.colcon_core.package_identification:_identify(src) by extension 'ignore_ament_install'
[0.219s] Level 1:colcon.colcon_core.package_identification:_identify(src) by extensions ['colcon_pkg']
[0.219s] Level 1:colcon.colcon_core.package_identification:_identify(src) by extension 'colcon_pkg'
[0.219s] Level 1:colcon.colcon_core.package_identification:_identify(src) by extensions ['colcon_meta']
[0.219s] Level 1:colcon.colcon_core.package_identification:_identify(src) by extension 'colcon_meta'
[0.219s] Level 1:colcon.colcon_core.package_identification:_identify(src) by extensions ['ros']
[0.219s] Level 1:colcon.colcon_core.package_identification:_identify(src) by extension 'ros'
[0.219s] Level 1:colcon.colcon_core.package_identification:_identify(src) by extensions ['cmake', 'python']
[0.219s] Level 1:colcon.colcon_core.package_identification:_identify(src) by extension 'cmake'
[0.219s] Level 1:colcon.colcon_core.package_identification:_identify(src) by extension 'python'
[0.219s] Level 1:colcon.colcon_core.package_identification:_identify(src) by extensions ['python_setup_py']
[0.219s] Level 1:colcon.colcon_core.package_identification:_identify(src) by extension 'python_setup_py'
[0.219s] Level 1:colcon.colcon_core.package_identification:_identify(src/build) by extensions ['ignore', 'ignore_ament_install']
[0.219s] Level 1:colcon.colcon_core.package_identification:_identify(src/build) by extension 'ignore'
[0.219s] Level 1:colcon.colcon_core.package_identification:_identify(src/build) ignored
[0.220s] Level 1:colcon.colcon_core.package_identification:_identify(src/install) by extensions ['ignore', 'ignore_ament_install']
[0.220s] Level 1:colcon.colcon_core.package_identification:_identify(src/install) by extension 'ignore'
[0.220s] Level 1:colcon.colcon_core.package_identification:_identify(src/install) ignored
[0.220s] Level 1:colcon.colcon_core.package_identification:_identify(src/log) by extensions ['ignore', 'ignore_ament_install']
[0.220s] Level 1:colcon.colcon_core.package_identification:_identify(src/log) by extension 'ignore'
[0.220s] Level 1:colcon.colcon_core.package_identification:_identify(src/log) ignored
[0.220s] Level 1:colcon.colcon_core.package_identification:_identify(src/my_cpp_pkg) by extensions ['ignore', 'ignore_ament_install']
[0.220s] Level 1:colcon.colcon_core.package_identification:_identify(src/my_cpp_pkg) by extension 'ignore'
[0.220s] Level 1:colcon.colcon_core.package_identification:_identify(src/my_cpp_pkg) by extension 'ignore_ament_install'
[0.220s] Level 1:colcon.colcon_core.package_identification:_identify(src/my_cpp_pkg) by extensions ['colcon_pkg']
[0.220s] Level 1:colcon.colcon_core.package_identification:_identify(src/my_cpp_pkg) by extension 'colcon_pkg'
[0.220s] Level 1:colcon.colcon_core.package_identification:_identify(src/my_cpp_pkg) by extensions ['colcon_meta']
[0.220s] Level 1:colcon.colcon_core.package_identification:_identify(src/my_cpp_pkg) by extension 'colcon_meta'
[0.220s] Level 1:colcon.colcon_core.package_identification:_identify(src/my_cpp_pkg) by extensions ['ros']
[0.220s] Level 1:colcon.colcon_core.package_identification:_identify(src/my_cpp_pkg) by extension 'ros'
[0.222s] DEBUG:colcon.colcon_core.package_identification:Package 'src/my_cpp_pkg' with type 'ros.ament_cmake' and name 'my_cpp_pkg'
[0.222s] Level 1:colcon.colcon_core.package_identification:_identify(src/my_py_pkg) by extensions ['ignore', 'ignore_ament_install']
[0.222s] Level 1:colcon.colcon_core.package_identification:_identify(src/my_py_pkg) by extension 'ignore'
[0.222s] Level 1:colcon.colcon_core.package_identification:_identify(src/my_py_pkg) by extension 'ignore_ament_install'
[0.222s] Level 1:colcon.colcon_core.package_identification:_identify(src/my_py_pkg) by extensions ['colcon_pkg']
[0.222s] Level 1:colcon.colcon_core.package_identification:_identify(src/my_py_pkg) by extension 'colcon_pkg'
[0.222s] Level 1:colcon.colcon_core.package_identification:_identify(src/my_py_pkg) by extensions ['colcon_meta']
[0.222s] Level 1:colcon.colcon_core.package_identification:_identify(src/my_py_pkg) by extension 'colcon_meta'
[0.222s] Level 1:colcon.colcon_core.package_identification:_identify(src/my_py_pkg) by extensions ['ros']
[0.222s] Level 1:colcon.colcon_core.package_identification:_identify(src/my_py_pkg) by extension 'ros'
[0.223s] DEBUG:colcon.colcon_core.package_identification:Package 'src/my_py_pkg' with type 'ros.ament_python' and name 'my_py_pkg'
[0.223s] Level 1:colcon.colcon_core.package_identification:_identify(src/my_robot_bringup) by extensions ['ignore', 'ignore_ament_install']
[0.223s] Level 1:colcon.colcon_core.package_identification:_identify(src/my_robot_bringup) by extension 'ignore'
[0.223s] Level 1:colcon.colcon_core.package_identification:_identify(src/my_robot_bringup) by extension 'ignore_ament_install'
[0.223s] Level 1:colcon.colcon_core.package_identification:_identify(src/my_robot_bringup) by extensions ['colcon_pkg']
[0.223s] Level 1:colcon.colcon_core.package_identification:_identify(src/my_robot_bringup) by extension 'colcon_pkg'
[0.223s] Level 1:colcon.colcon_core.package_identification:_identify(src/my_robot_bringup) by extensions ['colcon_meta']
[0.223s] Level 1:colcon.colcon_core.package_identification:_identify(src/my_robot_bringup) by extension 'colcon_meta'
[0.223s] Level 1:colcon.colcon_core.package_identification:_identify(src/my_robot_bringup) by extensions ['ros']
[0.223s] Level 1:colcon.colcon_core.package_identification:_identify(src/my_robot_bringup) by extension 'ros'
[0.223s] DEBUG:colcon.colcon_core.package_identification:Package 'src/my_robot_bringup' with type 'ros.ament_cmake' and name 'my_robot_bringup'
[0.223s] Level 1:colcon.colcon_core.package_identification:_identify(src/my_robot_interfaces) by extensions ['ignore', 'ignore_ament_install']
[0.224s] Level 1:colcon.colcon_core.package_identification:_identify(src/my_robot_interfaces) by extension 'ignore'
[0.224s] Level 1:colcon.colcon_core.package_identification:_identify(src/my_robot_interfaces) by extension 'ignore_ament_install'
[0.224s] Level 1:colcon.colcon_core.package_identification:_identify(src/my_robot_interfaces) by extensions ['colcon_pkg']
[0.224s] Level 1:colcon.colcon_core.package_identification:_identify(src/my_robot_interfaces) by extension 'colcon_pkg'
[0.224s] Level 1:colcon.colcon_core.package_identification:_identify(src/my_robot_interfaces) by extensions ['colcon_meta']
[0.224s] Level 1:colcon.colcon_core.package_identification:_identify(src/my_robot_interfaces) by extension 'colcon_meta'
[0.224s] Level 1:colcon.colcon_core.package_identification:_identify(src/my_robot_interfaces) by extensions ['ros']
[0.224s] Level 1:colcon.colcon_core.package_identification:_identify(src/my_robot_interfaces) by extension 'ros'
[0.224s] DEBUG:colcon.colcon_core.package_identification:Package 'src/my_robot_interfaces' with type 'ros.ament_cmake' and name 'my_robot_interfaces'
[0.224s] Level 1:colcon.colcon_core.package_discovery:discover_packages(recursive) using defaults
[0.224s] Level 1:colcon.colcon_core.package_discovery:discover_packages(ignore) discover
[0.224s] Level 1:colcon.colcon_core.package_discovery:discover_packages(ignore) using defaults
[0.224s] Level 1:colcon.colcon_core.package_discovery:discover_packages(path) discover
[0.224s] Level 1:colcon.colcon_core.package_discovery:discover_packages(path) using defaults
[0.245s] Level 1:colcon.colcon_core.package_discovery:discover_packages(prefix_path) check parameters
[0.245s] Level 1:colcon.colcon_core.package_discovery:discover_packages(prefix_path) discover
[0.246s] WARNING:colcon.colcon_ros.prefix_path.ament:The path '/home/prateek/ros2_ws/src/install/my_py_pkg' in the environment variable AMENT_PREFIX_PATH doesn't exist
[0.246s] WARNING:colcon.colcon_ros.prefix_path.ament:The path '/home/prateek/ros2_ws/src/install/my_robot_interfaces' in the environment variable AMENT_PREFIX_PATH doesn't exist
[0.246s] WARNING:colcon.colcon_ros.prefix_path.catkin:The path '/home/prateek/ros2_ws/src/install/my_robot_interfaces' in the environment variable CMAKE_PREFIX_PATH doesn't exist
[0.246s] DEBUG:colcon.colcon_installed_package_information.package_discovery:Found 0 installed packages in /home/prateek/ros2_ws/src/install
[0.247s] DEBUG:colcon.colcon_installed_package_information.package_discovery:Found 4 installed packages in /home/prateek/ros2_ws/install
[0.247s] DEBUG:colcon.colcon_installed_package_information.package_discovery:Found 270 installed packages in /opt/ros/humble
[0.248s] Level 1:colcon.colcon_core.package_discovery:discover_packages(prefix_path) using defaults
[0.275s] Level 5:colcon.colcon_core.verb:set package 'my_robot_interfaces' build argument 'cmake_args' from command line to 'None'
[0.275s] Level 5:colcon.colcon_core.verb:set package 'my_robot_interfaces' build argument 'cmake_target' from command line to 'None'
[0.275s] Level 5:colcon.colcon_core.verb:set package 'my_robot_interfaces' build argument 'cmake_target_skip_unavailable' from command line to 'False'
[0.275s] Level 5:colcon.colcon_core.verb:set package 'my_robot_interfaces' build argument 'cmake_clean_cache' from command line to 'False'
[0.275s] Level 5:colcon.colcon_core.verb:set package 'my_robot_interfaces' build argument 'cmake_clean_first' from command line to 'False'
[0.275s] Level 5:colcon.colcon_core.verb:set package 'my_robot_interfaces' build argument 'cmake_force_configure' from command line to 'False'
[0.275s] Level 5:colcon.colcon_core.verb:set package 'my_robot_interfaces' build argument 'ament_cmake_args' from command line to 'None'
[0.275s] Level 5:colcon.colcon_core.verb:set package 'my_robot_interfaces' build argument 'catkin_cmake_args' from command line to 'None'
[0.275s] Level 5:colcon.colcon_core.verb:set package 'my_robot_interfaces' build argument 'catkin_skip_building_tests' from command line to 'False'
[0.275s] DEBUG:colcon.colcon_core.verb:Building package 'my_robot_interfaces' with the following arguments: {'ament_cmake_args': None, 'build_base': '/home/prateek/ros2_ws/build/my_robot_interfaces', 'catkin_cmake_args': None, 'catkin_skip_building_tests': False, 'cmake_args': None, 'cmake_clean_cache': False, 'cmake_clean_first': False, 'cmake_force_configure': False, 'cmake_target': None, 'cmake_target_skip_unavailable': False, 'install_base': '/home/prateek/ros2_ws/install/my_robot_interfaces', 'merge_install': False, 'path': '/home/prateek/ros2_ws/src/my_robot_interfaces', 'symlink_install': False, 'test_result_base': None}
[0.276s] Level 5:colcon.colcon_core.verb:set package 'my_cpp_pkg' build argument 'cmake_args' from command line to 'None'
[0.276s] Level 5:colcon.colcon_core.verb:set package 'my_cpp_pkg' build argument 'cmake_target' from command line to 'None'
[0.276s] Level 5:colcon.colcon_core.verb:set package 'my_cpp_pkg' build argument 'cmake_target_skip_unavailable' from command line to 'False'
[0.276s] Level 5:colcon.colcon_core.verb:set package 'my_cpp_pkg' build argument 'cmake_clean_cache' from command line to 'False'
[0.276s] Level 5:colcon.colcon_core.verb:set package 'my_cpp_pkg' build argument 'cmake_clean_first' from command line to 'False'
[0.276s] Level 5:colcon.colcon_core.verb:set package 'my_cpp_pkg' build argument 'cmake_force_configure' from command line to 'False'
[0.276s] Level 5:colcon.colcon_core.verb:set package 'my_cpp_pkg' build argument 'ament_cmake_args' from command line to 'None'
[0.276s] Level 5:colcon.colcon_core.verb:set package 'my_cpp_pkg' build argument 'catkin_cmake_args' from command line to 'None'
[0.276s] Level 5:colcon.colcon_core.verb:set package 'my_cpp_pkg' build argument 'catkin_skip_building_tests' from command line to 'False'
[0.276s] DEBUG:colcon.colcon_core.verb:Building package 'my_cpp_pkg' with the following arguments: {'ament_cmake_args': None, 'build_base': '/home/prateek/ros2_ws/build/my_cpp_pkg', 'catkin_cmake_args': None, 'catkin_skip_building_tests': False, 'cmake_args': None, 'cmake_clean_cache': False, 'cmake_clean_first': False, 'cmake_force_configure': False, 'cmake_target': None, 'cmake_target_skip_unavailable': False, 'install_base': '/home/prateek/ros2_ws/install/my_cpp_pkg', 'merge_install': False, 'path': '/home/prateek/ros2_ws/src/my_cpp_pkg', 'symlink_install': False, 'test_result_base': None}
[0.276s] Level 5:colcon.colcon_core.verb:set package 'my_py_pkg' build argument 'cmake_args' from command line to 'None'
[0.276s] Level 5:colcon.colcon_core.verb:set package 'my_py_pkg' build argument 'cmake_target' from command line to 'None'
[0.276s] Level 5:colcon.colcon_core.verb:set package 'my_py_pkg' build argument 'cmake_target_skip_unavailable' from command line to 'False'
[0.276s] Level 5:colcon.colcon_core.verb:set package 'my_py_pkg' build argument 'cmake_clean_cache' from command line to 'False'
[0.276s] Level 5:colcon.colcon_core.verb:set package 'my_py_pkg' build argument 'cmake_clean_first' from command line to 'False'
[0.276s] Level 5:colcon.colcon_core.verb:set package 'my_py_pkg' build argument 'cmake_force_configure' from command line to 'False'
[0.276s] Level 5:colcon.colcon_core.verb:set package 'my_py_pkg' build argument 'ament_cmake_args' from command line to 'None'
[0.276s] Level 5:colcon.colcon_core.verb:set package 'my_py_pkg' build argument 'catkin_cmake_args' from command line to 'None'
[0.276s] Level 5:colcon.colcon_core.verb:set package 'my_py_pkg' build argument 'catkin_skip_building_tests' from command line to 'False'
[0.276s] DEBUG:colcon.colcon_core.verb:Building package 'my_py_pkg' with the following arguments: {'ament_cmake_args': None, 'build_base': '/home/prateek/ros2_ws/build/my_py_pkg', 'catkin_cmake_args': None, 'catkin_skip_building_tests': False, 'cmake_args': None, 'cmake_clean_cache': False, 'cmake_clean_first': False, 'cmake_force_configure': False, 'cmake_target': None, 'cmake_target_skip_unavailable': False, 'install_base': '/home/prateek/ros2_ws/install/my_py_pkg', 'merge_install': False, 'path': '/home/prateek/ros2_ws/src/my_py_pkg', 'symlink_install': False, 'test_result_base': None}
[0.277s] Level 5:colcon.colcon_core.verb:set package 'my_robot_bringup' build argument 'cmake_args' from command line to 'None'
[0.277s] Level 5:colcon.colcon_core.verb:set package 'my_robot_bringup' build argument 'cmake_target' from command line to 'None'
[0.277s] Level 5:colcon.colcon_core.verb:set package 'my_robot_bringup' build argument 'cmake_target_skip_unavailable' from command line to 'False'
[0.277s] Level 5:colcon.colcon_core.verb:set package 'my_robot_bringup' build argument 'cmake_clean_cache' from command line to 'False'
[0.277s] Level 5:colcon.colcon_core.verb:set package 'my_robot_bringup' build argument 'cmake_clean_first' from command line to 'False'
[0.277s] Level 5:colcon.colcon_core.verb:set package 'my_robot_bringup' build argument 'cmake_force_configure' from command line to 'False'
[0.277s] Level 5:colcon.colcon_core.verb:set package 'my_robot_bringup' build argument 'ament_cmake_args' from command line to 'None'
[0.277s] Level 5:colcon.colcon_core.verb:set package 'my_robot_bringup' build argument 'catkin_cmake_args' from command line to 'None'
[0.277s] Level 5:colcon.colcon_core.verb:set package 'my_robot_bringup' build argument 'catkin_skip_building_tests' from command line to 'False'
[0.277s] DEBUG:colcon.colcon_core.verb:Building package 'my_robot_bringup' with the following arguments: {'ament_cmake_args': None, 'build_base': '/home/prateek/ros2_ws/build/my_robot_bringup', 'catkin_cmake_args': None, 'catkin_skip_building_tests': False, 'cmake_args': None, 'cmake_clean_cache': False, 'cmake_clean_first': False, 'cmake_force_configure': False, 'cmake_target': None, 'cmake_target_skip_unavailable': False, 'install_base': '/home/prateek/ros2_ws/install/my_robot_bringup', 'merge_install': False, 'path': '/home/prateek/ros2_ws/src/my_robot_bringup', 'symlink_install': False, 'test_result_base': None}
[0.277s] INFO:colcon.colcon_core.executor:Executing jobs using 'parallel' executor
[0.278s] DEBUG:colcon.colcon_parallel_executor.executor.parallel:run_until_complete
[0.278s] INFO:colcon.colcon_ros.task.ament_cmake.build:Building ROS package in '/home/prateek/ros2_ws/src/my_robot_interfaces' with build type 'ament_cmake'
[0.278s] INFO:colcon.colcon_cmake.task.cmake.build:Building CMake package in '/home/prateek/ros2_ws/src/my_robot_interfaces'
[0.279s] INFO:colcon.colcon_core.plugin_system:Skipping extension 'colcon_core.shell.bat': Not used on non-Windows systems
[0.279s] INFO:colcon.colcon_core.shell:Skip shell extension 'powershell' for command environment: Not usable outside of PowerShell
[0.279s] DEBUG:colcon.colcon_core.shell:Skip shell extension 'dsv' for command environment
[0.286s] DEBUG:colcon.colcon_core.event_handler.log_command:Invoking command in '/home/prateek/ros2_ws/build/my_robot_interfaces': CMAKE_PREFIX_PATH=${CMAKE_PREFIX_PATH}:/home/prateek/ros2_ws/src/install/my_py_pkg:/home/prateek/ros2_ws/install/my_py_pkg:/opt/ros/humble /usr/bin/cmake /home/prateek/ros2_ws/src/my_robot_interfaces -DCMAKE_INSTALL_PREFIX=/home/prateek/ros2_ws/install/my_robot_interfaces
[1.087s] DEBUG:colcon.colcon_core.event_handler.log_command:Invoked command in '/home/prateek/ros2_ws/build/my_robot_interfaces' returned '0': CMAKE_PREFIX_PATH=${CMAKE_PREFIX_PATH}:/home/prateek/ros2_ws/src/install/my_py_pkg:/home/prateek/ros2_ws/install/my_py_pkg:/opt/ros/humble /usr/bin/cmake /home/prateek/ros2_ws/src/my_robot_interfaces -DCMAKE_INSTALL_PREFIX=/home/prateek/ros2_ws/install/my_robot_interfaces
[1.088s] DEBUG:colcon.colcon_core.event_handler.log_command:Invoking command in '/home/prateek/ros2_ws/build/my_robot_interfaces': CMAKE_PREFIX_PATH=${CMAKE_PREFIX_PATH}:/home/prateek/ros2_ws/src/install/my_py_pkg:/home/prateek/ros2_ws/install/my_py_pkg:/opt/ros/humble /usr/bin/cmake --build /home/prateek/ros2_ws/build/my_robot_interfaces -- -j16 -l16
[2.719s] DEBUG:colcon.colcon_core.event_handler.log_command:Invoked command in '/home/prateek/ros2_ws/build/my_robot_interfaces' returned '0': CMAKE_PREFIX_PATH=${CMAKE_PREFIX_PATH}:/home/prateek/ros2_ws/src/install/my_py_pkg:/home/prateek/ros2_ws/install/my_py_pkg:/opt/ros/humble /usr/bin/cmake --build /home/prateek/ros2_ws/build/my_robot_interfaces -- -j16 -l16
[2.772s] DEBUG:colcon.colcon_core.event_handler.log_command:Invoking command in '/home/prateek/ros2_ws/build/my_robot_interfaces': CMAKE_PREFIX_PATH=${CMAKE_PREFIX_PATH}:/home/prateek/ros2_ws/src/install/my_py_pkg:/home/prateek/ros2_ws/install/my_py_pkg:/opt/ros/humble /usr/bin/cmake --install /home/prateek/ros2_ws/build/my_robot_interfaces
[2.841s] Level 1:colcon.colcon_core.environment:create_environment_scripts_only(my_robot_interfaces)
[2.842s] DEBUG:colcon.colcon_core.event_handler.log_command:Invoked command in '/home/prateek/ros2_ws/build/my_robot_interfaces' returned '0': CMAKE_PREFIX_PATH=${CMAKE_PREFIX_PATH}:/home/prateek/ros2_ws/src/install/my_py_pkg:/home/prateek/ros2_ws/install/my_py_pkg:/opt/ros/humble /usr/bin/cmake --install /home/prateek/ros2_ws/build/my_robot_interfaces
[2.843s] Level 1:colcon.colcon_core.environment:checking '/home/prateek/ros2_ws/install/my_robot_interfaces' for CMake module files
[2.844s] Level 1:colcon.colcon_core.environment:checking '/home/prateek/ros2_ws/install/my_robot_interfaces' for CMake config files
[2.844s] Level 1:colcon.colcon_core.shell:create_environment_hook('my_robot_interfaces', 'cmake_prefix_path')
[2.844s] INFO:colcon.colcon_core.shell:Creating environment hook '/home/prateek/ros2_ws/install/my_robot_interfaces/share/my_robot_interfaces/hook/cmake_prefix_path.ps1'
[2.845s] INFO:colcon.colcon_core.shell:Creating environment descriptor '/home/prateek/ros2_ws/install/my_robot_interfaces/share/my_robot_interfaces/hook/cmake_prefix_path.dsv'
[2.845s] INFO:colcon.colcon_core.shell:Creating environment hook '/home/prateek/ros2_ws/install/my_robot_interfaces/share/my_robot_interfaces/hook/cmake_prefix_path.sh'
[2.845s] Level 1:colcon.colcon_core.environment:checking '/home/prateek/ros2_ws/install/my_robot_interfaces/lib'
[2.846s] Level 1:colcon.colcon_core.shell:create_environment_hook('my_robot_interfaces', 'ld_library_path_lib')
[2.846s] INFO:colcon.colcon_core.shell:Creating environment hook '/home/prateek/ros2_ws/install/my_robot_interfaces/share/my_robot_interfaces/hook/ld_library_path_lib.ps1'
[2.846s] INFO:colcon.colcon_core.shell:Creating environment descriptor '/home/prateek/ros2_ws/install/my_robot_interfaces/share/my_robot_interfaces/hook/ld_library_path_lib.dsv'
[2.846s] INFO:colcon.colcon_core.shell:Creating environment hook '/home/prateek/ros2_ws/install/my_robot_interfaces/share/my_robot_interfaces/hook/ld_library_path_lib.sh'
[2.846s] Level 1:colcon.colcon_core.environment:checking '/home/prateek/ros2_ws/install/my_robot_interfaces/bin'
[2.846s] Level 1:colcon.colcon_core.environment:checking '/home/prateek/ros2_ws/install/my_robot_interfaces/lib/pkgconfig/my_robot_interfaces.pc'
[2.847s] Level 1:colcon.colcon_core.environment:checking '/home/prateek/ros2_ws/install/my_robot_interfaces/lib/python3.10/site-packages'
[2.847s] Level 1:colcon.colcon_core.environment:checking '/home/prateek/ros2_ws/install/my_robot_interfaces/bin'
[2.847s] INFO:colcon.colcon_core.shell:Creating package script '/home/prateek/ros2_ws/install/my_robot_interfaces/share/my_robot_interfaces/package.ps1'
[2.847s] INFO:colcon.colcon_core.shell:Creating package descriptor '/home/prateek/ros2_ws/install/my_robot_interfaces/share/my_robot_interfaces/package.dsv'
[2.848s] INFO:colcon.colcon_core.shell:Creating package script '/home/prateek/ros2_ws/install/my_robot_interfaces/share/my_robot_interfaces/package.sh'
[2.848s] INFO:colcon.colcon_core.shell:Creating package script '/home/prateek/ros2_ws/install/my_robot_interfaces/share/my_robot_interfaces/package.bash'
[2.849s] INFO:colcon.colcon_core.shell:Creating package script '/home/prateek/ros2_ws/install/my_robot_interfaces/share/my_robot_interfaces/package.zsh'
[2.849s] Level 1:colcon.colcon_core.environment:create_file_with_runtime_dependencies(/home/prateek/ros2_ws/install/my_robot_interfaces/share/colcon-core/packages/my_robot_interfaces)
[2.895s] Level 1:colcon.colcon_core.environment:create_environment_scripts_only(my_robot_interfaces)
[2.895s] Level 1:colcon.colcon_core.environment:checking '/home/prateek/ros2_ws/install/my_robot_interfaces' for CMake module files
[2.895s] Level 1:colcon.colcon_core.environment:checking '/home/prateek/ros2_ws/install/my_robot_interfaces' for CMake config files
[2.896s] Level 1:colcon.colcon_core.shell:create_environment_hook('my_robot_interfaces', 'cmake_prefix_path')
[2.896s] INFO:colcon.colcon_core.shell:Creating environment hook '/home/prateek/ros2_ws/install/my_robot_interfaces/share/my_robot_interfaces/hook/cmake_prefix_path.ps1'
[2.896s] INFO:colcon.colcon_core.shell:Creating environment descriptor '/home/prateek/ros2_ws/install/my_robot_interfaces/share/my_robot_interfaces/hook/cmake_prefix_path.dsv'
[2.896s] INFO:colcon.colcon_core.shell:Creating environment hook '/home/prateek/ros2_ws/install/my_robot_interfaces/share/my_robot_interfaces/hook/cmake_prefix_path.sh'
[2.897s] Level 1:colcon.colcon_core.environment:checking '/home/prateek/ros2_ws/install/my_robot_interfaces/lib'
[2.897s] Level 1:colcon.colcon_core.shell:create_environment_hook('my_robot_interfaces', 'ld_library_path_lib')
[2.897s] INFO:colcon.colcon_core.shell:Creating environment hook '/home/prateek/ros2_ws/install/my_robot_interfaces/share/my_robot_interfaces/hook/ld_library_path_lib.ps1'
[2.897s] INFO:colcon.colcon_core.shell:Creating environment descriptor '/home/prateek/ros2_ws/install/my_robot_interfaces/share/my_robot_interfaces/hook/ld_library_path_lib.dsv'
[2.897s] INFO:colcon.colcon_core.shell:Creating environment hook '/home/prateek/ros2_ws/install/my_robot_interfaces/share/my_robot_interfaces/hook/ld_library_path_lib.sh'
[2.897s] Level 1:colcon.colcon_core.environment:checking '/home/prateek/ros2_ws/install/my_robot_interfaces/bin'
[2.898s] Level 1:colcon.colcon_core.environment:checking '/home/prateek/ros2_ws/install/my_robot_interfaces/lib/pkgconfig/my_robot_interfaces.pc'
[2.898s] Level 1:colcon.colcon_core.environment:checking '/home/prateek/ros2_ws/install/my_robot_interfaces/lib/python3.10/site-packages'
[2.898s] Level 1:colcon.colcon_core.environment:checking '/home/prateek/ros2_ws/install/my_robot_interfaces/bin'
[2.898s] INFO:colcon.colcon_core.shell:Creating package script '/home/prateek/ros2_ws/install/my_robot_interfaces/share/my_robot_interfaces/package.ps1'
[2.898s] INFO:colcon.colcon_core.shell:Creating package descriptor '/home/prateek/ros2_ws/install/my_robot_interfaces/share/my_robot_interfaces/package.dsv'
[2.899s] INFO:colcon.colcon_core.shell:Creating package script '/home/prateek/ros2_ws/install/my_robot_interfaces/share/my_robot_interfaces/package.sh'
[2.899s] INFO:colcon.colcon_core.shell:Creating package script '/home/prateek/ros2_ws/install/my_robot_interfaces/share/my_robot_interfaces/package.bash'
[2.899s] INFO:colcon.colcon_core.shell:Creating package script '/home/prateek/ros2_ws/install/my_robot_interfaces/share/my_robot_interfaces/package.zsh'
[2.899s] Level 1:colcon.colcon_core.environment:create_file_with_runtime_dependencies(/home/prateek/ros2_ws/install/my_robot_interfaces/share/colcon-core/packages/my_robot_interfaces)
[2.900s] INFO:colcon.colcon_ros.task.ament_cmake.build:Building ROS package in '/home/prateek/ros2_ws/src/my_cpp_pkg' with build type 'ament_cmake'
[2.900s] INFO:colcon.colcon_cmake.task.cmake.build:Building CMake package in '/home/prateek/ros2_ws/src/my_cpp_pkg'
[2.900s] INFO:colcon.colcon_core.shell:Skip shell extension 'powershell' for command environment: Not usable outside of PowerShell
[2.900s] DEBUG:colcon.colcon_core.shell:Skip shell extension 'dsv' for command environment
[2.902s] INFO:colcon.colcon_ros.task.ament_python.build:Building ROS package in '/home/prateek/ros2_ws/src/my_py_pkg' with build type 'ament_python'
[2.903s] Level 1:colcon.colcon_core.shell:create_environment_hook('my_py_pkg', 'ament_prefix_path')
[2.903s] INFO:colcon.colcon_core.shell:Creating environment hook '/home/prateek/ros2_ws/install/my_py_pkg/share/my_py_pkg/hook/ament_prefix_path.ps1'
[2.903s] INFO:colcon.colcon_core.shell:Creating environment descriptor '/home/prateek/ros2_ws/install/my_py_pkg/share/my_py_pkg/hook/ament_prefix_path.dsv'
[2.903s] INFO:colcon.colcon_core.shell:Creating environment hook '/home/prateek/ros2_ws/install/my_py_pkg/share/my_py_pkg/hook/ament_prefix_path.sh'
[2.904s] INFO:colcon.colcon_core.shell:Skip shell extension 'powershell' for command environment: Not usable outside of PowerShell
[2.904s] DEBUG:colcon.colcon_core.shell:Skip shell extension 'dsv' for command environment
[2.908s] DEBUG:colcon.colcon_core.event_handler.log_command:Invoking command in '/home/prateek/ros2_ws/build/my_cpp_pkg': AMENT_PREFIX_PATH=/home/prateek/ros2_ws/install/my_robot_interfaces:${AMENT_PREFIX_PATH} CMAKE_PREFIX_PATH=/home/prateek/ros2_ws/install/my_robot_interfaces:/home/prateek/ros2_ws/src/install/my_robot_interfaces:/home/prateek/ros2_ws/install/my_robot_bringup:/home/prateek/ros2_ws/install/my_cpp_pkg:/home/prateek/ros2_ws/src/install/my_py_pkg:/home/prateek/ros2_ws/install/my_py_pkg:/opt/ros/humble LD_LIBRARY_PATH=/home/prateek/ros2_ws/install/my_robot_interfaces/lib:/usr/local/lib/z3-z3-4.7.1/build:/usr/local/lib/z3-z3-4.7.1/build:/usr/local/lib/z3-z3-4.7.1/build:/home/prateek/ros2_ws/src/install/my_robot_interfaces/lib:/usr/local/lib/z3-z3-4.7.1/build:/usr/local/lib/z3-z3-4.7.1/build:/opt/ros/humble/opt/rviz_ogre_vendor/lib:/opt/ros/humble/lib/x86_64-linux-gnu:/opt/ros/humble/lib:/usr/local/lib/z3-z3-4.7.1/build:/usr/local/lib/z3-z3-4.7.1/build PYTHONPATH=/home/prateek/ros2_ws/install/my_robot_interfaces/local/lib/python3.10/dist-packages:${PYTHONPATH} /usr/bin/cmake /home/prateek/ros2_ws/src/my_cpp_pkg -DCMAKE_INSTALL_PREFIX=/home/prateek/ros2_ws/install/my_cpp_pkg
[3.103s] INFO:colcon.colcon_core.task.python.build:Building Python package in '/home/prateek/ros2_ws/src/my_py_pkg'
[3.103s] INFO:colcon.colcon_core.shell:Skip shell extension 'powershell' for command environment: Not usable outside of PowerShell
[3.103s] DEBUG:colcon.colcon_core.shell:Skip shell extension 'dsv' for command environment
[3.379s] DEBUG:colcon.colcon_core.event_handler.log_command:Invoking command in '/home/prateek/ros2_ws/src/my_py_pkg': AMENT_PREFIX_PATH=/home/prateek/ros2_ws/install/my_robot_interfaces:${AMENT_PREFIX_PATH} CMAKE_PREFIX_PATH=/home/prateek/ros2_ws/install/my_robot_interfaces:/home/prateek/ros2_ws/src/install/my_robot_interfaces:/home/prateek/ros2_ws/install/my_robot_bringup:/home/prateek/ros2_ws/install/my_cpp_pkg LD_LIBRARY_PATH=/home/prateek/ros2_ws/install/my_robot_interfaces/lib:/usr/local/lib/z3-z3-4.7.1/build:/usr/local/lib/z3-z3-4.7.1/build:/usr/local/lib/z3-z3-4.7.1/build:/home/prateek/ros2_ws/src/install/my_robot_interfaces/lib:/usr/local/lib/z3-z3-4.7.1/build:/usr/local/lib/z3-z3-4.7.1/build:/opt/ros/humble/opt/rviz_ogre_vendor/lib:/opt/ros/humble/lib/x86_64-linux-gnu:/opt/ros/humble/lib:/usr/local/lib/z3-z3-4.7.1/build:/usr/local/lib/z3-z3-4.7.1/build PYTHONPATH=/home/prateek/ros2_ws/build/my_py_pkg/prefix_override:/home/prateek/ros2_ws/install/my_py_pkg/lib/python3.10/site-packages:/home/prateek/ros2_ws/install/my_robot_interfaces/local/lib/python3.10/dist-packages:${PYTHONPATH} /usr/bin/python3 -W ignore:setup.py install is deprecated setup.py egg_info --egg-base ../../build/my_py_pkg build --build-base /home/prateek/ros2_ws/build/my_py_pkg/build install --record /home/prateek/ros2_ws/build/my_py_pkg/install.log --single-version-externally-managed install_data
[3.602s] Level 1:colcon.colcon_core.environment:checking '/home/prateek/ros2_ws/install/my_py_pkg' for CMake module files
[3.602s] DEBUG:colcon.colcon_core.event_handler.log_command:Invoked command in '/home/prateek/ros2_ws/src/my_py_pkg' returned '0': AMENT_PREFIX_PATH=/home/prateek/ros2_ws/install/my_robot_interfaces:${AMENT_PREFIX_PATH} CMAKE_PREFIX_PATH=/home/prateek/ros2_ws/install/my_robot_interfaces:/home/prateek/ros2_ws/src/install/my_robot_interfaces:/home/prateek/ros2_ws/install/my_robot_bringup:/home/prateek/ros2_ws/install/my_cpp_pkg LD_LIBRARY_PATH=/home/prateek/ros2_ws/install/my_robot_interfaces/lib:/usr/local/lib/z3-z3-4.7.1/build:/usr/local/lib/z3-z3-4.7.1/build:/usr/local/lib/z3-z3-4.7.1/build:/home/prateek/ros2_ws/src/install/my_robot_interfaces/lib:/usr/local/lib/z3-z3-4.7.1/build:/usr/local/lib/z3-z3-4.7.1/build:/opt/ros/humble/opt/rviz_ogre_vendor/lib:/opt/ros/humble/lib/x86_64-linux-gnu:/opt/ros/humble/lib:/usr/local/lib/z3-z3-4.7.1/build:/usr/local/lib/z3-z3-4.7.1/build PYTHONPATH=/home/prateek/ros2_ws/build/my_py_pkg/prefix_override:/home/prateek/ros2_ws/install/my_py_pkg/lib/python3.10/site-packages:/home/prateek/ros2_ws/install/my_robot_interfaces/local/lib/python3.10/dist-packages:${PYTHONPATH} /usr/bin/python3 -W ignore:setup.py install is deprecated setup.py egg_info --egg-base ../../build/my_py_pkg build --build-base /home/prateek/ros2_ws/build/my_py_pkg/build install --record /home/prateek/ros2_ws/build/my_py_pkg/install.log --single-version-externally-managed install_data
[3.602s] Level 1:colcon.colcon_core.environment:checking '/home/prateek/ros2_ws/install/my_py_pkg' for CMake config files
[3.603s] Level 1:colcon.colcon_core.environment:checking '/home/prateek/ros2_ws/install/my_py_pkg/lib'
[3.603s] Level 1:colcon.colcon_core.environment:checking '/home/prateek/ros2_ws/install/my_py_pkg/bin'
[3.603s] Level 1:colcon.colcon_core.environment:checking '/home/prateek/ros2_ws/install/my_py_pkg/lib/pkgconfig/my_py_pkg.pc'
[3.603s] Level 1:colcon.colcon_core.environment:checking '/home/prateek/ros2_ws/install/my_py_pkg/lib/python3.10/site-packages'
[3.603s] Level 1:colcon.colcon_core.shell:create_environment_hook('my_py_pkg', 'pythonpath')
[3.603s] INFO:colcon.colcon_core.shell:Creating environment hook '/home/prateek/ros2_ws/install/my_py_pkg/share/my_py_pkg/hook/pythonpath.ps1'
[3.603s] INFO:colcon.colcon_core.shell:Creating environment descriptor '/home/prateek/ros2_ws/install/my_py_pkg/share/my_py_pkg/hook/pythonpath.dsv'
[3.604s] INFO:colcon.colcon_core.shell:Creating environment hook '/home/prateek/ros2_ws/install/my_py_pkg/share/my_py_pkg/hook/pythonpath.sh'
[3.604s] Level 1:colcon.colcon_core.environment:checking '/home/prateek/ros2_ws/install/my_py_pkg/bin'
[3.604s] Level 1:colcon.colcon_core.environment:create_environment_scripts_only(my_py_pkg)
[3.604s] INFO:colcon.colcon_core.shell:Creating package script '/home/prateek/ros2_ws/install/my_py_pkg/share/my_py_pkg/package.ps1'
[3.605s] INFO:colcon.colcon_core.shell:Creating package descriptor '/home/prateek/ros2_ws/install/my_py_pkg/share/my_py_pkg/package.dsv'
[3.605s] INFO:colcon.colcon_core.shell:Creating package script '/home/prateek/ros2_ws/install/my_py_pkg/share/my_py_pkg/package.sh'
[3.605s] INFO:colcon.colcon_core.shell:Creating package script '/home/prateek/ros2_ws/install/my_py_pkg/share/my_py_pkg/package.bash'
[3.605s] INFO:colcon.colcon_core.shell:Creating package script '/home/prateek/ros2_ws/install/my_py_pkg/share/my_py_pkg/package.zsh'
[3.606s] Level 1:colcon.colcon_core.environment:create_file_with_runtime_dependencies(/home/prateek/ros2_ws/install/my_py_pkg/share/colcon-core/packages/my_py_pkg)
[3.915s] DEBUG:colcon.colcon_core.event_handler.log_command:Invoked command in '/home/prateek/ros2_ws/build/my_cpp_pkg' returned '0': AMENT_PREFIX_PATH=/home/prateek/ros2_ws/install/my_robot_interfaces:${AMENT_PREFIX_PATH} CMAKE_PREFIX_PATH=/home/prateek/ros2_ws/install/my_robot_interfaces:/home/prateek/ros2_ws/src/install/my_robot_interfaces:/home/prateek/ros2_ws/install/my_robot_bringup:/home/prateek/ros2_ws/install/my_cpp_pkg:/home/prateek/ros2_ws/src/install/my_py_pkg:/home/prateek/ros2_ws/install/my_py_pkg:/opt/ros/humble LD_LIBRARY_PATH=/home/prateek/ros2_ws/install/my_robot_interfaces/lib:/usr/local/lib/z3-z3-4.7.1/build:/usr/local/lib/z3-z3-4.7.1/build:/usr/local/lib/z3-z3-4.7.1/build:/home/prateek/ros2_ws/src/install/my_robot_interfaces/lib:/usr/local/lib/z3-z3-4.7.1/build:/usr/local/lib/z3-z3-4.7.1/build:/opt/ros/humble/opt/rviz_ogre_vendor/lib:/opt/ros/humble/lib/x86_64-linux-gnu:/opt/ros/humble/lib:/usr/local/lib/z3-z3-4.7.1/build:/usr/local/lib/z3-z3-4.7.1/build PYTHONPATH=/home/prateek/ros2_ws/install/my_robot_interfaces/local/lib/python3.10/dist-packages:${PYTHONPATH} /usr/bin/cmake /home/prateek/ros2_ws/src/my_cpp_pkg -DCMAKE_INSTALL_PREFIX=/home/prateek/ros2_ws/install/my_cpp_pkg
[3.916s] DEBUG:colcon.colcon_core.event_handler.log_command:Invoking command in '/home/prateek/ros2_ws/build/my_cpp_pkg': AMENT_PREFIX_PATH=/home/prateek/ros2_ws/install/my_robot_interfaces:${AMENT_PREFIX_PATH} CMAKE_PREFIX_PATH=/home/prateek/ros2_ws/install/my_robot_interfaces:/home/prateek/ros2_ws/src/install/my_robot_interfaces:/home/prateek/ros2_ws/install/my_robot_bringup:/home/prateek/ros2_ws/install/my_cpp_pkg:/home/prateek/ros2_ws/src/install/my_py_pkg:/home/prateek/ros2_ws/install/my_py_pkg:/opt/ros/humble LD_LIBRARY_PATH=/home/prateek/ros2_ws/install/my_robot_interfaces/lib:/usr/local/lib/z3-z3-4.7.1/build:/usr/local/lib/z3-z3-4.7.1/build:/usr/local/lib/z3-z3-4.7.1/build:/home/prateek/ros2_ws/src/install/my_robot_interfaces/lib:/usr/local/lib/z3-z3-4.7.1/build:/usr/local/lib/z3-z3-4.7.1/build:/opt/ros/humble/opt/rviz_ogre_vendor/lib:/opt/ros/humble/lib/x86_64-linux-gnu:/opt/ros/humble/lib:/usr/local/lib/z3-z3-4.7.1/build:/usr/local/lib/z3-z3-4.7.1/build PYTHONPATH=/home/prateek/ros2_ws/install/my_robot_interfaces/local/lib/python3.10/dist-packages:${PYTHONPATH} /usr/bin/cmake --build /home/prateek/ros2_ws/build/my_cpp_pkg -- -j16 -l16
[11.721s] DEBUG:colcon.colcon_core.event_handler.log_command:Invoked command in '/home/prateek/ros2_ws/build/my_cpp_pkg' returned '0': AMENT_PREFIX_PATH=/home/prateek/ros2_ws/install/my_robot_interfaces:${AMENT_PREFIX_PATH} CMAKE_PREFIX_PATH=/home/prateek/ros2_ws/install/my_robot_interfaces:/home/prateek/ros2_ws/src/install/my_robot_interfaces:/home/prateek/ros2_ws/install/my_robot_bringup:/home/prateek/ros2_ws/install/my_cpp_pkg:/home/prateek/ros2_ws/src/install/my_py_pkg:/home/prateek/ros2_ws/install/my_py_pkg:/opt/ros/humble LD_LIBRARY_PATH=/home/prateek/ros2_ws/install/my_robot_interfaces/lib:/usr/local/lib/z3-z3-4.7.1/build:/usr/local/lib/z3-z3-4.7.1/build:/usr/local/lib/z3-z3-4.7.1/build:/home/prateek/ros2_ws/src/install/my_robot_interfaces/lib:/usr/local/lib/z3-z3-4.7.1/build:/usr/local/lib/z3-z3-4.7.1/build:/opt/ros/humble/opt/rviz_ogre_vendor/lib:/opt/ros/humble/lib/x86_64-linux-gnu:/opt/ros/humble/lib:/usr/local/lib/z3-z3-4.7.1/build:/usr/local/lib/z3-z3-4.7.1/build PYTHONPATH=/home/prateek/ros2_ws/install/my_robot_interfaces/local/lib/python3.10/dist-packages:${PYTHONPATH} /usr/bin/cmake --build /home/prateek/ros2_ws/build/my_cpp_pkg -- -j16 -l16
[11.750s] DEBUG:colcon.colcon_core.event_handler.log_command:Invoking command in '/home/prateek/ros2_ws/build/my_cpp_pkg': AMENT_PREFIX_PATH=/home/prateek/ros2_ws/install/my_robot_interfaces:${AMENT_PREFIX_PATH} CMAKE_PREFIX_PATH=/home/prateek/ros2_ws/install/my_robot_interfaces:/home/prateek/ros2_ws/src/install/my_robot_interfaces:/home/prateek/ros2_ws/install/my_robot_bringup:/home/prateek/ros2_ws/install/my_cpp_pkg:/home/prateek/ros2_ws/src/install/my_py_pkg:/home/prateek/ros2_ws/install/my_py_pkg:/opt/ros/humble LD_LIBRARY_PATH=/home/prateek/ros2_ws/install/my_robot_interfaces/lib:/usr/local/lib/z3-z3-4.7.1/build:/usr/local/lib/z3-z3-4.7.1/build:/usr/local/lib/z3-z3-4.7.1/build:/home/prateek/ros2_ws/src/install/my_robot_interfaces/lib:/usr/local/lib/z3-z3-4.7.1/build:/usr/local/lib/z3-z3-4.7.1/build:/opt/ros/humble/opt/rviz_ogre_vendor/lib:/opt/ros/humble/lib/x86_64-linux-gnu:/opt/ros/humble/lib:/usr/local/lib/z3-z3-4.7.1/build:/usr/local/lib/z3-z3-4.7.1/build PYTHONPATH=/home/prateek/ros2_ws/install/my_robot_interfaces/local/lib/python3.10/dist-packages:${PYTHONPATH} /usr/bin/cmake --install /home/prateek/ros2_ws/build/my_cpp_pkg
[11.756s] Level 1:colcon.colcon_core.environment:create_environment_scripts_only(my_cpp_pkg)
[11.756s] Level 1:colcon.colcon_core.environment:checking '/home/prateek/ros2_ws/install/my_cpp_pkg' for CMake module files
[11.757s] DEBUG:colcon.colcon_core.event_handler.log_command:Invoked command in '/home/prateek/ros2_ws/build/my_cpp_pkg' returned '0': AMENT_PREFIX_PATH=/home/prateek/ros2_ws/install/my_robot_interfaces:${AMENT_PREFIX_PATH} CMAKE_PREFIX_PATH=/home/prateek/ros2_ws/install/my_robot_interfaces:/home/prateek/ros2_ws/src/install/my_robot_interfaces:/home/prateek/ros2_ws/install/my_robot_bringup:/home/prateek/ros2_ws/install/my_cpp_pkg:/home/prateek/ros2_ws/src/install/my_py_pkg:/home/prateek/ros2_ws/install/my_py_pkg:/opt/ros/humble LD_LIBRARY_PATH=/home/prateek/ros2_ws/install/my_robot_interfaces/lib:/usr/local/lib/z3-z3-4.7.1/build:/usr/local/lib/z3-z3-4.7.1/build:/usr/local/lib/z3-z3-4.7.1/build:/home/prateek/ros2_ws/src/install/my_robot_interfaces/lib:/usr/local/lib/z3-z3-4.7.1/build:/usr/local/lib/z3-z3-4.7.1/build:/opt/ros/humble/opt/rviz_ogre_vendor/lib:/opt/ros/humble/lib/x86_64-linux-gnu:/opt/ros/humble/lib:/usr/local/lib/z3-z3-4.7.1/build:/usr/local/lib/z3-z3-4.7.1/build PYTHONPATH=/home/prateek/ros2_ws/install/my_robot_interfaces/local/lib/python3.10/dist-packages:${PYTHONPATH} /usr/bin/cmake --install /home/prateek/ros2_ws/build/my_cpp_pkg
[11.757s] Level 1:colcon.colcon_core.environment:checking '/home/prateek/ros2_ws/install/my_cpp_pkg' for CMake config files
[11.757s] Level 1:colcon.colcon_core.shell:create_environment_hook('my_cpp_pkg', 'cmake_prefix_path')
[11.758s] INFO:colcon.colcon_core.shell:Creating environment hook '/home/prateek/ros2_ws/install/my_cpp_pkg/share/my_cpp_pkg/hook/cmake_prefix_path.ps1'
[11.758s] INFO:colcon.colcon_core.shell:Creating environment descriptor '/home/prateek/ros2_ws/install/my_cpp_pkg/share/my_cpp_pkg/hook/cmake_prefix_path.dsv'
[11.758s] INFO:colcon.colcon_core.shell:Creating environment hook '/home/prateek/ros2_ws/install/my_cpp_pkg/share/my_cpp_pkg/hook/cmake_prefix_path.sh'
[11.758s] Level 1:colcon.colcon_core.environment:checking '/home/prateek/ros2_ws/install/my_cpp_pkg/lib'
[11.758s] Level 1:colcon.colcon_core.environment:checking '/home/prateek/ros2_ws/install/my_cpp_pkg/bin'
[11.759s] Level 1:colcon.colcon_core.environment:checking '/home/prateek/ros2_ws/install/my_cpp_pkg/lib/pkgconfig/my_cpp_pkg.pc'
[11.759s] Level 1:colcon.colcon_core.environment:checking '/home/prateek/ros2_ws/install/my_cpp_pkg/lib/python3.10/site-packages'
[11.759s] Level 1:colcon.colcon_core.environment:checking '/home/prateek/ros2_ws/install/my_cpp_pkg/bin'
[11.759s] INFO:colcon.colcon_core.shell:Creating package script '/home/prateek/ros2_ws/install/my_cpp_pkg/share/my_cpp_pkg/package.ps1'
[11.759s] INFO:colcon.colcon_core.shell:Creating package descriptor '/home/prateek/ros2_ws/install/my_cpp_pkg/share/my_cpp_pkg/package.dsv'
[11.760s] INFO:colcon.colcon_core.shell:Creating package script '/home/prateek/ros2_ws/install/my_cpp_pkg/share/my_cpp_pkg/package.sh'
[11.760s] INFO:colcon.colcon_core.shell:Creating package script '/home/prateek/ros2_ws/install/my_cpp_pkg/share/my_cpp_pkg/package.bash'
[11.760s] INFO:colcon.colcon_core.shell:Creating package script '/home/prateek/ros2_ws/install/my_cpp_pkg/share/my_cpp_pkg/package.zsh'
[11.760s] Level 1:colcon.colcon_core.environment:create_file_with_runtime_dependencies(/home/prateek/ros2_ws/install/my_cpp_pkg/share/colcon-core/packages/my_cpp_pkg)
[11.788s] Level 1:colcon.colcon_core.environment:create_environment_scripts_only(my_cpp_pkg)
[11.788s] Level 1:colcon.colcon_core.environment:checking '/home/prateek/ros2_ws/install/my_cpp_pkg' for CMake module files
[11.789s] Level 1:colcon.colcon_core.environment:checking '/home/prateek/ros2_ws/install/my_cpp_pkg' for CMake config files
[11.789s] Level 1:colcon.colcon_core.shell:create_environment_hook('my_cpp_pkg', 'cmake_prefix_path')
[11.789s] INFO:colcon.colcon_core.shell:Creating environment hook '/home/prateek/ros2_ws/install/my_cpp_pkg/share/my_cpp_pkg/hook/cmake_prefix_path.ps1'
[11.789s] INFO:colcon.colcon_core.shell:Creating environment descriptor '/home/prateek/ros2_ws/install/my_cpp_pkg/share/my_cpp_pkg/hook/cmake_prefix_path.dsv'
[11.790s] INFO:colcon.colcon_core.shell:Creating environment hook '/home/prateek/ros2_ws/install/my_cpp_pkg/share/my_cpp_pkg/hook/cmake_prefix_path.sh'
[11.790s] Level 1:colcon.colcon_core.environment:checking '/home/prateek/ros2_ws/install/my_cpp_pkg/lib'
[11.790s] Level 1:colcon.colcon_core.environment:checking '/home/prateek/ros2_ws/install/my_cpp_pkg/bin'
[11.790s] Level 1:colcon.colcon_core.environment:checking '/home/prateek/ros2_ws/install/my_cpp_pkg/lib/pkgconfig/my_cpp_pkg.pc'
[11.790s] Level 1:colcon.colcon_core.environment:checking '/home/prateek/ros2_ws/install/my_cpp_pkg/lib/python3.10/site-packages'
[11.790s] Level 1:colcon.colcon_core.environment:checking '/home/prateek/ros2_ws/install/my_cpp_pkg/bin'
[11.791s] INFO:colcon.colcon_core.shell:Creating package script '/home/prateek/ros2_ws/install/my_cpp_pkg/share/my_cpp_pkg/package.ps1'
[11.791s] INFO:colcon.colcon_core.shell:Creating package descriptor '/home/prateek/ros2_ws/install/my_cpp_pkg/share/my_cpp_pkg/package.dsv'
[11.791s] INFO:colcon.colcon_core.shell:Creating package script '/home/prateek/ros2_ws/install/my_cpp_pkg/share/my_cpp_pkg/package.sh'
[11.791s] INFO:colcon.colcon_core.shell:Creating package script '/home/prateek/ros2_ws/install/my_cpp_pkg/share/my_cpp_pkg/package.bash'
[11.792s] INFO:colcon.colcon_core.shell:Creating package script '/home/prateek/ros2_ws/install/my_cpp_pkg/share/my_cpp_pkg/package.zsh'
[11.792s] Level 1:colcon.colcon_core.environment:create_file_with_runtime_dependencies(/home/prateek/ros2_ws/install/my_cpp_pkg/share/colcon-core/packages/my_cpp_pkg)
[11.792s] INFO:colcon.colcon_ros.task.ament_cmake.build:Building ROS package in '/home/prateek/ros2_ws/src/my_robot_bringup' with build type 'ament_cmake'
[11.792s] INFO:colcon.colcon_cmake.task.cmake.build:Building CMake package in '/home/prateek/ros2_ws/src/my_robot_bringup'
[11.793s] INFO:colcon.colcon_core.shell:Skip shell extension 'powershell' for command environment: Not usable outside of PowerShell
[11.793s] DEBUG:colcon.colcon_core.shell:Skip shell extension 'dsv' for command environment
[11.800s] DEBUG:colcon.colcon_core.event_handler.log_command:Invoking command in '/home/prateek/ros2_ws/build/my_robot_bringup': AMENT_PREFIX_PATH=/home/prateek/ros2_ws/install/my_py_pkg:/home/prateek/ros2_ws/install/my_cpp_pkg:/home/prateek/ros2_ws/install/my_robot_interfaces:/home/prateek/ros2_ws/src/install/my_py_pkg:/home/prateek/ros2_ws/src/install/my_robot_interfaces:/opt/ros/humble CMAKE_PREFIX_PATH=/home/prateek/ros2_ws/install/my_cpp_pkg:/home/prateek/ros2_ws/install/my_robot_interfaces:/home/prateek/ros2_ws/src/install/my_robot_interfaces:/home/prateek/ros2_ws/install/my_robot_bringup:/home/prateek/ros2_ws/src/install/my_py_pkg:/home/prateek/ros2_ws/install/my_py_pkg:/opt/ros/humble LD_LIBRARY_PATH=/home/prateek/ros2_ws/install/my_robot_interfaces/lib:/usr/local/lib/z3-z3-4.7.1/build:/usr/local/lib/z3-z3-4.7.1/build:/usr/local/lib/z3-z3-4.7.1/build:/home/prateek/ros2_ws/src/install/my_robot_interfaces/lib:/usr/local/lib/z3-z3-4.7.1/build:/usr/local/lib/z3-z3-4.7.1/build:/opt/ros/humble/opt/rviz_ogre_vendor/lib:/opt/ros/humble/lib/x86_64-linux-gnu:/opt/ros/humble/lib:/usr/local/lib/z3-z3-4.7.1/build:/usr/local/lib/z3-z3-4.7.1/build PYTHONPATH=/home/prateek/ros2_ws/install/my_py_pkg/lib/python3.10/site-packages:/home/prateek/ros2_ws/install/my_robot_interfaces/local/lib/python3.10/dist-packages:/home/prateek/ros2_ws/src/install/my_py_pkg/lib/python3.10/site-packages:/home/prateek/ros2_ws/src/install/my_robot_interfaces/local/lib/python3.10/dist-packages:/opt/ros/humble/lib/python3.10/site-packages:/opt/ros/humble/local/lib/python3.10/dist-packages /usr/bin/cmake /home/prateek/ros2_ws/src/my_robot_bringup -DCMAKE_INSTALL_PREFIX=/home/prateek/ros2_ws/install/my_robot_bringup
[12.216s] DEBUG:colcon.colcon_core.event_handler.log_command:Invoked command in '/home/prateek/ros2_ws/build/my_robot_bringup' returned '0': AMENT_PREFIX_PATH=/home/prateek/ros2_ws/install/my_py_pkg:/home/prateek/ros2_ws/install/my_cpp_pkg:/home/prateek/ros2_ws/install/my_robot_interfaces:/home/prateek/ros2_ws/src/install/my_py_pkg:/home/prateek/ros2_ws/src/install/my_robot_interfaces:/opt/ros/humble CMAKE_PREFIX_PATH=/home/prateek/ros2_ws/install/my_cpp_pkg:/home/prateek/ros2_ws/install/my_robot_interfaces:/home/prateek/ros2_ws/src/install/my_robot_interfaces:/home/prateek/ros2_ws/install/my_robot_bringup:/home/prateek/ros2_ws/src/install/my_py_pkg:/home/prateek/ros2_ws/install/my_py_pkg:/opt/ros/humble LD_LIBRARY_PATH=/home/prateek/ros2_ws/install/my_robot_interfaces/lib:/usr/local/lib/z3-z3-4.7.1/build:/usr/local/lib/z3-z3-4.7.1/build:/usr/local/lib/z3-z3-4.7.1/build:/home/prateek/ros2_ws/src/install/my_robot_interfaces/lib:/usr/local/lib/z3-z3-4.7.1/build:/usr/local/lib/z3-z3-4.7.1/build:/opt/ros/humble/opt/rviz_ogre_vendor/lib:/opt/ros/humble/lib/x86_64-linux-gnu:/opt/ros/humble/lib:/usr/local/lib/z3-z3-4.7.1/build:/usr/local/lib/z3-z3-4.7.1/build PYTHONPATH=/home/prateek/ros2_ws/install/my_py_pkg/lib/python3.10/site-packages:/home/prateek/ros2_ws/install/my_robot_interfaces/local/lib/python3.10/dist-packages:/home/prateek/ros2_ws/src/install/my_py_pkg/lib/python3.10/site-packages:/home/prateek/ros2_ws/src/install/my_robot_interfaces/local/lib/python3.10/dist-packages:/opt/ros/humble/lib/python3.10/site-packages:/opt/ros/humble/local/lib/python3.10/dist-packages /usr/bin/cmake /home/prateek/ros2_ws/src/my_robot_bringup -DCMAKE_INSTALL_PREFIX=/home/prateek/ros2_ws/install/my_robot_bringup
[12.217s] DEBUG:colcon.colcon_core.event_handler.log_command:Invoking command in '/home/prateek/ros2_ws/build/my_robot_bringup': AMENT_PREFIX_PATH=/home/prateek/ros2_ws/install/my_py_pkg:/home/prateek/ros2_ws/install/my_cpp_pkg:/home/prateek/ros2_ws/install/my_robot_interfaces:/home/prateek/ros2_ws/src/install/my_py_pkg:/home/prateek/ros2_ws/src/install/my_robot_interfaces:/opt/ros/humble CMAKE_PREFIX_PATH=/home/prateek/ros2_ws/install/my_cpp_pkg:/home/prateek/ros2_ws/install/my_robot_interfaces:/home/prateek/ros2_ws/src/install/my_robot_interfaces:/home/prateek/ros2_ws/install/my_robot_bringup:/home/prateek/ros2_ws/src/install/my_py_pkg:/home/prateek/ros2_ws/install/my_py_pkg:/opt/ros/humble LD_LIBRARY_PATH=/home/prateek/ros2_ws/install/my_robot_interfaces/lib:/usr/local/lib/z3-z3-4.7.1/build:/usr/local/lib/z3-z3-4.7.1/build:/usr/local/lib/z3-z3-4.7.1/build:/home/prateek/ros2_ws/src/install/my_robot_interfaces/lib:/usr/local/lib/z3-z3-4.7.1/build:/usr/local/lib/z3-z3-4.7.1/build:/opt/ros/humble/opt/rviz_ogre_vendor/lib:/opt/ros/humble/lib/x86_64-linux-gnu:/opt/ros/humble/lib:/usr/local/lib/z3-z3-4.7.1/build:/usr/local/lib/z3-z3-4.7.1/build PYTHONPATH=/home/prateek/ros2_ws/install/my_py_pkg/lib/python3.10/site-packages:/home/prateek/ros2_ws/install/my_robot_interfaces/local/lib/python3.10/dist-packages:/home/prateek/ros2_ws/src/install/my_py_pkg/lib/python3.10/site-packages:/home/prateek/ros2_ws/src/install/my_robot_interfaces/local/lib/python3.10/dist-packages:/opt/ros/humble/lib/python3.10/site-packages:/opt/ros/humble/local/lib/python3.10/dist-packages /usr/bin/cmake --build /home/prateek/ros2_ws/build/my_robot_bringup -- -j16 -l16
[12.241s] DEBUG:colcon.colcon_core.event_handler.log_command:Invoked command in '/home/prateek/ros2_ws/build/my_robot_bringup' returned '0': AMENT_PREFIX_PATH=/home/prateek/ros2_ws/install/my_py_pkg:/home/prateek/ros2_ws/install/my_cpp_pkg:/home/prateek/ros2_ws/install/my_robot_interfaces:/home/prateek/ros2_ws/src/install/my_py_pkg:/home/prateek/ros2_ws/src/install/my_robot_interfaces:/opt/ros/humble CMAKE_PREFIX_PATH=/home/prateek/ros2_ws/install/my_cpp_pkg:/home/prateek/ros2_ws/install/my_robot_interfaces:/home/prateek/ros2_ws/src/install/my_robot_interfaces:/home/prateek/ros2_ws/install/my_robot_bringup:/home/prateek/ros2_ws/src/install/my_py_pkg:/home/prateek/ros2_ws/install/my_py_pkg:/opt/ros/humble LD_LIBRARY_PATH=/home/prateek/ros2_ws/install/my_robot_interfaces/lib:/usr/local/lib/z3-z3-4.7.1/build:/usr/local/lib/z3-z3-4.7.1/build:/usr/local/lib/z3-z3-4.7.1/build:/home/prateek/ros2_ws/src/install/my_robot_interfaces/lib:/usr/local/lib/z3-z3-4.7.1/build:/usr/local/lib/z3-z3-4.7.1/build:/opt/ros/humble/opt/rviz_ogre_vendor/lib:/opt/ros/humble/lib/x86_64-linux-gnu:/opt/ros/humble/lib:/usr/local/lib/z3-z3-4.7.1/build:/usr/local/lib/z3-z3-4.7.1/build PYTHONPATH=/home/prateek/ros2_ws/install/my_py_pkg/lib/python3.10/site-packages:/home/prateek/ros2_ws/install/my_robot_interfaces/local/lib/python3.10/dist-packages:/home/prateek/ros2_ws/src/install/my_py_pkg/lib/python3.10/site-packages:/home/prateek/ros2_ws/src/install/my_robot_interfaces/local/lib/python3.10/dist-packages:/opt/ros/humble/lib/python3.10/site-packages:/opt/ros/humble/local/lib/python3.10/dist-packages /usr/bin/cmake --build /home/prateek/ros2_ws/build/my_robot_bringup -- -j16 -l16
[12.255s] DEBUG:colcon.colcon_core.event_handler.log_command:Invoking command in '/home/prateek/ros2_ws/build/my_robot_bringup': AMENT_PREFIX_PATH=/home/prateek/ros2_ws/install/my_py_pkg:/home/prateek/ros2_ws/install/my_cpp_pkg:/home/prateek/ros2_ws/install/my_robot_interfaces:/home/prateek/ros2_ws/src/install/my_py_pkg:/home/prateek/ros2_ws/src/install/my_robot_interfaces:/opt/ros/humble CMAKE_PREFIX_PATH=/home/prateek/ros2_ws/install/my_cpp_pkg:/home/prateek/ros2_ws/install/my_robot_interfaces:/home/prateek/ros2_ws/src/install/my_robot_interfaces:/home/prateek/ros2_ws/install/my_robot_bringup:/home/prateek/ros2_ws/src/install/my_py_pkg:/home/prateek/ros2_ws/install/my_py_pkg:/opt/ros/humble LD_LIBRARY_PATH=/home/prateek/ros2_ws/install/my_robot_interfaces/lib:/usr/local/lib/z3-z3-4.7.1/build:/usr/local/lib/z3-z3-4.7.1/build:/usr/local/lib/z3-z3-4.7.1/build:/home/prateek/ros2_ws/src/install/my_robot_interfaces/lib:/usr/local/lib/z3-z3-4.7.1/build:/usr/local/lib/z3-z3-4.7.1/build:/opt/ros/humble/opt/rviz_ogre_vendor/lib:/opt/ros/humble/lib/x86_64-linux-gnu:/opt/ros/humble/lib:/usr/local/lib/z3-z3-4.7.1/build:/usr/local/lib/z3-z3-4.7.1/build PYTHONPATH=/home/prateek/ros2_ws/install/my_py_pkg/lib/python3.10/site-packages:/home/prateek/ros2_ws/install/my_robot_interfaces/local/lib/python3.10/dist-packages:/home/prateek/ros2_ws/src/install/my_py_pkg/lib/python3.10/site-packages:/home/prateek/ros2_ws/src/install/my_robot_interfaces/local/lib/python3.10/dist-packages:/opt/ros/humble/lib/python3.10/site-packages:/opt/ros/humble/local/lib/python3.10/dist-packages /usr/bin/cmake --install /home/prateek/ros2_ws/build/my_robot_bringup
[12.261s] Level 1:colcon.colcon_core.environment:create_environment_scripts_only(my_robot_bringup)
[12.261s] DEBUG:colcon.colcon_core.event_handler.log_command:Invoked command in '/home/prateek/ros2_ws/build/my_robot_bringup' returned '0': AMENT_PREFIX_PATH=/home/prateek/ros2_ws/install/my_py_pkg:/home/prateek/ros2_ws/install/my_cpp_pkg:/home/prateek/ros2_ws/install/my_robot_interfaces:/home/prateek/ros2_ws/src/install/my_py_pkg:/home/prateek/ros2_ws/src/install/my_robot_interfaces:/opt/ros/humble CMAKE_PREFIX_PATH=/home/prateek/ros2_ws/install/my_cpp_pkg:/home/prateek/ros2_ws/install/my_robot_interfaces:/home/prateek/ros2_ws/src/install/my_robot_interfaces:/home/prateek/ros2_ws/install/my_robot_bringup:/home/prateek/ros2_ws/src/install/my_py_pkg:/home/prateek/ros2_ws/install/my_py_pkg:/opt/ros/humble LD_LIBRARY_PATH=/home/prateek/ros2_ws/install/my_robot_interfaces/lib:/usr/local/lib/z3-z3-4.7.1/build:/usr/local/lib/z3-z3-4.7.1/build:/usr/local/lib/z3-z3-4.7.1/build:/home/prateek/ros2_ws/src/install/my_robot_interfaces/lib:/usr/local/lib/z3-z3-4.7.1/build:/usr/local/lib/z3-z3-4.7.1/build:/opt/ros/humble/opt/rviz_ogre_vendor/lib:/opt/ros/humble/lib/x86_64-linux-gnu:/opt/ros/humble/lib:/usr/local/lib/z3-z3-4.7.1/build:/usr/local/lib/z3-z3-4.7.1/build PYTHONPATH=/home/prateek/ros2_ws/install/my_py_pkg/lib/python3.10/site-packages:/home/prateek/ros2_ws/install/my_robot_interfaces/local/lib/python3.10/dist-packages:/home/prateek/ros2_ws/src/install/my_py_pkg/lib/python3.10/site-packages:/home/prateek/ros2_ws/src/install/my_robot_interfaces/local/lib/python3.10/dist-packages:/opt/ros/humble/lib/python3.10/site-packages:/opt/ros/humble/local/lib/python3.10/dist-packages /usr/bin/cmake --install /home/prateek/ros2_ws/build/my_robot_bringup
[12.262s] Level 1:colcon.colcon_core.environment:checking '/home/prateek/ros2_ws/install/my_robot_bringup' for CMake module files
[12.262s] Level 1:colcon.colcon_core.environment:checking '/home/prateek/ros2_ws/install/my_robot_bringup' for CMake config files
[12.262s] Level 1:colcon.colcon_core.shell:create_environment_hook('my_robot_bringup', 'cmake_prefix_path')
[12.262s] INFO:colcon.colcon_core.shell:Creating environment hook '/home/prateek/ros2_ws/install/my_robot_bringup/share/my_robot_bringup/hook/cmake_prefix_path.ps1'
[12.263s] INFO:colcon.colcon_core.shell:Creating environment descriptor '/home/prateek/ros2_ws/install/my_robot_bringup/share/my_robot_bringup/hook/cmake_prefix_path.dsv'
[12.263s] INFO:colcon.colcon_core.shell:Creating environment hook '/home/prateek/ros2_ws/install/my_robot_bringup/share/my_robot_bringup/hook/cmake_prefix_path.sh'
[12.263s] Level 1:colcon.colcon_core.environment:checking '/home/prateek/ros2_ws/install/my_robot_bringup/bin'
[12.263s] Level 1:colcon.colcon_core.environment:checking '/home/prateek/ros2_ws/install/my_robot_bringup/lib/pkgconfig/my_robot_bringup.pc'
[12.263s] Level 1:colcon.colcon_core.environment:checking '/home/prateek/ros2_ws/install/my_robot_bringup/lib/python3.10/site-packages'
[12.264s] Level 1:colcon.colcon_core.environment:checking '/home/prateek/ros2_ws/install/my_robot_bringup/bin'
[12.264s] INFO:colcon.colcon_core.shell:Creating package script '/home/prateek/ros2_ws/install/my_robot_bringup/share/my_robot_bringup/package.ps1'
[12.264s] INFO:colcon.colcon_core.shell:Creating package descriptor '/home/prateek/ros2_ws/install/my_robot_bringup/share/my_robot_bringup/package.dsv'
[12.264s] INFO:colcon.colcon_core.shell:Creating package script '/home/prateek/ros2_ws/install/my_robot_bringup/share/my_robot_bringup/package.sh'
[12.265s] INFO:colcon.colcon_core.shell:Creating package script '/home/prateek/ros2_ws/install/my_robot_bringup/share/my_robot_bringup/package.bash'
[12.265s] INFO:colcon.colcon_core.shell:Creating package script '/home/prateek/ros2_ws/install/my_robot_bringup/share/my_robot_bringup/package.zsh'
[12.265s] Level 1:colcon.colcon_core.environment:create_file_with_runtime_dependencies(/home/prateek/ros2_ws/install/my_robot_bringup/share/colcon-core/packages/my_robot_bringup)
[12.278s] Level 1:colcon.colcon_core.environment:create_environment_scripts_only(my_robot_bringup)
[12.279s] Level 1:colcon.colcon_core.environment:checking '/home/prateek/ros2_ws/install/my_robot_bringup' for CMake module files
[12.279s] Level 1:colcon.colcon_core.environment:checking '/home/prateek/ros2_ws/install/my_robot_bringup' for CMake config files
[12.279s] Level 1:colcon.colcon_core.shell:create_environment_hook('my_robot_bringup', 'cmake_prefix_path')
[12.279s] INFO:colcon.colcon_core.shell:Creating environment hook '/home/prateek/ros2_ws/install/my_robot_bringup/share/my_robot_bringup/hook/cmake_prefix_path.ps1'
[12.279s] INFO:colcon.colcon_core.shell:Creating environment descriptor '/home/prateek/ros2_ws/install/my_robot_bringup/share/my_robot_bringup/hook/cmake_prefix_path.dsv'
[12.280s] INFO:colcon.colcon_core.shell:Creating environment hook '/home/prateek/ros2_ws/install/my_robot_bringup/share/my_robot_bringup/hook/cmake_prefix_path.sh'
[12.280s] Level 1:colcon.colcon_core.environment:checking '/home/prateek/ros2_ws/install/my_robot_bringup/bin'
[12.280s] Level 1:colcon.colcon_core.environment:checking '/home/prateek/ros2_ws/install/my_robot_bringup/lib/pkgconfig/my_robot_bringup.pc'
[12.280s] Level 1:colcon.colcon_core.environment:checking '/home/prateek/ros2_ws/install/my_robot_bringup/lib/python3.10/site-packages'
[12.280s] Level 1:colcon.colcon_core.environment:checking '/home/prateek/ros2_ws/install/my_robot_bringup/bin'
[12.281s] INFO:colcon.colcon_core.shell:Creating package script '/home/prateek/ros2_ws/install/my_robot_bringup/share/my_robot_bringup/package.ps1'
[12.281s] INFO:colcon.colcon_core.shell:Creating package descriptor '/home/prateek/ros2_ws/install/my_robot_bringup/share/my_robot_bringup/package.dsv'
[12.281s] INFO:colcon.colcon_core.shell:Creating package script '/home/prateek/ros2_ws/install/my_robot_bringup/share/my_robot_bringup/package.sh'
[12.281s] INFO:colcon.colcon_core.shell:Creating package script '/home/prateek/ros2_ws/install/my_robot_bringup/share/my_robot_bringup/package.bash'
[12.282s] INFO:colcon.colcon_core.shell:Creating package script '/home/prateek/ros2_ws/install/my_robot_bringup/share/my_robot_bringup/package.zsh'
[12.282s] Level 1:colcon.colcon_core.environment:create_file_with_runtime_dependencies(/home/prateek/ros2_ws/install/my_robot_bringup/share/colcon-core/packages/my_robot_bringup)
[12.282s] DEBUG:colcon.colcon_parallel_executor.executor.parallel:closing loop
[12.282s] DEBUG:colcon.colcon_parallel_executor.executor.parallel:loop closed
[12.282s] DEBUG:colcon.colcon_parallel_executor.executor.parallel:run_until_complete finished with '0'
[12.282s] DEBUG:colcon.colcon_core.event_reactor:joining thread
[12.286s] INFO:colcon.colcon_core.plugin_system:Skipping extension 'colcon_notification.desktop_notification.terminal_notifier': Not used on non-Darwin systems
[12.286s] INFO:colcon.colcon_core.plugin_system:Skipping extension 'colcon_notification.desktop_notification.win32': Not used on non-Windows systems
[12.286s] INFO:colcon.colcon_notification.desktop_notification:Sending desktop notification using 'notify2'
[12.295s] DEBUG:colcon.colcon_core.event_reactor:joined thread
[12.296s] INFO:colcon.colcon_core.shell:Creating prefix script '/home/prateek/ros2_ws/install/local_setup.ps1'
[12.296s] INFO:colcon.colcon_core.shell:Creating prefix util module '/home/prateek/ros2_ws/install/_local_setup_util_ps1.py'
[12.297s] INFO:colcon.colcon_core.shell:Creating prefix chain script '/home/prateek/ros2_ws/install/setup.ps1'
[12.298s] INFO:colcon.colcon_core.shell:Creating prefix script '/home/prateek/ros2_ws/install/local_setup.sh'
[12.298s] INFO:colcon.colcon_core.shell:Creating prefix util module '/home/prateek/ros2_ws/install/_local_setup_util_sh.py'
[12.298s] INFO:colcon.colcon_core.shell:Creating prefix chain script '/home/prateek/ros2_ws/install/setup.sh'
[12.299s] INFO:colcon.colcon_core.shell:Creating prefix script '/home/prateek/ros2_ws/install/local_setup.bash'
[12.299s] INFO:colcon.colcon_core.shell:Creating prefix chain script '/home/prateek/ros2_ws/install/setup.bash'
[12.300s] INFO:colcon.colcon_core.shell:Creating prefix script '/home/prateek/ros2_ws/install/local_setup.zsh'
[12.300s] INFO:colcon.colcon_core.shell:Creating prefix chain script '/home/prateek/ros2_ws/install/setup.zsh'
