[0.077s] DEBUG:colcon:Command line arguments: ['/usr/bin/colcon', 'build']
[0.077s] DEBUG:colcon:Parsed command line arguments: Namespace(log_base=None, log_level=None, verb_name='build', build_base='build', install_base='install', merge_install=False, symlink_install=False, test_result_base=None, continue_on_error=False, executor='parallel', parallel_workers=16, event_handlers=None, ignore_user_meta=False, metas=['./colcon.meta'], base_paths=['.'], packages_ignore=None, packages_ignore_regex=None, paths=None, packages_up_to=None, packages_up_to_regex=None, packages_above=None, packages_above_and_dependencies=None, packages_above_depth=None, packages_select_by_dep=None, packages_skip_by_dep=None, packages_skip_up_to=None, packages_select_build_failed=False, packages_skip_build_finished=False, packages_select_test_failures=False, packages_skip_test_passed=False, packages_select=None, packages_skip=None, packages_select_regex=None, packages_skip_regex=None, packages_start=None, packages_end=None, allow_overriding=[], cmake_args=None, cmake_target=None, cmake_target_skip_unavailable=False, cmake_clean_cache=False, cmake_clean_first=False, cmake_force_configure=False, ament_cmake_args=None, catkin_cmake_args=None, catkin_skip_building_tests=False, verb_parser=<colcon_defaults.argument_parser.defaults.DefaultArgumentsDecorator object at 0x7584c614d4b0>, verb_extension=<colcon_core.verb.build.BuildVerb object at 0x7584c625e080>, main=<bound method BuildVerb.main of <colcon_core.verb.build.BuildVerb object at 0x7584c625e080>>)
[0.208s] Level 1:colcon.colcon_core.package_discovery:discover_packages(colcon_meta) check parameters
[0.208s] Level 1:colcon.colcon_core.package_discovery:discover_packages(recursive) check parameters
[0.208s] Level 1:colcon.colcon_core.package_discovery:discover_packages(ignore) check parameters
[0.208s] Level 1:colcon.colcon_core.package_discovery:discover_packages(path) check parameters
[0.208s] Level 1:colcon.colcon_core.package_discovery:discover_packages(colcon_meta) discover
[0.208s] Level 1:colcon.colcon_core.package_discovery:discover_packages(recursive) discover
[0.208s] INFO:colcon.colcon_core.package_discovery:Crawling recursively for packages in '/home/prateek/ros2_ws'
[0.208s] Level 1:colcon.colcon_core.package_identification:_identify(.) by extensions ['ignore', 'ignore_ament_install']
[0.208s] Level 1:colcon.colcon_core.package_identification:_identify(.) by extension 'ignore'
[0.208s] Level 1:colcon.colcon_core.package_identification:_identify(.) by extension 'ignore_ament_install'
[0.208s] Level 1:colcon.colcon_core.package_identification:_identify(.) by extensions ['colcon_pkg']
[0.208s] Level 1:colcon.colcon_core.package_identification:_identify(.) by extension 'colcon_pkg'
[0.208s] Level 1:colcon.colcon_core.package_identification:_identify(.) by extensions ['colcon_meta']
[0.208s] Level 1:colcon.colcon_core.package_identification:_identify(.) by extension 'colcon_meta'
[0.208s] Level 1:colcon.colcon_core.package_identification:_identify(.) by extensions ['ros']
[0.208s] Level 1:colcon.colcon_core.package_identification:_identify(.) by extension 'ros'
[0.216s] Level 1:colcon.colcon_core.package_identification:_identify(.) by extensions ['cmake', 'python']
[0.216s] Level 1:colcon.colcon_core.package_identification:_identify(.) by extension 'cmake'
[0.216s] Level 1:colcon.colcon_core.package_identification:_identify(.) by extension 'python'
[0.216s] Level 1:colcon.colcon_core.package_identification:_identify(.) by extensions ['python_setup_py']
[0.216s] Level 1:colcon.colcon_core.package_identification:_identify(.) by extension 'python_setup_py'
[0.216s] Level 1:colcon.colcon_core.package_identification:_identify(Screenshots) by extensions ['ignore', 'ignore_ament_install']
[0.216s] Level 1:colcon.colcon_core.package_identification:_identify(Screenshots) by extension 'ignore'
[0.216s] Level 1:colcon.colcon_core.package_identification:_identify(Screenshots) by extension 'ignore_ament_install'
[0.216s] Level 1:colcon.colcon_core.package_identification:_identify(Screenshots) by extensions ['colcon_pkg']
[0.216s] Level 1:colcon.colcon_core.package_identification:_identify(Screenshots) by extension 'colcon_pkg'
[0.216s] Level 1:colcon.colcon_core.package_identification:_identify(Screenshots) by extensions ['colcon_meta']
[0.216s] Level 1:colcon.colcon_core.package_identification:_identify(Screenshots) by extension 'colcon_meta'
[0.216s] Level 1:colcon.colcon_core.package_identification:_identify(Screenshots) by extensions ['ros']
[0.216s] Level 1:colcon.colcon_core.package_identification:_identify(Screenshots) by extension 'ros'
[0.217s] Level 1:colcon.colcon_core.package_identification:_identify(Screenshots) by extensions ['cmake', 'python']
[0.217s] Level 1:colcon.colcon_core.package_identification:_identify(Screenshots) by extension 'cmake'
[0.217s] Level 1:colcon.colcon_core.package_identification:_identify(Screenshots) by extension 'python'
[0.217s] Level 1:colcon.colcon_core.package_identification:_identify(Screenshots) by extensions ['python_setup_py']
[0.217s] Level 1:colcon.colcon_core.package_identification:_identify(Screenshots) by extension 'python_setup_py'
[0.217s] Level 1:colcon.colcon_core.package_identification:_identify(build) by extensions ['ignore', 'ignore_ament_install']
[0.217s] Level 1:colcon.colcon_core.package_identification:_identify(build) by extension 'ignore'
[0.217s] Level 1:colcon.colcon_core.package_identification:_identify(build) ignored
[0.217s] Level 1:colcon.colcon_core.package_identification:_identify(install) by extensions ['ignore', 'ignore_ament_install']
[0.217s] Level 1:colcon.colcon_core.package_identification:_identify(install) by extension 'ignore'
[0.217s] Level 1:colcon.colcon_core.package_identification:_identify(install) ignored
[0.217s] Level 1:colcon.colcon_core.package_identification:_identify(log) by extensions ['ignore', 'ignore_ament_install']
[0.217s] Level 1:colcon.colcon_core.package_identification:_identify(log) by extension 'ignore'
[0.217s] Level 1:colcon.colcon_core.package_identification:_identify(log) ignored
[0.217s] Level 1:colcon.colcon_core.package_identification:_identify(src) by extensions ['ignore', 'ignore_ament_install']
[0.217s] Level 1:colcon.colcon_core.package_identification:_identify(src) by extension 'ignore'
[0.217s] Level 1:colcon.colcon_core.package_identification:_identify(src) by extension 'ignore_ament_install'
[0.217s] Level 1:colcon.colcon_core.package_identification:_identify(src) by extensions ['colcon_pkg']
[0.217s] Level 1:colcon.colcon_core.package_identification:_identify(src) by extension 'colcon_pkg'
[0.218s] Level 1:colcon.colcon_core.package_identification:_identify(src) by extensions ['colcon_meta']
[0.218s] Level 1:colcon.colcon_core.package_identification:_identify(src) by extension 'colcon_meta'
[0.218s] Level 1:colcon.colcon_core.package_identification:_identify(src) by extensions ['ros']
[0.218s] Level 1:colcon.colcon_core.package_identification:_identify(src) by extension 'ros'
[0.218s] Level 1:colcon.colcon_core.package_identification:_identify(src) by extensions ['cmake', 'python']
[0.218s] Level 1:colcon.colcon_core.package_identification:_identify(src) by extension 'cmake'
[0.218s] Level 1:colcon.colcon_core.package_identification:_identify(src) by extension 'python'
[0.218s] Level 1:colcon.colcon_core.package_identification:_identify(src) by extensions ['python_setup_py']
[0.218s] Level 1:colcon.colcon_core.package_identification:_identify(src) by extension 'python_setup_py'
[0.218s] Level 1:colcon.colcon_core.package_identification:_identify(src/build) by extensions ['ignore', 'ignore_ament_install']
[0.218s] Level 1:colcon.colcon_core.package_identification:_identify(src/build) by extension 'ignore'
[0.218s] Level 1:colcon.colcon_core.package_identification:_identify(src/build) ignored
[0.218s] Level 1:colcon.colcon_core.package_identification:_identify(src/install) by extensions ['ignore', 'ignore_ament_install']
[0.218s] Level 1:colcon.colcon_core.package_identification:_identify(src/install) by extension 'ignore'
[0.218s] Level 1:colcon.colcon_core.package_identification:_identify(src/install) ignored
[0.218s] Level 1:colcon.colcon_core.package_identification:_identify(src/log) by extensions ['ignore', 'ignore_ament_install']
[0.218s] Level 1:colcon.colcon_core.package_identification:_identify(src/log) by extension 'ignore'
[0.218s] Level 1:colcon.colcon_core.package_identification:_identify(src/log) ignored
[0.218s] Level 1:colcon.colcon_core.package_identification:_identify(src/my_cpp_pkg) by extensions ['ignore', 'ignore_ament_install']
[0.218s] Level 1:colcon.colcon_core.package_identification:_identify(src/my_cpp_pkg) by extension 'ignore'
[0.218s] Level 1:colcon.colcon_core.package_identification:_identify(src/my_cpp_pkg) by extension 'ignore_ament_install'
[0.218s] Level 1:colcon.colcon_core.package_identification:_identify(src/my_cpp_pkg) by extensions ['colcon_pkg']
[0.218s] Level 1:colcon.colcon_core.package_identification:_identify(src/my_cpp_pkg) by extension 'colcon_pkg'
[0.219s] Level 1:colcon.colcon_core.package_identification:_identify(src/my_cpp_pkg) by extensions ['colcon_meta']
[0.219s] Level 1:colcon.colcon_core.package_identification:_identify(src/my_cpp_pkg) by extension 'colcon_meta'
[0.219s] Level 1:colcon.colcon_core.package_identification:_identify(src/my_cpp_pkg) by extensions ['ros']
[0.219s] Level 1:colcon.colcon_core.package_identification:_identify(src/my_cpp_pkg) by extension 'ros'
[0.220s] DEBUG:colcon.colcon_core.package_identification:Package 'src/my_cpp_pkg' with type 'ros.ament_cmake' and name 'my_cpp_pkg'
[0.220s] Level 1:colcon.colcon_core.package_identification:_identify(src/my_py_pkg) by extensions ['ignore', 'ignore_ament_install']
[0.220s] Level 1:colcon.colcon_core.package_identification:_identify(src/my_py_pkg) by extension 'ignore'
[0.221s] Level 1:colcon.colcon_core.package_identification:_identify(src/my_py_pkg) by extension 'ignore_ament_install'
[0.221s] Level 1:colcon.colcon_core.package_identification:_identify(src/my_py_pkg) by extensions ['colcon_pkg']
[0.221s] Level 1:colcon.colcon_core.package_identification:_identify(src/my_py_pkg) by extension 'colcon_pkg'
[0.221s] Level 1:colcon.colcon_core.package_identification:_identify(src/my_py_pkg) by extensions ['colcon_meta']
[0.221s] Level 1:colcon.colcon_core.package_identification:_identify(src/my_py_pkg) by extension 'colcon_meta'
[0.221s] Level 1:colcon.colcon_core.package_identification:_identify(src/my_py_pkg) by extensions ['ros']
[0.221s] Level 1:colcon.colcon_core.package_identification:_identify(src/my_py_pkg) by extension 'ros'
[0.221s] DEBUG:colcon.colcon_core.package_identification:Package 'src/my_py_pkg' with type 'ros.ament_python' and name 'my_py_pkg'
[0.221s] Level 1:colcon.colcon_core.package_identification:_identify(src/my_robot_bringup) by extensions ['ignore', 'ignore_ament_install']
[0.221s] Level 1:colcon.colcon_core.package_identification:_identify(src/my_robot_bringup) by extension 'ignore'
[0.221s] Level 1:colcon.colcon_core.package_identification:_identify(src/my_robot_bringup) by extension 'ignore_ament_install'
[0.221s] Level 1:colcon.colcon_core.package_identification:_identify(src/my_robot_bringup) by extensions ['colcon_pkg']
[0.221s] Level 1:colcon.colcon_core.package_identification:_identify(src/my_robot_bringup) by extension 'colcon_pkg'
[0.222s] Level 1:colcon.colcon_core.package_identification:_identify(src/my_robot_bringup) by extensions ['colcon_meta']
[0.222s] Level 1:colcon.colcon_core.package_identification:_identify(src/my_robot_bringup) by extension 'colcon_meta'
[0.222s] Level 1:colcon.colcon_core.package_identification:_identify(src/my_robot_bringup) by extensions ['ros']
[0.222s] Level 1:colcon.colcon_core.package_identification:_identify(src/my_robot_bringup) by extension 'ros'
[0.222s] DEBUG:colcon.colcon_core.package_identification:Package 'src/my_robot_bringup' with type 'ros.ament_cmake' and name 'my_robot_bringup'
[0.222s] Level 1:colcon.colcon_core.package_identification:_identify(src/my_robot_interfaces) by extensions ['ignore', 'ignore_ament_install']
[0.222s] Level 1:colcon.colcon_core.package_identification:_identify(src/my_robot_interfaces) by extension 'ignore'
[0.222s] Level 1:colcon.colcon_core.package_identification:_identify(src/my_robot_interfaces) by extension 'ignore_ament_install'
[0.222s] Level 1:colcon.colcon_core.package_identification:_identify(src/my_robot_interfaces) by extensions ['colcon_pkg']
[0.222s] Level 1:colcon.colcon_core.package_identification:_identify(src/my_robot_interfaces) by extension 'colcon_pkg'
[0.222s] Level 1:colcon.colcon_core.package_identification:_identify(src/my_robot_interfaces) by extensions ['colcon_meta']
[0.222s] Level 1:colcon.colcon_core.package_identification:_identify(src/my_robot_interfaces) by extension 'colcon_meta'
[0.222s] Level 1:colcon.colcon_core.package_identification:_identify(src/my_robot_interfaces) by extensions ['ros']
[0.222s] Level 1:colcon.colcon_core.package_identification:_identify(src/my_robot_interfaces) by extension 'ros'
[0.223s] DEBUG:colcon.colcon_core.package_identification:Package 'src/my_robot_interfaces' with type 'ros.ament_cmake' and name 'my_robot_interfaces'
[0.223s] Level 1:colcon.colcon_core.package_discovery:discover_packages(recursive) using defaults
[0.223s] Level 1:colcon.colcon_core.package_discovery:discover_packages(ignore) discover
[0.223s] Level 1:colcon.colcon_core.package_discovery:discover_packages(ignore) using defaults
[0.223s] Level 1:colcon.colcon_core.package_discovery:discover_packages(path) discover
[0.223s] Level 1:colcon.colcon_core.package_discovery:discover_packages(path) using defaults
[0.245s] Level 1:colcon.colcon_core.package_discovery:discover_packages(prefix_path) check parameters
[0.245s] Level 1:colcon.colcon_core.package_discovery:discover_packages(prefix_path) discover
[0.246s] WARNING:colcon.colcon_ros.prefix_path.ament:The path '/home/prateek/ros2_ws/install/my_robot_bringup' in the environment variable AMENT_PREFIX_PATH doesn't exist
[0.246s] WARNING:colcon.colcon_ros.prefix_path.ament:The path '/home/prateek/ros2_ws/install/my_cpp_pkg' in the environment variable AMENT_PREFIX_PATH doesn't exist
[0.246s] WARNING:colcon.colcon_ros.prefix_path.ament:The path '/home/prateek/ros2_ws/install/my_robot_interfaces' in the environment variable AMENT_PREFIX_PATH doesn't exist
[0.246s] WARNING:colcon.colcon_ros.prefix_path.ament:The path '/home/prateek/ros2_ws/src/install/my_py_pkg' in the environment variable AMENT_PREFIX_PATH doesn't exist
[0.246s] WARNING:colcon.colcon_ros.prefix_path.ament:The path '/home/prateek/ros2_ws/src/install/my_robot_interfaces' in the environment variable AMENT_PREFIX_PATH doesn't exist
[0.246s] WARNING:colcon.colcon_ros.prefix_path.ament:The path '/home/prateek/ros2_ws/install/my_py_pkg' in the environment variable AMENT_PREFIX_PATH doesn't exist
[0.246s] WARNING:colcon.colcon_ros.prefix_path.ament:The path '/home/prateek/ros2_ws/src/install/my_robot_interfaces
' in the environment variable AMENT_PREFIX_PATH doesn't exist
[0.246s] WARNING:colcon.colcon_ros.prefix_path.catkin:The path '/home/prateek/ros2_ws/install/my_robot_bringup' in the environment variable CMAKE_PREFIX_PATH doesn't exist
[0.246s] WARNING:colcon.colcon_ros.prefix_path.catkin:The path '/home/prateek/ros2_ws/install/my_cpp_pkg' in the environment variable CMAKE_PREFIX_PATH doesn't exist
[0.246s] WARNING:colcon.colcon_ros.prefix_path.catkin:The path '/home/prateek/ros2_ws/install/my_robot_interfaces' in the environment variable CMAKE_PREFIX_PATH doesn't exist
[0.246s] WARNING:colcon.colcon_ros.prefix_path.catkin:The path '/home/prateek/ros2_ws/src/install/my_py_pkg' in the environment variable CMAKE_PREFIX_PATH doesn't exist
[0.246s] WARNING:colcon.colcon_ros.prefix_path.catkin:The path '/home/prateek/ros2_ws/src/install/my_robot_interfaces' in the environment variable CMAKE_PREFIX_PATH doesn't exist
[0.246s] WARNING:colcon.colcon_ros.prefix_path.catkin:The path '/home/prateek/ros2_ws/install/my_py_pkg' in the environment variable CMAKE_PREFIX_PATH doesn't exist
[0.246s] WARNING:colcon.colcon_ros.prefix_path.catkin:The path '/home/prateek/ros2_ws/src/install/my_robot_interfaces
' in the environment variable CMAKE_PREFIX_PATH doesn't exist
[0.247s] DEBUG:colcon.colcon_installed_package_information.package_discovery:Found 0 installed packages in /home/prateek/ros2_ws/src/install
[0.247s] DEBUG:colcon.colcon_installed_package_information.package_discovery:Found 0 installed packages in /home/prateek/ros2_ws/install
[0.248s] DEBUG:colcon.colcon_installed_package_information.package_discovery:Found 270 installed packages in /opt/ros/humble
[0.249s] DEBUG:colcon.colcon_installed_package_information.package_discovery:Found 0 installed packages in /home/prateek/ros2_ws/src/install/
[0.249s] Level 1:colcon.colcon_core.package_discovery:discover_packages(prefix_path) using defaults
[0.276s] Level 5:colcon.colcon_core.verb:set package 'my_robot_interfaces' build argument 'cmake_args' from command line to 'None'
[0.277s] Level 5:colcon.colcon_core.verb:set package 'my_robot_interfaces' build argument 'cmake_target' from command line to 'None'
[0.277s] Level 5:colcon.colcon_core.verb:set package 'my_robot_interfaces' build argument 'cmake_target_skip_unavailable' from command line to 'False'
[0.277s] Level 5:colcon.colcon_core.verb:set package 'my_robot_interfaces' build argument 'cmake_clean_cache' from command line to 'False'
[0.277s] Level 5:colcon.colcon_core.verb:set package 'my_robot_interfaces' build argument 'cmake_clean_first' from command line to 'False'
[0.277s] Level 5:colcon.colcon_core.verb:set package 'my_robot_interfaces' build argument 'cmake_force_configure' from command line to 'False'
[0.277s] Level 5:colcon.colcon_core.verb:set package 'my_robot_interfaces' build argument 'ament_cmake_args' from command line to 'None'
[0.277s] Level 5:colcon.colcon_core.verb:set package 'my_robot_interfaces' build argument 'catkin_cmake_args' from command line to 'None'
[0.277s] Level 5:colcon.colcon_core.verb:set package 'my_robot_interfaces' build argument 'catkin_skip_building_tests' from command line to 'False'
[0.277s] DEBUG:colcon.colcon_core.verb:Building package 'my_robot_interfaces' with the following arguments: {'ament_cmake_args': None, 'build_base': '/home/prateek/ros2_ws/build/my_robot_interfaces', 'catkin_cmake_args': None, 'catkin_skip_building_tests': False, 'cmake_args': None, 'cmake_clean_cache': False, 'cmake_clean_first': False, 'cmake_force_configure': False, 'cmake_target': None, 'cmake_target_skip_unavailable': False, 'install_base': '/home/prateek/ros2_ws/install/my_robot_interfaces', 'merge_install': False, 'path': '/home/prateek/ros2_ws/src/my_robot_interfaces', 'symlink_install': False, 'test_result_base': None}
[0.277s] Level 5:colcon.colcon_core.verb:set package 'my_cpp_pkg' build argument 'cmake_args' from command line to 'None'
[0.277s] Level 5:colcon.colcon_core.verb:set package 'my_cpp_pkg' build argument 'cmake_target' from command line to 'None'
[0.277s] Level 5:colcon.colcon_core.verb:set package 'my_cpp_pkg' build argument 'cmake_target_skip_unavailable' from command line to 'False'
[0.277s] Level 5:colcon.colcon_core.verb:set package 'my_cpp_pkg' build argument 'cmake_clean_cache' from command line to 'False'
[0.277s] Level 5:colcon.colcon_core.verb:set package 'my_cpp_pkg' build argument 'cmake_clean_first' from command line to 'False'
[0.277s] Level 5:colcon.colcon_core.verb:set package 'my_cpp_pkg' build argument 'cmake_force_configure' from command line to 'False'
[0.277s] Level 5:colcon.colcon_core.verb:set package 'my_cpp_pkg' build argument 'ament_cmake_args' from command line to 'None'
[0.277s] Level 5:colcon.colcon_core.verb:set package 'my_cpp_pkg' build argument 'catkin_cmake_args' from command line to 'None'
[0.277s] Level 5:colcon.colcon_core.verb:set package 'my_cpp_pkg' build argument 'catkin_skip_building_tests' from command line to 'False'
[0.277s] DEBUG:colcon.colcon_core.verb:Building package 'my_cpp_pkg' with the following arguments: {'ament_cmake_args': None, 'build_base': '/home/prateek/ros2_ws/build/my_cpp_pkg', 'catkin_cmake_args': None, 'catkin_skip_building_tests': False, 'cmake_args': None, 'cmake_clean_cache': False, 'cmake_clean_first': False, 'cmake_force_configure': False, 'cmake_target': None, 'cmake_target_skip_unavailable': False, 'install_base': '/home/prateek/ros2_ws/install/my_cpp_pkg', 'merge_install': False, 'path': '/home/prateek/ros2_ws/src/my_cpp_pkg', 'symlink_install': False, 'test_result_base': None}
[0.278s] Level 5:colcon.colcon_core.verb:set package 'my_py_pkg' build argument 'cmake_args' from command line to 'None'
[0.278s] Level 5:colcon.colcon_core.verb:set package 'my_py_pkg' build argument 'cmake_target' from command line to 'None'
[0.278s] Level 5:colcon.colcon_core.verb:set package 'my_py_pkg' build argument 'cmake_target_skip_unavailable' from command line to 'False'
[0.278s] Level 5:colcon.colcon_core.verb:set package 'my_py_pkg' build argument 'cmake_clean_cache' from command line to 'False'
[0.278s] Level 5:colcon.colcon_core.verb:set package 'my_py_pkg' build argument 'cmake_clean_first' from command line to 'False'
[0.278s] Level 5:colcon.colcon_core.verb:set package 'my_py_pkg' build argument 'cmake_force_configure' from command line to 'False'
[0.278s] Level 5:colcon.colcon_core.verb:set package 'my_py_pkg' build argument 'ament_cmake_args' from command line to 'None'
[0.278s] Level 5:colcon.colcon_core.verb:set package 'my_py_pkg' build argument 'catkin_cmake_args' from command line to 'None'
[0.278s] Level 5:colcon.colcon_core.verb:set package 'my_py_pkg' build argument 'catkin_skip_building_tests' from command line to 'False'
[0.278s] DEBUG:colcon.colcon_core.verb:Building package 'my_py_pkg' with the following arguments: {'ament_cmake_args': None, 'build_base': '/home/prateek/ros2_ws/build/my_py_pkg', 'catkin_cmake_args': None, 'catkin_skip_building_tests': False, 'cmake_args': None, 'cmake_clean_cache': False, 'cmake_clean_first': False, 'cmake_force_configure': False, 'cmake_target': None, 'cmake_target_skip_unavailable': False, 'install_base': '/home/prateek/ros2_ws/install/my_py_pkg', 'merge_install': False, 'path': '/home/prateek/ros2_ws/src/my_py_pkg', 'symlink_install': False, 'test_result_base': None}
[0.278s] Level 5:colcon.colcon_core.verb:set package 'my_robot_bringup' build argument 'cmake_args' from command line to 'None'
[0.278s] Level 5:colcon.colcon_core.verb:set package 'my_robot_bringup' build argument 'cmake_target' from command line to 'None'
[0.278s] Level 5:colcon.colcon_core.verb:set package 'my_robot_bringup' build argument 'cmake_target_skip_unavailable' from command line to 'False'
[0.278s] Level 5:colcon.colcon_core.verb:set package 'my_robot_bringup' build argument 'cmake_clean_cache' from command line to 'False'
[0.278s] Level 5:colcon.colcon_core.verb:set package 'my_robot_bringup' build argument 'cmake_clean_first' from command line to 'False'
[0.278s] Level 5:colcon.colcon_core.verb:set package 'my_robot_bringup' build argument 'cmake_force_configure' from command line to 'False'
[0.278s] Level 5:colcon.colcon_core.verb:set package 'my_robot_bringup' build argument 'ament_cmake_args' from command line to 'None'
[0.278s] Level 5:colcon.colcon_core.verb:set package 'my_robot_bringup' build argument 'catkin_cmake_args' from command line to 'None'
[0.278s] Level 5:colcon.colcon_core.verb:set package 'my_robot_bringup' build argument 'catkin_skip_building_tests' from command line to 'False'
[0.278s] DEBUG:colcon.colcon_core.verb:Building package 'my_robot_bringup' with the following arguments: {'ament_cmake_args': None, 'build_base': '/home/prateek/ros2_ws/build/my_robot_bringup', 'catkin_cmake_args': None, 'catkin_skip_building_tests': False, 'cmake_args': None, 'cmake_clean_cache': False, 'cmake_clean_first': False, 'cmake_force_configure': False, 'cmake_target': None, 'cmake_target_skip_unavailable': False, 'install_base': '/home/prateek/ros2_ws/install/my_robot_bringup', 'merge_install': False, 'path': '/home/prateek/ros2_ws/src/my_robot_bringup', 'symlink_install': False, 'test_result_base': None}
[0.278s] INFO:colcon.colcon_core.executor:Executing jobs using 'parallel' executor
[0.279s] DEBUG:colcon.colcon_parallel_executor.executor.parallel:run_until_complete
[0.279s] INFO:colcon.colcon_ros.task.ament_cmake.build:Building ROS package in '/home/prateek/ros2_ws/src/my_robot_interfaces' with build type 'ament_cmake'
[0.280s] INFO:colcon.colcon_cmake.task.cmake.build:Building CMake package in '/home/prateek/ros2_ws/src/my_robot_interfaces'
[0.281s] INFO:colcon.colcon_core.plugin_system:Skipping extension 'colcon_core.shell.bat': Not used on non-Windows systems
[0.281s] INFO:colcon.colcon_core.shell:Skip shell extension 'powershell' for command environment: Not usable outside of PowerShell
[0.281s] DEBUG:colcon.colcon_core.shell:Skip shell extension 'dsv' for command environment
[0.288s] DEBUG:colcon.colcon_core.event_handler.log_command:Invoking command in '/home/prateek/ros2_ws/build/my_robot_interfaces': /usr/bin/cmake --build /home/prateek/ros2_ws/build/my_robot_interfaces -- -j16 -l16
[0.542s] DEBUG:colcon.colcon_core.event_handler.log_command:Invoked command in '/home/prateek/ros2_ws/build/my_robot_interfaces' returned '0': /usr/bin/cmake --build /home/prateek/ros2_ws/build/my_robot_interfaces -- -j16 -l16
[0.594s] DEBUG:colcon.colcon_core.event_handler.log_command:Invoking command in '/home/prateek/ros2_ws/build/my_robot_interfaces': /usr/bin/cmake --install /home/prateek/ros2_ws/build/my_robot_interfaces
[1.068s] Level 1:colcon.colcon_core.environment:create_environment_scripts_only(my_robot_interfaces)
[1.068s] DEBUG:colcon.colcon_core.event_handler.log_command:Invoked command in '/home/prateek/ros2_ws/build/my_robot_interfaces' returned '0': /usr/bin/cmake --install /home/prateek/ros2_ws/build/my_robot_interfaces
[1.070s] Level 1:colcon.colcon_core.environment:checking '/home/prateek/ros2_ws/install/my_robot_interfaces' for CMake module files
[1.070s] Level 1:colcon.colcon_core.environment:checking '/home/prateek/ros2_ws/install/my_robot_interfaces' for CMake config files
[1.071s] Level 1:colcon.colcon_core.shell:create_environment_hook('my_robot_interfaces', 'cmake_prefix_path')
[1.071s] INFO:colcon.colcon_core.shell:Creating environment hook '/home/prateek/ros2_ws/install/my_robot_interfaces/share/my_robot_interfaces/hook/cmake_prefix_path.ps1'
[1.071s] INFO:colcon.colcon_core.shell:Creating environment descriptor '/home/prateek/ros2_ws/install/my_robot_interfaces/share/my_robot_interfaces/hook/cmake_prefix_path.dsv'
[1.071s] INFO:colcon.colcon_core.shell:Creating environment hook '/home/prateek/ros2_ws/install/my_robot_interfaces/share/my_robot_interfaces/hook/cmake_prefix_path.sh'
[1.072s] Level 1:colcon.colcon_core.environment:checking '/home/prateek/ros2_ws/install/my_robot_interfaces/lib'
[1.072s] Level 1:colcon.colcon_core.shell:create_environment_hook('my_robot_interfaces', 'ld_library_path_lib')
[1.072s] INFO:colcon.colcon_core.shell:Creating environment hook '/home/prateek/ros2_ws/install/my_robot_interfaces/share/my_robot_interfaces/hook/ld_library_path_lib.ps1'
[1.072s] INFO:colcon.colcon_core.shell:Creating environment descriptor '/home/prateek/ros2_ws/install/my_robot_interfaces/share/my_robot_interfaces/hook/ld_library_path_lib.dsv'
[1.073s] INFO:colcon.colcon_core.shell:Creating environment hook '/home/prateek/ros2_ws/install/my_robot_interfaces/share/my_robot_interfaces/hook/ld_library_path_lib.sh'
[1.073s] Level 1:colcon.colcon_core.environment:checking '/home/prateek/ros2_ws/install/my_robot_interfaces/bin'
[1.073s] Level 1:colcon.colcon_core.environment:checking '/home/prateek/ros2_ws/install/my_robot_interfaces/lib/pkgconfig/my_robot_interfaces.pc'
[1.073s] Level 1:colcon.colcon_core.environment:checking '/home/prateek/ros2_ws/install/my_robot_interfaces/lib/python3.10/site-packages'
[1.073s] Level 1:colcon.colcon_core.environment:checking '/home/prateek/ros2_ws/install/my_robot_interfaces/bin'
[1.073s] INFO:colcon.colcon_core.shell:Creating package script '/home/prateek/ros2_ws/install/my_robot_interfaces/share/my_robot_interfaces/package.ps1'
[1.074s] INFO:colcon.colcon_core.shell:Creating package descriptor '/home/prateek/ros2_ws/install/my_robot_interfaces/share/my_robot_interfaces/package.dsv'
[1.074s] INFO:colcon.colcon_core.shell:Creating package script '/home/prateek/ros2_ws/install/my_robot_interfaces/share/my_robot_interfaces/package.sh'
[1.075s] INFO:colcon.colcon_core.shell:Creating package script '/home/prateek/ros2_ws/install/my_robot_interfaces/share/my_robot_interfaces/package.bash'
[1.075s] INFO:colcon.colcon_core.shell:Creating package script '/home/prateek/ros2_ws/install/my_robot_interfaces/share/my_robot_interfaces/package.zsh'
[1.076s] Level 1:colcon.colcon_core.environment:create_file_with_runtime_dependencies(/home/prateek/ros2_ws/install/my_robot_interfaces/share/colcon-core/packages/my_robot_interfaces)
[1.122s] Level 1:colcon.colcon_core.environment:create_environment_scripts_only(my_robot_interfaces)
[1.122s] Level 1:colcon.colcon_core.environment:checking '/home/prateek/ros2_ws/install/my_robot_interfaces' for CMake module files
[1.123s] Level 1:colcon.colcon_core.environment:checking '/home/prateek/ros2_ws/install/my_robot_interfaces' for CMake config files
[1.123s] Level 1:colcon.colcon_core.shell:create_environment_hook('my_robot_interfaces', 'cmake_prefix_path')
[1.123s] INFO:colcon.colcon_core.shell:Creating environment hook '/home/prateek/ros2_ws/install/my_robot_interfaces/share/my_robot_interfaces/hook/cmake_prefix_path.ps1'
[1.124s] INFO:colcon.colcon_core.shell:Creating environment descriptor '/home/prateek/ros2_ws/install/my_robot_interfaces/share/my_robot_interfaces/hook/cmake_prefix_path.dsv'
[1.124s] INFO:colcon.colcon_core.shell:Creating environment hook '/home/prateek/ros2_ws/install/my_robot_interfaces/share/my_robot_interfaces/hook/cmake_prefix_path.sh'
[1.124s] Level 1:colcon.colcon_core.environment:checking '/home/prateek/ros2_ws/install/my_robot_interfaces/lib'
[1.124s] Level 1:colcon.colcon_core.shell:create_environment_hook('my_robot_interfaces', 'ld_library_path_lib')
[1.124s] INFO:colcon.colcon_core.shell:Creating environment hook '/home/prateek/ros2_ws/install/my_robot_interfaces/share/my_robot_interfaces/hook/ld_library_path_lib.ps1'
[1.125s] INFO:colcon.colcon_core.shell:Creating environment descriptor '/home/prateek/ros2_ws/install/my_robot_interfaces/share/my_robot_interfaces/hook/ld_library_path_lib.dsv'
[1.125s] INFO:colcon.colcon_core.shell:Creating environment hook '/home/prateek/ros2_ws/install/my_robot_interfaces/share/my_robot_interfaces/hook/ld_library_path_lib.sh'
[1.125s] Level 1:colcon.colcon_core.environment:checking '/home/prateek/ros2_ws/install/my_robot_interfaces/bin'
[1.125s] Level 1:colcon.colcon_core.environment:checking '/home/prateek/ros2_ws/install/my_robot_interfaces/lib/pkgconfig/my_robot_interfaces.pc'
[1.125s] Level 1:colcon.colcon_core.environment:checking '/home/prateek/ros2_ws/install/my_robot_interfaces/lib/python3.10/site-packages'
[1.125s] Level 1:colcon.colcon_core.environment:checking '/home/prateek/ros2_ws/install/my_robot_interfaces/bin'
[1.126s] INFO:colcon.colcon_core.shell:Creating package script '/home/prateek/ros2_ws/install/my_robot_interfaces/share/my_robot_interfaces/package.ps1'
[1.126s] INFO:colcon.colcon_core.shell:Creating package descriptor '/home/prateek/ros2_ws/install/my_robot_interfaces/share/my_robot_interfaces/package.dsv'
[1.126s] INFO:colcon.colcon_core.shell:Creating package script '/home/prateek/ros2_ws/install/my_robot_interfaces/share/my_robot_interfaces/package.sh'
[1.127s] INFO:colcon.colcon_core.shell:Creating package script '/home/prateek/ros2_ws/install/my_robot_interfaces/share/my_robot_interfaces/package.bash'
[1.127s] INFO:colcon.colcon_core.shell:Creating package script '/home/prateek/ros2_ws/install/my_robot_interfaces/share/my_robot_interfaces/package.zsh'
[1.127s] Level 1:colcon.colcon_core.environment:create_file_with_runtime_dependencies(/home/prateek/ros2_ws/install/my_robot_interfaces/share/colcon-core/packages/my_robot_interfaces)
[1.127s] INFO:colcon.colcon_ros.task.ament_cmake.build:Building ROS package in '/home/prateek/ros2_ws/src/my_cpp_pkg' with build type 'ament_cmake'
[1.127s] INFO:colcon.colcon_cmake.task.cmake.build:Building CMake package in '/home/prateek/ros2_ws/src/my_cpp_pkg'
[1.127s] INFO:colcon.colcon_core.shell:Skip shell extension 'powershell' for command environment: Not usable outside of PowerShell
[1.127s] DEBUG:colcon.colcon_core.shell:Skip shell extension 'dsv' for command environment
[1.130s] INFO:colcon.colcon_ros.task.ament_python.build:Building ROS package in '/home/prateek/ros2_ws/src/my_py_pkg' with build type 'ament_python'
[1.130s] Level 1:colcon.colcon_core.shell:create_environment_hook('my_py_pkg', 'ament_prefix_path')
[1.131s] INFO:colcon.colcon_core.shell:Creating environment hook '/home/prateek/ros2_ws/install/my_py_pkg/share/my_py_pkg/hook/ament_prefix_path.ps1'
[1.131s] INFO:colcon.colcon_core.shell:Creating environment descriptor '/home/prateek/ros2_ws/install/my_py_pkg/share/my_py_pkg/hook/ament_prefix_path.dsv'
[1.131s] INFO:colcon.colcon_core.shell:Creating environment hook '/home/prateek/ros2_ws/install/my_py_pkg/share/my_py_pkg/hook/ament_prefix_path.sh'
[1.131s] INFO:colcon.colcon_core.shell:Skip shell extension 'powershell' for command environment: Not usable outside of PowerShell
[1.131s] DEBUG:colcon.colcon_core.shell:Skip shell extension 'dsv' for command environment
[1.137s] DEBUG:colcon.colcon_core.event_handler.log_command:Invoking command in '/home/prateek/ros2_ws/build/my_cpp_pkg': CMAKE_PREFIX_PATH=/home/prateek/ros2_ws/install/my_robot_interfaces:/home/prateek/ros2_ws/install/my_robot_bringup:/home/prateek/ros2_ws/install/my_cpp_pkg:/home/prateek/ros2_ws/install:/home/prateek/ros2_ws/src/install/my_py_pkg:/home/prateek/ros2_ws/src/install/my_robot_interfaces:/home/prateek/ros2_ws/install/my_py_pkg:/opt/ros/humble:/home/prateek/ros2_ws/src/install/:/home/prateek/ros2_ws/src/install/my_robot_interfaces :/home/prateek/ros2_ws/install/my_py_pkg:/home/prateek/ros2_ws/src/install/my_robot_interfaces:/home/prateek/ros2_ws/src/install/my_robot_interfaces
: LD_LIBRARY_PATH=/home/prateek/ros2_ws/install/my_robot_interfaces/lib:/usr/local/lib/z3-z3-4.7.1/build:/usr/local/lib/z3-z3-4.7.1/build:/usr/local/lib/z3-z3-4.7.1/build:/usr/local/lib/z3-z3-4.7.1/build:/usr/local/lib/z3-z3-4.7.1/build:/home/prateek/ros2_ws/src/install/my_robot_interfaces/lib:/usr/local/lib/z3-z3-4.7.1/build:/usr/local/lib/z3-z3-4.7.1/build:/opt/ros/humble/opt/rviz_ogre_vendor/lib:/opt/ros/humble/lib/x86_64-linux-gnu:/opt/ros/humble/lib:/usr/local/lib/z3-z3-4.7.1/build:/usr/local/lib/z3-z3-4.7.1/build /usr/bin/cmake --build /home/prateek/ros2_ws/build/my_cpp_pkg -- -j16 -l16
[1.335s] INFO:colcon.colcon_core.task.python.build:Building Python package in '/home/prateek/ros2_ws/src/my_py_pkg'
[1.336s] INFO:colcon.colcon_core.shell:Skip shell extension 'powershell' for command environment: Not usable outside of PowerShell
[1.336s] DEBUG:colcon.colcon_core.shell:Skip shell extension 'dsv' for command environment
[1.339s] DEBUG:colcon.colcon_core.event_handler.log_command:Invoked command in '/home/prateek/ros2_ws/build/my_cpp_pkg' returned '0': CMAKE_PREFIX_PATH=/home/prateek/ros2_ws/install/my_robot_interfaces:/home/prateek/ros2_ws/install/my_robot_bringup:/home/prateek/ros2_ws/install/my_cpp_pkg:/home/prateek/ros2_ws/install:/home/prateek/ros2_ws/src/install/my_py_pkg:/home/prateek/ros2_ws/src/install/my_robot_interfaces:/home/prateek/ros2_ws/install/my_py_pkg:/opt/ros/humble:/home/prateek/ros2_ws/src/install/:/home/prateek/ros2_ws/src/install/my_robot_interfaces :/home/prateek/ros2_ws/install/my_py_pkg:/home/prateek/ros2_ws/src/install/my_robot_interfaces:/home/prateek/ros2_ws/src/install/my_robot_interfaces
: LD_LIBRARY_PATH=/home/prateek/ros2_ws/install/my_robot_interfaces/lib:/usr/local/lib/z3-z3-4.7.1/build:/usr/local/lib/z3-z3-4.7.1/build:/usr/local/lib/z3-z3-4.7.1/build:/usr/local/lib/z3-z3-4.7.1/build:/usr/local/lib/z3-z3-4.7.1/build:/home/prateek/ros2_ws/src/install/my_robot_interfaces/lib:/usr/local/lib/z3-z3-4.7.1/build:/usr/local/lib/z3-z3-4.7.1/build:/opt/ros/humble/opt/rviz_ogre_vendor/lib:/opt/ros/humble/lib/x86_64-linux-gnu:/opt/ros/humble/lib:/usr/local/lib/z3-z3-4.7.1/build:/usr/local/lib/z3-z3-4.7.1/build /usr/bin/cmake --build /home/prateek/ros2_ws/build/my_cpp_pkg -- -j16 -l16
[1.369s] DEBUG:colcon.colcon_core.event_handler.log_command:Invoking command in '/home/prateek/ros2_ws/build/my_cpp_pkg': CMAKE_PREFIX_PATH=/home/prateek/ros2_ws/install/my_robot_interfaces:/home/prateek/ros2_ws/install/my_robot_bringup:/home/prateek/ros2_ws/install/my_cpp_pkg:/home/prateek/ros2_ws/install:/home/prateek/ros2_ws/src/install/my_py_pkg:/home/prateek/ros2_ws/src/install/my_robot_interfaces:/home/prateek/ros2_ws/install/my_py_pkg:/opt/ros/humble:/home/prateek/ros2_ws/src/install/:/home/prateek/ros2_ws/src/install/my_robot_interfaces :/home/prateek/ros2_ws/install/my_py_pkg:/home/prateek/ros2_ws/src/install/my_robot_interfaces:/home/prateek/ros2_ws/src/install/my_robot_interfaces
: LD_LIBRARY_PATH=/home/prateek/ros2_ws/install/my_robot_interfaces/lib:/usr/local/lib/z3-z3-4.7.1/build:/usr/local/lib/z3-z3-4.7.1/build:/usr/local/lib/z3-z3-4.7.1/build:/usr/local/lib/z3-z3-4.7.1/build:/usr/local/lib/z3-z3-4.7.1/build:/home/prateek/ros2_ws/src/install/my_robot_interfaces/lib:/usr/local/lib/z3-z3-4.7.1/build:/usr/local/lib/z3-z3-4.7.1/build:/opt/ros/humble/opt/rviz_ogre_vendor/lib:/opt/ros/humble/lib/x86_64-linux-gnu:/opt/ros/humble/lib:/usr/local/lib/z3-z3-4.7.1/build:/usr/local/lib/z3-z3-4.7.1/build /usr/bin/cmake --install /home/prateek/ros2_ws/build/my_cpp_pkg
[1.385s] Level 1:colcon.colcon_core.environment:create_environment_scripts_only(my_cpp_pkg)
[1.385s] Level 1:colcon.colcon_core.environment:checking '/home/prateek/ros2_ws/install/my_cpp_pkg' for CMake module files
[1.385s] DEBUG:colcon.colcon_core.event_handler.log_command:Invoked command in '/home/prateek/ros2_ws/build/my_cpp_pkg' returned '0': CMAKE_PREFIX_PATH=/home/prateek/ros2_ws/install/my_robot_interfaces:/home/prateek/ros2_ws/install/my_robot_bringup:/home/prateek/ros2_ws/install/my_cpp_pkg:/home/prateek/ros2_ws/install:/home/prateek/ros2_ws/src/install/my_py_pkg:/home/prateek/ros2_ws/src/install/my_robot_interfaces:/home/prateek/ros2_ws/install/my_py_pkg:/opt/ros/humble:/home/prateek/ros2_ws/src/install/:/home/prateek/ros2_ws/src/install/my_robot_interfaces :/home/prateek/ros2_ws/install/my_py_pkg:/home/prateek/ros2_ws/src/install/my_robot_interfaces:/home/prateek/ros2_ws/src/install/my_robot_interfaces
: LD_LIBRARY_PATH=/home/prateek/ros2_ws/install/my_robot_interfaces/lib:/usr/local/lib/z3-z3-4.7.1/build:/usr/local/lib/z3-z3-4.7.1/build:/usr/local/lib/z3-z3-4.7.1/build:/usr/local/lib/z3-z3-4.7.1/build:/usr/local/lib/z3-z3-4.7.1/build:/home/prateek/ros2_ws/src/install/my_robot_interfaces/lib:/usr/local/lib/z3-z3-4.7.1/build:/usr/local/lib/z3-z3-4.7.1/build:/opt/ros/humble/opt/rviz_ogre_vendor/lib:/opt/ros/humble/lib/x86_64-linux-gnu:/opt/ros/humble/lib:/usr/local/lib/z3-z3-4.7.1/build:/usr/local/lib/z3-z3-4.7.1/build /usr/bin/cmake --install /home/prateek/ros2_ws/build/my_cpp_pkg
[1.386s] Level 1:colcon.colcon_core.environment:checking '/home/prateek/ros2_ws/install/my_cpp_pkg' for CMake config files
[1.386s] Level 1:colcon.colcon_core.shell:create_environment_hook('my_cpp_pkg', 'cmake_prefix_path')
[1.386s] INFO:colcon.colcon_core.shell:Creating environment hook '/home/prateek/ros2_ws/install/my_cpp_pkg/share/my_cpp_pkg/hook/cmake_prefix_path.ps1'
[1.386s] INFO:colcon.colcon_core.shell:Creating environment descriptor '/home/prateek/ros2_ws/install/my_cpp_pkg/share/my_cpp_pkg/hook/cmake_prefix_path.dsv'
[1.386s] INFO:colcon.colcon_core.shell:Creating environment hook '/home/prateek/ros2_ws/install/my_cpp_pkg/share/my_cpp_pkg/hook/cmake_prefix_path.sh'
[1.387s] Level 1:colcon.colcon_core.environment:checking '/home/prateek/ros2_ws/install/my_cpp_pkg/lib'
[1.387s] Level 1:colcon.colcon_core.environment:checking '/home/prateek/ros2_ws/install/my_cpp_pkg/bin'
[1.387s] Level 1:colcon.colcon_core.environment:checking '/home/prateek/ros2_ws/install/my_cpp_pkg/lib/pkgconfig/my_cpp_pkg.pc'
[1.387s] Level 1:colcon.colcon_core.environment:checking '/home/prateek/ros2_ws/install/my_cpp_pkg/lib/python3.10/site-packages'
[1.387s] Level 1:colcon.colcon_core.environment:checking '/home/prateek/ros2_ws/install/my_cpp_pkg/bin'
[1.387s] INFO:colcon.colcon_core.shell:Creating package script '/home/prateek/ros2_ws/install/my_cpp_pkg/share/my_cpp_pkg/package.ps1'
[1.388s] INFO:colcon.colcon_core.shell:Creating package descriptor '/home/prateek/ros2_ws/install/my_cpp_pkg/share/my_cpp_pkg/package.dsv'
[1.388s] INFO:colcon.colcon_core.shell:Creating package script '/home/prateek/ros2_ws/install/my_cpp_pkg/share/my_cpp_pkg/package.sh'
[1.388s] INFO:colcon.colcon_core.shell:Creating package script '/home/prateek/ros2_ws/install/my_cpp_pkg/share/my_cpp_pkg/package.bash'
[1.388s] INFO:colcon.colcon_core.shell:Creating package script '/home/prateek/ros2_ws/install/my_cpp_pkg/share/my_cpp_pkg/package.zsh'
[1.388s] Level 1:colcon.colcon_core.environment:create_file_with_runtime_dependencies(/home/prateek/ros2_ws/install/my_cpp_pkg/share/colcon-core/packages/my_cpp_pkg)
[1.418s] Level 1:colcon.colcon_core.environment:create_environment_scripts_only(my_cpp_pkg)
[1.418s] Level 1:colcon.colcon_core.environment:checking '/home/prateek/ros2_ws/install/my_cpp_pkg' for CMake module files
[1.419s] Level 1:colcon.colcon_core.environment:checking '/home/prateek/ros2_ws/install/my_cpp_pkg' for CMake config files
[1.419s] Level 1:colcon.colcon_core.shell:create_environment_hook('my_cpp_pkg', 'cmake_prefix_path')
[1.419s] INFO:colcon.colcon_core.shell:Creating environment hook '/home/prateek/ros2_ws/install/my_cpp_pkg/share/my_cpp_pkg/hook/cmake_prefix_path.ps1'
[1.419s] INFO:colcon.colcon_core.shell:Creating environment descriptor '/home/prateek/ros2_ws/install/my_cpp_pkg/share/my_cpp_pkg/hook/cmake_prefix_path.dsv'
[1.419s] INFO:colcon.colcon_core.shell:Creating environment hook '/home/prateek/ros2_ws/install/my_cpp_pkg/share/my_cpp_pkg/hook/cmake_prefix_path.sh'
[1.420s] Level 1:colcon.colcon_core.environment:checking '/home/prateek/ros2_ws/install/my_cpp_pkg/lib'
[1.420s] Level 1:colcon.colcon_core.environment:checking '/home/prateek/ros2_ws/install/my_cpp_pkg/bin'
[1.420s] Level 1:colcon.colcon_core.environment:checking '/home/prateek/ros2_ws/install/my_cpp_pkg/lib/pkgconfig/my_cpp_pkg.pc'
[1.420s] Level 1:colcon.colcon_core.environment:checking '/home/prateek/ros2_ws/install/my_cpp_pkg/lib/python3.10/site-packages'
[1.420s] Level 1:colcon.colcon_core.environment:checking '/home/prateek/ros2_ws/install/my_cpp_pkg/bin'
[1.420s] INFO:colcon.colcon_core.shell:Creating package script '/home/prateek/ros2_ws/install/my_cpp_pkg/share/my_cpp_pkg/package.ps1'
[1.421s] INFO:colcon.colcon_core.shell:Creating package descriptor '/home/prateek/ros2_ws/install/my_cpp_pkg/share/my_cpp_pkg/package.dsv'
[1.421s] INFO:colcon.colcon_core.shell:Creating package script '/home/prateek/ros2_ws/install/my_cpp_pkg/share/my_cpp_pkg/package.sh'
[1.421s] INFO:colcon.colcon_core.shell:Creating package script '/home/prateek/ros2_ws/install/my_cpp_pkg/share/my_cpp_pkg/package.bash'
[1.422s] INFO:colcon.colcon_core.shell:Creating package script '/home/prateek/ros2_ws/install/my_cpp_pkg/share/my_cpp_pkg/package.zsh'
[1.422s] Level 1:colcon.colcon_core.environment:create_file_with_runtime_dependencies(/home/prateek/ros2_ws/install/my_cpp_pkg/share/colcon-core/packages/my_cpp_pkg)
[1.626s] DEBUG:colcon.colcon_core.event_handler.log_command:Invoking command in '/home/prateek/ros2_ws/src/my_py_pkg': CMAKE_PREFIX_PATH=/home/prateek/ros2_ws/install/my_robot_interfaces:/home/prateek/ros2_ws/install/my_robot_bringup:/home/prateek/ros2_ws/install/my_cpp_pkg:/home/prateek/ros2_ws/install:/home/prateek/ros2_ws/src/install/my_py_pkg:/home/prateek/ros2_ws/src/install/my_robot_interfaces:/home/prateek/ros2_ws/install/my_py_pkg:/opt/ros/humble:/home/prateek/ros2_ws/src/install/:/home/prateek/ros2_ws/src/install/my_robot_interfaces :/home/prateek/ros2_ws/install/my_py_pkg:/home/prateek/ros2_ws/src/install/my_robot_interfaces LD_LIBRARY_PATH=/home/prateek/ros2_ws/install/my_robot_interfaces/lib:/usr/local/lib/z3-z3-4.7.1/build:/usr/local/lib/z3-z3-4.7.1/build:/usr/local/lib/z3-z3-4.7.1/build:/usr/local/lib/z3-z3-4.7.1/build:/usr/local/lib/z3-z3-4.7.1/build:/home/prateek/ros2_ws/src/install/my_robot_interfaces/lib:/usr/local/lib/z3-z3-4.7.1/build:/usr/local/lib/z3-z3-4.7.1/build:/opt/ros/humble/opt/rviz_ogre_vendor/lib:/opt/ros/humble/lib/x86_64-linux-gnu:/opt/ros/humble/lib:/usr/local/lib/z3-z3-4.7.1/build:/usr/local/lib/z3-z3-4.7.1/build PYTHONPATH=/home/prateek/ros2_ws/build/my_py_pkg/prefix_override:/home/prateek/ros2_ws/install/my_py_pkg/lib/python3.10/site-packages:${PYTHONPATH} /usr/bin/python3 -W ignore:setup.py install is deprecated setup.py egg_info --egg-base ../../build/my_py_pkg build --build-base /home/prateek/ros2_ws/build/my_py_pkg/build install --record /home/prateek/ros2_ws/build/my_py_pkg/install.log --single-version-externally-managed install_data
[1.840s] Level 1:colcon.colcon_core.environment:checking '/home/prateek/ros2_ws/install/my_py_pkg' for CMake module files
[1.841s] DEBUG:colcon.colcon_core.event_handler.log_command:Invoked command in '/home/prateek/ros2_ws/src/my_py_pkg' returned '0': CMAKE_PREFIX_PATH=/home/prateek/ros2_ws/install/my_robot_interfaces:/home/prateek/ros2_ws/install/my_robot_bringup:/home/prateek/ros2_ws/install/my_cpp_pkg:/home/prateek/ros2_ws/install:/home/prateek/ros2_ws/src/install/my_py_pkg:/home/prateek/ros2_ws/src/install/my_robot_interfaces:/home/prateek/ros2_ws/install/my_py_pkg:/opt/ros/humble:/home/prateek/ros2_ws/src/install/:/home/prateek/ros2_ws/src/install/my_robot_interfaces :/home/prateek/ros2_ws/install/my_py_pkg:/home/prateek/ros2_ws/src/install/my_robot_interfaces LD_LIBRARY_PATH=/home/prateek/ros2_ws/install/my_robot_interfaces/lib:/usr/local/lib/z3-z3-4.7.1/build:/usr/local/lib/z3-z3-4.7.1/build:/usr/local/lib/z3-z3-4.7.1/build:/usr/local/lib/z3-z3-4.7.1/build:/usr/local/lib/z3-z3-4.7.1/build:/home/prateek/ros2_ws/src/install/my_robot_interfaces/lib:/usr/local/lib/z3-z3-4.7.1/build:/usr/local/lib/z3-z3-4.7.1/build:/opt/ros/humble/opt/rviz_ogre_vendor/lib:/opt/ros/humble/lib/x86_64-linux-gnu:/opt/ros/humble/lib:/usr/local/lib/z3-z3-4.7.1/build:/usr/local/lib/z3-z3-4.7.1/build PYTHONPATH=/home/prateek/ros2_ws/build/my_py_pkg/prefix_override:/home/prateek/ros2_ws/install/my_py_pkg/lib/python3.10/site-packages:${PYTHONPATH} /usr/bin/python3 -W ignore:setup.py install is deprecated setup.py egg_info --egg-base ../../build/my_py_pkg build --build-base /home/prateek/ros2_ws/build/my_py_pkg/build install --record /home/prateek/ros2_ws/build/my_py_pkg/install.log --single-version-externally-managed install_data
[1.841s] Level 1:colcon.colcon_core.environment:checking '/home/prateek/ros2_ws/install/my_py_pkg' for CMake config files
[1.841s] Level 1:colcon.colcon_core.environment:checking '/home/prateek/ros2_ws/install/my_py_pkg/lib'
[1.841s] Level 1:colcon.colcon_core.environment:checking '/home/prateek/ros2_ws/install/my_py_pkg/bin'
[1.842s] Level 1:colcon.colcon_core.environment:checking '/home/prateek/ros2_ws/install/my_py_pkg/lib/pkgconfig/my_py_pkg.pc'
[1.842s] Level 1:colcon.colcon_core.environment:checking '/home/prateek/ros2_ws/install/my_py_pkg/lib/python3.10/site-packages'
[1.842s] Level 1:colcon.colcon_core.shell:create_environment_hook('my_py_pkg', 'pythonpath')
[1.842s] INFO:colcon.colcon_core.shell:Creating environment hook '/home/prateek/ros2_ws/install/my_py_pkg/share/my_py_pkg/hook/pythonpath.ps1'
[1.842s] INFO:colcon.colcon_core.shell:Creating environment descriptor '/home/prateek/ros2_ws/install/my_py_pkg/share/my_py_pkg/hook/pythonpath.dsv'
[1.842s] INFO:colcon.colcon_core.shell:Creating environment hook '/home/prateek/ros2_ws/install/my_py_pkg/share/my_py_pkg/hook/pythonpath.sh'
[1.843s] Level 1:colcon.colcon_core.environment:checking '/home/prateek/ros2_ws/install/my_py_pkg/bin'
[1.843s] Level 1:colcon.colcon_core.environment:create_environment_scripts_only(my_py_pkg)
[1.843s] INFO:colcon.colcon_core.shell:Creating package script '/home/prateek/ros2_ws/install/my_py_pkg/share/my_py_pkg/package.ps1'
[1.843s] INFO:colcon.colcon_core.shell:Creating package descriptor '/home/prateek/ros2_ws/install/my_py_pkg/share/my_py_pkg/package.dsv'
[1.843s] INFO:colcon.colcon_core.shell:Creating package script '/home/prateek/ros2_ws/install/my_py_pkg/share/my_py_pkg/package.sh'
[1.844s] INFO:colcon.colcon_core.shell:Creating package script '/home/prateek/ros2_ws/install/my_py_pkg/share/my_py_pkg/package.bash'
[1.844s] INFO:colcon.colcon_core.shell:Creating package script '/home/prateek/ros2_ws/install/my_py_pkg/share/my_py_pkg/package.zsh'
[1.844s] Level 1:colcon.colcon_core.environment:create_file_with_runtime_dependencies(/home/prateek/ros2_ws/install/my_py_pkg/share/colcon-core/packages/my_py_pkg)
[1.844s] INFO:colcon.colcon_ros.task.ament_cmake.build:Building ROS package in '/home/prateek/ros2_ws/src/my_robot_bringup' with build type 'ament_cmake'
[1.844s] INFO:colcon.colcon_cmake.task.cmake.build:Building CMake package in '/home/prateek/ros2_ws/src/my_robot_bringup'
[1.845s] INFO:colcon.colcon_core.shell:Skip shell extension 'powershell' for command environment: Not usable outside of PowerShell
[1.845s] DEBUG:colcon.colcon_core.shell:Skip shell extension 'dsv' for command environment
[1.853s] DEBUG:colcon.colcon_core.event_handler.log_command:Invoking command in '/home/prateek/ros2_ws/build/my_robot_bringup': AMENT_PREFIX_PATH=/home/prateek/ros2_ws/install/my_py_pkg:/home/prateek/ros2_ws/install/my_robot_bringup:/home/prateek/ros2_ws/install/my_cpp_pkg:/home/prateek/ros2_ws/install/my_robot_interfaces:/home/prateek/ros2_ws/install:/home/prateek/ros2_ws/src/install/my_py_pkg:/home/prateek/ros2_ws/src/install/my_robot_interfaces:/opt/ros/humble:/home/prateek/ros2_ws/src/install/:/home/prateek/ros2_ws/src/install/my_robot_interfaces :/home/prateek/ros2_ws/install/my_robot_interfaces CMAKE_PREFIX_PATH=/home/prateek/ros2_ws/install/my_cpp_pkg:/home/prateek/ros2_ws/install/my_robot_interfaces:/home/prateek/ros2_ws/install/my_robot_bringup:/home/prateek/ros2_ws/install:/home/prateek/ros2_ws/src/install/my_py_pkg:/home/prateek/ros2_ws/src/install/my_robot_interfaces:/home/prateek/ros2_ws/install/my_py_pkg:/opt/ros/humble:/home/prateek/ros2_ws/src/install/:/home/prateek/ros2_ws/src/install/my_robot_interfaces :/home/prateek/ros2_ws/install/my_py_pkg:/home/prateek/ros2_ws/src/install/my_robot_interfaces:/home/prateek/ros2_ws/src/install/my_robot_interfaces
: LD_LIBRARY_PATH=/home/prateek/ros2_ws/install/my_robot_interfaces/lib:/usr/local/lib/z3-z3-4.7.1/build:/usr/local/lib/z3-z3-4.7.1/build:/usr/local/lib/z3-z3-4.7.1/build:/usr/local/lib/z3-z3-4.7.1/build:/usr/local/lib/z3-z3-4.7.1/build:/home/prateek/ros2_ws/src/install/my_robot_interfaces/lib:/usr/local/lib/z3-z3-4.7.1/build:/usr/local/lib/z3-z3-4.7.1/build:/opt/ros/humble/opt/rviz_ogre_vendor/lib:/opt/ros/humble/lib/x86_64-linux-gnu:/opt/ros/humble/lib:/usr/local/lib/z3-z3-4.7.1/build:/usr/local/lib/z3-z3-4.7.1/build PYTHONPATH=/home/prateek/ros2_ws/install/my_py_pkg/lib/python3.10/site-packages:/home/prateek/ros2_ws/install/my_robot_interfaces/local/lib/python3.10/dist-packages:/home/prateek/ros2_ws/src/install/my_py_pkg/lib/python3.10/site-packages:/home/prateek/ros2_ws/src/install/my_robot_interfaces/local/lib/python3.10/dist-packages:/opt/ros/humble/lib/python3.10/site-packages:/opt/ros/humble/local/lib/python3.10/dist-packages /usr/bin/cmake --build /home/prateek/ros2_ws/build/my_robot_bringup -- -j16 -l16
[1.877s] DEBUG:colcon.colcon_core.event_handler.log_command:Invoked command in '/home/prateek/ros2_ws/build/my_robot_bringup' returned '0': AMENT_PREFIX_PATH=/home/prateek/ros2_ws/install/my_py_pkg:/home/prateek/ros2_ws/install/my_robot_bringup:/home/prateek/ros2_ws/install/my_cpp_pkg:/home/prateek/ros2_ws/install/my_robot_interfaces:/home/prateek/ros2_ws/install:/home/prateek/ros2_ws/src/install/my_py_pkg:/home/prateek/ros2_ws/src/install/my_robot_interfaces:/opt/ros/humble:/home/prateek/ros2_ws/src/install/:/home/prateek/ros2_ws/src/install/my_robot_interfaces :/home/prateek/ros2_ws/install/my_robot_interfaces CMAKE_PREFIX_PATH=/home/prateek/ros2_ws/install/my_cpp_pkg:/home/prateek/ros2_ws/install/my_robot_interfaces:/home/prateek/ros2_ws/install/my_robot_bringup:/home/prateek/ros2_ws/install:/home/prateek/ros2_ws/src/install/my_py_pkg:/home/prateek/ros2_ws/src/install/my_robot_interfaces:/home/prateek/ros2_ws/install/my_py_pkg:/opt/ros/humble:/home/prateek/ros2_ws/src/install/:/home/prateek/ros2_ws/src/install/my_robot_interfaces :/home/prateek/ros2_ws/install/my_py_pkg:/home/prateek/ros2_ws/src/install/my_robot_interfaces:/home/prateek/ros2_ws/src/install/my_robot_interfaces
: LD_LIBRARY_PATH=/home/prateek/ros2_ws/install/my_robot_interfaces/lib:/usr/local/lib/z3-z3-4.7.1/build:/usr/local/lib/z3-z3-4.7.1/build:/usr/local/lib/z3-z3-4.7.1/build:/usr/local/lib/z3-z3-4.7.1/build:/usr/local/lib/z3-z3-4.7.1/build:/home/prateek/ros2_ws/src/install/my_robot_interfaces/lib:/usr/local/lib/z3-z3-4.7.1/build:/usr/local/lib/z3-z3-4.7.1/build:/opt/ros/humble/opt/rviz_ogre_vendor/lib:/opt/ros/humble/lib/x86_64-linux-gnu:/opt/ros/humble/lib:/usr/local/lib/z3-z3-4.7.1/build:/usr/local/lib/z3-z3-4.7.1/build PYTHONPATH=/home/prateek/ros2_ws/install/my_py_pkg/lib/python3.10/site-packages:/home/prateek/ros2_ws/install/my_robot_interfaces/local/lib/python3.10/dist-packages:/home/prateek/ros2_ws/src/install/my_py_pkg/lib/python3.10/site-packages:/home/prateek/ros2_ws/src/install/my_robot_interfaces/local/lib/python3.10/dist-packages:/opt/ros/humble/lib/python3.10/site-packages:/opt/ros/humble/local/lib/python3.10/dist-packages /usr/bin/cmake --build /home/prateek/ros2_ws/build/my_robot_bringup -- -j16 -l16
[1.891s] DEBUG:colcon.colcon_core.event_handler.log_command:Invoking command in '/home/prateek/ros2_ws/build/my_robot_bringup': AMENT_PREFIX_PATH=/home/prateek/ros2_ws/install/my_py_pkg:/home/prateek/ros2_ws/install/my_robot_bringup:/home/prateek/ros2_ws/install/my_cpp_pkg:/home/prateek/ros2_ws/install/my_robot_interfaces:/home/prateek/ros2_ws/install:/home/prateek/ros2_ws/src/install/my_py_pkg:/home/prateek/ros2_ws/src/install/my_robot_interfaces:/opt/ros/humble:/home/prateek/ros2_ws/src/install/:/home/prateek/ros2_ws/src/install/my_robot_interfaces :/home/prateek/ros2_ws/install/my_robot_interfaces CMAKE_PREFIX_PATH=/home/prateek/ros2_ws/install/my_cpp_pkg:/home/prateek/ros2_ws/install/my_robot_interfaces:/home/prateek/ros2_ws/install/my_robot_bringup:/home/prateek/ros2_ws/install:/home/prateek/ros2_ws/src/install/my_py_pkg:/home/prateek/ros2_ws/src/install/my_robot_interfaces:/home/prateek/ros2_ws/install/my_py_pkg:/opt/ros/humble:/home/prateek/ros2_ws/src/install/:/home/prateek/ros2_ws/src/install/my_robot_interfaces :/home/prateek/ros2_ws/install/my_py_pkg:/home/prateek/ros2_ws/src/install/my_robot_interfaces:/home/prateek/ros2_ws/src/install/my_robot_interfaces
: LD_LIBRARY_PATH=/home/prateek/ros2_ws/install/my_robot_interfaces/lib:/usr/local/lib/z3-z3-4.7.1/build:/usr/local/lib/z3-z3-4.7.1/build:/usr/local/lib/z3-z3-4.7.1/build:/usr/local/lib/z3-z3-4.7.1/build:/usr/local/lib/z3-z3-4.7.1/build:/home/prateek/ros2_ws/src/install/my_robot_interfaces/lib:/usr/local/lib/z3-z3-4.7.1/build:/usr/local/lib/z3-z3-4.7.1/build:/opt/ros/humble/opt/rviz_ogre_vendor/lib:/opt/ros/humble/lib/x86_64-linux-gnu:/opt/ros/humble/lib:/usr/local/lib/z3-z3-4.7.1/build:/usr/local/lib/z3-z3-4.7.1/build PYTHONPATH=/home/prateek/ros2_ws/install/my_py_pkg/lib/python3.10/site-packages:/home/prateek/ros2_ws/install/my_robot_interfaces/local/lib/python3.10/dist-packages:/home/prateek/ros2_ws/src/install/my_py_pkg/lib/python3.10/site-packages:/home/prateek/ros2_ws/src/install/my_robot_interfaces/local/lib/python3.10/dist-packages:/opt/ros/humble/lib/python3.10/site-packages:/opt/ros/humble/local/lib/python3.10/dist-packages /usr/bin/cmake --install /home/prateek/ros2_ws/build/my_robot_bringup
[1.898s] Level 1:colcon.colcon_core.environment:create_environment_scripts_only(my_robot_bringup)
[1.898s] DEBUG:colcon.colcon_core.event_handler.log_command:Invoked command in '/home/prateek/ros2_ws/build/my_robot_bringup' returned '0': AMENT_PREFIX_PATH=/home/prateek/ros2_ws/install/my_py_pkg:/home/prateek/ros2_ws/install/my_robot_bringup:/home/prateek/ros2_ws/install/my_cpp_pkg:/home/prateek/ros2_ws/install/my_robot_interfaces:/home/prateek/ros2_ws/install:/home/prateek/ros2_ws/src/install/my_py_pkg:/home/prateek/ros2_ws/src/install/my_robot_interfaces:/opt/ros/humble:/home/prateek/ros2_ws/src/install/:/home/prateek/ros2_ws/src/install/my_robot_interfaces :/home/prateek/ros2_ws/install/my_robot_interfaces CMAKE_PREFIX_PATH=/home/prateek/ros2_ws/install/my_cpp_pkg:/home/prateek/ros2_ws/install/my_robot_interfaces:/home/prateek/ros2_ws/install/my_robot_bringup:/home/prateek/ros2_ws/install:/home/prateek/ros2_ws/src/install/my_py_pkg:/home/prateek/ros2_ws/src/install/my_robot_interfaces:/home/prateek/ros2_ws/install/my_py_pkg:/opt/ros/humble:/home/prateek/ros2_ws/src/install/:/home/prateek/ros2_ws/src/install/my_robot_interfaces :/home/prateek/ros2_ws/install/my_py_pkg:/home/prateek/ros2_ws/src/install/my_robot_interfaces:/home/prateek/ros2_ws/src/install/my_robot_interfaces
: LD_LIBRARY_PATH=/home/prateek/ros2_ws/install/my_robot_interfaces/lib:/usr/local/lib/z3-z3-4.7.1/build:/usr/local/lib/z3-z3-4.7.1/build:/usr/local/lib/z3-z3-4.7.1/build:/usr/local/lib/z3-z3-4.7.1/build:/usr/local/lib/z3-z3-4.7.1/build:/home/prateek/ros2_ws/src/install/my_robot_interfaces/lib:/usr/local/lib/z3-z3-4.7.1/build:/usr/local/lib/z3-z3-4.7.1/build:/opt/ros/humble/opt/rviz_ogre_vendor/lib:/opt/ros/humble/lib/x86_64-linux-gnu:/opt/ros/humble/lib:/usr/local/lib/z3-z3-4.7.1/build:/usr/local/lib/z3-z3-4.7.1/build PYTHONPATH=/home/prateek/ros2_ws/install/my_py_pkg/lib/python3.10/site-packages:/home/prateek/ros2_ws/install/my_robot_interfaces/local/lib/python3.10/dist-packages:/home/prateek/ros2_ws/src/install/my_py_pkg/lib/python3.10/site-packages:/home/prateek/ros2_ws/src/install/my_robot_interfaces/local/lib/python3.10/dist-packages:/opt/ros/humble/lib/python3.10/site-packages:/opt/ros/humble/local/lib/python3.10/dist-packages /usr/bin/cmake --install /home/prateek/ros2_ws/build/my_robot_bringup
[1.899s] Level 1:colcon.colcon_core.environment:checking '/home/prateek/ros2_ws/install/my_robot_bringup' for CMake module files
[1.899s] Level 1:colcon.colcon_core.environment:checking '/home/prateek/ros2_ws/install/my_robot_bringup' for CMake config files
[1.899s] Level 1:colcon.colcon_core.shell:create_environment_hook('my_robot_bringup', 'cmake_prefix_path')
[1.899s] INFO:colcon.colcon_core.shell:Creating environment hook '/home/prateek/ros2_ws/install/my_robot_bringup/share/my_robot_bringup/hook/cmake_prefix_path.ps1'
[1.900s] INFO:colcon.colcon_core.shell:Creating environment descriptor '/home/prateek/ros2_ws/install/my_robot_bringup/share/my_robot_bringup/hook/cmake_prefix_path.dsv'
[1.900s] INFO:colcon.colcon_core.shell:Creating environment hook '/home/prateek/ros2_ws/install/my_robot_bringup/share/my_robot_bringup/hook/cmake_prefix_path.sh'
[1.900s] Level 1:colcon.colcon_core.environment:checking '/home/prateek/ros2_ws/install/my_robot_bringup/bin'
[1.900s] Level 1:colcon.colcon_core.environment:checking '/home/prateek/ros2_ws/install/my_robot_bringup/lib/pkgconfig/my_robot_bringup.pc'
[1.900s] Level 1:colcon.colcon_core.environment:checking '/home/prateek/ros2_ws/install/my_robot_bringup/lib/python3.10/site-packages'
[1.900s] Level 1:colcon.colcon_core.environment:checking '/home/prateek/ros2_ws/install/my_robot_bringup/bin'
[1.901s] INFO:colcon.colcon_core.shell:Creating package script '/home/prateek/ros2_ws/install/my_robot_bringup/share/my_robot_bringup/package.ps1'
[1.901s] INFO:colcon.colcon_core.shell:Creating package descriptor '/home/prateek/ros2_ws/install/my_robot_bringup/share/my_robot_bringup/package.dsv'
[1.901s] INFO:colcon.colcon_core.shell:Creating package script '/home/prateek/ros2_ws/install/my_robot_bringup/share/my_robot_bringup/package.sh'
[1.901s] INFO:colcon.colcon_core.shell:Creating package script '/home/prateek/ros2_ws/install/my_robot_bringup/share/my_robot_bringup/package.bash'
[1.902s] INFO:colcon.colcon_core.shell:Creating package script '/home/prateek/ros2_ws/install/my_robot_bringup/share/my_robot_bringup/package.zsh'
[1.902s] Level 1:colcon.colcon_core.environment:create_file_with_runtime_dependencies(/home/prateek/ros2_ws/install/my_robot_bringup/share/colcon-core/packages/my_robot_bringup)
[1.917s] Level 1:colcon.colcon_core.environment:create_environment_scripts_only(my_robot_bringup)
[1.917s] Level 1:colcon.colcon_core.environment:checking '/home/prateek/ros2_ws/install/my_robot_bringup' for CMake module files
[1.918s] Level 1:colcon.colcon_core.environment:checking '/home/prateek/ros2_ws/install/my_robot_bringup' for CMake config files
[1.918s] Level 1:colcon.colcon_core.shell:create_environment_hook('my_robot_bringup', 'cmake_prefix_path')
[1.918s] INFO:colcon.colcon_core.shell:Creating environment hook '/home/prateek/ros2_ws/install/my_robot_bringup/share/my_robot_bringup/hook/cmake_prefix_path.ps1'
[1.918s] INFO:colcon.colcon_core.shell:Creating environment descriptor '/home/prateek/ros2_ws/install/my_robot_bringup/share/my_robot_bringup/hook/cmake_prefix_path.dsv'
[1.918s] INFO:colcon.colcon_core.shell:Creating environment hook '/home/prateek/ros2_ws/install/my_robot_bringup/share/my_robot_bringup/hook/cmake_prefix_path.sh'
[1.919s] Level 1:colcon.colcon_core.environment:checking '/home/prateek/ros2_ws/install/my_robot_bringup/bin'
[1.919s] Level 1:colcon.colcon_core.environment:checking '/home/prateek/ros2_ws/install/my_robot_bringup/lib/pkgconfig/my_robot_bringup.pc'
[1.919s] Level 1:colcon.colcon_core.environment:checking '/home/prateek/ros2_ws/install/my_robot_bringup/lib/python3.10/site-packages'
[1.919s] Level 1:colcon.colcon_core.environment:checking '/home/prateek/ros2_ws/install/my_robot_bringup/bin'
[1.919s] INFO:colcon.colcon_core.shell:Creating package script '/home/prateek/ros2_ws/install/my_robot_bringup/share/my_robot_bringup/package.ps1'
[1.920s] INFO:colcon.colcon_core.shell:Creating package descriptor '/home/prateek/ros2_ws/install/my_robot_bringup/share/my_robot_bringup/package.dsv'
[1.920s] INFO:colcon.colcon_core.shell:Creating package script '/home/prateek/ros2_ws/install/my_robot_bringup/share/my_robot_bringup/package.sh'
[1.920s] INFO:colcon.colcon_core.shell:Creating package script '/home/prateek/ros2_ws/install/my_robot_bringup/share/my_robot_bringup/package.bash'
[1.921s] INFO:colcon.colcon_core.shell:Creating package script '/home/prateek/ros2_ws/install/my_robot_bringup/share/my_robot_bringup/package.zsh'
[1.921s] Level 1:colcon.colcon_core.environment:create_file_with_runtime_dependencies(/home/prateek/ros2_ws/install/my_robot_bringup/share/colcon-core/packages/my_robot_bringup)
[1.921s] DEBUG:colcon.colcon_parallel_executor.executor.parallel:closing loop
[1.921s] DEBUG:colcon.colcon_parallel_executor.executor.parallel:loop closed
[1.921s] DEBUG:colcon.colcon_parallel_executor.executor.parallel:run_until_complete finished with '0'
[1.921s] DEBUG:colcon.colcon_core.event_reactor:joining thread
[1.925s] INFO:colcon.colcon_core.plugin_system:Skipping extension 'colcon_notification.desktop_notification.terminal_notifier': Not used on non-Darwin systems
[1.925s] INFO:colcon.colcon_core.plugin_system:Skipping extension 'colcon_notification.desktop_notification.win32': Not used on non-Windows systems
[1.925s] INFO:colcon.colcon_notification.desktop_notification:Sending desktop notification using 'notify2'
[1.933s] DEBUG:colcon.colcon_core.event_reactor:joined thread
[1.934s] INFO:colcon.colcon_core.shell:Creating prefix script '/home/prateek/ros2_ws/install/local_setup.ps1'
[1.934s] INFO:colcon.colcon_core.shell:Creating prefix util module '/home/prateek/ros2_ws/install/_local_setup_util_ps1.py'
[1.935s] INFO:colcon.colcon_core.shell:Creating prefix chain script '/home/prateek/ros2_ws/install/setup.ps1'
[1.936s] INFO:colcon.colcon_core.shell:Creating prefix script '/home/prateek/ros2_ws/install/local_setup.sh'
[1.936s] INFO:colcon.colcon_core.shell:Creating prefix util module '/home/prateek/ros2_ws/install/_local_setup_util_sh.py'
[1.937s] INFO:colcon.colcon_core.shell:Creating prefix chain script '/home/prateek/ros2_ws/install/setup.sh'
[1.938s] INFO:colcon.colcon_core.shell:Creating prefix script '/home/prateek/ros2_ws/install/local_setup.bash'
[1.938s] INFO:colcon.colcon_core.shell:Creating prefix chain script '/home/prateek/ros2_ws/install/setup.bash'
[1.939s] INFO:colcon.colcon_core.shell:Creating prefix script '/home/prateek/ros2_ws/install/local_setup.zsh'
[1.939s] INFO:colcon.colcon_core.shell:Creating prefix chain script '/home/prateek/ros2_ws/install/setup.zsh'
