[0.496s] Invoking command in '/home/prateek/ros2_ws/src/my_py_pkg': CMAKE_PREFIX_PATH=/home/prateek/ros2_ws/install/my_robot_interfaces:/home/prateek/ros2_ws/install/my_robot_bringup:/home/prateek/ros2_ws/install/my_cpp_pkg:/home/prateek/ros2_ws/install:/home/prateek/ros2_ws/src/install/my_py_pkg:/home/prateek/ros2_ws/src/install/my_robot_interfaces:/home/prateek/ros2_ws/install/my_py_pkg:/opt/ros/humble:/home/prateek/ros2_ws/src/install/:/home/prateek/ros2_ws/src/install/my_robot_interfaces :/home/prateek/ros2_ws/install/my_py_pkg:/home/prateek/ros2_ws/src/install/my_robot_interfaces LD_LIBRARY_PATH=/home/prateek/ros2_ws/install/my_robot_interfaces/lib:/usr/local/lib/z3-z3-4.7.1/build:/usr/local/lib/z3-z3-4.7.1/build:/usr/local/lib/z3-z3-4.7.1/build:/usr/local/lib/z3-z3-4.7.1/build:/usr/local/lib/z3-z3-4.7.1/build:/home/prateek/ros2_ws/src/install/my_robot_interfaces/lib:/usr/local/lib/z3-z3-4.7.1/build:/usr/local/lib/z3-z3-4.7.1/build:/opt/ros/humble/opt/rviz_ogre_vendor/lib:/opt/ros/humble/lib/x86_64-linux-gnu:/opt/ros/humble/lib:/usr/local/lib/z3-z3-4.7.1/build:/usr/local/lib/z3-z3-4.7.1/build PYTHONPATH=/home/prateek/ros2_ws/build/my_py_pkg/prefix_override:/home/prateek/ros2_ws/install/my_py_pkg/lib/python3.10/site-packages:${PYTHONPATH} /usr/bin/python3 -W ignore:setup.py install is deprecated setup.py egg_info --egg-base ../../build/my_py_pkg build --build-base /home/prateek/ros2_ws/build/my_py_pkg/build install --record /home/prateek/ros2_ws/build/my_py_pkg/install.log --single-version-externally-managed install_data
[0.671s] running egg_info
[0.672s] writing ../../build/my_py_pkg/my_py_pkg.egg-info/PKG-INFO
[0.672s] writing dependency_links to ../../build/my_py_pkg/my_py_pkg.egg-info/dependency_links.txt
[0.672s] writing entry points to ../../build/my_py_pkg/my_py_pkg.egg-info/entry_points.txt
[0.672s] writing requirements to ../../build/my_py_pkg/my_py_pkg.egg-info/requires.txt
[0.673s] writing top-level names to ../../build/my_py_pkg/my_py_pkg.egg-info/top_level.txt
[0.674s] reading manifest file '../../build/my_py_pkg/my_py_pkg.egg-info/SOURCES.txt'
[0.674s] writing manifest file '../../build/my_py_pkg/my_py_pkg.egg-info/SOURCES.txt'
[0.674s] running build
[0.674s] running build_py
[0.675s] running install
[0.675s] running install_lib
[0.676s] creating /home/prateek/ros2_ws/install/my_py_pkg/lib/python3.10/site-packages/my_py_pkg
[0.676s] copying /home/prateek/ros2_ws/build/my_py_pkg/build/lib/my_py_pkg/template.py -> /home/prateek/ros2_ws/install/my_py_pkg/lib/python3.10/site-packages/my_py_pkg
[0.676s] copying /home/prateek/ros2_ws/build/my_py_pkg/build/lib/my_py_pkg/hw_status_publisher.py -> /home/prateek/ros2_ws/install/my_py_pkg/lib/python3.10/site-packages/my_py_pkg
[0.676s] copying /home/prateek/ros2_ws/build/my_py_pkg/build/lib/my_py_pkg/add_two_ints_client.py -> /home/prateek/ros2_ws/install/my_py_pkg/lib/python3.10/site-packages/my_py_pkg
[0.676s] copying /home/prateek/ros2_ws/build/my_py_pkg/build/lib/my_py_pkg/robot_news_station.py -> /home/prateek/ros2_ws/install/my_py_pkg/lib/python3.10/site-packages/my_py_pkg
[0.676s] copying /home/prateek/ros2_ws/build/my_py_pkg/build/lib/my_py_pkg/smartphone.py -> /home/prateek/ros2_ws/install/my_py_pkg/lib/python3.10/site-packages/my_py_pkg
[0.676s] copying /home/prateek/ros2_ws/build/my_py_pkg/build/lib/my_py_pkg/number_publisher.py -> /home/prateek/ros2_ws/install/my_py_pkg/lib/python3.10/site-packages/my_py_pkg
[0.676s] copying /home/prateek/ros2_ws/build/my_py_pkg/build/lib/my_py_pkg/__init__.py -> /home/prateek/ros2_ws/install/my_py_pkg/lib/python3.10/site-packages/my_py_pkg
[0.676s] copying /home/prateek/ros2_ws/build/my_py_pkg/build/lib/my_py_pkg/my_first_node.py -> /home/prateek/ros2_ws/install/my_py_pkg/lib/python3.10/site-packages/my_py_pkg
[0.676s] copying /home/prateek/ros2_ws/build/my_py_pkg/build/lib/my_py_pkg/add_two_ints_server.py -> /home/prateek/ros2_ws/install/my_py_pkg/lib/python3.10/site-packages/my_py_pkg
[0.677s] copying /home/prateek/ros2_ws/build/my_py_pkg/build/lib/my_py_pkg/add_two_ints_client_no_oop.py -> /home/prateek/ros2_ws/install/my_py_pkg/lib/python3.10/site-packages/my_py_pkg
[0.677s] byte-compiling /home/prateek/ros2_ws/install/my_py_pkg/lib/python3.10/site-packages/my_py_pkg/template.py to template.cpython-310.pyc
[0.677s] byte-compiling /home/prateek/ros2_ws/install/my_py_pkg/lib/python3.10/site-packages/my_py_pkg/hw_status_publisher.py to hw_status_publisher.cpython-310.pyc
[0.677s] byte-compiling /home/prateek/ros2_ws/install/my_py_pkg/lib/python3.10/site-packages/my_py_pkg/add_two_ints_client.py to add_two_ints_client.cpython-310.pyc
[0.677s] byte-compiling /home/prateek/ros2_ws/install/my_py_pkg/lib/python3.10/site-packages/my_py_pkg/robot_news_station.py to robot_news_station.cpython-310.pyc
[0.678s] byte-compiling /home/prateek/ros2_ws/install/my_py_pkg/lib/python3.10/site-packages/my_py_pkg/smartphone.py to smartphone.cpython-310.pyc
[0.678s] byte-compiling /home/prateek/ros2_ws/install/my_py_pkg/lib/python3.10/site-packages/my_py_pkg/number_publisher.py to number_publisher.cpython-310.pyc
[0.678s] byte-compiling /home/prateek/ros2_ws/install/my_py_pkg/lib/python3.10/site-packages/my_py_pkg/__init__.py to __init__.cpython-310.pyc
[0.678s] byte-compiling /home/prateek/ros2_ws/install/my_py_pkg/lib/python3.10/site-packages/my_py_pkg/my_first_node.py to my_first_node.cpython-310.pyc
[0.678s] byte-compiling /home/prateek/ros2_ws/install/my_py_pkg/lib/python3.10/site-packages/my_py_pkg/add_two_ints_server.py to add_two_ints_server.cpython-310.pyc
[0.679s] byte-compiling /home/prateek/ros2_ws/install/my_py_pkg/lib/python3.10/site-packages/my_py_pkg/add_two_ints_client_no_oop.py to add_two_ints_client_no_oop.cpython-310.pyc
[0.679s] running install_data
[0.679s] creating /home/prateek/ros2_ws/install/my_py_pkg/share/ament_index
[0.679s] creating /home/prateek/ros2_ws/install/my_py_pkg/share/ament_index/resource_index
[0.679s] creating /home/prateek/ros2_ws/install/my_py_pkg/share/ament_index/resource_index/packages
[0.679s] copying resource/my_py_pkg -> /home/prateek/ros2_ws/install/my_py_pkg/share/ament_index/resource_index/packages
[0.679s] copying package.xml -> /home/prateek/ros2_ws/install/my_py_pkg/share/my_py_pkg
[0.679s] running install_egg_info
[0.680s] Copying ../../build/my_py_pkg/my_py_pkg.egg-info to /home/prateek/ros2_ws/install/my_py_pkg/lib/python3.10/site-packages/my_py_pkg-0.0.0-py3.10.egg-info
[0.681s] running install_scripts
[0.696s] Installing add_two_ints_client script to /home/prateek/ros2_ws/install/my_py_pkg/lib/my_py_pkg
[0.696s] Installing add_two_ints_client_no_oop script to /home/prateek/ros2_ws/install/my_py_pkg/lib/my_py_pkg
[0.696s] Installing add_two_ints_server script to /home/prateek/ros2_ws/install/my_py_pkg/lib/my_py_pkg
[0.696s] Installing hw_status_publisher script to /home/prateek/ros2_ws/install/my_py_pkg/lib/my_py_pkg
[0.696s] Installing number_publisher script to /home/prateek/ros2_ws/install/my_py_pkg/lib/my_py_pkg
[0.696s] Installing py_node script to /home/prateek/ros2_ws/install/my_py_pkg/lib/my_py_pkg
[0.696s] Installing robot_news_station script to /home/prateek/ros2_ws/install/my_py_pkg/lib/my_py_pkg
[0.696s] Installing smartphone script to /home/prateek/ros2_ws/install/my_py_pkg/lib/my_py_pkg
[0.696s] writing list of installed files to '/home/prateek/ros2_ws/build/my_py_pkg/install.log'
[0.710s] Invoked command in '/home/prateek/ros2_ws/src/my_py_pkg' returned '0': CMAKE_PREFIX_PATH=/home/prateek/ros2_ws/install/my_robot_interfaces:/home/prateek/ros2_ws/install/my_robot_bringup:/home/prateek/ros2_ws/install/my_cpp_pkg:/home/prateek/ros2_ws/install:/home/prateek/ros2_ws/src/install/my_py_pkg:/home/prateek/ros2_ws/src/install/my_robot_interfaces:/home/prateek/ros2_ws/install/my_py_pkg:/opt/ros/humble:/home/prateek/ros2_ws/src/install/:/home/prateek/ros2_ws/src/install/my_robot_interfaces :/home/prateek/ros2_ws/install/my_py_pkg:/home/prateek/ros2_ws/src/install/my_robot_interfaces LD_LIBRARY_PATH=/home/prateek/ros2_ws/install/my_robot_interfaces/lib:/usr/local/lib/z3-z3-4.7.1/build:/usr/local/lib/z3-z3-4.7.1/build:/usr/local/lib/z3-z3-4.7.1/build:/usr/local/lib/z3-z3-4.7.1/build:/usr/local/lib/z3-z3-4.7.1/build:/home/prateek/ros2_ws/src/install/my_robot_interfaces/lib:/usr/local/lib/z3-z3-4.7.1/build:/usr/local/lib/z3-z3-4.7.1/build:/opt/ros/humble/opt/rviz_ogre_vendor/lib:/opt/ros/humble/lib/x86_64-linux-gnu:/opt/ros/humble/lib:/usr/local/lib/z3-z3-4.7.1/build:/usr/local/lib/z3-z3-4.7.1/build PYTHONPATH=/home/prateek/ros2_ws/build/my_py_pkg/prefix_override:/home/prateek/ros2_ws/install/my_py_pkg/lib/python3.10/site-packages:${PYTHONPATH} /usr/bin/python3 -W ignore:setup.py install is deprecated setup.py egg_info --egg-base ../../build/my_py_pkg build --build-base /home/prateek/ros2_ws/build/my_py_pkg/build install --record /home/prateek/ros2_ws/build/my_py_pkg/install.log --single-version-externally-managed install_data
