[0.012s] Invoking command in '/home/prateek/ros2_ws/build/my_robot_interfaces': CMAKE_PREFIX_PATH=${CMAKE_PREFIX_PATH}:/home/prateek/ros2_ws/install/my_py_pkg:/opt/ros/humble /usr/bin/cmake --build /home/prateek/ros2_ws/build/my_robot_interfaces -- -j4 -l4
[0.114s] [  2%] Built target my_robot_interfaces__cpp
[0.116s] [ 12%] Built target my_robot_interfaces__rosidl_generator_c
[0.137s] [ 12%] Built target ament_cmake_python_copy_my_robot_interfaces
[0.171s] [ 23%] Built target my_robot_interfaces__rosidl_typesupport_fastrtps_c
[0.191s] [ 35%] Built target my_robot_interfaces__rosidl_typesupport_cpp
[0.192s] [ 51%] Built target my_robot_interfaces__rosidl_typesupport_c
[0.192s] [ 53%] Built target my_robot_interfaces__rosidl_typesupport_introspection_c
[0.203s] [ 64%] Built target my_robot_interfaces__rosidl_typesupport_fastrtps_cpp
[0.212s] [ 74%] Built target my_robot_interfaces__rosidl_typesupport_introspection_cpp
[0.226s] [ 74%] Built target my_robot_interfaces
[0.267s] [ 76%] Built target my_robot_interfaces__py
[0.279s] gmake[2]: *** No rule to make target '/usr/lib/x86_64-linux-gnu/libpython3.10.so', needed by 'rosidl_generator_py/my_robot_interfaces/libmy_robot_interfaces__rosidl_generator_py.so'.  Stop.
[0.280s] gmake[1]: *** [CMakeFiles/Makefile2:475: CMakeFiles/my_robot_interfaces__rosidl_generator_py.dir/all] Error 2
[0.280s] gmake[1]: *** Waiting for unfinished jobs....
[0.432s] running egg_info
[0.433s] writing my_robot_interfaces.egg-info/PKG-INFO
[0.433s] writing dependency_links to my_robot_interfaces.egg-info/dependency_links.txt
[0.433s] writing top-level names to my_robot_interfaces.egg-info/top_level.txt
[0.435s] reading manifest file 'my_robot_interfaces.egg-info/SOURCES.txt'
[0.436s] writing manifest file 'my_robot_interfaces.egg-info/SOURCES.txt'
[0.462s] [ 76%] Built target ament_cmake_python_build_my_robot_interfaces_egg
[0.462s] gmake: *** [Makefile:146: all] Error 2
[0.464s] Invoked command in '/home/prateek/ros2_ws/build/my_robot_interfaces' returned '2': CMAKE_PREFIX_PATH=${CMAKE_PREFIX_PATH}:/home/prateek/ros2_ws/install/my_py_pkg:/opt/ros/humble /usr/bin/cmake --build /home/prateek/ros2_ws/build/my_robot_interfaces -- -j4 -l4
