[1.309s] Invoking command in '/home/prateek/ros2_ws/src/my_py_pkg': PYTHONPATH=/home/prateek/ros2_ws/build/my_py_pkg/prefix_override:/home/prateek/ros2_ws/install/my_py_pkg/lib/python3.10/site-packages:${PYTHONPATH} /usr/bin/python3 setup.py egg_info --egg-base ../../build/my_py_pkg build --build-base /home/prateek/ros2_ws/build/my_py_pkg/build install --record /home/prateek/ros2_ws/build/my_py_pkg/install.log --single-version-externally-managed
[1.699s] running egg_info
[1.703s] writing ../../build/my_py_pkg/my_py_pkg.egg-info/PKG-INFO
[1.731s] writing dependency_links to ../../build/my_py_pkg/my_py_pkg.egg-info/dependency_links.txt
[1.731s] writing entry points to ../../build/my_py_pkg/my_py_pkg.egg-info/entry_points.txt
[1.731s] writing requirements to ../../build/my_py_pkg/my_py_pkg.egg-info/requires.txt
[1.731s] writing top-level names to ../../build/my_py_pkg/my_py_pkg.egg-info/top_level.txt
[1.735s] reading manifest file '../../build/my_py_pkg/my_py_pkg.egg-info/SOURCES.txt'
[1.736s] writing manifest file '../../build/my_py_pkg/my_py_pkg.egg-info/SOURCES.txt'
[1.739s] running build
[1.739s] running build_py
[1.749s] copying my_py_pkg/template.py -> /home/prateek/ros2_ws/build/my_py_pkg/build/lib/my_py_pkg
[1.756s] copying my_py_pkg/my_first_node.py -> /home/prateek/ros2_ws/build/my_py_pkg/build/lib/my_py_pkg
[1.759s] running install
[1.759s] running install_lib
[1.763s] copying /home/prateek/ros2_ws/build/my_py_pkg/build/lib/my_py_pkg/template.py -> /home/prateek/ros2_ws/install/my_py_pkg/lib/python3.10/site-packages/my_py_pkg
[1.763s] copying /home/prateek/ros2_ws/build/my_py_pkg/build/lib/my_py_pkg/my_first_node.py -> /home/prateek/ros2_ws/install/my_py_pkg/lib/python3.10/site-packages/my_py_pkg
[1.763s] byte-compiling /home/prateek/ros2_ws/install/my_py_pkg/lib/python3.10/site-packages/my_py_pkg/template.py to template.cpython-310.pyc
[1.767s] byte-compiling /home/prateek/ros2_ws/install/my_py_pkg/lib/python3.10/site-packages/my_py_pkg/my_first_node.py to my_first_node.cpython-310.pyc
[1.767s] running install_data
[1.767s] running install_egg_info
[1.771s] removing '/home/prateek/ros2_ws/install/my_py_pkg/lib/python3.10/site-packages/my_py_pkg-0.0.0-py3.10.egg-info' (and everything under it)
[1.779s] Copying ../../build/my_py_pkg/my_py_pkg.egg-info to /home/prateek/ros2_ws/install/my_py_pkg/lib/python3.10/site-packages/my_py_pkg-0.0.0-py3.10.egg-info
[1.783s] running install_scripts
[1.812s] Installing py_node script to /home/prateek/ros2_ws/install/my_py_pkg/lib/my_py_pkg
[1.815s] writing list of installed files to '/home/prateek/ros2_ws/build/my_py_pkg/install.log'
[1.871s] Invoked command in '/home/prateek/ros2_ws/src/my_py_pkg' returned '0': PYTHONPATH=/home/prateek/ros2_ws/build/my_py_pkg/prefix_override:/home/prateek/ros2_ws/install/my_py_pkg/lib/python3.10/site-packages:${PYTHONPATH} /usr/bin/python3 setup.py egg_info --egg-base ../../build/my_py_pkg build --build-base /home/prateek/ros2_ws/build/my_py_pkg/build install --record /home/prateek/ros2_ws/build/my_py_pkg/install.log --single-version-externally-managed
