[35m[1mConsolidate compiler generated dependencies of target robot_news_station[0m
[ 20%] Built target cpp_node
[ 40%] Built target robot_news_station
[35m[1mConsolidate compiler generated dependencies of target smartphone[0m
[35m[1mConsolidate compiler generated dependencies of target number_counter[0m
[ 60%] Built target smartphone
[ 80%] Built target number_counter
[35m[1mConsolidate compiler generated dependencies of target add_two_ints_server[0m
[ 90%] [32mBuilding CXX object CMakeFiles/add_two_ints_server.dir/src/add_two_ints_server.cpp.o[0m
[01m[K/home/prateek/ros2_ws/src/my_cpp_pkg/src/add_two_ints_server.cpp:[m[K In constructor ‘[01m[KAddTwoIntsServerNode::AddTwoIntsServerNode()[m[K’:
[01m[K/home/prateek/ros2_ws/src/my_cpp_pkg/src/add_two_ints_server.cpp:12:9:[m[K [01;31m[Kerror: [m[K‘[01m[Kserver[m[K’ was not declared in this scope; did you mean ‘[01m[Kserver_[m[K’?
   12 |         [01;31m[Kserver[m[K = this->create_service<example_interfaces::srv::AddTwoInts>("add_two-ints", );
      |         [01;31m[K^~~~~~[m[K
      |         [32m[Kserver_[m[K
[01m[K/home/prateek/ros2_ws/src/my_cpp_pkg/src/add_two_ints_server.cpp:12:92:[m[K [01;31m[Kerror: [m[Kexpected primary-expression before ‘[01m[K)[m[K’ token
   12 | <example_interfaces::srv::AddTwoInts>("add_two-ints", [01;31m[K)[m[K;
      |                                                       [01;31m[K^[m[K

gmake[2]: *** [CMakeFiles/add_two_ints_server.dir/build.make:76: CMakeFiles/add_two_ints_server.dir/src/add_two_ints_server.cpp.o] Error 1
gmake[1]: *** [CMakeFiles/Makefile2:249: CMakeFiles/add_two_ints_server.dir/all] Error 2
gmake: *** [Makefile:146: all] Error 2
