[0.007s] Invoking command in '/home/prateek/ros2_ws/src/build/my_cpp_pkg': AMENT_PREFIX_PATH=/home/prateek/ros2_ws/src/install/my_robot_interfaces:${AMENT_PREFIX_PATH} CMAKE_PREFIX_PATH=/home/prateek/ros2_ws/src/install/my_robot_interfaces:/home/prateek/ros2_ws/install/my_robot_bringup:/home/prateek/ros2_ws/install/my_cpp_pkg:/home/prateek/ros2_ws/install/my_robot_interfaces:/home/prateek/ros2_ws/install/my_py_pkg:/opt/ros/humble LD_LIBRARY_PATH=/home/prateek/ros2_ws/src/install/my_robot_interfaces/lib:${LD_LIBRARY_PATH} PYTHONPATH=/home/prateek/ros2_ws/src/install/my_robot_interfaces/local/lib/python3.10/dist-packages:${PYTHONPATH} /usr/bin/cmake /home/prateek/ros2_ws/src/my_cpp_pkg -DCMAKE_INSTALL_PREFIX=/home/prateek/ros2_ws/src/install/my_cpp_pkg
[0.104s] -- The C compiler identification is GNU 11.4.0
[0.184s] -- The CXX compiler identification is GNU 11.4.0
[0.191s] -- Detecting C compiler ABI info
[0.264s] -- Detecting C compiler ABI info - done
[0.271s] -- Check for working C compiler: /usr/bin/cc - skipped
[0.276s] -- Detecting C compile features
[0.280s] -- Detecting C compile features - done
[0.283s] -- Detecting CXX compiler ABI info
[0.345s] -- Detecting CXX compiler ABI info - done
[0.352s] -- Check for working CXX compiler: /usr/bin/c++ - skipped
[0.352s] -- Detecting CXX compile features
[0.353s] -- Detecting CXX compile features - done
[0.362s] -- Found ament_cmake: 1.3.8 (/opt/ros/humble/share/ament_cmake/cmake)
[0.514s] -- Found Python3: /usr/bin/python3 (found version "3.10.12") found components: Interpreter 
[0.609s] -- Found rclcpp: 16.0.8 (/opt/ros/humble/share/rclcpp/cmake)
[0.667s] -- Found rosidl_generator_c: 3.1.5 (/opt/ros/humble/share/rosidl_generator_c/cmake)
[0.674s] -- Found rosidl_adapter: 3.1.5 (/opt/ros/humble/share/rosidl_adapter/cmake)
[0.683s] -- Found rosidl_generator_cpp: 3.1.5 (/opt/ros/humble/share/rosidl_generator_cpp/cmake)
[0.698s] -- Using all available rosidl_typesupport_c: rosidl_typesupport_fastrtps_c;rosidl_typesupport_introspection_c
[0.715s] -- Using all available rosidl_typesupport_cpp: rosidl_typesupport_fastrtps_cpp;rosidl_typesupport_introspection_cpp
[0.808s] -- Found rmw_implementation_cmake: 6.1.1 (/opt/ros/humble/share/rmw_implementation_cmake/cmake)
[0.812s] -- Found rmw_fastrtps_cpp: 6.2.6 (/opt/ros/humble/share/rmw_fastrtps_cpp/cmake)
[0.917s] -- Found OpenSSL: /usr/lib/aarch64-linux-gnu/libcrypto.so (found version "3.0.2")  
[0.945s] -- Found FastRTPS: /opt/ros/humble/include  
[0.989s] -- Using RMW implementation 'rmw_fastrtps_cpp' as default
[1.004s] -- Looking for pthread.h
[1.094s] -- Looking for pthread.h - found
[1.094s] -- Performing Test CMAKE_HAVE_LIBC_PTHREAD
[1.167s] -- Performing Test CMAKE_HAVE_LIBC_PTHREAD - Success
[1.168s] -- Found Threads: TRUE  
[1.336s] -- Found example_interfaces: 0.9.3 (/opt/ros/humble/share/example_interfaces/cmake)
[1.510s] -- Found my_robot_interfaces: 0.0.0 (/home/prateek/ros2_ws/src/install/my_robot_interfaces/share/my_robot_interfaces/cmake)
[1.594s] -- Configuring done
[1.620s] -- Generating done
[1.621s] -- Build files have been written to: /home/prateek/ros2_ws/src/build/my_cpp_pkg
[1.630s] Invoked command in '/home/prateek/ros2_ws/src/build/my_cpp_pkg' returned '0': AMENT_PREFIX_PATH=/home/prateek/ros2_ws/src/install/my_robot_interfaces:${AMENT_PREFIX_PATH} CMAKE_PREFIX_PATH=/home/prateek/ros2_ws/src/install/my_robot_interfaces:/home/prateek/ros2_ws/install/my_robot_bringup:/home/prateek/ros2_ws/install/my_cpp_pkg:/home/prateek/ros2_ws/install/my_robot_interfaces:/home/prateek/ros2_ws/install/my_py_pkg:/opt/ros/humble LD_LIBRARY_PATH=/home/prateek/ros2_ws/src/install/my_robot_interfaces/lib:${LD_LIBRARY_PATH} PYTHONPATH=/home/prateek/ros2_ws/src/install/my_robot_interfaces/local/lib/python3.10/dist-packages:${PYTHONPATH} /usr/bin/cmake /home/prateek/ros2_ws/src/my_cpp_pkg -DCMAKE_INSTALL_PREFIX=/home/prateek/ros2_ws/src/install/my_cpp_pkg
[1.634s] Invoking command in '/home/prateek/ros2_ws/src/build/my_cpp_pkg': AMENT_PREFIX_PATH=/home/prateek/ros2_ws/src/install/my_robot_interfaces:${AMENT_PREFIX_PATH} CMAKE_PREFIX_PATH=/home/prateek/ros2_ws/src/install/my_robot_interfaces:/home/prateek/ros2_ws/install/my_robot_bringup:/home/prateek/ros2_ws/install/my_cpp_pkg:/home/prateek/ros2_ws/install/my_robot_interfaces:/home/prateek/ros2_ws/install/my_py_pkg:/opt/ros/humble LD_LIBRARY_PATH=/home/prateek/ros2_ws/src/install/my_robot_interfaces/lib:${LD_LIBRARY_PATH} PYTHONPATH=/home/prateek/ros2_ws/src/install/my_robot_interfaces/local/lib/python3.10/dist-packages:${PYTHONPATH} /usr/bin/cmake --build /home/prateek/ros2_ws/src/build/my_cpp_pkg -- -j4 -l4
[1.684s] [  6%] [32mBuilding CXX object CMakeFiles/cpp_node.dir/src/my_first_node.cpp.o[0m
[1.686s] [ 12%] [32mBuilding CXX object CMakeFiles/number_counter.dir/src/number_counter.cpp.o[0m
[1.687s] [ 18%] [32mBuilding CXX object CMakeFiles/smartphone.dir/src/smartphone.cpp.o[0m
[1.689s] [ 25%] [32mBuilding CXX object CMakeFiles/robot_news_station.dir/src/robot_news_station.cpp.o[0m
[15.270s] [ 31%] [32m[1mLinking CXX executable cpp_node[0m
[15.837s] [ 31%] Built target cpp_node
[15.967s] [ 37%] [32mBuilding CXX object CMakeFiles/add_two_ints_server.dir/src/add_two_ints_server.cpp.o[0m
[20.024s] [ 43%] [32m[1mLinking CXX executable robot_news_station[0m
[20.684s] [ 43%] Built target robot_news_station
[20.718s] [ 50%] [32mBuilding CXX object CMakeFiles/add_two_ints_client_no_oop.dir/src/add_two_ints_client_no_oop.cpp.o[0m
[28.708s] [ 56%] [32m[1mLinking CXX executable add_two_ints_server[0m
[29.118s] [ 56%] Built target add_two_ints_server
[29.196s] [ 62%] [32mBuilding CXX object CMakeFiles/add_two_ints_client.dir/src/add_two_ints_client.cpp.o[0m
[32.068s] [ 68%] [32m[1mLinking CXX executable add_two_ints_client_no_oop[0m
[32.461s] [ 68%] Built target add_two_ints_client_no_oop
[32.529s] gmake[2]: *** No rule to make target '/usr/lib/x86_64-linux-gnu/libpython3.10.so', needed by 'hw_status_publisher'.  Stop.
[32.530s] gmake[2]: *** Waiting for unfinished jobs....
[32.542s] [ 75%] [32mBuilding CXX object CMakeFiles/hw_status_publisher.dir/src/hw_status_publisher.cpp.o[0m
[32.615s] [ 81%] [32m[1mLinking CXX executable smartphone[0m
[33.743s] [ 81%] Built target smartphone
[34.416s] [ 87%] [32m[1mLinking CXX executable number_counter[0m
[35.377s] [ 87%] Built target number_counter
[36.162s] [ 93%] [32m[1mLinking CXX executable add_two_ints_client[0m
[36.396s] [ 93%] Built target add_two_ints_client
[37.801s] gmake[1]: *** [CMakeFiles/Makefile2:333: CMakeFiles/hw_status_publisher.dir/all] Error 2
[37.803s] gmake: *** [Makefile:146: all] Error 2
[37.861s] Invoked command in '/home/prateek/ros2_ws/src/build/my_cpp_pkg' returned '2': AMENT_PREFIX_PATH=/home/prateek/ros2_ws/src/install/my_robot_interfaces:${AMENT_PREFIX_PATH} CMAKE_PREFIX_PATH=/home/prateek/ros2_ws/src/install/my_robot_interfaces:/home/prateek/ros2_ws/install/my_robot_bringup:/home/prateek/ros2_ws/install/my_cpp_pkg:/home/prateek/ros2_ws/install/my_robot_interfaces:/home/prateek/ros2_ws/install/my_py_pkg:/opt/ros/humble LD_LIBRARY_PATH=/home/prateek/ros2_ws/src/install/my_robot_interfaces/lib:${LD_LIBRARY_PATH} PYTHONPATH=/home/prateek/ros2_ws/src/install/my_robot_interfaces/local/lib/python3.10/dist-packages:${PYTHONPATH} /usr/bin/cmake --build /home/prateek/ros2_ws/src/build/my_cpp_pkg -- -j4 -l4
