[1.485s] DEBUG:colcon:Command line arguments: ['/usr/bin/colcon', 'build', '--packages-select', 'my_robot_interfaces']
[1.485s] DEBUG:colcon:Parsed command line arguments: Namespace(log_base=None, log_level=None, verb_name='build', build_base='build', install_base='install', merge_install=False, symlink_install=False, test_result_base=None, continue_on_error=False, executor='parallel', parallel_workers=2, event_handlers=None, ignore_user_meta=False, metas=['./colcon.meta'], base_paths=['.'], packages_ignore=None, packages_ignore_regex=None, paths=None, packages_up_to=None, packages_up_to_regex=None, packages_above=None, packages_above_and_dependencies=None, packages_above_depth=None, packages_select_by_dep=None, packages_skip_by_dep=None, packages_skip_up_to=None, packages_select_build_failed=False, packages_skip_build_finished=False, packages_select_test_failures=False, packages_skip_test_passed=False, packages_select=['my_robot_interfaces'], packages_skip=None, packages_select_regex=None, packages_skip_regex=None, packages_start=None, packages_end=None, allow_overriding=[], cmake_args=None, cmake_target=None, cmake_target_skip_unavailable=False, cmake_clean_cache=False, cmake_clean_first=False, cmake_force_configure=False, ament_cmake_args=None, catkin_cmake_args=None, catkin_skip_building_tests=False, verb_parser=<colcon_defaults.argument_parser.defaults.DefaultArgumentsDecorator object at 0x7f66b232eb30>, verb_extension=<colcon_core.verb.build.BuildVerb object at 0x7f66b232d060>, main=<bound method BuildVerb.main of <colcon_core.verb.build.BuildVerb object at 0x7f66b232d060>>)
[1.567s] Level 1:colcon.colcon_core.package_discovery:discover_packages(colcon_meta) check parameters
[1.568s] Level 1:colcon.colcon_core.package_discovery:discover_packages(recursive) check parameters
[1.568s] Level 1:colcon.colcon_core.package_discovery:discover_packages(ignore) check parameters
[1.568s] Level 1:colcon.colcon_core.package_discovery:discover_packages(path) check parameters
[1.568s] Level 1:colcon.colcon_core.package_discovery:discover_packages(colcon_meta) discover
[1.568s] Level 1:colcon.colcon_core.package_discovery:discover_packages(recursive) discover
[1.568s] INFO:colcon.colcon_core.package_discovery:Crawling recursively for packages in '/home/prateek/ros2_ws/src'
[1.568s] Level 1:colcon.colcon_core.package_identification:_identify(.) by extensions ['ignore', 'ignore_ament_install']
[1.568s] Level 1:colcon.colcon_core.package_identification:_identify(.) by extension 'ignore'
[1.568s] Level 1:colcon.colcon_core.package_identification:_identify(.) by extension 'ignore_ament_install'
[1.568s] Level 1:colcon.colcon_core.package_identification:_identify(.) by extensions ['colcon_pkg']
[1.568s] Level 1:colcon.colcon_core.package_identification:_identify(.) by extension 'colcon_pkg'
[1.569s] Level 1:colcon.colcon_core.package_identification:_identify(.) by extensions ['colcon_meta']
[1.569s] Level 1:colcon.colcon_core.package_identification:_identify(.) by extension 'colcon_meta'
[1.569s] Level 1:colcon.colcon_core.package_identification:_identify(.) by extensions ['ros']
[1.569s] Level 1:colcon.colcon_core.package_identification:_identify(.) by extension 'ros'
[1.585s] Level 1:colcon.colcon_core.package_identification:_identify(.) by extensions ['cmake', 'python']
[1.585s] Level 1:colcon.colcon_core.package_identification:_identify(.) by extension 'cmake'
[1.585s] Level 1:colcon.colcon_core.package_identification:_identify(.) by extension 'python'
[1.585s] Level 1:colcon.colcon_core.package_identification:_identify(.) by extensions ['python_setup_py']
[1.585s] Level 1:colcon.colcon_core.package_identification:_identify(.) by extension 'python_setup_py'
[1.585s] Level 1:colcon.colcon_core.package_identification:_identify(build) by extensions ['ignore', 'ignore_ament_install']
[1.585s] Level 1:colcon.colcon_core.package_identification:_identify(build) by extension 'ignore'
[1.585s] Level 1:colcon.colcon_core.package_identification:_identify(build) ignored
[1.586s] Level 1:colcon.colcon_core.package_identification:_identify(install) by extensions ['ignore', 'ignore_ament_install']
[1.586s] Level 1:colcon.colcon_core.package_identification:_identify(install) by extension 'ignore'
[1.586s] Level 1:colcon.colcon_core.package_identification:_identify(install) ignored
[1.586s] Level 1:colcon.colcon_core.package_identification:_identify(log) by extensions ['ignore', 'ignore_ament_install']
[1.586s] Level 1:colcon.colcon_core.package_identification:_identify(log) by extension 'ignore'
[1.586s] Level 1:colcon.colcon_core.package_identification:_identify(log) ignored
[1.586s] Level 1:colcon.colcon_core.package_identification:_identify(my_cpp_pkg) by extensions ['ignore', 'ignore_ament_install']
[1.586s] Level 1:colcon.colcon_core.package_identification:_identify(my_cpp_pkg) by extension 'ignore'
[1.586s] Level 1:colcon.colcon_core.package_identification:_identify(my_cpp_pkg) by extension 'ignore_ament_install'
[1.587s] Level 1:colcon.colcon_core.package_identification:_identify(my_cpp_pkg) by extensions ['colcon_pkg']
[1.587s] Level 1:colcon.colcon_core.package_identification:_identify(my_cpp_pkg) by extension 'colcon_pkg'
[1.587s] Level 1:colcon.colcon_core.package_identification:_identify(my_cpp_pkg) by extensions ['colcon_meta']
[1.587s] Level 1:colcon.colcon_core.package_identification:_identify(my_cpp_pkg) by extension 'colcon_meta'
[1.587s] Level 1:colcon.colcon_core.package_identification:_identify(my_cpp_pkg) by extensions ['ros']
[1.587s] Level 1:colcon.colcon_core.package_identification:_identify(my_cpp_pkg) by extension 'ros'
[1.590s] DEBUG:colcon.colcon_core.package_identification:Package 'my_cpp_pkg' with type 'ros.ament_cmake' and name 'my_cpp_pkg'
[1.591s] Level 1:colcon.colcon_core.package_identification:_identify(my_py_pkg) by extensions ['ignore', 'ignore_ament_install']
[1.591s] Level 1:colcon.colcon_core.package_identification:_identify(my_py_pkg) by extension 'ignore'
[1.591s] Level 1:colcon.colcon_core.package_identification:_identify(my_py_pkg) by extension 'ignore_ament_install'
[1.591s] Level 1:colcon.colcon_core.package_identification:_identify(my_py_pkg) by extensions ['colcon_pkg']
[1.591s] Level 1:colcon.colcon_core.package_identification:_identify(my_py_pkg) by extension 'colcon_pkg'
[1.591s] Level 1:colcon.colcon_core.package_identification:_identify(my_py_pkg) by extensions ['colcon_meta']
[1.591s] Level 1:colcon.colcon_core.package_identification:_identify(my_py_pkg) by extension 'colcon_meta'
[1.591s] Level 1:colcon.colcon_core.package_identification:_identify(my_py_pkg) by extensions ['ros']
[1.591s] Level 1:colcon.colcon_core.package_identification:_identify(my_py_pkg) by extension 'ros'
[1.592s] DEBUG:colcon.colcon_core.package_identification:Package 'my_py_pkg' with type 'ros.ament_python' and name 'my_py_pkg'
[1.592s] Level 1:colcon.colcon_core.package_identification:_identify(my_robot_interfaces) by extensions ['ignore', 'ignore_ament_install']
[1.593s] Level 1:colcon.colcon_core.package_identification:_identify(my_robot_interfaces) by extension 'ignore'
[1.593s] Level 1:colcon.colcon_core.package_identification:_identify(my_robot_interfaces) by extension 'ignore_ament_install'
[1.593s] Level 1:colcon.colcon_core.package_identification:_identify(my_robot_interfaces) by extensions ['colcon_pkg']
[1.593s] Level 1:colcon.colcon_core.package_identification:_identify(my_robot_interfaces) by extension 'colcon_pkg'
[1.593s] Level 1:colcon.colcon_core.package_identification:_identify(my_robot_interfaces) by extensions ['colcon_meta']
[1.593s] Level 1:colcon.colcon_core.package_identification:_identify(my_robot_interfaces) by extension 'colcon_meta'
[1.593s] Level 1:colcon.colcon_core.package_identification:_identify(my_robot_interfaces) by extensions ['ros']
[1.593s] Level 1:colcon.colcon_core.package_identification:_identify(my_robot_interfaces) by extension 'ros'
[1.594s] DEBUG:colcon.colcon_core.package_identification:Package 'my_robot_interfaces' with type 'ros.ament_cmake' and name 'my_robot_interfaces'
[1.594s] Level 1:colcon.colcon_core.package_discovery:discover_packages(recursive) using defaults
[1.594s] Level 1:colcon.colcon_core.package_discovery:discover_packages(ignore) discover
[1.594s] Level 1:colcon.colcon_core.package_discovery:discover_packages(ignore) using defaults
[1.594s] Level 1:colcon.colcon_core.package_discovery:discover_packages(path) discover
[1.594s] Level 1:colcon.colcon_core.package_discovery:discover_packages(path) using defaults
[1.683s] INFO:colcon.colcon_core.package_selection:Skipping not selected package 'my_cpp_pkg' in 'my_cpp_pkg'
[1.684s] INFO:colcon.colcon_core.package_selection:Skipping not selected package 'my_py_pkg' in 'my_py_pkg'
[1.750s] Level 1:colcon.colcon_core.package_discovery:discover_packages(prefix_path) check parameters
[1.750s] Level 1:colcon.colcon_core.package_discovery:discover_packages(prefix_path) discover
[1.771s] WARNING:colcon.colcon_core.prefix_path.colcon:The path '/home/prateek/ros2_ws/install' in the environment variable COLCON_PREFIX_PATH doesn't exist
[1.777s] WARNING:colcon.colcon_ros.prefix_path.ament:The path '/home/prateek/ros2_ws/install/my_py_pkg' in the environment variable AMENT_PREFIX_PATH doesn't exist
[1.777s] WARNING:colcon.colcon_ros.prefix_path.ament:The path '/home/prateek/ros2_ws/install/my_cpp_pkg' in the environment variable AMENT_PREFIX_PATH doesn't exist
[1.778s] WARNING:colcon.colcon_ros.prefix_path.ament:The path '/home/prateek/ros2_ws/install/my_robot_interfaces' in the environment variable AMENT_PREFIX_PATH doesn't exist
[1.780s] WARNING:colcon.colcon_ros.prefix_path.catkin:The path '/home/prateek/ros2_ws/install/my_cpp_pkg' in the environment variable CMAKE_PREFIX_PATH doesn't exist
[1.783s] WARNING:colcon.colcon_ros.prefix_path.catkin:The path '/home/prateek/ros2_ws/install/my_robot_interfaces' in the environment variable CMAKE_PREFIX_PATH doesn't exist
[1.815s] DEBUG:colcon.colcon_installed_package_information.package_discovery:Found 270 installed packages in /opt/ros/humble
[1.817s] Level 1:colcon.colcon_core.package_discovery:discover_packages(prefix_path) using defaults
[1.960s] Level 5:colcon.colcon_core.verb:set package 'my_robot_interfaces' build argument 'cmake_args' from command line to 'None'
[1.960s] Level 5:colcon.colcon_core.verb:set package 'my_robot_interfaces' build argument 'cmake_target' from command line to 'None'
[1.960s] Level 5:colcon.colcon_core.verb:set package 'my_robot_interfaces' build argument 'cmake_target_skip_unavailable' from command line to 'False'
[1.960s] Level 5:colcon.colcon_core.verb:set package 'my_robot_interfaces' build argument 'cmake_clean_cache' from command line to 'False'
[1.960s] Level 5:colcon.colcon_core.verb:set package 'my_robot_interfaces' build argument 'cmake_clean_first' from command line to 'False'
[1.961s] Level 5:colcon.colcon_core.verb:set package 'my_robot_interfaces' build argument 'cmake_force_configure' from command line to 'False'
[1.961s] Level 5:colcon.colcon_core.verb:set package 'my_robot_interfaces' build argument 'ament_cmake_args' from command line to 'None'
[1.961s] Level 5:colcon.colcon_core.verb:set package 'my_robot_interfaces' build argument 'catkin_cmake_args' from command line to 'None'
[1.961s] Level 5:colcon.colcon_core.verb:set package 'my_robot_interfaces' build argument 'catkin_skip_building_tests' from command line to 'False'
[1.961s] DEBUG:colcon.colcon_core.verb:Building package 'my_robot_interfaces' with the following arguments: {'ament_cmake_args': None, 'build_base': '/home/prateek/ros2_ws/src/build/my_robot_interfaces', 'catkin_cmake_args': None, 'catkin_skip_building_tests': False, 'cmake_args': None, 'cmake_clean_cache': False, 'cmake_clean_first': False, 'cmake_force_configure': False, 'cmake_target': None, 'cmake_target_skip_unavailable': False, 'install_base': '/home/prateek/ros2_ws/src/install/my_robot_interfaces', 'merge_install': False, 'path': '/home/prateek/ros2_ws/src/my_robot_interfaces', 'symlink_install': False, 'test_result_base': None}
[1.982s] INFO:colcon.colcon_core.executor:Executing jobs using 'parallel' executor
[2.016s] DEBUG:colcon.colcon_parallel_executor.executor.parallel:run_until_complete
[2.018s] INFO:colcon.colcon_ros.task.ament_cmake.build:Building ROS package in '/home/prateek/ros2_ws/src/my_robot_interfaces' with build type 'ament_cmake'
[2.020s] INFO:colcon.colcon_cmake.task.cmake.build:Building CMake package in '/home/prateek/ros2_ws/src/my_robot_interfaces'
[2.115s] INFO:colcon.colcon_core.plugin_system:Skipping extension 'colcon_core.shell.bat': Not used on non-Windows systems
[2.116s] INFO:colcon.colcon_core.shell:Skip shell extension 'powershell' for command environment: Not usable outside of PowerShell
[2.116s] DEBUG:colcon.colcon_core.shell:Skip shell extension 'dsv' for command environment
[2.217s] DEBUG:colcon.colcon_core.event_handler.log_command:Invoking command in '/home/prateek/ros2_ws/src/build/my_robot_interfaces': CMAKE_PREFIX_PATH=${CMAKE_PREFIX_PATH}:/home/prateek/ros2_ws/install/my_py_pkg:/opt/ros/humble /usr/bin/cmake /home/prateek/ros2_ws/src/my_robot_interfaces -DCMAKE_INSTALL_PREFIX=/home/prateek/ros2_ws/src/install/my_robot_interfaces
[5.709s] DEBUG:colcon.colcon_core.event_handler.log_command:Invoked command in '/home/prateek/ros2_ws/src/build/my_robot_interfaces' returned '0': CMAKE_PREFIX_PATH=${CMAKE_PREFIX_PATH}:/home/prateek/ros2_ws/install/my_py_pkg:/opt/ros/humble /usr/bin/cmake /home/prateek/ros2_ws/src/my_robot_interfaces -DCMAKE_INSTALL_PREFIX=/home/prateek/ros2_ws/src/install/my_robot_interfaces
[5.710s] DEBUG:colcon.colcon_core.event_handler.log_command:Invoking command in '/home/prateek/ros2_ws/src/build/my_robot_interfaces': CMAKE_PREFIX_PATH=${CMAKE_PREFIX_PATH}:/home/prateek/ros2_ws/install/my_py_pkg:/opt/ros/humble /usr/bin/cmake --build /home/prateek/ros2_ws/src/build/my_robot_interfaces -- -j2 -l2
[14.733s] DEBUG:colcon.colcon_core.event_handler.log_command:Invoked command in '/home/prateek/ros2_ws/src/build/my_robot_interfaces' returned '0': CMAKE_PREFIX_PATH=${CMAKE_PREFIX_PATH}:/home/prateek/ros2_ws/install/my_py_pkg:/opt/ros/humble /usr/bin/cmake --build /home/prateek/ros2_ws/src/build/my_robot_interfaces -- -j2 -l2
[15.198s] DEBUG:colcon.colcon_core.event_handler.log_command:Invoking command in '/home/prateek/ros2_ws/src/build/my_robot_interfaces': CMAKE_PREFIX_PATH=${CMAKE_PREFIX_PATH}:/home/prateek/ros2_ws/install/my_py_pkg:/opt/ros/humble /usr/bin/cmake --install /home/prateek/ros2_ws/src/build/my_robot_interfaces
[15.374s] Level 1:colcon.colcon_core.environment:create_environment_scripts_only(my_robot_interfaces)
[15.376s] DEBUG:colcon.colcon_core.event_handler.log_command:Invoked command in '/home/prateek/ros2_ws/src/build/my_robot_interfaces' returned '0': CMAKE_PREFIX_PATH=${CMAKE_PREFIX_PATH}:/home/prateek/ros2_ws/install/my_py_pkg:/opt/ros/humble /usr/bin/cmake --install /home/prateek/ros2_ws/src/build/my_robot_interfaces
[15.405s] Level 1:colcon.colcon_core.environment:checking '/home/prateek/ros2_ws/src/install/my_robot_interfaces' for CMake module files
[15.406s] Level 1:colcon.colcon_core.environment:checking '/home/prateek/ros2_ws/src/install/my_robot_interfaces' for CMake config files
[15.407s] Level 1:colcon.colcon_core.shell:create_environment_hook('my_robot_interfaces', 'cmake_prefix_path')
[15.430s] INFO:colcon.colcon_core.shell:Creating environment hook '/home/prateek/ros2_ws/src/install/my_robot_interfaces/share/my_robot_interfaces/hook/cmake_prefix_path.ps1'
[15.431s] INFO:colcon.colcon_core.shell:Creating environment descriptor '/home/prateek/ros2_ws/src/install/my_robot_interfaces/share/my_robot_interfaces/hook/cmake_prefix_path.dsv'
[15.431s] INFO:colcon.colcon_core.shell:Creating environment hook '/home/prateek/ros2_ws/src/install/my_robot_interfaces/share/my_robot_interfaces/hook/cmake_prefix_path.sh'
[15.433s] Level 1:colcon.colcon_core.environment:checking '/home/prateek/ros2_ws/src/install/my_robot_interfaces/lib'
[15.433s] Level 1:colcon.colcon_core.shell:create_environment_hook('my_robot_interfaces', 'ld_library_path_lib')
[15.461s] INFO:colcon.colcon_core.shell:Creating environment hook '/home/prateek/ros2_ws/src/install/my_robot_interfaces/share/my_robot_interfaces/hook/ld_library_path_lib.ps1'
[15.461s] INFO:colcon.colcon_core.shell:Creating environment descriptor '/home/prateek/ros2_ws/src/install/my_robot_interfaces/share/my_robot_interfaces/hook/ld_library_path_lib.dsv'
[15.462s] INFO:colcon.colcon_core.shell:Creating environment hook '/home/prateek/ros2_ws/src/install/my_robot_interfaces/share/my_robot_interfaces/hook/ld_library_path_lib.sh'
[15.462s] Level 1:colcon.colcon_core.environment:checking '/home/prateek/ros2_ws/src/install/my_robot_interfaces/bin'
[15.462s] Level 1:colcon.colcon_core.environment:checking '/home/prateek/ros2_ws/src/install/my_robot_interfaces/lib/pkgconfig/my_robot_interfaces.pc'
[15.463s] Level 1:colcon.colcon_core.environment:checking '/home/prateek/ros2_ws/src/install/my_robot_interfaces/lib/python3.10/site-packages'
[15.464s] Level 1:colcon.colcon_core.environment:checking '/home/prateek/ros2_ws/src/install/my_robot_interfaces/bin'
[15.497s] INFO:colcon.colcon_core.shell:Creating package script '/home/prateek/ros2_ws/src/install/my_robot_interfaces/share/my_robot_interfaces/package.ps1'
[15.499s] INFO:colcon.colcon_core.shell:Creating package descriptor '/home/prateek/ros2_ws/src/install/my_robot_interfaces/share/my_robot_interfaces/package.dsv'
[15.501s] INFO:colcon.colcon_core.shell:Creating package script '/home/prateek/ros2_ws/src/install/my_robot_interfaces/share/my_robot_interfaces/package.sh'
[15.503s] INFO:colcon.colcon_core.shell:Creating package script '/home/prateek/ros2_ws/src/install/my_robot_interfaces/share/my_robot_interfaces/package.bash'
[15.504s] INFO:colcon.colcon_core.shell:Creating package script '/home/prateek/ros2_ws/src/install/my_robot_interfaces/share/my_robot_interfaces/package.zsh'
[15.505s] Level 1:colcon.colcon_core.environment:create_file_with_runtime_dependencies(/home/prateek/ros2_ws/src/install/my_robot_interfaces/share/colcon-core/packages/my_robot_interfaces)
[15.984s] Level 1:colcon.colcon_core.environment:create_environment_scripts_only(my_robot_interfaces)
[16.004s] Level 1:colcon.colcon_core.environment:checking '/home/prateek/ros2_ws/src/install/my_robot_interfaces' for CMake module files
[16.005s] Level 1:colcon.colcon_core.environment:checking '/home/prateek/ros2_ws/src/install/my_robot_interfaces' for CMake config files
[16.005s] Level 1:colcon.colcon_core.shell:create_environment_hook('my_robot_interfaces', 'cmake_prefix_path')
[16.026s] INFO:colcon.colcon_core.shell:Creating environment hook '/home/prateek/ros2_ws/src/install/my_robot_interfaces/share/my_robot_interfaces/hook/cmake_prefix_path.ps1'
[16.027s] INFO:colcon.colcon_core.shell:Creating environment descriptor '/home/prateek/ros2_ws/src/install/my_robot_interfaces/share/my_robot_interfaces/hook/cmake_prefix_path.dsv'
[16.036s] INFO:colcon.colcon_core.shell:Creating environment hook '/home/prateek/ros2_ws/src/install/my_robot_interfaces/share/my_robot_interfaces/hook/cmake_prefix_path.sh'
[16.037s] Level 1:colcon.colcon_core.environment:checking '/home/prateek/ros2_ws/src/install/my_robot_interfaces/lib'
[16.038s] Level 1:colcon.colcon_core.shell:create_environment_hook('my_robot_interfaces', 'ld_library_path_lib')
[16.059s] INFO:colcon.colcon_core.shell:Creating environment hook '/home/prateek/ros2_ws/src/install/my_robot_interfaces/share/my_robot_interfaces/hook/ld_library_path_lib.ps1'
[16.059s] INFO:colcon.colcon_core.shell:Creating environment descriptor '/home/prateek/ros2_ws/src/install/my_robot_interfaces/share/my_robot_interfaces/hook/ld_library_path_lib.dsv'
[16.063s] INFO:colcon.colcon_core.shell:Creating environment hook '/home/prateek/ros2_ws/src/install/my_robot_interfaces/share/my_robot_interfaces/hook/ld_library_path_lib.sh'
[16.065s] Level 1:colcon.colcon_core.environment:checking '/home/prateek/ros2_ws/src/install/my_robot_interfaces/bin'
[16.065s] Level 1:colcon.colcon_core.environment:checking '/home/prateek/ros2_ws/src/install/my_robot_interfaces/lib/pkgconfig/my_robot_interfaces.pc'
[16.066s] Level 1:colcon.colcon_core.environment:checking '/home/prateek/ros2_ws/src/install/my_robot_interfaces/lib/python3.10/site-packages'
[16.068s] Level 1:colcon.colcon_core.environment:checking '/home/prateek/ros2_ws/src/install/my_robot_interfaces/bin'
[16.095s] INFO:colcon.colcon_core.shell:Creating package script '/home/prateek/ros2_ws/src/install/my_robot_interfaces/share/my_robot_interfaces/package.ps1'
[16.097s] INFO:colcon.colcon_core.shell:Creating package descriptor '/home/prateek/ros2_ws/src/install/my_robot_interfaces/share/my_robot_interfaces/package.dsv'
[16.100s] INFO:colcon.colcon_core.shell:Creating package script '/home/prateek/ros2_ws/src/install/my_robot_interfaces/share/my_robot_interfaces/package.sh'
[16.102s] INFO:colcon.colcon_core.shell:Creating package script '/home/prateek/ros2_ws/src/install/my_robot_interfaces/share/my_robot_interfaces/package.bash'
[16.109s] INFO:colcon.colcon_core.shell:Creating package script '/home/prateek/ros2_ws/src/install/my_robot_interfaces/share/my_robot_interfaces/package.zsh'
[16.111s] Level 1:colcon.colcon_core.environment:create_file_with_runtime_dependencies(/home/prateek/ros2_ws/src/install/my_robot_interfaces/share/colcon-core/packages/my_robot_interfaces)
[16.115s] DEBUG:colcon.colcon_parallel_executor.executor.parallel:closing loop
[16.116s] DEBUG:colcon.colcon_parallel_executor.executor.parallel:loop closed
[16.117s] DEBUG:colcon.colcon_parallel_executor.executor.parallel:run_until_complete finished with '0'
[16.118s] DEBUG:colcon.colcon_core.event_reactor:joining thread
[16.158s] INFO:colcon.colcon_core.plugin_system:Skipping extension 'colcon_notification.desktop_notification.terminal_notifier': Not used on non-Darwin systems
[16.158s] INFO:colcon.colcon_core.plugin_system:Skipping extension 'colcon_notification.desktop_notification.win32': Not used on non-Windows systems
[16.158s] INFO:colcon.colcon_notification.desktop_notification:Sending desktop notification using 'notify2'
[16.184s] DEBUG:colcon.colcon_core.event_reactor:joined thread
[16.229s] INFO:colcon.colcon_core.shell:Creating prefix script '/home/prateek/ros2_ws/src/install/local_setup.ps1'
[16.231s] INFO:colcon.colcon_core.shell:Creating prefix util module '/home/prateek/ros2_ws/src/install/_local_setup_util_ps1.py'
[16.235s] INFO:colcon.colcon_core.shell:Creating prefix chain script '/home/prateek/ros2_ws/src/install/setup.ps1'
[16.295s] INFO:colcon.colcon_core.shell:Creating prefix script '/home/prateek/ros2_ws/src/install/local_setup.sh'
[16.298s] INFO:colcon.colcon_core.shell:Creating prefix util module '/home/prateek/ros2_ws/src/install/_local_setup_util_sh.py'
[16.300s] INFO:colcon.colcon_core.shell:Creating prefix chain script '/home/prateek/ros2_ws/src/install/setup.sh'
[16.369s] INFO:colcon.colcon_core.shell:Creating prefix script '/home/prateek/ros2_ws/src/install/local_setup.bash'
[16.371s] INFO:colcon.colcon_core.shell:Creating prefix chain script '/home/prateek/ros2_ws/src/install/setup.bash'
[16.401s] INFO:colcon.colcon_core.shell:Creating prefix script '/home/prateek/ros2_ws/src/install/local_setup.zsh'
[16.402s] INFO:colcon.colcon_core.shell:Creating prefix chain script '/home/prateek/ros2_ws/src/install/setup.zsh'
