[0.005s] Invoking command in '/home/prateek/ros2_ws/build/my_robot_interfaces': /usr/bin/cmake /home/prateek/ros2_ws/src/my_robot_interfaces -DCMAKE_INSTALL_PREFIX=/home/prateek/ros2_ws/install/my_robot_interfaces
[0.059s] -- The C compiler identification is GNU 11.4.0
[0.117s] -- The CXX compiler identification is GNU 11.4.0
[0.124s] -- Detecting C compiler ABI info
[0.169s] -- Detecting C compiler ABI info - done
[0.174s] -- Check for working C compiler: /usr/bin/cc - skipped
[0.175s] -- Detecting C compile features
[0.175s] -- Detecting C compile features - done
[0.178s] -- Detecting CXX compiler ABI info
[0.229s] -- Detecting CXX compiler ABI info - done
[0.234s] -- Check for working CXX compiler: /usr/bin/c++ - skipped
[0.235s] -- Detecting CXX compile features
[0.235s] -- Detecting CXX compile features - done
[0.242s] [31mCMake Error at CMakeLists.txt:9 (find_package):
[0.242s]   By not providing "Findament_cmake.cmake" in CMAKE_MODULE_PATH this project
[0.242s]   has asked CMake to find a package configuration file provided by
[0.242s]   "ament_cmake", but CMake did not find one.
[0.242s] 
[0.242s]   Could not find a package configuration file provided by "ament_cmake" with
[0.242s]   any of the following names:
[0.242s] 
[0.242s]     ament_cmakeConfig.cmake
[0.242s]     ament_cmake-config.cmake
[0.242s] 
[0.242s]   Add the installation prefix of "ament_cmake" to CMAKE_PREFIX_PATH or set
[0.242s]   "ament_cmake_DIR" to a directory containing one of the above files.  If
[0.242s]   "ament_cmake" provides a separate development package or SDK, be sure it
[0.242s]   has been installed.
[0.242s] 
[0.242s] [0m
[0.243s] -- Configuring incomplete, errors occurred!
[0.243s] See also "/home/prateek/ros2_ws/build/my_robot_interfaces/CMakeFiles/CMakeOutput.log".
[0.244s] Invoked command in '/home/prateek/ros2_ws/build/my_robot_interfaces' returned '1': /usr/bin/cmake /home/prateek/ros2_ws/src/my_robot_interfaces -DCMAKE_INSTALL_PREFIX=/home/prateek/ros2_ws/install/my_robot_interfaces
