[1.658s] Invoking command in '/home/prateek/ros2_ws/build/my_py_pkg': PYTHONPATH=/home/prateek/ros2_ws/build/my_py_pkg/prefix_override:/home/prateek/ros2_ws/install/my_py_pkg/lib/python3.10/site-packages:${PYTHONPATH} /usr/bin/python3 setup.py develop --editable --build-directory /home/prateek/ros2_ws/build/my_py_pkg/build --no-deps install_data
[2.055s] running develop
[2.307s] running egg_info
[2.307s] writing my_py_pkg.egg-info/PKG-INFO
[2.316s] writing dependency_links to my_py_pkg.egg-info/dependency_links.txt
[2.316s] writing entry points to my_py_pkg.egg-info/entry_points.txt
[2.316s] writing requirements to my_py_pkg.egg-info/requires.txt
[2.316s] writing top-level names to my_py_pkg.egg-info/top_level.txt
[2.320s] reading manifest file 'my_py_pkg.egg-info/SOURCES.txt'
[2.329s] writing manifest file 'my_py_pkg.egg-info/SOURCES.txt'
[2.333s] running build_ext
[2.343s] Creating /home/prateek/ros2_ws/install/my_py_pkg/lib/python3.10/site-packages/my-py-pkg.egg-link (link to .)
[2.344s] Installing number_publisher = my_py_pkg.number_publisher:mainadd_two_ints_server script to /home/prateek/ros2_ws/install/my_py_pkg/lib/my_py_pkg
[2.345s] Installing py_node script to /home/prateek/ros2_ws/install/my_py_pkg/lib/my_py_pkg
[2.345s] Installing robot_news_station script to /home/prateek/ros2_ws/install/my_py_pkg/lib/my_py_pkg
[2.350s] Installing smartphone script to /home/prateek/ros2_ws/install/my_py_pkg/lib/my_py_pkg
[2.350s] 
[2.351s] Installed /home/prateek/ros2_ws/build/my_py_pkg
[2.351s] running install_data
[2.426s] Invoked command in '/home/prateek/ros2_ws/build/my_py_pkg' returned '0': PYTHONPATH=/home/prateek/ros2_ws/build/my_py_pkg/prefix_override:/home/prateek/ros2_ws/install/my_py_pkg/lib/python3.10/site-packages:${PYTHONPATH} /usr/bin/python3 setup.py develop --editable --build-directory /home/prateek/ros2_ws/build/my_py_pkg/build --no-deps install_data
