[1.798s] Invoking command in '/home/prateek/ros2_ws/build/my_py_pkg': CMAKE_PREFIX_PATH=/home/prateek/ros2_ws/install/my_robot_interfaces:/home/prateek/ros2_ws/install/my_cpp_pkg PYTHONPATH=/home/prateek/ros2_ws/build/my_py_pkg/prefix_override:/home/prateek/ros2_ws/install/my_py_pkg/lib/python3.10/site-packages:${PYTHONPATH} /usr/bin/python3 setup.py develop --uninstall --editable --build-directory /home/prateek/ros2_ws/build/my_py_pkg/build
[2.338s] running develop
[2.643s] Removing /home/prateek/ros2_ws/install/my_py_pkg/lib/python3.10/site-packages/my-py-pkg.egg-link (link to .)
[2.696s] Invoked command in '/home/prateek/ros2_ws/build/my_py_pkg' returned '0': CMAKE_PREFIX_PATH=/home/prateek/ros2_ws/install/my_robot_interfaces:/home/prateek/ros2_ws/install/my_cpp_pkg PYTHONPATH=/home/prateek/ros2_ws/build/my_py_pkg/prefix_override:/home/prateek/ros2_ws/install/my_py_pkg/lib/python3.10/site-packages:${PYTHONPATH} /usr/bin/python3 setup.py develop --uninstall --editable --build-directory /home/prateek/ros2_ws/build/my_py_pkg/build
[2.702s] Invoking command in '/home/prateek/ros2_ws/src/my_py_pkg': CMAKE_PREFIX_PATH=/home/prateek/ros2_ws/install/my_robot_interfaces:/home/prateek/ros2_ws/install/my_cpp_pkg PYTHONPATH=/home/prateek/ros2_ws/build/my_py_pkg/prefix_override:/home/prateek/ros2_ws/install/my_py_pkg/lib/python3.10/site-packages:${PYTHONPATH} /usr/bin/python3 setup.py egg_info --egg-base ../../build/my_py_pkg build --build-base /home/prateek/ros2_ws/build/my_py_pkg/build install --record /home/prateek/ros2_ws/build/my_py_pkg/install.log --single-version-externally-managed
[3.196s] running egg_info
[3.198s] writing ../../build/my_py_pkg/my_py_pkg.egg-info/PKG-INFO
[3.200s] writing dependency_links to ../../build/my_py_pkg/my_py_pkg.egg-info/dependency_links.txt
[3.201s] writing entry points to ../../build/my_py_pkg/my_py_pkg.egg-info/entry_points.txt
[3.203s] writing requirements to ../../build/my_py_pkg/my_py_pkg.egg-info/requires.txt
[3.204s] writing top-level names to ../../build/my_py_pkg/my_py_pkg.egg-info/top_level.txt
[3.210s] reading manifest file '../../build/my_py_pkg/my_py_pkg.egg-info/SOURCES.txt'
[3.212s] writing manifest file '../../build/my_py_pkg/my_py_pkg.egg-info/SOURCES.txt'
[3.213s] running build
[3.213s] running build_py
[3.216s] running install
[3.217s] running install_lib
[3.220s] creating /home/prateek/ros2_ws/install/my_py_pkg/lib/python3.10/site-packages/my_py_pkg
[3.220s] copying /home/prateek/ros2_ws/build/my_py_pkg/build/lib/my_py_pkg/add_two_ints_client_no_oop.py -> /home/prateek/ros2_ws/install/my_py_pkg/lib/python3.10/site-packages/my_py_pkg
[3.221s] copying /home/prateek/ros2_ws/build/my_py_pkg/build/lib/my_py_pkg/__init__.py -> /home/prateek/ros2_ws/install/my_py_pkg/lib/python3.10/site-packages/my_py_pkg
[3.221s] copying /home/prateek/ros2_ws/build/my_py_pkg/build/lib/my_py_pkg/add_two_ints_server.py -> /home/prateek/ros2_ws/install/my_py_pkg/lib/python3.10/site-packages/my_py_pkg
[3.222s] copying /home/prateek/ros2_ws/build/my_py_pkg/build/lib/my_py_pkg/add_two_ints_client.py -> /home/prateek/ros2_ws/install/my_py_pkg/lib/python3.10/site-packages/my_py_pkg
[3.222s] copying /home/prateek/ros2_ws/build/my_py_pkg/build/lib/my_py_pkg/smartphone.py -> /home/prateek/ros2_ws/install/my_py_pkg/lib/python3.10/site-packages/my_py_pkg
[3.223s] copying /home/prateek/ros2_ws/build/my_py_pkg/build/lib/my_py_pkg/robot_news_station.py -> /home/prateek/ros2_ws/install/my_py_pkg/lib/python3.10/site-packages/my_py_pkg
[3.223s] copying /home/prateek/ros2_ws/build/my_py_pkg/build/lib/my_py_pkg/template.py -> /home/prateek/ros2_ws/install/my_py_pkg/lib/python3.10/site-packages/my_py_pkg
[3.224s] copying /home/prateek/ros2_ws/build/my_py_pkg/build/lib/my_py_pkg/number_publisher.py -> /home/prateek/ros2_ws/install/my_py_pkg/lib/python3.10/site-packages/my_py_pkg
[3.224s] copying /home/prateek/ros2_ws/build/my_py_pkg/build/lib/my_py_pkg/my_first_node.py -> /home/prateek/ros2_ws/install/my_py_pkg/lib/python3.10/site-packages/my_py_pkg
[3.225s] copying /home/prateek/ros2_ws/build/my_py_pkg/build/lib/my_py_pkg/hw_status_publisher.py -> /home/prateek/ros2_ws/install/my_py_pkg/lib/python3.10/site-packages/my_py_pkg
[3.227s] byte-compiling /home/prateek/ros2_ws/install/my_py_pkg/lib/python3.10/site-packages/my_py_pkg/add_two_ints_client_no_oop.py to add_two_ints_client_no_oop.cpython-310.pyc
[3.228s] byte-compiling /home/prateek/ros2_ws/install/my_py_pkg/lib/python3.10/site-packages/my_py_pkg/__init__.py to __init__.cpython-310.pyc
[3.228s] byte-compiling /home/prateek/ros2_ws/install/my_py_pkg/lib/python3.10/site-packages/my_py_pkg/add_two_ints_server.py to add_two_ints_server.cpython-310.pyc
[3.229s] byte-compiling /home/prateek/ros2_ws/install/my_py_pkg/lib/python3.10/site-packages/my_py_pkg/add_two_ints_client.py to add_two_ints_client.cpython-310.pyc
[3.230s] byte-compiling /home/prateek/ros2_ws/install/my_py_pkg/lib/python3.10/site-packages/my_py_pkg/smartphone.py to smartphone.cpython-310.pyc
[3.230s] byte-compiling /home/prateek/ros2_ws/install/my_py_pkg/lib/python3.10/site-packages/my_py_pkg/robot_news_station.py to robot_news_station.cpython-310.pyc
[3.232s] byte-compiling /home/prateek/ros2_ws/install/my_py_pkg/lib/python3.10/site-packages/my_py_pkg/template.py to template.cpython-310.pyc
[3.232s] byte-compiling /home/prateek/ros2_ws/install/my_py_pkg/lib/python3.10/site-packages/my_py_pkg/number_publisher.py to number_publisher.cpython-310.pyc
[3.233s] byte-compiling /home/prateek/ros2_ws/install/my_py_pkg/lib/python3.10/site-packages/my_py_pkg/my_first_node.py to my_first_node.cpython-310.pyc
[3.234s] byte-compiling /home/prateek/ros2_ws/install/my_py_pkg/lib/python3.10/site-packages/my_py_pkg/hw_status_publisher.py to hw_status_publisher.cpython-310.pyc
[3.238s] running install_data
[3.238s] running install_egg_info
[3.240s] Copying ../../build/my_py_pkg/my_py_pkg.egg-info to /home/prateek/ros2_ws/install/my_py_pkg/lib/python3.10/site-packages/my_py_pkg-0.0.0-py3.10.egg-info
[3.242s] running install_scripts
[3.278s] Installing add_two_ints_client script to /home/prateek/ros2_ws/install/my_py_pkg/lib/my_py_pkg
[3.280s] Installing add_two_ints_client_no_oop script to /home/prateek/ros2_ws/install/my_py_pkg/lib/my_py_pkg
[3.281s] Installing add_two_ints_server script to /home/prateek/ros2_ws/install/my_py_pkg/lib/my_py_pkg
[3.283s] Installing hw_status_publisher script to /home/prateek/ros2_ws/install/my_py_pkg/lib/my_py_pkg
[3.284s] Installing number_publisher script to /home/prateek/ros2_ws/install/my_py_pkg/lib/my_py_pkg
[3.286s] Installing py_node script to /home/prateek/ros2_ws/install/my_py_pkg/lib/my_py_pkg
[3.288s] Installing robot_news_station script to /home/prateek/ros2_ws/install/my_py_pkg/lib/my_py_pkg
[3.289s] Installing smartphone script to /home/prateek/ros2_ws/install/my_py_pkg/lib/my_py_pkg
[3.291s] writing list of installed files to '/home/prateek/ros2_ws/build/my_py_pkg/install.log'
[3.353s] Invoked command in '/home/prateek/ros2_ws/src/my_py_pkg' returned '0': CMAKE_PREFIX_PATH=/home/prateek/ros2_ws/install/my_robot_interfaces:/home/prateek/ros2_ws/install/my_cpp_pkg PYTHONPATH=/home/prateek/ros2_ws/build/my_py_pkg/prefix_override:/home/prateek/ros2_ws/install/my_py_pkg/lib/python3.10/site-packages:${PYTHONPATH} /usr/bin/python3 setup.py egg_info --egg-base ../../build/my_py_pkg build --build-base /home/prateek/ros2_ws/build/my_py_pkg/build install --record /home/prateek/ros2_ws/build/my_py_pkg/install.log --single-version-externally-managed
