[0.584s] Invoking command in '/home/prateek/ros2_ws/build/my_py_pkg': CMAKE_PREFIX_PATH=/home/prateek/ros2_ws/install/my_robot_interfaces:/home/prateek/ros2_ws/install/my_robot_bringup:/home/prateek/ros2_ws/install/my_cpp_pkg PYTHONPATH=/home/prateek/ros2_ws/build/my_py_pkg/prefix_override:/home/prateek/ros2_ws/install/my_py_pkg/lib/python3.10/site-packages:${PYTHONPATH} /usr/bin/python3 -W ignore:setup.py install is deprecated setup.py develop --editable --build-directory /home/prateek/ros2_ws/build/my_py_pkg/build --no-deps symlink_data
[0.819s] running develop
[0.927s] running egg_info
[0.927s] creating my_py_pkg.egg-info
[0.927s] writing my_py_pkg.egg-info/PKG-INFO
[0.927s] writing dependency_links to my_py_pkg.egg-info/dependency_links.txt
[0.928s] writing entry points to my_py_pkg.egg-info/entry_points.txt
[0.928s] writing requirements to my_py_pkg.egg-info/requires.txt
[0.928s] writing top-level names to my_py_pkg.egg-info/top_level.txt
[0.928s] writing manifest file 'my_py_pkg.egg-info/SOURCES.txt'
[0.929s] reading manifest file 'my_py_pkg.egg-info/SOURCES.txt'
[0.930s] writing manifest file 'my_py_pkg.egg-info/SOURCES.txt'
[0.931s] running build_ext
[0.931s] Creating /home/prateek/ros2_ws/install/my_py_pkg/lib/python3.10/site-packages/my-py-pkg.egg-link (link to .)
[0.932s] Installing add_two_ints_client script to /home/prateek/ros2_ws/install/my_py_pkg/lib/my_py_pkg
[0.932s] Installing add_two_ints_client_no_oop script to /home/prateek/ros2_ws/install/my_py_pkg/lib/my_py_pkg
[0.932s] Installing add_two_ints_server script to /home/prateek/ros2_ws/install/my_py_pkg/lib/my_py_pkg
[0.932s] Installing hw_status_publisher script to /home/prateek/ros2_ws/install/my_py_pkg/lib/my_py_pkg
[0.932s] Installing number_publisher script to /home/prateek/ros2_ws/install/my_py_pkg/lib/my_py_pkg
[0.933s] Installing py_node script to /home/prateek/ros2_ws/install/my_py_pkg/lib/my_py_pkg
[0.933s] Installing robot_news_station script to /home/prateek/ros2_ws/install/my_py_pkg/lib/my_py_pkg
[0.933s] Installing smartphone script to /home/prateek/ros2_ws/install/my_py_pkg/lib/my_py_pkg
[0.933s] 
[0.933s] Installed /home/prateek/ros2_ws/build/my_py_pkg
[0.933s] running symlink_data
[0.956s] Invoked command in '/home/prateek/ros2_ws/build/my_py_pkg' returned '0': CMAKE_PREFIX_PATH=/home/prateek/ros2_ws/install/my_robot_interfaces:/home/prateek/ros2_ws/install/my_robot_bringup:/home/prateek/ros2_ws/install/my_cpp_pkg PYTHONPATH=/home/prateek/ros2_ws/build/my_py_pkg/prefix_override:/home/prateek/ros2_ws/install/my_py_pkg/lib/python3.10/site-packages:${PYTHONPATH} /usr/bin/python3 -W ignore:setup.py install is deprecated setup.py develop --editable --build-directory /home/prateek/ros2_ws/build/my_py_pkg/build --no-deps symlink_data
