[1.556s] Invoking command in '/home/prateek/ros2_ws/build/my_py_pkg': PYTHONPATH=/home/prateek/ros2_ws/build/my_py_pkg/prefix_override:/home/prateek/ros2_ws/install/my_py_pkg/lib/python3.10/site-packages:${PYTHONPATH} /usr/bin/python3 setup.py develop --editable --build-directory /home/prateek/ros2_ws/build/my_py_pkg/build --no-deps install_data
[2.077s] running develop
[2.396s] running egg_info
[2.397s] writing my_py_pkg.egg-info/PKG-INFO
[2.402s] writing dependency_links to my_py_pkg.egg-info/dependency_links.txt
[2.402s] writing entry points to my_py_pkg.egg-info/entry_points.txt
[2.402s] writing requirements to my_py_pkg.egg-info/requires.txt
[2.406s] writing top-level names to my_py_pkg.egg-info/top_level.txt
[2.411s] reading manifest file 'my_py_pkg.egg-info/SOURCES.txt'
[2.434s] writing manifest file 'my_py_pkg.egg-info/SOURCES.txt'
[2.434s] running build_ext
[2.434s] Creating /home/prateek/ros2_ws/install/my_py_pkg/lib/python3.10/site-packages/my-py-pkg.egg-link (link to .)
[2.435s] Installing add_two_ints_client script to /home/prateek/ros2_ws/install/my_py_pkg/lib/my_py_pkg
[2.435s] Installing add_two_ints_client_no_oop script to /home/prateek/ros2_ws/install/my_py_pkg/lib/my_py_pkg
[2.436s] Installing add_two_ints_server script to /home/prateek/ros2_ws/install/my_py_pkg/lib/my_py_pkg
[2.437s] Installing number_publisher script to /home/prateek/ros2_ws/install/my_py_pkg/lib/my_py_pkg
[2.437s] Installing py_node script to /home/prateek/ros2_ws/install/my_py_pkg/lib/my_py_pkg
[2.437s] Installing robot_news_station script to /home/prateek/ros2_ws/install/my_py_pkg/lib/my_py_pkg
[2.437s] Installing smartphone script to /home/prateek/ros2_ws/install/my_py_pkg/lib/my_py_pkg
[2.437s] 
[2.437s] Installed /home/prateek/ros2_ws/build/my_py_pkg
[2.437s] running install_data
[2.537s] Invoked command in '/home/prateek/ros2_ws/build/my_py_pkg' returned '0': PYTHONPATH=/home/prateek/ros2_ws/build/my_py_pkg/prefix_override:/home/prateek/ros2_ws/install/my_py_pkg/lib/python3.10/site-packages:${PYTHONPATH} /usr/bin/python3 setup.py develop --editable --build-directory /home/prateek/ros2_ws/build/my_py_pkg/build --no-deps install_data
