[1.742s] Invoking command in '/home/prateek/ros2_ws/build/my_py_pkg': PYTHONPATH=/home/prateek/ros2_ws/build/my_py_pkg/prefix_override:/home/prateek/ros2_ws/install/my_py_pkg/lib/python3.10/site-packages:${PYTHONPATH} /usr/bin/python3 setup.py develop --editable --build-directory /home/prateek/ros2_ws/build/my_py_pkg/build --no-deps install_data
[2.163s] running develop
[2.539s] running egg_info
[2.539s] writing my_py_pkg.egg-info/PKG-INFO
[2.542s] writing dependency_links to my_py_pkg.egg-info/dependency_links.txt
[2.543s] writing entry points to my_py_pkg.egg-info/entry_points.txt
[2.544s] writing requirements to my_py_pkg.egg-info/requires.txt
[2.546s] writing top-level names to my_py_pkg.egg-info/top_level.txt
[2.551s] reading manifest file 'my_py_pkg.egg-info/SOURCES.txt'
[2.552s] writing manifest file 'my_py_pkg.egg-info/SOURCES.txt'
[2.556s] running build_ext
[2.556s] Creating /home/prateek/ros2_ws/install/my_py_pkg/lib/python3.10/site-packages/my-py-pkg.egg-link (link to .)
[2.559s] Installing number_publisher script to /home/prateek/ros2_ws/install/my_py_pkg/lib/my_py_pkg
[2.560s] Installing py_node script to /home/prateek/ros2_ws/install/my_py_pkg/lib/my_py_pkg
[2.560s] Installing robot_news_station script to /home/prateek/ros2_ws/install/my_py_pkg/lib/my_py_pkg
[2.560s] Installing smartphone script to /home/prateek/ros2_ws/install/my_py_pkg/lib/my_py_pkg
[2.561s] 
[2.561s] Installed /home/prateek/ros2_ws/build/my_py_pkg
[2.561s] running install_data
[2.633s] Invoked command in '/home/prateek/ros2_ws/build/my_py_pkg' returned '0': PYTHONPATH=/home/prateek/ros2_ws/build/my_py_pkg/prefix_override:/home/prateek/ros2_ws/install/my_py_pkg/lib/python3.10/site-packages:${PYTHONPATH} /usr/bin/python3 setup.py develop --editable --build-directory /home/prateek/ros2_ws/build/my_py_pkg/build --no-deps install_data
