[1.487s] Invoking command in '/home/prateek/ros2_ws/build/my_py_pkg': PYTHONPATH=/home/prateek/ros2_ws/build/my_py_pkg/prefix_override:/home/prateek/ros2_ws/install/my_py_pkg/lib/python3.10/site-packages:${PYTHONPATH} /usr/bin/python3 setup.py develop --editable --build-directory /home/prateek/ros2_ws/build/my_py_pkg/build --no-deps install_data
[2.033s] running develop
[2.287s] running egg_info
[2.287s] writing my_py_pkg.egg-info/PKG-INFO
[2.287s] writing dependency_links to my_py_pkg.egg-info/dependency_links.txt
[2.287s] writing entry points to my_py_pkg.egg-info/entry_points.txt
[2.287s] writing requirements to my_py_pkg.egg-info/requires.txt
[2.287s] writing top-level names to my_py_pkg.egg-info/top_level.txt
[2.288s] reading manifest file 'my_py_pkg.egg-info/SOURCES.txt'
[2.301s] writing manifest file 'my_py_pkg.egg-info/SOURCES.txt'
[2.301s] running build_ext
[2.301s] Creating /home/prateek/ros2_ws/install/my_py_pkg/lib/python3.10/site-packages/my-py-pkg.egg-link (link to .)
[2.310s] Installing add_two_ints_server script to /home/prateek/ros2_ws/install/my_py_pkg/lib/my_py_pkg
[2.310s] Installing number_publisher script to /home/prateek/ros2_ws/install/my_py_pkg/lib/my_py_pkg
[2.310s] Installing py_node script to /home/prateek/ros2_ws/install/my_py_pkg/lib/my_py_pkg
[2.310s] Installing robot_news_station script to /home/prateek/ros2_ws/install/my_py_pkg/lib/my_py_pkg
[2.310s] Installing smartphone script to /home/prateek/ros2_ws/install/my_py_pkg/lib/my_py_pkg
[2.311s] 
[2.311s] Installed /home/prateek/ros2_ws/build/my_py_pkg
[2.311s] running install_data
[2.396s] Invoked command in '/home/prateek/ros2_ws/build/my_py_pkg' returned '0': PYTHONPATH=/home/prateek/ros2_ws/build/my_py_pkg/prefix_override:/home/prateek/ros2_ws/install/my_py_pkg/lib/python3.10/site-packages:${PYTHONPATH} /usr/bin/python3 setup.py develop --editable --build-directory /home/prateek/ros2_ws/build/my_py_pkg/build --no-deps install_data
