[0.679s] DEBUG:colcon:Command line arguments: ['/usr/bin/colcon', 'build']
[0.679s] DEBUG:colcon:Parsed command line arguments: Namespace(log_base=None, log_level=None, verb_name='build', build_base='build', install_base='install', merge_install=False, symlink_install=False, test_result_base=None, continue_on_error=False, executor='parallel', parallel_workers=4, event_handlers=None, ignore_user_meta=False, metas=['./colcon.meta'], base_paths=['.'], packages_ignore=None, packages_ignore_regex=None, paths=None, packages_up_to=None, packages_up_to_regex=None, packages_above=None, packages_above_and_dependencies=None, packages_above_depth=None, packages_select_by_dep=None, packages_skip_by_dep=None, packages_skip_up_to=None, packages_select_build_failed=False, packages_skip_build_finished=False, packages_select_test_failures=False, packages_skip_test_passed=False, packages_select=None, packages_skip=None, packages_select_regex=None, packages_skip_regex=None, packages_start=None, packages_end=None, allow_overriding=[], cmake_args=None, cmake_target=None, cmake_target_skip_unavailable=False, cmake_clean_cache=False, cmake_clean_first=False, cmake_force_configure=False, ament_cmake_args=None, catkin_cmake_args=None, catkin_skip_building_tests=False, verb_parser=<colcon_defaults.argument_parser.defaults.DefaultArgumentsDecorator object at 0xffff7fefc610>, verb_extension=<colcon_core.verb.build.BuildVerb object at 0xffff80302800>, main=<bound method BuildVerb.main of <colcon_core.verb.build.BuildVerb object at 0xffff80302800>>)
[0.713s] Level 1:colcon.colcon_core.package_discovery:discover_packages(colcon_meta) check parameters
[0.715s] Level 1:colcon.colcon_core.package_discovery:discover_packages(recursive) check parameters
[0.715s] Level 1:colcon.colcon_core.package_discovery:discover_packages(ignore) check parameters
[0.715s] Level 1:colcon.colcon_core.package_discovery:discover_packages(path) check parameters
[0.715s] Level 1:colcon.colcon_core.package_discovery:discover_packages(colcon_meta) discover
[0.715s] Level 1:colcon.colcon_core.package_discovery:discover_packages(recursive) discover
[0.715s] INFO:colcon.colcon_core.package_discovery:Crawling recursively for packages in '/home/prateek/ros2_ws'
[0.715s] Level 1:colcon.colcon_core.package_identification:_identify(.) by extensions ['ignore', 'ignore_ament_install']
[0.715s] Level 1:colcon.colcon_core.package_identification:_identify(.) by extension 'ignore'
[0.715s] Level 1:colcon.colcon_core.package_identification:_identify(.) by extension 'ignore_ament_install'
[0.715s] Level 1:colcon.colcon_core.package_identification:_identify(.) by extensions ['colcon_pkg']
[0.715s] Level 1:colcon.colcon_core.package_identification:_identify(.) by extension 'colcon_pkg'
[0.715s] Level 1:colcon.colcon_core.package_identification:_identify(.) by extensions ['colcon_meta']
[0.715s] Level 1:colcon.colcon_core.package_identification:_identify(.) by extension 'colcon_meta'
[0.715s] Level 1:colcon.colcon_core.package_identification:_identify(.) by extensions ['ros']
[0.715s] Level 1:colcon.colcon_core.package_identification:_identify(.) by extension 'ros'
[0.727s] Level 1:colcon.colcon_core.package_identification:_identify(.) by extensions ['cmake', 'python']
[0.727s] Level 1:colcon.colcon_core.package_identification:_identify(.) by extension 'cmake'
[0.727s] Level 1:colcon.colcon_core.package_identification:_identify(.) by extension 'python'
[0.727s] Level 1:colcon.colcon_core.package_identification:_identify(.) by extensions ['python_setup_py']
[0.727s] Level 1:colcon.colcon_core.package_identification:_identify(.) by extension 'python_setup_py'
[0.727s] Level 1:colcon.colcon_core.package_identification:_identify(Screenshots) by extensions ['ignore', 'ignore_ament_install']
[0.727s] Level 1:colcon.colcon_core.package_identification:_identify(Screenshots) by extension 'ignore'
[0.727s] Level 1:colcon.colcon_core.package_identification:_identify(Screenshots) by extension 'ignore_ament_install'
[0.727s] Level 1:colcon.colcon_core.package_identification:_identify(Screenshots) by extensions ['colcon_pkg']
[0.727s] Level 1:colcon.colcon_core.package_identification:_identify(Screenshots) by extension 'colcon_pkg'
[0.727s] Level 1:colcon.colcon_core.package_identification:_identify(Screenshots) by extensions ['colcon_meta']
[0.727s] Level 1:colcon.colcon_core.package_identification:_identify(Screenshots) by extension 'colcon_meta'
[0.727s] Level 1:colcon.colcon_core.package_identification:_identify(Screenshots) by extensions ['ros']
[0.727s] Level 1:colcon.colcon_core.package_identification:_identify(Screenshots) by extension 'ros'
[0.727s] Level 1:colcon.colcon_core.package_identification:_identify(Screenshots) by extensions ['cmake', 'python']
[0.727s] Level 1:colcon.colcon_core.package_identification:_identify(Screenshots) by extension 'cmake'
[0.727s] Level 1:colcon.colcon_core.package_identification:_identify(Screenshots) by extension 'python'
[0.727s] Level 1:colcon.colcon_core.package_identification:_identify(Screenshots) by extensions ['python_setup_py']
[0.727s] Level 1:colcon.colcon_core.package_identification:_identify(Screenshots) by extension 'python_setup_py'
[0.727s] Level 1:colcon.colcon_core.package_identification:_identify(build) by extensions ['ignore', 'ignore_ament_install']
[0.727s] Level 1:colcon.colcon_core.package_identification:_identify(build) by extension 'ignore'
[0.727s] Level 1:colcon.colcon_core.package_identification:_identify(build) ignored
[0.728s] Level 1:colcon.colcon_core.package_identification:_identify(install) by extensions ['ignore', 'ignore_ament_install']
[0.728s] Level 1:colcon.colcon_core.package_identification:_identify(install) by extension 'ignore'
[0.728s] Level 1:colcon.colcon_core.package_identification:_identify(install) ignored
[0.728s] Level 1:colcon.colcon_core.package_identification:_identify(log) by extensions ['ignore', 'ignore_ament_install']
[0.728s] Level 1:colcon.colcon_core.package_identification:_identify(log) by extension 'ignore'
[0.728s] Level 1:colcon.colcon_core.package_identification:_identify(log) ignored
[0.728s] Level 1:colcon.colcon_core.package_identification:_identify(src) by extensions ['ignore', 'ignore_ament_install']
[0.728s] Level 1:colcon.colcon_core.package_identification:_identify(src) by extension 'ignore'
[0.728s] Level 1:colcon.colcon_core.package_identification:_identify(src) by extension 'ignore_ament_install'
[0.728s] Level 1:colcon.colcon_core.package_identification:_identify(src) by extensions ['colcon_pkg']
[0.728s] Level 1:colcon.colcon_core.package_identification:_identify(src) by extension 'colcon_pkg'
[0.728s] Level 1:colcon.colcon_core.package_identification:_identify(src) by extensions ['colcon_meta']
[0.728s] Level 1:colcon.colcon_core.package_identification:_identify(src) by extension 'colcon_meta'
[0.728s] Level 1:colcon.colcon_core.package_identification:_identify(src) by extensions ['ros']
[0.728s] Level 1:colcon.colcon_core.package_identification:_identify(src) by extension 'ros'
[0.728s] Level 1:colcon.colcon_core.package_identification:_identify(src) by extensions ['cmake', 'python']
[0.728s] Level 1:colcon.colcon_core.package_identification:_identify(src) by extension 'cmake'
[0.728s] Level 1:colcon.colcon_core.package_identification:_identify(src) by extension 'python'
[0.728s] Level 1:colcon.colcon_core.package_identification:_identify(src) by extensions ['python_setup_py']
[0.728s] Level 1:colcon.colcon_core.package_identification:_identify(src) by extension 'python_setup_py'
[0.728s] Level 1:colcon.colcon_core.package_identification:_identify(src/build) by extensions ['ignore', 'ignore_ament_install']
[0.728s] Level 1:colcon.colcon_core.package_identification:_identify(src/build) by extension 'ignore'
[0.728s] Level 1:colcon.colcon_core.package_identification:_identify(src/build) ignored
[0.729s] Level 1:colcon.colcon_core.package_identification:_identify(src/install) by extensions ['ignore', 'ignore_ament_install']
[0.729s] Level 1:colcon.colcon_core.package_identification:_identify(src/install) by extension 'ignore'
[0.729s] Level 1:colcon.colcon_core.package_identification:_identify(src/install) ignored
[0.729s] Level 1:colcon.colcon_core.package_identification:_identify(src/log) by extensions ['ignore', 'ignore_ament_install']
[0.729s] Level 1:colcon.colcon_core.package_identification:_identify(src/log) by extension 'ignore'
[0.729s] Level 1:colcon.colcon_core.package_identification:_identify(src/log) ignored
[0.729s] Level 1:colcon.colcon_core.package_identification:_identify(src/my_cpp_pkg) by extensions ['ignore', 'ignore_ament_install']
[0.729s] Level 1:colcon.colcon_core.package_identification:_identify(src/my_cpp_pkg) by extension 'ignore'
[0.729s] Level 1:colcon.colcon_core.package_identification:_identify(src/my_cpp_pkg) by extension 'ignore_ament_install'
[0.729s] Level 1:colcon.colcon_core.package_identification:_identify(src/my_cpp_pkg) by extensions ['colcon_pkg']
[0.729s] Level 1:colcon.colcon_core.package_identification:_identify(src/my_cpp_pkg) by extension 'colcon_pkg'
[0.729s] Level 1:colcon.colcon_core.package_identification:_identify(src/my_cpp_pkg) by extensions ['colcon_meta']
[0.729s] Level 1:colcon.colcon_core.package_identification:_identify(src/my_cpp_pkg) by extension 'colcon_meta'
[0.729s] Level 1:colcon.colcon_core.package_identification:_identify(src/my_cpp_pkg) by extensions ['ros']
[0.729s] Level 1:colcon.colcon_core.package_identification:_identify(src/my_cpp_pkg) by extension 'ros'
[0.731s] DEBUG:colcon.colcon_core.package_identification:Package 'src/my_cpp_pkg' with type 'ros.ament_cmake' and name 'my_cpp_pkg'
[0.731s] Level 1:colcon.colcon_core.package_identification:_identify(src/my_py_pkg) by extensions ['ignore', 'ignore_ament_install']
[0.731s] Level 1:colcon.colcon_core.package_identification:_identify(src/my_py_pkg) by extension 'ignore'
[0.732s] Level 1:colcon.colcon_core.package_identification:_identify(src/my_py_pkg) by extension 'ignore_ament_install'
[0.732s] Level 1:colcon.colcon_core.package_identification:_identify(src/my_py_pkg) by extensions ['colcon_pkg']
[0.732s] Level 1:colcon.colcon_core.package_identification:_identify(src/my_py_pkg) by extension 'colcon_pkg'
[0.732s] Level 1:colcon.colcon_core.package_identification:_identify(src/my_py_pkg) by extensions ['colcon_meta']
[0.732s] Level 1:colcon.colcon_core.package_identification:_identify(src/my_py_pkg) by extension 'colcon_meta'
[0.732s] Level 1:colcon.colcon_core.package_identification:_identify(src/my_py_pkg) by extensions ['ros']
[0.732s] Level 1:colcon.colcon_core.package_identification:_identify(src/my_py_pkg) by extension 'ros'
[0.732s] DEBUG:colcon.colcon_core.package_identification:Package 'src/my_py_pkg' with type 'ros.ament_python' and name 'my_py_pkg'
[0.732s] Level 1:colcon.colcon_core.package_identification:_identify(src/my_robot_bringup) by extensions ['ignore', 'ignore_ament_install']
[0.732s] Level 1:colcon.colcon_core.package_identification:_identify(src/my_robot_bringup) by extension 'ignore'
[0.733s] Level 1:colcon.colcon_core.package_identification:_identify(src/my_robot_bringup) by extension 'ignore_ament_install'
[0.733s] Level 1:colcon.colcon_core.package_identification:_identify(src/my_robot_bringup) by extensions ['colcon_pkg']
[0.733s] Level 1:colcon.colcon_core.package_identification:_identify(src/my_robot_bringup) by extension 'colcon_pkg'
[0.733s] Level 1:colcon.colcon_core.package_identification:_identify(src/my_robot_bringup) by extensions ['colcon_meta']
[0.733s] Level 1:colcon.colcon_core.package_identification:_identify(src/my_robot_bringup) by extension 'colcon_meta'
[0.733s] Level 1:colcon.colcon_core.package_identification:_identify(src/my_robot_bringup) by extensions ['ros']
[0.733s] Level 1:colcon.colcon_core.package_identification:_identify(src/my_robot_bringup) by extension 'ros'
[0.733s] DEBUG:colcon.colcon_core.package_identification:Package 'src/my_robot_bringup' with type 'ros.ament_cmake' and name 'my_robot_bringup'
[0.733s] Level 1:colcon.colcon_core.package_identification:_identify(src/my_robot_interfaces) by extensions ['ignore', 'ignore_ament_install']
[0.733s] Level 1:colcon.colcon_core.package_identification:_identify(src/my_robot_interfaces) by extension 'ignore'
[0.733s] Level 1:colcon.colcon_core.package_identification:_identify(src/my_robot_interfaces) by extension 'ignore_ament_install'
[0.733s] Level 1:colcon.colcon_core.package_identification:_identify(src/my_robot_interfaces) by extensions ['colcon_pkg']
[0.733s] Level 1:colcon.colcon_core.package_identification:_identify(src/my_robot_interfaces) by extension 'colcon_pkg'
[0.733s] Level 1:colcon.colcon_core.package_identification:_identify(src/my_robot_interfaces) by extensions ['colcon_meta']
[0.733s] Level 1:colcon.colcon_core.package_identification:_identify(src/my_robot_interfaces) by extension 'colcon_meta'
[0.733s] Level 1:colcon.colcon_core.package_identification:_identify(src/my_robot_interfaces) by extensions ['ros']
[0.733s] Level 1:colcon.colcon_core.package_identification:_identify(src/my_robot_interfaces) by extension 'ros'
[0.734s] DEBUG:colcon.colcon_core.package_identification:Package 'src/my_robot_interfaces' with type 'ros.ament_cmake' and name 'my_robot_interfaces'
[0.734s] Level 1:colcon.colcon_core.package_discovery:discover_packages(recursive) using defaults
[0.734s] Level 1:colcon.colcon_core.package_discovery:discover_packages(ignore) discover
[0.734s] Level 1:colcon.colcon_core.package_discovery:discover_packages(ignore) using defaults
[0.734s] Level 1:colcon.colcon_core.package_discovery:discover_packages(path) discover
[0.734s] Level 1:colcon.colcon_core.package_discovery:discover_packages(path) using defaults
[0.799s] Level 1:colcon.colcon_core.package_discovery:discover_packages(prefix_path) check parameters
[0.799s] Level 1:colcon.colcon_core.package_discovery:discover_packages(prefix_path) discover
[0.827s] DEBUG:colcon.colcon_installed_package_information.package_discovery:Found 270 installed packages in /opt/ros/humble
[0.828s] Level 1:colcon.colcon_core.package_discovery:discover_packages(prefix_path) using defaults
[0.900s] Level 5:colcon.colcon_core.verb:set package 'my_robot_interfaces' build argument 'cmake_args' from command line to 'None'
[0.900s] Level 5:colcon.colcon_core.verb:set package 'my_robot_interfaces' build argument 'cmake_target' from command line to 'None'
[0.900s] Level 5:colcon.colcon_core.verb:set package 'my_robot_interfaces' build argument 'cmake_target_skip_unavailable' from command line to 'False'
[0.900s] Level 5:colcon.colcon_core.verb:set package 'my_robot_interfaces' build argument 'cmake_clean_cache' from command line to 'False'
[0.900s] Level 5:colcon.colcon_core.verb:set package 'my_robot_interfaces' build argument 'cmake_clean_first' from command line to 'False'
[0.900s] Level 5:colcon.colcon_core.verb:set package 'my_robot_interfaces' build argument 'cmake_force_configure' from command line to 'False'
[0.900s] Level 5:colcon.colcon_core.verb:set package 'my_robot_interfaces' build argument 'ament_cmake_args' from command line to 'None'
[0.900s] Level 5:colcon.colcon_core.verb:set package 'my_robot_interfaces' build argument 'catkin_cmake_args' from command line to 'None'
[0.900s] Level 5:colcon.colcon_core.verb:set package 'my_robot_interfaces' build argument 'catkin_skip_building_tests' from command line to 'False'
[0.900s] DEBUG:colcon.colcon_core.verb:Building package 'my_robot_interfaces' with the following arguments: {'ament_cmake_args': None, 'build_base': '/home/prateek/ros2_ws/build/my_robot_interfaces', 'catkin_cmake_args': None, 'catkin_skip_building_tests': False, 'cmake_args': None, 'cmake_clean_cache': False, 'cmake_clean_first': False, 'cmake_force_configure': False, 'cmake_target': None, 'cmake_target_skip_unavailable': False, 'install_base': '/home/prateek/ros2_ws/install/my_robot_interfaces', 'merge_install': False, 'path': '/home/prateek/ros2_ws/src/my_robot_interfaces', 'symlink_install': False, 'test_result_base': None}
[0.919s] Level 5:colcon.colcon_core.verb:set package 'my_cpp_pkg' build argument 'cmake_args' from command line to 'None'
[0.919s] Level 5:colcon.colcon_core.verb:set package 'my_cpp_pkg' build argument 'cmake_target' from command line to 'None'
[0.919s] Level 5:colcon.colcon_core.verb:set package 'my_cpp_pkg' build argument 'cmake_target_skip_unavailable' from command line to 'False'
[0.919s] Level 5:colcon.colcon_core.verb:set package 'my_cpp_pkg' build argument 'cmake_clean_cache' from command line to 'False'
[0.919s] Level 5:colcon.colcon_core.verb:set package 'my_cpp_pkg' build argument 'cmake_clean_first' from command line to 'False'
[0.919s] Level 5:colcon.colcon_core.verb:set package 'my_cpp_pkg' build argument 'cmake_force_configure' from command line to 'False'
[0.919s] Level 5:colcon.colcon_core.verb:set package 'my_cpp_pkg' build argument 'ament_cmake_args' from command line to 'None'
[0.919s] Level 5:colcon.colcon_core.verb:set package 'my_cpp_pkg' build argument 'catkin_cmake_args' from command line to 'None'
[0.919s] Level 5:colcon.colcon_core.verb:set package 'my_cpp_pkg' build argument 'catkin_skip_building_tests' from command line to 'False'
[0.919s] DEBUG:colcon.colcon_core.verb:Building package 'my_cpp_pkg' with the following arguments: {'ament_cmake_args': None, 'build_base': '/home/prateek/ros2_ws/build/my_cpp_pkg', 'catkin_cmake_args': None, 'catkin_skip_building_tests': False, 'cmake_args': None, 'cmake_clean_cache': False, 'cmake_clean_first': False, 'cmake_force_configure': False, 'cmake_target': None, 'cmake_target_skip_unavailable': False, 'install_base': '/home/prateek/ros2_ws/install/my_cpp_pkg', 'merge_install': False, 'path': '/home/prateek/ros2_ws/src/my_cpp_pkg', 'symlink_install': False, 'test_result_base': None}
[0.931s] Level 5:colcon.colcon_core.verb:set package 'my_py_pkg' build argument 'cmake_args' from command line to 'None'
[0.931s] Level 5:colcon.colcon_core.verb:set package 'my_py_pkg' build argument 'cmake_target' from command line to 'None'
[0.931s] Level 5:colcon.colcon_core.verb:set package 'my_py_pkg' build argument 'cmake_target_skip_unavailable' from command line to 'False'
[0.931s] Level 5:colcon.colcon_core.verb:set package 'my_py_pkg' build argument 'cmake_clean_cache' from command line to 'False'
[0.931s] Level 5:colcon.colcon_core.verb:set package 'my_py_pkg' build argument 'cmake_clean_first' from command line to 'False'
[0.931s] Level 5:colcon.colcon_core.verb:set package 'my_py_pkg' build argument 'cmake_force_configure' from command line to 'False'
[0.931s] Level 5:colcon.colcon_core.verb:set package 'my_py_pkg' build argument 'ament_cmake_args' from command line to 'None'
[0.931s] Level 5:colcon.colcon_core.verb:set package 'my_py_pkg' build argument 'catkin_cmake_args' from command line to 'None'
[0.931s] Level 5:colcon.colcon_core.verb:set package 'my_py_pkg' build argument 'catkin_skip_building_tests' from command line to 'False'
[0.931s] DEBUG:colcon.colcon_core.verb:Building package 'my_py_pkg' with the following arguments: {'ament_cmake_args': None, 'build_base': '/home/prateek/ros2_ws/build/my_py_pkg', 'catkin_cmake_args': None, 'catkin_skip_building_tests': False, 'cmake_args': None, 'cmake_clean_cache': False, 'cmake_clean_first': False, 'cmake_force_configure': False, 'cmake_target': None, 'cmake_target_skip_unavailable': False, 'install_base': '/home/prateek/ros2_ws/install/my_py_pkg', 'merge_install': False, 'path': '/home/prateek/ros2_ws/src/my_py_pkg', 'symlink_install': False, 'test_result_base': None}
[0.942s] Level 5:colcon.colcon_core.verb:set package 'my_robot_bringup' build argument 'cmake_args' from command line to 'None'
[0.942s] Level 5:colcon.colcon_core.verb:set package 'my_robot_bringup' build argument 'cmake_target' from command line to 'None'
[0.942s] Level 5:colcon.colcon_core.verb:set package 'my_robot_bringup' build argument 'cmake_target_skip_unavailable' from command line to 'False'
[0.942s] Level 5:colcon.colcon_core.verb:set package 'my_robot_bringup' build argument 'cmake_clean_cache' from command line to 'False'
[0.942s] Level 5:colcon.colcon_core.verb:set package 'my_robot_bringup' build argument 'cmake_clean_first' from command line to 'False'
[0.942s] Level 5:colcon.colcon_core.verb:set package 'my_robot_bringup' build argument 'cmake_force_configure' from command line to 'False'
[0.942s] Level 5:colcon.colcon_core.verb:set package 'my_robot_bringup' build argument 'ament_cmake_args' from command line to 'None'
[0.942s] Level 5:colcon.colcon_core.verb:set package 'my_robot_bringup' build argument 'catkin_cmake_args' from command line to 'None'
[0.942s] Level 5:colcon.colcon_core.verb:set package 'my_robot_bringup' build argument 'catkin_skip_building_tests' from command line to 'False'
[0.942s] DEBUG:colcon.colcon_core.verb:Building package 'my_robot_bringup' with the following arguments: {'ament_cmake_args': None, 'build_base': '/home/prateek/ros2_ws/build/my_robot_bringup', 'catkin_cmake_args': None, 'catkin_skip_building_tests': False, 'cmake_args': None, 'cmake_clean_cache': False, 'cmake_clean_first': False, 'cmake_force_configure': False, 'cmake_target': None, 'cmake_target_skip_unavailable': False, 'install_base': '/home/prateek/ros2_ws/install/my_robot_bringup', 'merge_install': False, 'path': '/home/prateek/ros2_ws/src/my_robot_bringup', 'symlink_install': False, 'test_result_base': None}
[0.950s] INFO:colcon.colcon_core.executor:Executing jobs using 'parallel' executor
[0.959s] DEBUG:colcon.colcon_parallel_executor.executor.parallel:run_until_complete
[0.959s] INFO:colcon.colcon_ros.task.ament_cmake.build:Building ROS package in '/home/prateek/ros2_ws/src/my_robot_interfaces' with build type 'ament_cmake'
[0.959s] INFO:colcon.colcon_cmake.task.cmake.build:Building CMake package in '/home/prateek/ros2_ws/src/my_robot_interfaces'
[0.969s] INFO:colcon.colcon_core.plugin_system:Skipping extension 'colcon_core.shell.bat': Not used on non-Windows systems
[0.969s] INFO:colcon.colcon_core.shell:Skip shell extension 'powershell' for command environment: Not usable outside of PowerShell
[0.969s] DEBUG:colcon.colcon_core.shell:Skip shell extension 'dsv' for command environment
[1.003s] DEBUG:colcon.colcon_core.event_handler.log_command:Invoking command in '/home/prateek/ros2_ws/build/my_robot_interfaces': CMAKE_PREFIX_PATH=/opt/ros/humble /usr/bin/cmake --build /home/prateek/ros2_ws/build/my_robot_interfaces -- -j4 -l4
[1.409s] DEBUG:colcon.colcon_core.event_handler.log_command:Invoked command in '/home/prateek/ros2_ws/build/my_robot_interfaces' returned '0': CMAKE_PREFIX_PATH=/opt/ros/humble /usr/bin/cmake --build /home/prateek/ros2_ws/build/my_robot_interfaces -- -j4 -l4
[1.500s] DEBUG:colcon.colcon_core.event_handler.log_command:Invoking command in '/home/prateek/ros2_ws/build/my_robot_interfaces': CMAKE_PREFIX_PATH=/opt/ros/humble /usr/bin/cmake --install /home/prateek/ros2_ws/build/my_robot_interfaces
[1.560s] Level 1:colcon.colcon_core.environment:create_environment_scripts_only(my_robot_interfaces)
[1.560s] DEBUG:colcon.colcon_core.event_handler.log_command:Invoked command in '/home/prateek/ros2_ws/build/my_robot_interfaces' returned '0': CMAKE_PREFIX_PATH=/opt/ros/humble /usr/bin/cmake --install /home/prateek/ros2_ws/build/my_robot_interfaces
[1.571s] Level 1:colcon.colcon_core.environment:checking '/home/prateek/ros2_ws/install/my_robot_interfaces' for CMake module files
[1.571s] Level 1:colcon.colcon_core.environment:checking '/home/prateek/ros2_ws/install/my_robot_interfaces' for CMake config files
[1.572s] Level 1:colcon.colcon_core.shell:create_environment_hook('my_robot_interfaces', 'cmake_prefix_path')
[1.588s] INFO:colcon.colcon_core.shell:Creating environment hook '/home/prateek/ros2_ws/install/my_robot_interfaces/share/my_robot_interfaces/hook/cmake_prefix_path.ps1'
[1.589s] INFO:colcon.colcon_core.shell:Creating environment descriptor '/home/prateek/ros2_ws/install/my_robot_interfaces/share/my_robot_interfaces/hook/cmake_prefix_path.dsv'
[1.589s] INFO:colcon.colcon_core.shell:Creating environment hook '/home/prateek/ros2_ws/install/my_robot_interfaces/share/my_robot_interfaces/hook/cmake_prefix_path.sh'
[1.590s] Level 1:colcon.colcon_core.environment:checking '/home/prateek/ros2_ws/install/my_robot_interfaces/lib'
[1.590s] Level 1:colcon.colcon_core.shell:create_environment_hook('my_robot_interfaces', 'ld_library_path_lib')
[1.598s] INFO:colcon.colcon_core.shell:Creating environment hook '/home/prateek/ros2_ws/install/my_robot_interfaces/share/my_robot_interfaces/hook/ld_library_path_lib.ps1'
[1.599s] INFO:colcon.colcon_core.shell:Creating environment descriptor '/home/prateek/ros2_ws/install/my_robot_interfaces/share/my_robot_interfaces/hook/ld_library_path_lib.dsv'
[1.599s] INFO:colcon.colcon_core.shell:Creating environment hook '/home/prateek/ros2_ws/install/my_robot_interfaces/share/my_robot_interfaces/hook/ld_library_path_lib.sh'
[1.599s] Level 1:colcon.colcon_core.environment:checking '/home/prateek/ros2_ws/install/my_robot_interfaces/bin'
[1.599s] Level 1:colcon.colcon_core.environment:checking '/home/prateek/ros2_ws/install/my_robot_interfaces/lib/pkgconfig/my_robot_interfaces.pc'
[1.599s] Level 1:colcon.colcon_core.environment:checking '/home/prateek/ros2_ws/install/my_robot_interfaces/lib/python3.10/site-packages'
[1.600s] Level 1:colcon.colcon_core.environment:checking '/home/prateek/ros2_ws/install/my_robot_interfaces/bin'
[1.609s] INFO:colcon.colcon_core.shell:Creating package script '/home/prateek/ros2_ws/install/my_robot_interfaces/share/my_robot_interfaces/package.ps1'
[1.609s] INFO:colcon.colcon_core.shell:Creating package descriptor '/home/prateek/ros2_ws/install/my_robot_interfaces/share/my_robot_interfaces/package.dsv'
[1.610s] INFO:colcon.colcon_core.shell:Creating package script '/home/prateek/ros2_ws/install/my_robot_interfaces/share/my_robot_interfaces/package.sh'
[1.610s] INFO:colcon.colcon_core.shell:Creating package script '/home/prateek/ros2_ws/install/my_robot_interfaces/share/my_robot_interfaces/package.bash'
[1.611s] INFO:colcon.colcon_core.shell:Creating package script '/home/prateek/ros2_ws/install/my_robot_interfaces/share/my_robot_interfaces/package.zsh'
[1.611s] Level 1:colcon.colcon_core.environment:create_file_with_runtime_dependencies(/home/prateek/ros2_ws/install/my_robot_interfaces/share/colcon-core/packages/my_robot_interfaces)
[1.711s] Level 1:colcon.colcon_core.environment:create_environment_scripts_only(my_robot_interfaces)
[1.723s] Level 1:colcon.colcon_core.environment:checking '/home/prateek/ros2_ws/install/my_robot_interfaces' for CMake module files
[1.723s] Level 1:colcon.colcon_core.environment:checking '/home/prateek/ros2_ws/install/my_robot_interfaces' for CMake config files
[1.724s] Level 1:colcon.colcon_core.shell:create_environment_hook('my_robot_interfaces', 'cmake_prefix_path')
[1.732s] INFO:colcon.colcon_core.shell:Creating environment hook '/home/prateek/ros2_ws/install/my_robot_interfaces/share/my_robot_interfaces/hook/cmake_prefix_path.ps1'
[1.733s] INFO:colcon.colcon_core.shell:Creating environment descriptor '/home/prateek/ros2_ws/install/my_robot_interfaces/share/my_robot_interfaces/hook/cmake_prefix_path.dsv'
[1.733s] INFO:colcon.colcon_core.shell:Creating environment hook '/home/prateek/ros2_ws/install/my_robot_interfaces/share/my_robot_interfaces/hook/cmake_prefix_path.sh'
[1.734s] Level 1:colcon.colcon_core.environment:checking '/home/prateek/ros2_ws/install/my_robot_interfaces/lib'
[1.734s] Level 1:colcon.colcon_core.shell:create_environment_hook('my_robot_interfaces', 'ld_library_path_lib')
[1.742s] INFO:colcon.colcon_core.shell:Creating environment hook '/home/prateek/ros2_ws/install/my_robot_interfaces/share/my_robot_interfaces/hook/ld_library_path_lib.ps1'
[1.742s] INFO:colcon.colcon_core.shell:Creating environment descriptor '/home/prateek/ros2_ws/install/my_robot_interfaces/share/my_robot_interfaces/hook/ld_library_path_lib.dsv'
[1.742s] INFO:colcon.colcon_core.shell:Creating environment hook '/home/prateek/ros2_ws/install/my_robot_interfaces/share/my_robot_interfaces/hook/ld_library_path_lib.sh'
[1.743s] Level 1:colcon.colcon_core.environment:checking '/home/prateek/ros2_ws/install/my_robot_interfaces/bin'
[1.743s] Level 1:colcon.colcon_core.environment:checking '/home/prateek/ros2_ws/install/my_robot_interfaces/lib/pkgconfig/my_robot_interfaces.pc'
[1.743s] Level 1:colcon.colcon_core.environment:checking '/home/prateek/ros2_ws/install/my_robot_interfaces/lib/python3.10/site-packages'
[1.743s] Level 1:colcon.colcon_core.environment:checking '/home/prateek/ros2_ws/install/my_robot_interfaces/bin'
[1.751s] INFO:colcon.colcon_core.shell:Creating package script '/home/prateek/ros2_ws/install/my_robot_interfaces/share/my_robot_interfaces/package.ps1'
[1.751s] INFO:colcon.colcon_core.shell:Creating package descriptor '/home/prateek/ros2_ws/install/my_robot_interfaces/share/my_robot_interfaces/package.dsv'
[1.752s] INFO:colcon.colcon_core.shell:Creating package script '/home/prateek/ros2_ws/install/my_robot_interfaces/share/my_robot_interfaces/package.sh'
[1.752s] INFO:colcon.colcon_core.shell:Creating package script '/home/prateek/ros2_ws/install/my_robot_interfaces/share/my_robot_interfaces/package.bash'
[1.752s] INFO:colcon.colcon_core.shell:Creating package script '/home/prateek/ros2_ws/install/my_robot_interfaces/share/my_robot_interfaces/package.zsh'
[1.752s] Level 1:colcon.colcon_core.environment:create_file_with_runtime_dependencies(/home/prateek/ros2_ws/install/my_robot_interfaces/share/colcon-core/packages/my_robot_interfaces)
[1.753s] INFO:colcon.colcon_ros.task.ament_cmake.build:Building ROS package in '/home/prateek/ros2_ws/src/my_cpp_pkg' with build type 'ament_cmake'
[1.753s] INFO:colcon.colcon_cmake.task.cmake.build:Building CMake package in '/home/prateek/ros2_ws/src/my_cpp_pkg'
[1.762s] INFO:colcon.colcon_core.shell:Skip shell extension 'powershell' for command environment: Not usable outside of PowerShell
[1.762s] DEBUG:colcon.colcon_core.shell:Skip shell extension 'dsv' for command environment
[1.782s] INFO:colcon.colcon_ros.task.ament_python.build:Building ROS package in '/home/prateek/ros2_ws/src/my_py_pkg' with build type 'ament_python'
[1.783s] Level 1:colcon.colcon_core.shell:create_environment_hook('my_py_pkg', 'ament_prefix_path')
[1.792s] INFO:colcon.colcon_core.shell:Creating environment hook '/home/prateek/ros2_ws/install/my_py_pkg/share/my_py_pkg/hook/ament_prefix_path.ps1'
[1.792s] INFO:colcon.colcon_core.shell:Creating environment descriptor '/home/prateek/ros2_ws/install/my_py_pkg/share/my_py_pkg/hook/ament_prefix_path.dsv'
[1.792s] INFO:colcon.colcon_core.shell:Creating environment hook '/home/prateek/ros2_ws/install/my_py_pkg/share/my_py_pkg/hook/ament_prefix_path.sh'
[1.801s] INFO:colcon.colcon_core.shell:Skip shell extension 'powershell' for command environment: Not usable outside of PowerShell
[1.801s] DEBUG:colcon.colcon_core.shell:Skip shell extension 'dsv' for command environment
[1.822s] DEBUG:colcon.colcon_core.event_handler.log_command:Invoking command in '/home/prateek/ros2_ws/build/my_cpp_pkg': AMENT_PREFIX_PATH=/home/prateek/ros2_ws/install/my_robot_interfaces:${AMENT_PREFIX_PATH} CMAKE_PREFIX_PATH=/home/prateek/ros2_ws/install/my_robot_interfaces:/opt/ros/humble LD_LIBRARY_PATH=/home/prateek/ros2_ws/install/my_robot_interfaces/lib:${LD_LIBRARY_PATH} PYTHONPATH=/home/prateek/ros2_ws/install/my_robot_interfaces/local/lib/python3.10/dist-packages:${PYTHONPATH} /usr/bin/cmake --build /home/prateek/ros2_ws/build/my_cpp_pkg -- -j4 -l4
[2.048s] INFO:colcon.colcon_core.task.python.build:Building Python package in '/home/prateek/ros2_ws/src/my_py_pkg'
[2.057s] INFO:colcon.colcon_core.shell:Skip shell extension 'powershell' for command environment: Not usable outside of PowerShell
[2.057s] DEBUG:colcon.colcon_core.shell:Skip shell extension 'dsv' for command environment
[2.076s] DEBUG:colcon.colcon_core.event_handler.log_command:Invoked command in '/home/prateek/ros2_ws/build/my_cpp_pkg' returned '0': AMENT_PREFIX_PATH=/home/prateek/ros2_ws/install/my_robot_interfaces:${AMENT_PREFIX_PATH} CMAKE_PREFIX_PATH=/home/prateek/ros2_ws/install/my_robot_interfaces:/opt/ros/humble LD_LIBRARY_PATH=/home/prateek/ros2_ws/install/my_robot_interfaces/lib:${LD_LIBRARY_PATH} PYTHONPATH=/home/prateek/ros2_ws/install/my_robot_interfaces/local/lib/python3.10/dist-packages:${PYTHONPATH} /usr/bin/cmake --build /home/prateek/ros2_ws/build/my_cpp_pkg -- -j4 -l4
[2.133s] DEBUG:colcon.colcon_core.event_handler.log_command:Invoking command in '/home/prateek/ros2_ws/build/my_cpp_pkg': AMENT_PREFIX_PATH=/home/prateek/ros2_ws/install/my_robot_interfaces:${AMENT_PREFIX_PATH} CMAKE_PREFIX_PATH=/home/prateek/ros2_ws/install/my_robot_interfaces:/opt/ros/humble LD_LIBRARY_PATH=/home/prateek/ros2_ws/install/my_robot_interfaces/lib:${LD_LIBRARY_PATH} PYTHONPATH=/home/prateek/ros2_ws/install/my_robot_interfaces/local/lib/python3.10/dist-packages:${PYTHONPATH} /usr/bin/cmake --install /home/prateek/ros2_ws/build/my_cpp_pkg
[2.156s] Level 1:colcon.colcon_core.environment:create_environment_scripts_only(my_cpp_pkg)
[2.156s] DEBUG:colcon.colcon_core.event_handler.log_command:Invoked command in '/home/prateek/ros2_ws/build/my_cpp_pkg' returned '0': AMENT_PREFIX_PATH=/home/prateek/ros2_ws/install/my_robot_interfaces:${AMENT_PREFIX_PATH} CMAKE_PREFIX_PATH=/home/prateek/ros2_ws/install/my_robot_interfaces:/opt/ros/humble LD_LIBRARY_PATH=/home/prateek/ros2_ws/install/my_robot_interfaces/lib:${LD_LIBRARY_PATH} PYTHONPATH=/home/prateek/ros2_ws/install/my_robot_interfaces/local/lib/python3.10/dist-packages:${PYTHONPATH} /usr/bin/cmake --install /home/prateek/ros2_ws/build/my_cpp_pkg
[2.165s] Level 1:colcon.colcon_core.environment:checking '/home/prateek/ros2_ws/install/my_cpp_pkg' for CMake module files
[2.166s] Level 1:colcon.colcon_core.environment:checking '/home/prateek/ros2_ws/install/my_cpp_pkg' for CMake config files
[2.166s] Level 1:colcon.colcon_core.shell:create_environment_hook('my_cpp_pkg', 'cmake_prefix_path')
[2.174s] INFO:colcon.colcon_core.shell:Creating environment hook '/home/prateek/ros2_ws/install/my_cpp_pkg/share/my_cpp_pkg/hook/cmake_prefix_path.ps1'
[2.174s] INFO:colcon.colcon_core.shell:Creating environment descriptor '/home/prateek/ros2_ws/install/my_cpp_pkg/share/my_cpp_pkg/hook/cmake_prefix_path.dsv'
[2.175s] INFO:colcon.colcon_core.shell:Creating environment hook '/home/prateek/ros2_ws/install/my_cpp_pkg/share/my_cpp_pkg/hook/cmake_prefix_path.sh'
[2.175s] Level 1:colcon.colcon_core.environment:checking '/home/prateek/ros2_ws/install/my_cpp_pkg/lib'
[2.175s] Level 1:colcon.colcon_core.environment:checking '/home/prateek/ros2_ws/install/my_cpp_pkg/bin'
[2.175s] Level 1:colcon.colcon_core.environment:checking '/home/prateek/ros2_ws/install/my_cpp_pkg/lib/pkgconfig/my_cpp_pkg.pc'
[2.175s] Level 1:colcon.colcon_core.environment:checking '/home/prateek/ros2_ws/install/my_cpp_pkg/lib/python3.10/site-packages'
[2.175s] Level 1:colcon.colcon_core.environment:checking '/home/prateek/ros2_ws/install/my_cpp_pkg/bin'
[2.184s] INFO:colcon.colcon_core.shell:Creating package script '/home/prateek/ros2_ws/install/my_cpp_pkg/share/my_cpp_pkg/package.ps1'
[2.184s] INFO:colcon.colcon_core.shell:Creating package descriptor '/home/prateek/ros2_ws/install/my_cpp_pkg/share/my_cpp_pkg/package.dsv'
[2.184s] INFO:colcon.colcon_core.shell:Creating package script '/home/prateek/ros2_ws/install/my_cpp_pkg/share/my_cpp_pkg/package.sh'
[2.185s] INFO:colcon.colcon_core.shell:Creating package script '/home/prateek/ros2_ws/install/my_cpp_pkg/share/my_cpp_pkg/package.bash'
[2.185s] INFO:colcon.colcon_core.shell:Creating package script '/home/prateek/ros2_ws/install/my_cpp_pkg/share/my_cpp_pkg/package.zsh'
[2.185s] Level 1:colcon.colcon_core.environment:create_file_with_runtime_dependencies(/home/prateek/ros2_ws/install/my_cpp_pkg/share/colcon-core/packages/my_cpp_pkg)
[2.246s] Level 1:colcon.colcon_core.environment:create_environment_scripts_only(my_cpp_pkg)
[2.255s] Level 1:colcon.colcon_core.environment:checking '/home/prateek/ros2_ws/install/my_cpp_pkg' for CMake module files
[2.255s] Level 1:colcon.colcon_core.environment:checking '/home/prateek/ros2_ws/install/my_cpp_pkg' for CMake config files
[2.255s] Level 1:colcon.colcon_core.shell:create_environment_hook('my_cpp_pkg', 'cmake_prefix_path')
[2.263s] INFO:colcon.colcon_core.shell:Creating environment hook '/home/prateek/ros2_ws/install/my_cpp_pkg/share/my_cpp_pkg/hook/cmake_prefix_path.ps1'
[2.264s] INFO:colcon.colcon_core.shell:Creating environment descriptor '/home/prateek/ros2_ws/install/my_cpp_pkg/share/my_cpp_pkg/hook/cmake_prefix_path.dsv'
[2.264s] INFO:colcon.colcon_core.shell:Creating environment hook '/home/prateek/ros2_ws/install/my_cpp_pkg/share/my_cpp_pkg/hook/cmake_prefix_path.sh'
[2.264s] Level 1:colcon.colcon_core.environment:checking '/home/prateek/ros2_ws/install/my_cpp_pkg/lib'
[2.264s] Level 1:colcon.colcon_core.environment:checking '/home/prateek/ros2_ws/install/my_cpp_pkg/bin'
[2.264s] Level 1:colcon.colcon_core.environment:checking '/home/prateek/ros2_ws/install/my_cpp_pkg/lib/pkgconfig/my_cpp_pkg.pc'
[2.265s] Level 1:colcon.colcon_core.environment:checking '/home/prateek/ros2_ws/install/my_cpp_pkg/lib/python3.10/site-packages'
[2.265s] Level 1:colcon.colcon_core.environment:checking '/home/prateek/ros2_ws/install/my_cpp_pkg/bin'
[2.273s] INFO:colcon.colcon_core.shell:Creating package script '/home/prateek/ros2_ws/install/my_cpp_pkg/share/my_cpp_pkg/package.ps1'
[2.273s] INFO:colcon.colcon_core.shell:Creating package descriptor '/home/prateek/ros2_ws/install/my_cpp_pkg/share/my_cpp_pkg/package.dsv'
[2.274s] INFO:colcon.colcon_core.shell:Creating package script '/home/prateek/ros2_ws/install/my_cpp_pkg/share/my_cpp_pkg/package.sh'
[2.274s] INFO:colcon.colcon_core.shell:Creating package script '/home/prateek/ros2_ws/install/my_cpp_pkg/share/my_cpp_pkg/package.bash'
[2.274s] INFO:colcon.colcon_core.shell:Creating package script '/home/prateek/ros2_ws/install/my_cpp_pkg/share/my_cpp_pkg/package.zsh'
[2.274s] Level 1:colcon.colcon_core.environment:create_file_with_runtime_dependencies(/home/prateek/ros2_ws/install/my_cpp_pkg/share/colcon-core/packages/my_cpp_pkg)
[2.391s] DEBUG:colcon.colcon_core.event_handler.log_command:Invoking command in '/home/prateek/ros2_ws/src/my_py_pkg': AMENT_PREFIX_PATH=/home/prateek/ros2_ws/install/my_robot_interfaces:${AMENT_PREFIX_PATH} CMAKE_PREFIX_PATH=/home/prateek/ros2_ws/install/my_robot_interfaces LD_LIBRARY_PATH=/home/prateek/ros2_ws/install/my_robot_interfaces/lib:${LD_LIBRARY_PATH} PYTHONPATH=/home/prateek/ros2_ws/build/my_py_pkg/prefix_override:/home/prateek/ros2_ws/install/my_py_pkg/lib/python3.10/site-packages:/home/prateek/ros2_ws/install/my_robot_interfaces/local/lib/python3.10/dist-packages:${PYTHONPATH} /usr/bin/python3 setup.py egg_info --egg-base ../../build/my_py_pkg build --build-base /home/prateek/ros2_ws/build/my_py_pkg/build install --record /home/prateek/ros2_ws/build/my_py_pkg/install.log --single-version-externally-managed
[2.639s] DEBUG:colcon.colcon_core.event_handler.log_command:Invoked command in '/home/prateek/ros2_ws/src/my_py_pkg' returned '0': AMENT_PREFIX_PATH=/home/prateek/ros2_ws/install/my_robot_interfaces:${AMENT_PREFIX_PATH} CMAKE_PREFIX_PATH=/home/prateek/ros2_ws/install/my_robot_interfaces LD_LIBRARY_PATH=/home/prateek/ros2_ws/install/my_robot_interfaces/lib:${LD_LIBRARY_PATH} PYTHONPATH=/home/prateek/ros2_ws/build/my_py_pkg/prefix_override:/home/prateek/ros2_ws/install/my_py_pkg/lib/python3.10/site-packages:/home/prateek/ros2_ws/install/my_robot_interfaces/local/lib/python3.10/dist-packages:${PYTHONPATH} /usr/bin/python3 setup.py egg_info --egg-base ../../build/my_py_pkg build --build-base /home/prateek/ros2_ws/build/my_py_pkg/build install --record /home/prateek/ros2_ws/build/my_py_pkg/install.log --single-version-externally-managed
[2.647s] Level 1:colcon.colcon_core.environment:checking '/home/prateek/ros2_ws/install/my_py_pkg' for CMake module files
[2.647s] Level 1:colcon.colcon_core.environment:checking '/home/prateek/ros2_ws/install/my_py_pkg' for CMake config files
[2.648s] Level 1:colcon.colcon_core.environment:checking '/home/prateek/ros2_ws/install/my_py_pkg/lib'
[2.648s] Level 1:colcon.colcon_core.environment:checking '/home/prateek/ros2_ws/install/my_py_pkg/bin'
[2.648s] Level 1:colcon.colcon_core.environment:checking '/home/prateek/ros2_ws/install/my_py_pkg/lib/pkgconfig/my_py_pkg.pc'
[2.648s] Level 1:colcon.colcon_core.environment:checking '/home/prateek/ros2_ws/install/my_py_pkg/lib/python3.10/site-packages'
[2.648s] Level 1:colcon.colcon_core.shell:create_environment_hook('my_py_pkg', 'pythonpath')
[2.657s] INFO:colcon.colcon_core.shell:Creating environment hook '/home/prateek/ros2_ws/install/my_py_pkg/share/my_py_pkg/hook/pythonpath.ps1'
[2.657s] INFO:colcon.colcon_core.shell:Creating environment descriptor '/home/prateek/ros2_ws/install/my_py_pkg/share/my_py_pkg/hook/pythonpath.dsv'
[2.657s] INFO:colcon.colcon_core.shell:Creating environment hook '/home/prateek/ros2_ws/install/my_py_pkg/share/my_py_pkg/hook/pythonpath.sh'
[2.657s] Level 1:colcon.colcon_core.environment:checking '/home/prateek/ros2_ws/install/my_py_pkg/bin'
[2.657s] Level 1:colcon.colcon_core.environment:create_environment_scripts_only(my_py_pkg)
[2.666s] INFO:colcon.colcon_core.shell:Creating package script '/home/prateek/ros2_ws/install/my_py_pkg/share/my_py_pkg/package.ps1'
[2.666s] INFO:colcon.colcon_core.shell:Creating package descriptor '/home/prateek/ros2_ws/install/my_py_pkg/share/my_py_pkg/package.dsv'
[2.666s] INFO:colcon.colcon_core.shell:Creating package script '/home/prateek/ros2_ws/install/my_py_pkg/share/my_py_pkg/package.sh'
[2.667s] INFO:colcon.colcon_core.shell:Creating package script '/home/prateek/ros2_ws/install/my_py_pkg/share/my_py_pkg/package.bash'
[2.667s] INFO:colcon.colcon_core.shell:Creating package script '/home/prateek/ros2_ws/install/my_py_pkg/share/my_py_pkg/package.zsh'
[2.667s] Level 1:colcon.colcon_core.environment:create_file_with_runtime_dependencies(/home/prateek/ros2_ws/install/my_py_pkg/share/colcon-core/packages/my_py_pkg)
[2.667s] INFO:colcon.colcon_ros.task.ament_cmake.build:Building ROS package in '/home/prateek/ros2_ws/src/my_robot_bringup' with build type 'ament_cmake'
[2.667s] INFO:colcon.colcon_cmake.task.cmake.build:Building CMake package in '/home/prateek/ros2_ws/src/my_robot_bringup'
[2.678s] INFO:colcon.colcon_core.shell:Skip shell extension 'powershell' for command environment: Not usable outside of PowerShell
[2.678s] DEBUG:colcon.colcon_core.shell:Skip shell extension 'dsv' for command environment
[2.712s] DEBUG:colcon.colcon_core.event_handler.log_command:Invoking command in '/home/prateek/ros2_ws/build/my_robot_bringup': AMENT_PREFIX_PATH=/home/prateek/ros2_ws/install/my_py_pkg:/home/prateek/ros2_ws/install/my_cpp_pkg:/home/prateek/ros2_ws/install/my_robot_interfaces:${AMENT_PREFIX_PATH} CMAKE_PREFIX_PATH=/home/prateek/ros2_ws/install/my_cpp_pkg:/home/prateek/ros2_ws/install/my_robot_interfaces:/opt/ros/humble LD_LIBRARY_PATH=/home/prateek/ros2_ws/install/my_robot_interfaces/lib:${LD_LIBRARY_PATH} PYTHONPATH=/home/prateek/ros2_ws/install/my_py_pkg/lib/python3.10/site-packages:/home/prateek/ros2_ws/install/my_robot_interfaces/local/lib/python3.10/dist-packages:${PYTHONPATH} /usr/bin/cmake --build /home/prateek/ros2_ws/build/my_robot_bringup -- -j4 -l4
[2.750s] DEBUG:colcon.colcon_core.event_handler.log_command:Invoked command in '/home/prateek/ros2_ws/build/my_robot_bringup' returned '0': AMENT_PREFIX_PATH=/home/prateek/ros2_ws/install/my_py_pkg:/home/prateek/ros2_ws/install/my_cpp_pkg:/home/prateek/ros2_ws/install/my_robot_interfaces:${AMENT_PREFIX_PATH} CMAKE_PREFIX_PATH=/home/prateek/ros2_ws/install/my_cpp_pkg:/home/prateek/ros2_ws/install/my_robot_interfaces:/opt/ros/humble LD_LIBRARY_PATH=/home/prateek/ros2_ws/install/my_robot_interfaces/lib:${LD_LIBRARY_PATH} PYTHONPATH=/home/prateek/ros2_ws/install/my_py_pkg/lib/python3.10/site-packages:/home/prateek/ros2_ws/install/my_robot_interfaces/local/lib/python3.10/dist-packages:${PYTHONPATH} /usr/bin/cmake --build /home/prateek/ros2_ws/build/my_robot_bringup -- -j4 -l4
[2.775s] DEBUG:colcon.colcon_core.event_handler.log_command:Invoking command in '/home/prateek/ros2_ws/build/my_robot_bringup': AMENT_PREFIX_PATH=/home/prateek/ros2_ws/install/my_py_pkg:/home/prateek/ros2_ws/install/my_cpp_pkg:/home/prateek/ros2_ws/install/my_robot_interfaces:${AMENT_PREFIX_PATH} CMAKE_PREFIX_PATH=/home/prateek/ros2_ws/install/my_cpp_pkg:/home/prateek/ros2_ws/install/my_robot_interfaces:/opt/ros/humble LD_LIBRARY_PATH=/home/prateek/ros2_ws/install/my_robot_interfaces/lib:${LD_LIBRARY_PATH} PYTHONPATH=/home/prateek/ros2_ws/install/my_py_pkg/lib/python3.10/site-packages:/home/prateek/ros2_ws/install/my_robot_interfaces/local/lib/python3.10/dist-packages:${PYTHONPATH} /usr/bin/cmake --install /home/prateek/ros2_ws/build/my_robot_bringup
[2.820s] Level 1:colcon.colcon_core.environment:create_environment_scripts_only(my_robot_bringup)
[2.820s] DEBUG:colcon.colcon_core.event_handler.log_command:Invoked command in '/home/prateek/ros2_ws/build/my_robot_bringup' returned '0': AMENT_PREFIX_PATH=/home/prateek/ros2_ws/install/my_py_pkg:/home/prateek/ros2_ws/install/my_cpp_pkg:/home/prateek/ros2_ws/install/my_robot_interfaces:${AMENT_PREFIX_PATH} CMAKE_PREFIX_PATH=/home/prateek/ros2_ws/install/my_cpp_pkg:/home/prateek/ros2_ws/install/my_robot_interfaces:/opt/ros/humble LD_LIBRARY_PATH=/home/prateek/ros2_ws/install/my_robot_interfaces/lib:${LD_LIBRARY_PATH} PYTHONPATH=/home/prateek/ros2_ws/install/my_py_pkg/lib/python3.10/site-packages:/home/prateek/ros2_ws/install/my_robot_interfaces/local/lib/python3.10/dist-packages:${PYTHONPATH} /usr/bin/cmake --install /home/prateek/ros2_ws/build/my_robot_bringup
[2.829s] Level 1:colcon.colcon_core.environment:checking '/home/prateek/ros2_ws/install/my_robot_bringup' for CMake module files
[2.829s] Level 1:colcon.colcon_core.environment:checking '/home/prateek/ros2_ws/install/my_robot_bringup' for CMake config files
[2.830s] Level 1:colcon.colcon_core.shell:create_environment_hook('my_robot_bringup', 'cmake_prefix_path')
[2.838s] INFO:colcon.colcon_core.shell:Creating environment hook '/home/prateek/ros2_ws/install/my_robot_bringup/share/my_robot_bringup/hook/cmake_prefix_path.ps1'
[2.838s] INFO:colcon.colcon_core.shell:Creating environment descriptor '/home/prateek/ros2_ws/install/my_robot_bringup/share/my_robot_bringup/hook/cmake_prefix_path.dsv'
[2.838s] INFO:colcon.colcon_core.shell:Creating environment hook '/home/prateek/ros2_ws/install/my_robot_bringup/share/my_robot_bringup/hook/cmake_prefix_path.sh'
[2.839s] Level 1:colcon.colcon_core.environment:checking '/home/prateek/ros2_ws/install/my_robot_bringup/bin'
[2.839s] Level 1:colcon.colcon_core.environment:checking '/home/prateek/ros2_ws/install/my_robot_bringup/lib/pkgconfig/my_robot_bringup.pc'
[2.839s] Level 1:colcon.colcon_core.environment:checking '/home/prateek/ros2_ws/install/my_robot_bringup/lib/python3.10/site-packages'
[2.839s] Level 1:colcon.colcon_core.environment:checking '/home/prateek/ros2_ws/install/my_robot_bringup/bin'
[2.847s] INFO:colcon.colcon_core.shell:Creating package script '/home/prateek/ros2_ws/install/my_robot_bringup/share/my_robot_bringup/package.ps1'
[2.847s] INFO:colcon.colcon_core.shell:Creating package descriptor '/home/prateek/ros2_ws/install/my_robot_bringup/share/my_robot_bringup/package.dsv'
[2.848s] INFO:colcon.colcon_core.shell:Creating package script '/home/prateek/ros2_ws/install/my_robot_bringup/share/my_robot_bringup/package.sh'
[2.848s] INFO:colcon.colcon_core.shell:Creating package script '/home/prateek/ros2_ws/install/my_robot_bringup/share/my_robot_bringup/package.bash'
[2.848s] INFO:colcon.colcon_core.shell:Creating package script '/home/prateek/ros2_ws/install/my_robot_bringup/share/my_robot_bringup/package.zsh'
[2.848s] Level 1:colcon.colcon_core.environment:create_file_with_runtime_dependencies(/home/prateek/ros2_ws/install/my_robot_bringup/share/colcon-core/packages/my_robot_bringup)
[2.879s] Level 1:colcon.colcon_core.environment:create_environment_scripts_only(my_robot_bringup)
[2.887s] Level 1:colcon.colcon_core.environment:checking '/home/prateek/ros2_ws/install/my_robot_bringup' for CMake module files
[2.887s] Level 1:colcon.colcon_core.environment:checking '/home/prateek/ros2_ws/install/my_robot_bringup' for CMake config files
[2.887s] Level 1:colcon.colcon_core.shell:create_environment_hook('my_robot_bringup', 'cmake_prefix_path')
[2.896s] INFO:colcon.colcon_core.shell:Creating environment hook '/home/prateek/ros2_ws/install/my_robot_bringup/share/my_robot_bringup/hook/cmake_prefix_path.ps1'
[2.896s] INFO:colcon.colcon_core.shell:Creating environment descriptor '/home/prateek/ros2_ws/install/my_robot_bringup/share/my_robot_bringup/hook/cmake_prefix_path.dsv'
[2.896s] INFO:colcon.colcon_core.shell:Creating environment hook '/home/prateek/ros2_ws/install/my_robot_bringup/share/my_robot_bringup/hook/cmake_prefix_path.sh'
[2.896s] Level 1:colcon.colcon_core.environment:checking '/home/prateek/ros2_ws/install/my_robot_bringup/bin'
[2.896s] Level 1:colcon.colcon_core.environment:checking '/home/prateek/ros2_ws/install/my_robot_bringup/lib/pkgconfig/my_robot_bringup.pc'
[2.897s] Level 1:colcon.colcon_core.environment:checking '/home/prateek/ros2_ws/install/my_robot_bringup/lib/python3.10/site-packages'
[2.897s] Level 1:colcon.colcon_core.environment:checking '/home/prateek/ros2_ws/install/my_robot_bringup/bin'
[2.910s] INFO:colcon.colcon_core.shell:Creating package script '/home/prateek/ros2_ws/install/my_robot_bringup/share/my_robot_bringup/package.ps1'
[2.910s] INFO:colcon.colcon_core.shell:Creating package descriptor '/home/prateek/ros2_ws/install/my_robot_bringup/share/my_robot_bringup/package.dsv'
[2.911s] INFO:colcon.colcon_core.shell:Creating package script '/home/prateek/ros2_ws/install/my_robot_bringup/share/my_robot_bringup/package.sh'
[2.911s] INFO:colcon.colcon_core.shell:Creating package script '/home/prateek/ros2_ws/install/my_robot_bringup/share/my_robot_bringup/package.bash'
[2.911s] INFO:colcon.colcon_core.shell:Creating package script '/home/prateek/ros2_ws/install/my_robot_bringup/share/my_robot_bringup/package.zsh'
[2.911s] Level 1:colcon.colcon_core.environment:create_file_with_runtime_dependencies(/home/prateek/ros2_ws/install/my_robot_bringup/share/colcon-core/packages/my_robot_bringup)
[2.911s] DEBUG:colcon.colcon_parallel_executor.executor.parallel:closing loop
[2.913s] DEBUG:colcon.colcon_parallel_executor.executor.parallel:loop closed
[2.913s] DEBUG:colcon.colcon_parallel_executor.executor.parallel:run_until_complete finished with '0'
[2.913s] DEBUG:colcon.colcon_core.event_reactor:joining thread
[2.927s] INFO:colcon.colcon_core.plugin_system:Skipping extension 'colcon_notification.desktop_notification.terminal_notifier': Not used on non-Darwin systems
[2.927s] INFO:colcon.colcon_core.plugin_system:Skipping extension 'colcon_notification.desktop_notification.win32': Not used on non-Windows systems
[2.927s] INFO:colcon.colcon_notification.desktop_notification:Sending desktop notification using 'notify2'
[2.965s] DEBUG:colcon.colcon_core.event_reactor:joined thread
[2.975s] INFO:colcon.colcon_core.shell:Creating prefix script '/home/prateek/ros2_ws/install/local_setup.ps1'
[2.976s] INFO:colcon.colcon_core.shell:Creating prefix util module '/home/prateek/ros2_ws/install/_local_setup_util_ps1.py'
[2.977s] INFO:colcon.colcon_core.shell:Creating prefix chain script '/home/prateek/ros2_ws/install/setup.ps1'
[2.988s] INFO:colcon.colcon_core.shell:Creating prefix script '/home/prateek/ros2_ws/install/local_setup.sh'
[2.989s] INFO:colcon.colcon_core.shell:Creating prefix util module '/home/prateek/ros2_ws/install/_local_setup_util_sh.py'
[2.989s] INFO:colcon.colcon_core.shell:Creating prefix chain script '/home/prateek/ros2_ws/install/setup.sh'
[3.000s] INFO:colcon.colcon_core.shell:Creating prefix script '/home/prateek/ros2_ws/install/local_setup.bash'
[3.000s] INFO:colcon.colcon_core.shell:Creating prefix chain script '/home/prateek/ros2_ws/install/setup.bash'
[3.009s] INFO:colcon.colcon_core.shell:Creating prefix script '/home/prateek/ros2_ws/install/local_setup.zsh'
[3.010s] INFO:colcon.colcon_core.shell:Creating prefix chain script '/home/prateek/ros2_ws/install/setup.zsh'
