[0.378s] Invoking command in '/home/prateek/ros2_ws/src/my_py_pkg': CMAKE_PREFIX_PATH=/home/prateek/ros2_ws/install/my_robot_interfaces:/home/prateek/ros2_ws/install/my_robot_bringup:/home/prateek/ros2_ws/install/my_cpp_pkg PYTHONPATH=/home/prateek/ros2_ws/build/my_py_pkg/prefix_override:/home/prateek/ros2_ws/install/my_py_pkg/lib/python3.10/site-packages:${PYTHONPATH} /usr/bin/python3 setup.py egg_info --egg-base ../../build/my_py_pkg build --build-base /home/prateek/ros2_ws/build/my_py_pkg/build install --record /home/prateek/ros2_ws/build/my_py_pkg/install.log --single-version-externally-managed
[0.479s] running egg_info
[0.479s] writing ../../build/my_py_pkg/my_py_pkg.egg-info/PKG-INFO
[0.479s] writing dependency_links to ../../build/my_py_pkg/my_py_pkg.egg-info/dependency_links.txt
[0.480s] writing entry points to ../../build/my_py_pkg/my_py_pkg.egg-info/entry_points.txt
[0.480s] writing requirements to ../../build/my_py_pkg/my_py_pkg.egg-info/requires.txt
[0.480s] writing top-level names to ../../build/my_py_pkg/my_py_pkg.egg-info/top_level.txt
[0.481s] reading manifest file '../../build/my_py_pkg/my_py_pkg.egg-info/SOURCES.txt'
[0.481s] writing manifest file '../../build/my_py_pkg/my_py_pkg.egg-info/SOURCES.txt'
[0.481s] running build
[0.481s] running build_py
[0.482s] running install
[0.482s] /usr/lib/python3/dist-packages/setuptools/command/install.py:34: SetuptoolsDeprecationWarning: setup.py install is deprecated. Use build and pip and other standards-based tools.
[0.482s]   warnings.warn(
[0.482s] running install_lib
[0.483s] running install_data
[0.483s] running install_egg_info
[0.484s] removing '/home/prateek/ros2_ws/install/my_py_pkg/lib/python3.10/site-packages/my_py_pkg-0.0.0-py3.10.egg-info' (and everything under it)
[0.484s] Copying ../../build/my_py_pkg/my_py_pkg.egg-info to /home/prateek/ros2_ws/install/my_py_pkg/lib/python3.10/site-packages/my_py_pkg-0.0.0-py3.10.egg-info
[0.484s] running install_scripts
[0.494s] Installing add_two_ints_client script to /home/prateek/ros2_ws/install/my_py_pkg/lib/my_py_pkg
[0.494s] Installing add_two_ints_client_no_oop script to /home/prateek/ros2_ws/install/my_py_pkg/lib/my_py_pkg
[0.494s] Installing add_two_ints_server script to /home/prateek/ros2_ws/install/my_py_pkg/lib/my_py_pkg
[0.494s] Installing hw_status_publisher script to /home/prateek/ros2_ws/install/my_py_pkg/lib/my_py_pkg
[0.494s] Installing number_publisher script to /home/prateek/ros2_ws/install/my_py_pkg/lib/my_py_pkg
[0.494s] Installing py_node script to /home/prateek/ros2_ws/install/my_py_pkg/lib/my_py_pkg
[0.495s] Installing robot_news_station script to /home/prateek/ros2_ws/install/my_py_pkg/lib/my_py_pkg
[0.495s] Installing smartphone script to /home/prateek/ros2_ws/install/my_py_pkg/lib/my_py_pkg
[0.495s] writing list of installed files to '/home/prateek/ros2_ws/build/my_py_pkg/install.log'
[0.505s] Invoked command in '/home/prateek/ros2_ws/src/my_py_pkg' returned '0': CMAKE_PREFIX_PATH=/home/prateek/ros2_ws/install/my_robot_interfaces:/home/prateek/ros2_ws/install/my_robot_bringup:/home/prateek/ros2_ws/install/my_cpp_pkg PYTHONPATH=/home/prateek/ros2_ws/build/my_py_pkg/prefix_override:/home/prateek/ros2_ws/install/my_py_pkg/lib/python3.10/site-packages:${PYTHONPATH} /usr/bin/python3 setup.py egg_info --egg-base ../../build/my_py_pkg build --build-base /home/prateek/ros2_ws/build/my_py_pkg/build install --record /home/prateek/ros2_ws/build/my_py_pkg/install.log --single-version-externally-managed
