[01m[K/home/prateek/ros2_ws/src/my_cpp_pkg/src/add_two_ints_client.cpp:[m[K In constructor ‘[01m[KAddTwoIntsClientNode::AddTwoIntsClientNode()[m[K’:
[01m[K/home/prateek/ros2_ws/src/my_cpp_pkg/src/add_two_ints_client.cpp:9:9:[m[K [01;31m[Kerror: [m[K‘[01m[Kthread1[m[K’ was not declared in this scope; did you mean ‘[01m[Kthread1_[m[K’?
    9 |         [01;31m[Kthread1[m[K = std::thread(std::bind(&AddTwoIntsClientNode::callAddTwoIntsService, this, 1, 4));
      |         [01;31m[K^~~~~~~[m[K
      |         [32m[Kthread1_[m[K
In file included from [01m[K/opt/ros/humble/include/rclcpp/rclcpp/logging.hpp:24[m[K,
                 from [01m[K/opt/ros/humble/include/rclcpp/rclcpp/client.hpp:40[m[K,
                 from [01m[K/opt/ros/humble/include/rclcpp/rclcpp/callback_group.hpp:24[m[K,
                 from [01m[K/opt/ros/humble/include/rclcpp/rclcpp/any_executable.hpp:20[m[K,
                 from [01m[K/opt/ros/humble/include/rclcpp/rclcpp/memory_strategy.hpp:25[m[K,
                 from [01m[K/opt/ros/humble/include/rclcpp/rclcpp/memory_strategies.hpp:18[m[K,
                 from [01m[K/opt/ros/humble/include/rclcpp/rclcpp/executor_options.hpp:20[m[K,
                 from [01m[K/opt/ros/humble/include/rclcpp/rclcpp/executor.hpp:37[m[K,
                 from [01m[K/opt/ros/humble/include/rclcpp/rclcpp/executors/multi_threaded_executor.hpp:25[m[K,
                 from [01m[K/opt/ros/humble/include/rclcpp/rclcpp/executors.hpp:21[m[K,
                 from [01m[K/opt/ros/humble/include/rclcpp/rclcpp/rclcpp.hpp:155[m[K,
                 from [01m[K/home/prateek/ros2_ws/src/my_cpp_pkg/src/add_two_ints_client.cpp:1[m[K:
[01m[K/home/prateek/ros2_ws/src/my_cpp_pkg/src/add_two_ints_client.cpp:[m[K In member function ‘[01m[Kvoid AddTwoIntsClientNode::callAddTwoIntsService(int, int)[m[K’:
[01m[K/home/prateek/ros2_ws/src/my_cpp_pkg/src/add_two_ints_client.cpp:32:45:[m[K [01;35m[Kwarning: [m[Kformat ‘[01m[K%ld[m[K’ expects argument of type ‘[01m[Klong int[m[K’, but argument 5 has type ‘[01m[Kint[m[K’ [[01;35m[K]8;;https://gcc.gnu.org/onlinedocs/gcc/Warning-Options.html#index-Wformat=-Wformat=]8;;[m[K]
   32 |             RCLCPP_INFO(this->get_logger(), [01;35m[K"%ld + %ld = %ld"[m[K, [32m[Ka[m[K, b, response->sum);
      |                                             [01;35m[K^~~~~~~~~~~~~~~~~[m[K  [32m[K~[m[K
      |                                                                [32m[K|[m[K
      |                                                                [32m[Kint[m[K
[01m[K/home/prateek/ros2_ws/src/my_cpp_pkg/src/add_two_ints_client.cpp:32:48:[m[K [01;36m[Knote: [m[Kformat string is defined here
   32 |             RCLCPP_INFO(this->get_logger(), "[01;36m[K%ld[m[K + %ld = %ld", a, b, response->sum);
      |                                              [01;36m[K~~^[m[K
      |                                                [01;36m[K|[m[K
      |                                                [01;36m[Klong int[m[K
      |                                              [32m[K%d[m[K
In file included from [01m[K/opt/ros/humble/include/rclcpp/rclcpp/logging.hpp:24[m[K,
                 from [01m[K/opt/ros/humble/include/rclcpp/rclcpp/client.hpp:40[m[K,
                 from [01m[K/opt/ros/humble/include/rclcpp/rclcpp/callback_group.hpp:24[m[K,
                 from [01m[K/opt/ros/humble/include/rclcpp/rclcpp/any_executable.hpp:20[m[K,
                 from [01m[K/opt/ros/humble/include/rclcpp/rclcpp/memory_strategy.hpp:25[m[K,
                 from [01m[K/opt/ros/humble/include/rclcpp/rclcpp/memory_strategies.hpp:18[m[K,
                 from [01m[K/opt/ros/humble/include/rclcpp/rclcpp/executor_options.hpp:20[m[K,
                 from [01m[K/opt/ros/humble/include/rclcpp/rclcpp/executor.hpp:37[m[K,
                 from [01m[K/opt/ros/humble/include/rclcpp/rclcpp/executors/multi_threaded_executor.hpp:25[m[K,
                 from [01m[K/opt/ros/humble/include/rclcpp/rclcpp/executors.hpp:21[m[K,
                 from [01m[K/opt/ros/humble/include/rclcpp/rclcpp/rclcpp.hpp:155[m[K,
                 from [01m[K/home/prateek/ros2_ws/src/my_cpp_pkg/src/add_two_ints_client.cpp:1[m[K:
[01m[K/home/prateek/ros2_ws/src/my_cpp_pkg/src/add_two_ints_client.cpp:32:45:[m[K [01;35m[Kwarning: [m[Kformat ‘[01m[K%ld[m[K’ expects argument of type ‘[01m[Klong int[m[K’, but argument 6 has type ‘[01m[Kint[m[K’ [[01;35m[K]8;;https://gcc.gnu.org/onlinedocs/gcc/Warning-Options.html#index-Wformat=-Wformat=]8;;[m[K]
   32 |             RCLCPP_INFO(this->get_logger(), [01;35m[K"%ld + %ld = %ld"[m[K, a, [32m[Kb[m[K, response->sum);
      |                                             [01;35m[K^~~~~~~~~~~~~~~~~[m[K     [32m[K~[m[K
      |                                                                   [32m[K|[m[K
      |                                                                   [32m[Kint[m[K
[01m[K/home/prateek/ros2_ws/src/my_cpp_pkg/src/add_two_ints_client.cpp:32:54:[m[K [01;36m[Knote: [m[Kformat string is defined here
   32 |             RCLCPP_INFO(this->get_logger(), "%ld + [01;36m[K%ld[m[K = %ld", a, b, response->sum);
      |                                                    [01;36m[K~~^[m[K
      |                                                      [01;36m[K|[m[K
      |                                                      [01;36m[Klong int[m[K
      |                                                    [32m[K%d[m[K
gmake[2]: *** [CMakeFiles/add_two_ints_client.dir/build.make:76: CMakeFiles/add_two_ints_client.dir/src/add_two_ints_client.cpp.o] Error 1
gmake[1]: *** [CMakeFiles/Makefile2:305: CMakeFiles/add_two_ints_client.dir/all] Error 2
gmake: *** [Makefile:146: all] Error 2
