-- Found ament_cmake: 1.3.6 (/opt/ros/humble/share/ament_cmake/cmake)
-- Override CMake install command with custom implementation using symlinks instead of copying resources
-- Found rclcpp: 16.0.7 (/opt/ros/humble/share/rclcpp/cmake)
-- Found rosidl_generator_c: 3.1.5 (/opt/ros/humble/share/rosidl_generator_c/cmake)
-- Found rosidl_adapter: 3.1.5 (/opt/ros/humble/share/rosidl_adapter/cmake)
-- Found rosidl_generator_cpp: 3.1.5 (/opt/ros/humble/share/rosidl_generator_cpp/cmake)
-- Using all available rosidl_typesupport_c: rosidl_typesupport_fastrtps_c;rosidl_typesupport_introspection_c
-- Using all available rosidl_typesupport_cpp: rosidl_typesupport_fastrtps_cpp;rosidl_typesupport_introspection_cpp
-- Found rmw_implementation_cmake: 6.1.1 (/opt/ros/humble/share/rmw_implementation_cmake/cmake)
-- Found rmw_fastrtps_cpp: 6.2.5 (/opt/ros/humble/share/rmw_fastrtps_cpp/cmake)
-- Using RMW implementation 'rmw_fastrtps_cpp' as default
-- Found example_interfaces: 0.9.3 (/opt/ros/humble/share/example_interfaces/cmake)
-- Configuring done
-- Generating done
-- Build files have been written to: /home/prateek/ros2_ws/build/my_cpp_pkg
[35m[1mConsolidate compiler generated dependencies of target cpp_node[0m
[35m[1mConsolidate compiler generated dependencies of target robot_news_station[0m
[ 14%] Built target robot_news_station
[ 28%] Built target cpp_node
[35m[1mConsolidate compiler generated dependencies of target smartphone[0m
[35m[1mConsolidate compiler generated dependencies of target number_counter[0m
[ 42%] Built target smartphone
[35m[1mConsolidate compiler generated dependencies of target add_two_ints_server[0m
[ 57%] Built target number_counter
[ 71%] Built target add_two_ints_server
[35m[1mConsolidate compiler generated dependencies of target add_two_ints_client_no_oop[0m
[ 78%] [32mBuilding CXX object CMakeFiles/add_two_ints_client.dir/src/add_two_ints_client.cpp.o[0m
[ 92%] Built target add_two_ints_client_no_oop
[01m[K/home/prateek/ros2_ws/src/my_cpp_pkg/src/add_two_ints_client.cpp:[m[K In constructor ‘[01m[KAddTwoIntsClientNode::AddTwoIntsClientNode()[m[K’:
[01m[K/home/prateek/ros2_ws/src/my_cpp_pkg/src/add_two_ints_client.cpp:9:9:[m[K [01;31m[Kerror: [m[K‘[01m[Kthread1[m[K’ was not declared in this scope; did you mean ‘[01m[Kthread1_[m[K’?
    9 |         [01;31m[Kthread1[m[K = std::thread(std::bind(&AddTwoIntsClientNode::callAddTwoIntsService, this, 1, 4));
      |         [01;31m[K^~~~~~~[m[K
      |         [32m[Kthread1_[m[K
In file included from [01m[K/opt/ros/humble/include/rclcpp/rclcpp/logging.hpp:24[m[K,
                 from [01m[K/opt/ros/humble/include/rclcpp/rclcpp/client.hpp:40[m[K,
                 from [01m[K/opt/ros/humble/include/rclcpp/rclcpp/callback_group.hpp:24[m[K,
                 from [01m[K/opt/ros/humble/include/rclcpp/rclcpp/any_executable.hpp:20[m[K,
                 from [01m[K/opt/ros/humble/include/rclcpp/rclcpp/memory_strategy.hpp:25[m[K,
                 from [01m[K/opt/ros/humble/include/rclcpp/rclcpp/memory_strategies.hpp:18[m[K,
                 from [01m[K/opt/ros/humble/include/rclcpp/rclcpp/executor_options.hpp:20[m[K,
                 from [01m[K/opt/ros/humble/include/rclcpp/rclcpp/executor.hpp:37[m[K,
                 from [01m[K/opt/ros/humble/include/rclcpp/rclcpp/executors/multi_threaded_executor.hpp:25[m[K,
                 from [01m[K/opt/ros/humble/include/rclcpp/rclcpp/executors.hpp:21[m[K,
                 from [01m[K/opt/ros/humble/include/rclcpp/rclcpp/rclcpp.hpp:155[m[K,
                 from [01m[K/home/prateek/ros2_ws/src/my_cpp_pkg/src/add_two_ints_client.cpp:1[m[K:
[01m[K/home/prateek/ros2_ws/src/my_cpp_pkg/src/add_two_ints_client.cpp:[m[K In member function ‘[01m[Kvoid AddTwoIntsClientNode::callAddTwoIntsService(int, int)[m[K’:
[01m[K/home/prateek/ros2_ws/src/my_cpp_pkg/src/add_two_ints_client.cpp:32:45:[m[K [01;35m[Kwarning: [m[Kformat ‘[01m[K%ld[m[K’ expects argument of type ‘[01m[Klong int[m[K’, but argument 5 has type ‘[01m[Kint[m[K’ [[01;35m[K]8;;https://gcc.gnu.org/onlinedocs/gcc/Warning-Options.html#index-Wformat=-Wformat=]8;;[m[K]
   32 |             RCLCPP_INFO(this->get_logger(), [01;35m[K"%ld + %ld = %ld"[m[K, [32m[Ka[m[K, b, response->sum);
      |                                             [01;35m[K^~~~~~~~~~~~~~~~~[m[K  [32m[K~[m[K
      |                                                                [32m[K|[m[K
      |                                                                [32m[Kint[m[K
[01m[K/home/prateek/ros2_ws/src/my_cpp_pkg/src/add_two_ints_client.cpp:32:48:[m[K [01;36m[Knote: [m[Kformat string is defined here
   32 |             RCLCPP_INFO(this->get_logger(), "[01;36m[K%ld[m[K + %ld = %ld", a, b, response->sum);
      |                                              [01;36m[K~~^[m[K
      |                                                [01;36m[K|[m[K
      |                                                [01;36m[Klong int[m[K
      |                                              [32m[K%d[m[K
In file included from [01m[K/opt/ros/humble/include/rclcpp/rclcpp/logging.hpp:24[m[K,
                 from [01m[K/opt/ros/humble/include/rclcpp/rclcpp/client.hpp:40[m[K,
                 from [01m[K/opt/ros/humble/include/rclcpp/rclcpp/callback_group.hpp:24[m[K,
                 from [01m[K/opt/ros/humble/include/rclcpp/rclcpp/any_executable.hpp:20[m[K,
                 from [01m[K/opt/ros/humble/include/rclcpp/rclcpp/memory_strategy.hpp:25[m[K,
                 from [01m[K/opt/ros/humble/include/rclcpp/rclcpp/memory_strategies.hpp:18[m[K,
                 from [01m[K/opt/ros/humble/include/rclcpp/rclcpp/executor_options.hpp:20[m[K,
                 from [01m[K/opt/ros/humble/include/rclcpp/rclcpp/executor.hpp:37[m[K,
                 from [01m[K/opt/ros/humble/include/rclcpp/rclcpp/executors/multi_threaded_executor.hpp:25[m[K,
                 from [01m[K/opt/ros/humble/include/rclcpp/rclcpp/executors.hpp:21[m[K,
                 from [01m[K/opt/ros/humble/include/rclcpp/rclcpp/rclcpp.hpp:155[m[K,
                 from [01m[K/home/prateek/ros2_ws/src/my_cpp_pkg/src/add_two_ints_client.cpp:1[m[K:
[01m[K/home/prateek/ros2_ws/src/my_cpp_pkg/src/add_two_ints_client.cpp:32:45:[m[K [01;35m[Kwarning: [m[Kformat ‘[01m[K%ld[m[K’ expects argument of type ‘[01m[Klong int[m[K’, but argument 6 has type ‘[01m[Kint[m[K’ [[01;35m[K]8;;https://gcc.gnu.org/onlinedocs/gcc/Warning-Options.html#index-Wformat=-Wformat=]8;;[m[K]
   32 |             RCLCPP_INFO(this->get_logger(), [01;35m[K"%ld + %ld = %ld"[m[K, a, [32m[Kb[m[K, response->sum);
      |                                             [01;35m[K^~~~~~~~~~~~~~~~~[m[K     [32m[K~[m[K
      |                                                                   [32m[K|[m[K
      |                                                                   [32m[Kint[m[K
[01m[K/home/prateek/ros2_ws/src/my_cpp_pkg/src/add_two_ints_client.cpp:32:54:[m[K [01;36m[Knote: [m[Kformat string is defined here
   32 |             RCLCPP_INFO(this->get_logger(), "%ld + [01;36m[K%ld[m[K = %ld", a, b, response->sum);
      |                                                    [01;36m[K~~^[m[K
      |                                                      [01;36m[K|[m[K
      |                                                      [01;36m[Klong int[m[K
      |                                                    [32m[K%d[m[K
gmake[2]: *** [CMakeFiles/add_two_ints_client.dir/build.make:76: CMakeFiles/add_two_ints_client.dir/src/add_two_ints_client.cpp.o] Error 1
gmake[1]: *** [CMakeFiles/Makefile2:305: CMakeFiles/add_two_ints_client.dir/all] Error 2
gmake: *** [Makefile:146: all] Error 2
