[ 16%] Built target cpp_node
[ 33%] Built target robot_news_station
[ 50%] Built target smartphone
[ 66%] Built target number_counter
[ 83%] Built target add_two_ints_server
[35m[1mConsolidate compiler generated dependencies of target add_two_ints_client_no_oop[0m
[ 91%] [32mBuilding CXX object CMakeFiles/add_two_ints_client_no_oop.dir/src/add_two_ints_client_no_oop.cpp.o[0m
[01m[K/home/prateek/ros2_ws/src/my_cpp_pkg/src/add_two_ints_client_no_oop.cpp:[m[K In function ‘[01m[Kint main(int, char**)[m[K’:
[01m[K/home/prateek/ros2_ws/src/my_cpp_pkg/src/add_two_ints_client_no_oop.cpp:8:89:[m[K [01;31m[Kerror: [m[Kno matching function for call to ‘[01m[Kexample_interfaces::srv::AddTwoInts::AddTwoInts(const char [13])[m[K’
    8 | e_client<example_interfaces::srv::AddTwoInts("add_two_ints"[01;31m[K)[m[K>
      |                                                            [01;31m[K^[m[K

In file included from [01m[K/opt/ros/humble/include/example_interfaces/example_interfaces/srv/add_two_ints.hpp:7[m[K,
                 from [01m[K/home/prateek/ros2_ws/src/my_cpp_pkg/src/add_two_ints_client_no_oop.cpp:2[m[K:
[01m[K/opt/ros/humble/include/example_interfaces/example_interfaces/srv/detail/add_two_ints__struct.hpp:265:8:[m[K [01;36m[Knote: [m[Kcandidate: ‘[01m[Kconstexpr example_interfaces::srv::AddTwoInts::AddTwoInts()[m[K’
  265 | struct [01;36m[KAddTwoInts[m[K
      |        [01;36m[K^~~~~~~~~~[m[K
[01m[K/opt/ros/humble/include/example_interfaces/example_interfaces/srv/detail/add_two_ints__struct.hpp:265:8:[m[K [01;36m[Knote: [m[K  candidate expects 0 arguments, 1 provided
[01m[K/opt/ros/humble/include/example_interfaces/example_interfaces/srv/detail/add_two_ints__struct.hpp:265:8:[m[K [01;36m[Knote: [m[Kcandidate: ‘[01m[Kconstexpr example_interfaces::srv::AddTwoInts::AddTwoInts(const example_interfaces::srv::AddTwoInts&)[m[K’
[01m[K/opt/ros/humble/include/example_interfaces/example_interfaces/srv/detail/add_two_ints__struct.hpp:265:8:[m[K [01;36m[Knote: [m[K  no known conversion for argument 1 from ‘[01m[Kconst char [13][m[K’ to ‘[01m[Kconst example_interfaces::srv::AddTwoInts&[m[K’
[01m[K/opt/ros/humble/include/example_interfaces/example_interfaces/srv/detail/add_two_ints__struct.hpp:265:8:[m[K [01;36m[Knote: [m[Kcandidate: ‘[01m[Kconstexpr example_interfaces::srv::AddTwoInts::AddTwoInts(example_interfaces::srv::AddTwoInts&&)[m[K’
[01m[K/opt/ros/humble/include/example_interfaces/example_interfaces/srv/detail/add_two_ints__struct.hpp:265:8:[m[K [01;36m[Knote: [m[K  no known conversion for argument 1 from ‘[01m[Kconst char [13][m[K’ to ‘[01m[Kexample_interfaces::srv::AddTwoInts&&[m[K’
[01m[K/home/prateek/ros2_ws/src/my_cpp_pkg/src/add_two_ints_client_no_oop.cpp:8:25:[m[K [01;31m[Kerror: [m[Kunable to deduce ‘[01m[Kauto[m[K’ from ‘[01m[K((std::__shared_ptr_access<rclcpp::Node, __gnu_cxx::_S_atomic, false, false>*)(& node))->std::__shared_ptr_access<rclcpp::Node, __gnu_cxx::_S_atomic, false, false>::operator->()->create_client<<expression error> >[m[K’
    8 |     auto client = node->[01;31m[Kcreate_client<example_interfaces::srv::AddTwoInts("add_two_ints")>[m[K
      |                         [01;31m[K^~~~~~~~~~~~~~~~~~~~~~~~~~~~~~~~~~~~~~~~~~~~~~~~~~~~~~~~~~~~~~~~~~[m[K
[01m[K/home/prateek/ros2_ws/src/my_cpp_pkg/src/add_two_ints_client_no_oop.cpp:8:25:[m[K [01;36m[Knote: [m[K  couldn’t deduce template parameter ‘[01m[Kauto[m[K’
[01m[K/home/prateek/ros2_ws/src/my_cpp_pkg/src/add_two_ints_client_no_oop.cpp:11:5:[m[K [01;31m[Kerror: [m[Kexpected ‘[01m[K,[m[K’ or ‘[01m[K;[m[K’ before ‘[01m[Kwhile[m[K’
   11 |     [01;31m[Kwhile[m[K (!client->wait_for_service(std::chrono::seconds(1)))
      |     [01;31m[K^~~~~[m[K
[01m[K/home/prateek/ros2_ws/src/my_cpp_pkg/src/add_two_ints_client_no_oop.cpp:23:69:[m[K [01;31m[Kerror: [m[K‘[01m[Krclcpp::executor[m[K’ has not been declared
   23 | in_until_future_complete(node, future) == rclcpp::[01;31m[Kexecutor[m[K::FutureReturnCode::SUCCESS)
      |                                                   [01;31m[K^~~~~~~~[m[K

gmake[2]: *** [CMakeFiles/add_two_ints_client_no_oop.dir/build.make:76: CMakeFiles/add_two_ints_client_no_oop.dir/src/add_two_ints_client_no_oop.cpp.o] Error 1
gmake[1]: *** [CMakeFiles/Makefile2:277: CMakeFiles/add_two_ints_client_no_oop.dir/all] Error 2
gmake: *** [Makefile:146: all] Error 2
