[0.088s] Invoking command in '/home/prateek/ros2_ws/build/my_cpp_pkg': AMENT_PREFIX_PATH=/home/prateek/ros2_ws/install/my_robot_interfaces:${AMENT_PREFIX_PATH} CMAKE_PREFIX_PATH=/home/prateek/ros2_ws/install/my_robot_interfaces:/opt/ros/humble LD_LIBRARY_PATH=/home/prateek/ros2_ws/install/my_robot_interfaces/lib:${LD_LIBRARY_PATH} PYTHONPATH=/home/prateek/ros2_ws/install/my_robot_interfaces/local/lib/python3.10/dist-packages:${PYTHONPATH} /usr/bin/cmake --build /home/prateek/ros2_ws/build/my_cpp_pkg -- -j4 -l4
[0.161s] [ 12%] Built target cpp_node
[0.165s] [ 25%] Built target smartphone
[0.170s] [ 37%] Built target number_counter
[0.190s] [ 50%] Built target robot_news_station
[0.201s] [ 62%] Built target add_two_ints_server
[0.215s] [ 75%] Built target add_two_ints_client_no_oop
[0.217s] [ 87%] Built target add_two_ints_client
[0.226s] [100%] Built target hw_status_publisher
[0.338s] Invoked command in '/home/prateek/ros2_ws/build/my_cpp_pkg' returned '0': AMENT_PREFIX_PATH=/home/prateek/ros2_ws/install/my_robot_interfaces:${AMENT_PREFIX_PATH} CMAKE_PREFIX_PATH=/home/prateek/ros2_ws/install/my_robot_interfaces:/opt/ros/humble LD_LIBRARY_PATH=/home/prateek/ros2_ws/install/my_robot_interfaces/lib:${LD_LIBRARY_PATH} PYTHONPATH=/home/prateek/ros2_ws/install/my_robot_interfaces/local/lib/python3.10/dist-packages:${PYTHONPATH} /usr/bin/cmake --build /home/prateek/ros2_ws/build/my_cpp_pkg -- -j4 -l4
[0.398s] Invoking command in '/home/prateek/ros2_ws/build/my_cpp_pkg': AMENT_PREFIX_PATH=/home/prateek/ros2_ws/install/my_robot_interfaces:${AMENT_PREFIX_PATH} CMAKE_PREFIX_PATH=/home/prateek/ros2_ws/install/my_robot_interfaces:/opt/ros/humble LD_LIBRARY_PATH=/home/prateek/ros2_ws/install/my_robot_interfaces/lib:${LD_LIBRARY_PATH} PYTHONPATH=/home/prateek/ros2_ws/install/my_robot_interfaces/local/lib/python3.10/dist-packages:${PYTHONPATH} /usr/bin/cmake --install /home/prateek/ros2_ws/build/my_cpp_pkg
[0.406s] -- Install configuration: ""
[0.407s] -- Execute custom install script
[0.407s] -- Up-to-date symlink: /home/prateek/ros2_ws/install/my_cpp_pkg/lib/my_cpp_pkg/cpp_node
[0.407s] -- Up-to-date symlink: /home/prateek/ros2_ws/install/my_cpp_pkg/lib/my_cpp_pkg/robot_news_station
[0.408s] -- Up-to-date symlink: /home/prateek/ros2_ws/install/my_cpp_pkg/lib/my_cpp_pkg/smartphone
[0.408s] -- Up-to-date symlink: /home/prateek/ros2_ws/install/my_cpp_pkg/lib/my_cpp_pkg/number_counter
[0.408s] -- Up-to-date symlink: /home/prateek/ros2_ws/install/my_cpp_pkg/lib/my_cpp_pkg/add_two_ints_server
[0.408s] -- Up-to-date symlink: /home/prateek/ros2_ws/install/my_cpp_pkg/lib/my_cpp_pkg/add_two_ints_client
[0.408s] -- Up-to-date symlink: /home/prateek/ros2_ws/install/my_cpp_pkg/lib/my_cpp_pkg/add_two_ints_client_no_oop
[0.408s] -- Up-to-date symlink: /home/prateek/ros2_ws/install/my_cpp_pkg/lib/my_cpp_pkg/hw_status_publisher
[0.409s] -- Up-to-date symlink: /home/prateek/ros2_ws/install/my_cpp_pkg/share/ament_index/resource_index/package_run_dependencies/my_cpp_pkg
[0.409s] -- Up-to-date symlink: /home/prateek/ros2_ws/install/my_cpp_pkg/share/ament_index/resource_index/parent_prefix_path/my_cpp_pkg
[0.409s] -- Up-to-date symlink: /home/prateek/ros2_ws/install/my_cpp_pkg/share/my_cpp_pkg/environment/ament_prefix_path.sh
[0.409s] -- Up-to-date symlink: /home/prateek/ros2_ws/install/my_cpp_pkg/share/my_cpp_pkg/environment/ament_prefix_path.dsv
[0.409s] -- Up-to-date symlink: /home/prateek/ros2_ws/install/my_cpp_pkg/share/my_cpp_pkg/environment/path.sh
[0.410s] -- Up-to-date symlink: /home/prateek/ros2_ws/install/my_cpp_pkg/share/my_cpp_pkg/environment/path.dsv
[0.410s] -- Up-to-date symlink: /home/prateek/ros2_ws/install/my_cpp_pkg/share/my_cpp_pkg/local_setup.bash
[0.410s] -- Up-to-date symlink: /home/prateek/ros2_ws/install/my_cpp_pkg/share/my_cpp_pkg/local_setup.sh
[0.410s] -- Up-to-date symlink: /home/prateek/ros2_ws/install/my_cpp_pkg/share/my_cpp_pkg/local_setup.zsh
[0.410s] -- Up-to-date symlink: /home/prateek/ros2_ws/install/my_cpp_pkg/share/my_cpp_pkg/local_setup.dsv
[0.410s] -- Symlinking: /home/prateek/ros2_ws/install/my_cpp_pkg/share/my_cpp_pkg/package.dsv
[0.419s] -- Up-to-date symlink: /home/prateek/ros2_ws/install/my_cpp_pkg/share/ament_index/resource_index/packages/my_cpp_pkg
[0.420s] -- Up-to-date symlink: /home/prateek/ros2_ws/install/my_cpp_pkg/share/my_cpp_pkg/cmake/my_cpp_pkgConfig.cmake
[0.420s] -- Up-to-date symlink: /home/prateek/ros2_ws/install/my_cpp_pkg/share/my_cpp_pkg/cmake/my_cpp_pkgConfig-version.cmake
[0.420s] -- Up-to-date symlink: /home/prateek/ros2_ws/install/my_cpp_pkg/share/my_cpp_pkg/package.xml
[0.422s] Invoked command in '/home/prateek/ros2_ws/build/my_cpp_pkg' returned '0': AMENT_PREFIX_PATH=/home/prateek/ros2_ws/install/my_robot_interfaces:${AMENT_PREFIX_PATH} CMAKE_PREFIX_PATH=/home/prateek/ros2_ws/install/my_robot_interfaces:/opt/ros/humble LD_LIBRARY_PATH=/home/prateek/ros2_ws/install/my_robot_interfaces/lib:${LD_LIBRARY_PATH} PYTHONPATH=/home/prateek/ros2_ws/install/my_robot_interfaces/local/lib/python3.10/dist-packages:${PYTHONPATH} /usr/bin/cmake --install /home/prateek/ros2_ws/build/my_cpp_pkg
