[0.079s] DEBUG:colcon:Command line arguments: ['/usr/bin/colcon', 'build']
[0.079s] DEBUG:colcon:Parsed command line arguments: Namespace(log_base=None, log_level=None, verb_name='build', build_base='build', install_base='install', merge_install=False, symlink_install=False, test_result_base=None, continue_on_error=False, executor='parallel', parallel_workers=16, event_handlers=None, ignore_user_meta=False, metas=['./colcon.meta'], base_paths=['.'], packages_ignore=None, packages_ignore_regex=None, paths=None, packages_up_to=None, packages_up_to_regex=None, packages_above=None, packages_above_and_dependencies=None, packages_above_depth=None, packages_select_by_dep=None, packages_skip_by_dep=None, packages_skip_up_to=None, packages_select_build_failed=False, packages_skip_build_finished=False, packages_select_test_failures=False, packages_skip_test_passed=False, packages_select=None, packages_skip=None, packages_select_regex=None, packages_skip_regex=None, packages_start=None, packages_end=None, allow_overriding=[], cmake_args=None, cmake_target=None, cmake_target_skip_unavailable=False, cmake_clean_cache=False, cmake_clean_first=False, cmake_force_configure=False, ament_cmake_args=None, catkin_cmake_args=None, catkin_skip_building_tests=False, verb_parser=<colcon_defaults.argument_parser.defaults.DefaultArgumentsDecorator object at 0x73a2b7245510>, verb_extension=<colcon_core.verb.build.BuildVerb object at 0x73a2b7359fc0>, main=<bound method BuildVerb.main of <colcon_core.verb.build.BuildVerb object at 0x73a2b7359fc0>>)
[0.215s] Level 1:colcon.colcon_core.package_discovery:discover_packages(colcon_meta) check parameters
[0.215s] Level 1:colcon.colcon_core.package_discovery:discover_packages(recursive) check parameters
[0.215s] Level 1:colcon.colcon_core.package_discovery:discover_packages(ignore) check parameters
[0.216s] Level 1:colcon.colcon_core.package_discovery:discover_packages(path) check parameters
[0.216s] Level 1:colcon.colcon_core.package_discovery:discover_packages(colcon_meta) discover
[0.216s] Level 1:colcon.colcon_core.package_discovery:discover_packages(recursive) discover
[0.216s] INFO:colcon.colcon_core.package_discovery:Crawling recursively for packages in '/home/prateek/ros2_ws'
[0.216s] Level 1:colcon.colcon_core.package_identification:_identify(.) by extensions ['ignore', 'ignore_ament_install']
[0.216s] Level 1:colcon.colcon_core.package_identification:_identify(.) by extension 'ignore'
[0.216s] Level 1:colcon.colcon_core.package_identification:_identify(.) by extension 'ignore_ament_install'
[0.216s] Level 1:colcon.colcon_core.package_identification:_identify(.) by extensions ['colcon_pkg']
[0.216s] Level 1:colcon.colcon_core.package_identification:_identify(.) by extension 'colcon_pkg'
[0.216s] Level 1:colcon.colcon_core.package_identification:_identify(.) by extensions ['colcon_meta']
[0.216s] Level 1:colcon.colcon_core.package_identification:_identify(.) by extension 'colcon_meta'
[0.216s] Level 1:colcon.colcon_core.package_identification:_identify(.) by extensions ['ros']
[0.216s] Level 1:colcon.colcon_core.package_identification:_identify(.) by extension 'ros'
[0.224s] Level 1:colcon.colcon_core.package_identification:_identify(.) by extensions ['cmake', 'python']
[0.224s] Level 1:colcon.colcon_core.package_identification:_identify(.) by extension 'cmake'
[0.224s] Level 1:colcon.colcon_core.package_identification:_identify(.) by extension 'python'
[0.224s] Level 1:colcon.colcon_core.package_identification:_identify(.) by extensions ['python_setup_py']
[0.224s] Level 1:colcon.colcon_core.package_identification:_identify(.) by extension 'python_setup_py'
[0.224s] Level 1:colcon.colcon_core.package_identification:_identify(Screenshots) by extensions ['ignore', 'ignore_ament_install']
[0.224s] Level 1:colcon.colcon_core.package_identification:_identify(Screenshots) by extension 'ignore'
[0.224s] Level 1:colcon.colcon_core.package_identification:_identify(Screenshots) by extension 'ignore_ament_install'
[0.224s] Level 1:colcon.colcon_core.package_identification:_identify(Screenshots) by extensions ['colcon_pkg']
[0.224s] Level 1:colcon.colcon_core.package_identification:_identify(Screenshots) by extension 'colcon_pkg'
[0.224s] Level 1:colcon.colcon_core.package_identification:_identify(Screenshots) by extensions ['colcon_meta']
[0.224s] Level 1:colcon.colcon_core.package_identification:_identify(Screenshots) by extension 'colcon_meta'
[0.224s] Level 1:colcon.colcon_core.package_identification:_identify(Screenshots) by extensions ['ros']
[0.224s] Level 1:colcon.colcon_core.package_identification:_identify(Screenshots) by extension 'ros'
[0.225s] Level 1:colcon.colcon_core.package_identification:_identify(Screenshots) by extensions ['cmake', 'python']
[0.225s] Level 1:colcon.colcon_core.package_identification:_identify(Screenshots) by extension 'cmake'
[0.225s] Level 1:colcon.colcon_core.package_identification:_identify(Screenshots) by extension 'python'
[0.225s] Level 1:colcon.colcon_core.package_identification:_identify(Screenshots) by extensions ['python_setup_py']
[0.225s] Level 1:colcon.colcon_core.package_identification:_identify(Screenshots) by extension 'python_setup_py'
[0.225s] Level 1:colcon.colcon_core.package_identification:_identify(build) by extensions ['ignore', 'ignore_ament_install']
[0.225s] Level 1:colcon.colcon_core.package_identification:_identify(build) by extension 'ignore'
[0.225s] Level 1:colcon.colcon_core.package_identification:_identify(build) ignored
[0.225s] Level 1:colcon.colcon_core.package_identification:_identify(install) by extensions ['ignore', 'ignore_ament_install']
[0.225s] Level 1:colcon.colcon_core.package_identification:_identify(install) by extension 'ignore'
[0.225s] Level 1:colcon.colcon_core.package_identification:_identify(install) ignored
[0.225s] Level 1:colcon.colcon_core.package_identification:_identify(log) by extensions ['ignore', 'ignore_ament_install']
[0.225s] Level 1:colcon.colcon_core.package_identification:_identify(log) by extension 'ignore'
[0.225s] Level 1:colcon.colcon_core.package_identification:_identify(log) ignored
[0.225s] Level 1:colcon.colcon_core.package_identification:_identify(src) by extensions ['ignore', 'ignore_ament_install']
[0.225s] Level 1:colcon.colcon_core.package_identification:_identify(src) by extension 'ignore'
[0.225s] Level 1:colcon.colcon_core.package_identification:_identify(src) by extension 'ignore_ament_install'
[0.225s] Level 1:colcon.colcon_core.package_identification:_identify(src) by extensions ['colcon_pkg']
[0.225s] Level 1:colcon.colcon_core.package_identification:_identify(src) by extension 'colcon_pkg'
[0.225s] Level 1:colcon.colcon_core.package_identification:_identify(src) by extensions ['colcon_meta']
[0.226s] Level 1:colcon.colcon_core.package_identification:_identify(src) by extension 'colcon_meta'
[0.226s] Level 1:colcon.colcon_core.package_identification:_identify(src) by extensions ['ros']
[0.226s] Level 1:colcon.colcon_core.package_identification:_identify(src) by extension 'ros'
[0.226s] Level 1:colcon.colcon_core.package_identification:_identify(src) by extensions ['cmake', 'python']
[0.226s] Level 1:colcon.colcon_core.package_identification:_identify(src) by extension 'cmake'
[0.226s] Level 1:colcon.colcon_core.package_identification:_identify(src) by extension 'python'
[0.226s] Level 1:colcon.colcon_core.package_identification:_identify(src) by extensions ['python_setup_py']
[0.226s] Level 1:colcon.colcon_core.package_identification:_identify(src) by extension 'python_setup_py'
[0.226s] Level 1:colcon.colcon_core.package_identification:_identify(src/build) by extensions ['ignore', 'ignore_ament_install']
[0.226s] Level 1:colcon.colcon_core.package_identification:_identify(src/build) by extension 'ignore'
[0.226s] Level 1:colcon.colcon_core.package_identification:_identify(src/build) ignored
[0.226s] Level 1:colcon.colcon_core.package_identification:_identify(src/install) by extensions ['ignore', 'ignore_ament_install']
[0.226s] Level 1:colcon.colcon_core.package_identification:_identify(src/install) by extension 'ignore'
[0.226s] Level 1:colcon.colcon_core.package_identification:_identify(src/install) ignored
[0.226s] Level 1:colcon.colcon_core.package_identification:_identify(src/log) by extensions ['ignore', 'ignore_ament_install']
[0.226s] Level 1:colcon.colcon_core.package_identification:_identify(src/log) by extension 'ignore'
[0.226s] Level 1:colcon.colcon_core.package_identification:_identify(src/log) ignored
[0.226s] Level 1:colcon.colcon_core.package_identification:_identify(src/my_cpp_pkg) by extensions ['ignore', 'ignore_ament_install']
[0.226s] Level 1:colcon.colcon_core.package_identification:_identify(src/my_cpp_pkg) by extension 'ignore'
[0.226s] Level 1:colcon.colcon_core.package_identification:_identify(src/my_cpp_pkg) by extension 'ignore_ament_install'
[0.226s] Level 1:colcon.colcon_core.package_identification:_identify(src/my_cpp_pkg) by extensions ['colcon_pkg']
[0.226s] Level 1:colcon.colcon_core.package_identification:_identify(src/my_cpp_pkg) by extension 'colcon_pkg'
[0.227s] Level 1:colcon.colcon_core.package_identification:_identify(src/my_cpp_pkg) by extensions ['colcon_meta']
[0.227s] Level 1:colcon.colcon_core.package_identification:_identify(src/my_cpp_pkg) by extension 'colcon_meta'
[0.227s] Level 1:colcon.colcon_core.package_identification:_identify(src/my_cpp_pkg) by extensions ['ros']
[0.227s] Level 1:colcon.colcon_core.package_identification:_identify(src/my_cpp_pkg) by extension 'ros'
[0.228s] DEBUG:colcon.colcon_core.package_identification:Package 'src/my_cpp_pkg' with type 'ros.ament_cmake' and name 'my_cpp_pkg'
[0.228s] Level 1:colcon.colcon_core.package_identification:_identify(src/my_py_pkg) by extensions ['ignore', 'ignore_ament_install']
[0.229s] Level 1:colcon.colcon_core.package_identification:_identify(src/my_py_pkg) by extension 'ignore'
[0.229s] Level 1:colcon.colcon_core.package_identification:_identify(src/my_py_pkg) by extension 'ignore_ament_install'
[0.229s] Level 1:colcon.colcon_core.package_identification:_identify(src/my_py_pkg) by extensions ['colcon_pkg']
[0.229s] Level 1:colcon.colcon_core.package_identification:_identify(src/my_py_pkg) by extension 'colcon_pkg'
[0.229s] Level 1:colcon.colcon_core.package_identification:_identify(src/my_py_pkg) by extensions ['colcon_meta']
[0.229s] Level 1:colcon.colcon_core.package_identification:_identify(src/my_py_pkg) by extension 'colcon_meta'
[0.229s] Level 1:colcon.colcon_core.package_identification:_identify(src/my_py_pkg) by extensions ['ros']
[0.229s] Level 1:colcon.colcon_core.package_identification:_identify(src/my_py_pkg) by extension 'ros'
[0.229s] DEBUG:colcon.colcon_core.package_identification:Package 'src/my_py_pkg' with type 'ros.ament_python' and name 'my_py_pkg'
[0.229s] Level 1:colcon.colcon_core.package_identification:_identify(src/my_robot_bringup) by extensions ['ignore', 'ignore_ament_install']
[0.229s] Level 1:colcon.colcon_core.package_identification:_identify(src/my_robot_bringup) by extension 'ignore'
[0.229s] Level 1:colcon.colcon_core.package_identification:_identify(src/my_robot_bringup) by extension 'ignore_ament_install'
[0.229s] Level 1:colcon.colcon_core.package_identification:_identify(src/my_robot_bringup) by extensions ['colcon_pkg']
[0.229s] Level 1:colcon.colcon_core.package_identification:_identify(src/my_robot_bringup) by extension 'colcon_pkg'
[0.230s] Level 1:colcon.colcon_core.package_identification:_identify(src/my_robot_bringup) by extensions ['colcon_meta']
[0.230s] Level 1:colcon.colcon_core.package_identification:_identify(src/my_robot_bringup) by extension 'colcon_meta'
[0.230s] Level 1:colcon.colcon_core.package_identification:_identify(src/my_robot_bringup) by extensions ['ros']
[0.230s] Level 1:colcon.colcon_core.package_identification:_identify(src/my_robot_bringup) by extension 'ros'
[0.230s] DEBUG:colcon.colcon_core.package_identification:Package 'src/my_robot_bringup' with type 'ros.ament_cmake' and name 'my_robot_bringup'
[0.230s] Level 1:colcon.colcon_core.package_identification:_identify(src/my_robot_interfaces) by extensions ['ignore', 'ignore_ament_install']
[0.230s] Level 1:colcon.colcon_core.package_identification:_identify(src/my_robot_interfaces) by extension 'ignore'
[0.230s] Level 1:colcon.colcon_core.package_identification:_identify(src/my_robot_interfaces) by extension 'ignore_ament_install'
[0.230s] Level 1:colcon.colcon_core.package_identification:_identify(src/my_robot_interfaces) by extensions ['colcon_pkg']
[0.230s] Level 1:colcon.colcon_core.package_identification:_identify(src/my_robot_interfaces) by extension 'colcon_pkg'
[0.230s] Level 1:colcon.colcon_core.package_identification:_identify(src/my_robot_interfaces) by extensions ['colcon_meta']
[0.230s] Level 1:colcon.colcon_core.package_identification:_identify(src/my_robot_interfaces) by extension 'colcon_meta'
[0.230s] Level 1:colcon.colcon_core.package_identification:_identify(src/my_robot_interfaces) by extensions ['ros']
[0.230s] Level 1:colcon.colcon_core.package_identification:_identify(src/my_robot_interfaces) by extension 'ros'
[0.231s] DEBUG:colcon.colcon_core.package_identification:Package 'src/my_robot_interfaces' with type 'ros.ament_cmake' and name 'my_robot_interfaces'
[0.231s] Level 1:colcon.colcon_core.package_discovery:discover_packages(recursive) using defaults
[0.231s] Level 1:colcon.colcon_core.package_discovery:discover_packages(ignore) discover
[0.231s] Level 1:colcon.colcon_core.package_discovery:discover_packages(ignore) using defaults
[0.231s] Level 1:colcon.colcon_core.package_discovery:discover_packages(path) discover
[0.231s] Level 1:colcon.colcon_core.package_discovery:discover_packages(path) using defaults
[0.251s] Level 1:colcon.colcon_core.package_discovery:discover_packages(prefix_path) check parameters
[0.251s] Level 1:colcon.colcon_core.package_discovery:discover_packages(prefix_path) discover
[0.252s] WARNING:colcon.colcon_ros.prefix_path.ament:The path '/home/prateek/ros2_ws/src/install/my_py_pkg' in the environment variable AMENT_PREFIX_PATH doesn't exist
[0.252s] WARNING:colcon.colcon_ros.prefix_path.ament:The path '/home/prateek/ros2_ws/src/install/my_robot_interfaces' in the environment variable AMENT_PREFIX_PATH doesn't exist
[0.252s] WARNING:colcon.colcon_ros.prefix_path.ament:The path '/home/prateek/ros2_ws/src/install/my_robot_interfaces
' in the environment variable AMENT_PREFIX_PATH doesn't exist
[0.252s] WARNING:colcon.colcon_ros.prefix_path.catkin:The path '/home/prateek/ros2_ws/src/install/my_py_pkg' in the environment variable CMAKE_PREFIX_PATH doesn't exist
[0.252s] WARNING:colcon.colcon_ros.prefix_path.catkin:The path '/home/prateek/ros2_ws/src/install/my_robot_interfaces' in the environment variable CMAKE_PREFIX_PATH doesn't exist
[0.252s] WARNING:colcon.colcon_ros.prefix_path.catkin:The path '/home/prateek/ros2_ws/src/install/my_robot_interfaces
' in the environment variable CMAKE_PREFIX_PATH doesn't exist
[0.253s] DEBUG:colcon.colcon_installed_package_information.package_discovery:Found 0 installed packages in /home/prateek/ros2_ws/src/install
[0.253s] DEBUG:colcon.colcon_installed_package_information.package_discovery:Found 4 installed packages in /home/prateek/ros2_ws/install
[0.254s] DEBUG:colcon.colcon_installed_package_information.package_discovery:Found 270 installed packages in /opt/ros/humble
[0.255s] DEBUG:colcon.colcon_installed_package_information.package_discovery:Found 0 installed packages in /home/prateek/ros2_ws/src/install/
[0.255s] Level 1:colcon.colcon_core.package_discovery:discover_packages(prefix_path) using defaults
[0.284s] Level 5:colcon.colcon_core.verb:set package 'my_robot_interfaces' build argument 'cmake_args' from command line to 'None'
[0.284s] Level 5:colcon.colcon_core.verb:set package 'my_robot_interfaces' build argument 'cmake_target' from command line to 'None'
[0.284s] Level 5:colcon.colcon_core.verb:set package 'my_robot_interfaces' build argument 'cmake_target_skip_unavailable' from command line to 'False'
[0.284s] Level 5:colcon.colcon_core.verb:set package 'my_robot_interfaces' build argument 'cmake_clean_cache' from command line to 'False'
[0.284s] Level 5:colcon.colcon_core.verb:set package 'my_robot_interfaces' build argument 'cmake_clean_first' from command line to 'False'
[0.284s] Level 5:colcon.colcon_core.verb:set package 'my_robot_interfaces' build argument 'cmake_force_configure' from command line to 'False'
[0.284s] Level 5:colcon.colcon_core.verb:set package 'my_robot_interfaces' build argument 'ament_cmake_args' from command line to 'None'
[0.284s] Level 5:colcon.colcon_core.verb:set package 'my_robot_interfaces' build argument 'catkin_cmake_args' from command line to 'None'
[0.284s] Level 5:colcon.colcon_core.verb:set package 'my_robot_interfaces' build argument 'catkin_skip_building_tests' from command line to 'False'
[0.284s] DEBUG:colcon.colcon_core.verb:Building package 'my_robot_interfaces' with the following arguments: {'ament_cmake_args': None, 'build_base': '/home/prateek/ros2_ws/build/my_robot_interfaces', 'catkin_cmake_args': None, 'catkin_skip_building_tests': False, 'cmake_args': None, 'cmake_clean_cache': False, 'cmake_clean_first': False, 'cmake_force_configure': False, 'cmake_target': None, 'cmake_target_skip_unavailable': False, 'install_base': '/home/prateek/ros2_ws/install/my_robot_interfaces', 'merge_install': False, 'path': '/home/prateek/ros2_ws/src/my_robot_interfaces', 'symlink_install': False, 'test_result_base': None}
[0.284s] Level 5:colcon.colcon_core.verb:set package 'my_cpp_pkg' build argument 'cmake_args' from command line to 'None'
[0.284s] Level 5:colcon.colcon_core.verb:set package 'my_cpp_pkg' build argument 'cmake_target' from command line to 'None'
[0.284s] Level 5:colcon.colcon_core.verb:set package 'my_cpp_pkg' build argument 'cmake_target_skip_unavailable' from command line to 'False'
[0.284s] Level 5:colcon.colcon_core.verb:set package 'my_cpp_pkg' build argument 'cmake_clean_cache' from command line to 'False'
[0.284s] Level 5:colcon.colcon_core.verb:set package 'my_cpp_pkg' build argument 'cmake_clean_first' from command line to 'False'
[0.284s] Level 5:colcon.colcon_core.verb:set package 'my_cpp_pkg' build argument 'cmake_force_configure' from command line to 'False'
[0.284s] Level 5:colcon.colcon_core.verb:set package 'my_cpp_pkg' build argument 'ament_cmake_args' from command line to 'None'
[0.284s] Level 5:colcon.colcon_core.verb:set package 'my_cpp_pkg' build argument 'catkin_cmake_args' from command line to 'None'
[0.284s] Level 5:colcon.colcon_core.verb:set package 'my_cpp_pkg' build argument 'catkin_skip_building_tests' from command line to 'False'
[0.284s] DEBUG:colcon.colcon_core.verb:Building package 'my_cpp_pkg' with the following arguments: {'ament_cmake_args': None, 'build_base': '/home/prateek/ros2_ws/build/my_cpp_pkg', 'catkin_cmake_args': None, 'catkin_skip_building_tests': False, 'cmake_args': None, 'cmake_clean_cache': False, 'cmake_clean_first': False, 'cmake_force_configure': False, 'cmake_target': None, 'cmake_target_skip_unavailable': False, 'install_base': '/home/prateek/ros2_ws/install/my_cpp_pkg', 'merge_install': False, 'path': '/home/prateek/ros2_ws/src/my_cpp_pkg', 'symlink_install': False, 'test_result_base': None}
[0.285s] Level 5:colcon.colcon_core.verb:set package 'my_py_pkg' build argument 'cmake_args' from command line to 'None'
[0.285s] Level 5:colcon.colcon_core.verb:set package 'my_py_pkg' build argument 'cmake_target' from command line to 'None'
[0.285s] Level 5:colcon.colcon_core.verb:set package 'my_py_pkg' build argument 'cmake_target_skip_unavailable' from command line to 'False'
[0.285s] Level 5:colcon.colcon_core.verb:set package 'my_py_pkg' build argument 'cmake_clean_cache' from command line to 'False'
[0.285s] Level 5:colcon.colcon_core.verb:set package 'my_py_pkg' build argument 'cmake_clean_first' from command line to 'False'
[0.285s] Level 5:colcon.colcon_core.verb:set package 'my_py_pkg' build argument 'cmake_force_configure' from command line to 'False'
[0.285s] Level 5:colcon.colcon_core.verb:set package 'my_py_pkg' build argument 'ament_cmake_args' from command line to 'None'
[0.285s] Level 5:colcon.colcon_core.verb:set package 'my_py_pkg' build argument 'catkin_cmake_args' from command line to 'None'
[0.285s] Level 5:colcon.colcon_core.verb:set package 'my_py_pkg' build argument 'catkin_skip_building_tests' from command line to 'False'
[0.285s] DEBUG:colcon.colcon_core.verb:Building package 'my_py_pkg' with the following arguments: {'ament_cmake_args': None, 'build_base': '/home/prateek/ros2_ws/build/my_py_pkg', 'catkin_cmake_args': None, 'catkin_skip_building_tests': False, 'cmake_args': None, 'cmake_clean_cache': False, 'cmake_clean_first': False, 'cmake_force_configure': False, 'cmake_target': None, 'cmake_target_skip_unavailable': False, 'install_base': '/home/prateek/ros2_ws/install/my_py_pkg', 'merge_install': False, 'path': '/home/prateek/ros2_ws/src/my_py_pkg', 'symlink_install': False, 'test_result_base': None}
[0.285s] Level 5:colcon.colcon_core.verb:set package 'my_robot_bringup' build argument 'cmake_args' from command line to 'None'
[0.285s] Level 5:colcon.colcon_core.verb:set package 'my_robot_bringup' build argument 'cmake_target' from command line to 'None'
[0.285s] Level 5:colcon.colcon_core.verb:set package 'my_robot_bringup' build argument 'cmake_target_skip_unavailable' from command line to 'False'
[0.285s] Level 5:colcon.colcon_core.verb:set package 'my_robot_bringup' build argument 'cmake_clean_cache' from command line to 'False'
[0.285s] Level 5:colcon.colcon_core.verb:set package 'my_robot_bringup' build argument 'cmake_clean_first' from command line to 'False'
[0.285s] Level 5:colcon.colcon_core.verb:set package 'my_robot_bringup' build argument 'cmake_force_configure' from command line to 'False'
[0.285s] Level 5:colcon.colcon_core.verb:set package 'my_robot_bringup' build argument 'ament_cmake_args' from command line to 'None'
[0.285s] Level 5:colcon.colcon_core.verb:set package 'my_robot_bringup' build argument 'catkin_cmake_args' from command line to 'None'
[0.285s] Level 5:colcon.colcon_core.verb:set package 'my_robot_bringup' build argument 'catkin_skip_building_tests' from command line to 'False'
[0.285s] DEBUG:colcon.colcon_core.verb:Building package 'my_robot_bringup' with the following arguments: {'ament_cmake_args': None, 'build_base': '/home/prateek/ros2_ws/build/my_robot_bringup', 'catkin_cmake_args': None, 'catkin_skip_building_tests': False, 'cmake_args': None, 'cmake_clean_cache': False, 'cmake_clean_first': False, 'cmake_force_configure': False, 'cmake_target': None, 'cmake_target_skip_unavailable': False, 'install_base': '/home/prateek/ros2_ws/install/my_robot_bringup', 'merge_install': False, 'path': '/home/prateek/ros2_ws/src/my_robot_bringup', 'symlink_install': False, 'test_result_base': None}
[0.285s] INFO:colcon.colcon_core.executor:Executing jobs using 'parallel' executor
[0.286s] DEBUG:colcon.colcon_parallel_executor.executor.parallel:run_until_complete
[0.286s] INFO:colcon.colcon_ros.task.ament_cmake.build:Building ROS package in '/home/prateek/ros2_ws/src/my_robot_interfaces' with build type 'ament_cmake'
[0.286s] INFO:colcon.colcon_cmake.task.cmake.build:Building CMake package in '/home/prateek/ros2_ws/src/my_robot_interfaces'
[0.288s] INFO:colcon.colcon_core.plugin_system:Skipping extension 'colcon_core.shell.bat': Not used on non-Windows systems
[0.288s] INFO:colcon.colcon_core.shell:Skip shell extension 'powershell' for command environment: Not usable outside of PowerShell
[0.288s] DEBUG:colcon.colcon_core.shell:Skip shell extension 'dsv' for command environment
[0.295s] DEBUG:colcon.colcon_core.event_handler.log_command:Invoking command in '/home/prateek/ros2_ws/build/my_robot_interfaces': /usr/bin/cmake --build /home/prateek/ros2_ws/build/my_robot_interfaces -- -j16 -l16
[0.555s] DEBUG:colcon.colcon_core.event_handler.log_command:Invoked command in '/home/prateek/ros2_ws/build/my_robot_interfaces' returned '0': /usr/bin/cmake --build /home/prateek/ros2_ws/build/my_robot_interfaces -- -j16 -l16
[0.608s] DEBUG:colcon.colcon_core.event_handler.log_command:Invoking command in '/home/prateek/ros2_ws/build/my_robot_interfaces': /usr/bin/cmake --install /home/prateek/ros2_ws/build/my_robot_interfaces
[0.657s] Level 1:colcon.colcon_core.environment:create_environment_scripts_only(my_robot_interfaces)
[0.658s] DEBUG:colcon.colcon_core.event_handler.log_command:Invoked command in '/home/prateek/ros2_ws/build/my_robot_interfaces' returned '0': /usr/bin/cmake --install /home/prateek/ros2_ws/build/my_robot_interfaces
[0.660s] Level 1:colcon.colcon_core.environment:checking '/home/prateek/ros2_ws/install/my_robot_interfaces' for CMake module files
[0.661s] Level 1:colcon.colcon_core.environment:checking '/home/prateek/ros2_ws/install/my_robot_interfaces' for CMake config files
[0.662s] Level 1:colcon.colcon_core.shell:create_environment_hook('my_robot_interfaces', 'cmake_prefix_path')
[0.662s] INFO:colcon.colcon_core.shell:Creating environment hook '/home/prateek/ros2_ws/install/my_robot_interfaces/share/my_robot_interfaces/hook/cmake_prefix_path.ps1'
[0.662s] INFO:colcon.colcon_core.shell:Creating environment descriptor '/home/prateek/ros2_ws/install/my_robot_interfaces/share/my_robot_interfaces/hook/cmake_prefix_path.dsv'
[0.663s] INFO:colcon.colcon_core.shell:Creating environment hook '/home/prateek/ros2_ws/install/my_robot_interfaces/share/my_robot_interfaces/hook/cmake_prefix_path.sh'
[0.664s] Level 1:colcon.colcon_core.environment:checking '/home/prateek/ros2_ws/install/my_robot_interfaces/lib'
[0.664s] Level 1:colcon.colcon_core.shell:create_environment_hook('my_robot_interfaces', 'ld_library_path_lib')
[0.664s] INFO:colcon.colcon_core.shell:Creating environment hook '/home/prateek/ros2_ws/install/my_robot_interfaces/share/my_robot_interfaces/hook/ld_library_path_lib.ps1'
[0.664s] INFO:colcon.colcon_core.shell:Creating environment descriptor '/home/prateek/ros2_ws/install/my_robot_interfaces/share/my_robot_interfaces/hook/ld_library_path_lib.dsv'
[0.665s] INFO:colcon.colcon_core.shell:Creating environment hook '/home/prateek/ros2_ws/install/my_robot_interfaces/share/my_robot_interfaces/hook/ld_library_path_lib.sh'
[0.665s] Level 1:colcon.colcon_core.environment:checking '/home/prateek/ros2_ws/install/my_robot_interfaces/bin'
[0.665s] Level 1:colcon.colcon_core.environment:checking '/home/prateek/ros2_ws/install/my_robot_interfaces/lib/pkgconfig/my_robot_interfaces.pc'
[0.665s] Level 1:colcon.colcon_core.environment:checking '/home/prateek/ros2_ws/install/my_robot_interfaces/lib/python3.10/site-packages'
[0.665s] Level 1:colcon.colcon_core.environment:checking '/home/prateek/ros2_ws/install/my_robot_interfaces/bin'
[0.666s] INFO:colcon.colcon_core.shell:Creating package script '/home/prateek/ros2_ws/install/my_robot_interfaces/share/my_robot_interfaces/package.ps1'
[0.667s] INFO:colcon.colcon_core.shell:Creating package descriptor '/home/prateek/ros2_ws/install/my_robot_interfaces/share/my_robot_interfaces/package.dsv'
[0.667s] INFO:colcon.colcon_core.shell:Creating package script '/home/prateek/ros2_ws/install/my_robot_interfaces/share/my_robot_interfaces/package.sh'
[0.668s] INFO:colcon.colcon_core.shell:Creating package script '/home/prateek/ros2_ws/install/my_robot_interfaces/share/my_robot_interfaces/package.bash'
[0.669s] INFO:colcon.colcon_core.shell:Creating package script '/home/prateek/ros2_ws/install/my_robot_interfaces/share/my_robot_interfaces/package.zsh'
[0.669s] Level 1:colcon.colcon_core.environment:create_file_with_runtime_dependencies(/home/prateek/ros2_ws/install/my_robot_interfaces/share/colcon-core/packages/my_robot_interfaces)
[0.716s] Level 1:colcon.colcon_core.environment:create_environment_scripts_only(my_robot_interfaces)
[0.716s] Level 1:colcon.colcon_core.environment:checking '/home/prateek/ros2_ws/install/my_robot_interfaces' for CMake module files
[0.717s] Level 1:colcon.colcon_core.environment:checking '/home/prateek/ros2_ws/install/my_robot_interfaces' for CMake config files
[0.718s] Level 1:colcon.colcon_core.shell:create_environment_hook('my_robot_interfaces', 'cmake_prefix_path')
[0.718s] INFO:colcon.colcon_core.shell:Creating environment hook '/home/prateek/ros2_ws/install/my_robot_interfaces/share/my_robot_interfaces/hook/cmake_prefix_path.ps1'
[0.718s] INFO:colcon.colcon_core.shell:Creating environment descriptor '/home/prateek/ros2_ws/install/my_robot_interfaces/share/my_robot_interfaces/hook/cmake_prefix_path.dsv'
[0.718s] INFO:colcon.colcon_core.shell:Creating environment hook '/home/prateek/ros2_ws/install/my_robot_interfaces/share/my_robot_interfaces/hook/cmake_prefix_path.sh'
[0.719s] Level 1:colcon.colcon_core.environment:checking '/home/prateek/ros2_ws/install/my_robot_interfaces/lib'
[0.719s] Level 1:colcon.colcon_core.shell:create_environment_hook('my_robot_interfaces', 'ld_library_path_lib')
[0.719s] INFO:colcon.colcon_core.shell:Creating environment hook '/home/prateek/ros2_ws/install/my_robot_interfaces/share/my_robot_interfaces/hook/ld_library_path_lib.ps1'
[0.720s] INFO:colcon.colcon_core.shell:Creating environment descriptor '/home/prateek/ros2_ws/install/my_robot_interfaces/share/my_robot_interfaces/hook/ld_library_path_lib.dsv'
[0.720s] INFO:colcon.colcon_core.shell:Creating environment hook '/home/prateek/ros2_ws/install/my_robot_interfaces/share/my_robot_interfaces/hook/ld_library_path_lib.sh'
[0.720s] Level 1:colcon.colcon_core.environment:checking '/home/prateek/ros2_ws/install/my_robot_interfaces/bin'
[0.720s] Level 1:colcon.colcon_core.environment:checking '/home/prateek/ros2_ws/install/my_robot_interfaces/lib/pkgconfig/my_robot_interfaces.pc'
[0.720s] Level 1:colcon.colcon_core.environment:checking '/home/prateek/ros2_ws/install/my_robot_interfaces/lib/python3.10/site-packages'
[0.721s] Level 1:colcon.colcon_core.environment:checking '/home/prateek/ros2_ws/install/my_robot_interfaces/bin'
[0.721s] INFO:colcon.colcon_core.shell:Creating package script '/home/prateek/ros2_ws/install/my_robot_interfaces/share/my_robot_interfaces/package.ps1'
[0.722s] INFO:colcon.colcon_core.shell:Creating package descriptor '/home/prateek/ros2_ws/install/my_robot_interfaces/share/my_robot_interfaces/package.dsv'
[0.722s] INFO:colcon.colcon_core.shell:Creating package script '/home/prateek/ros2_ws/install/my_robot_interfaces/share/my_robot_interfaces/package.sh'
[0.723s] INFO:colcon.colcon_core.shell:Creating package script '/home/prateek/ros2_ws/install/my_robot_interfaces/share/my_robot_interfaces/package.bash'
[0.723s] INFO:colcon.colcon_core.shell:Creating package script '/home/prateek/ros2_ws/install/my_robot_interfaces/share/my_robot_interfaces/package.zsh'
[0.723s] Level 1:colcon.colcon_core.environment:create_file_with_runtime_dependencies(/home/prateek/ros2_ws/install/my_robot_interfaces/share/colcon-core/packages/my_robot_interfaces)
[0.724s] INFO:colcon.colcon_ros.task.ament_cmake.build:Building ROS package in '/home/prateek/ros2_ws/src/my_cpp_pkg' with build type 'ament_cmake'
[0.724s] INFO:colcon.colcon_cmake.task.cmake.build:Building CMake package in '/home/prateek/ros2_ws/src/my_cpp_pkg'
[0.724s] INFO:colcon.colcon_core.shell:Skip shell extension 'powershell' for command environment: Not usable outside of PowerShell
[0.724s] DEBUG:colcon.colcon_core.shell:Skip shell extension 'dsv' for command environment
[0.728s] INFO:colcon.colcon_ros.task.ament_python.build:Building ROS package in '/home/prateek/ros2_ws/src/my_py_pkg' with build type 'ament_python'
[0.728s] Level 1:colcon.colcon_core.shell:create_environment_hook('my_py_pkg', 'ament_prefix_path')
[0.729s] INFO:colcon.colcon_core.shell:Creating environment hook '/home/prateek/ros2_ws/install/my_py_pkg/share/my_py_pkg/hook/ament_prefix_path.ps1'
[0.729s] INFO:colcon.colcon_core.shell:Creating environment descriptor '/home/prateek/ros2_ws/install/my_py_pkg/share/my_py_pkg/hook/ament_prefix_path.dsv'
[0.729s] INFO:colcon.colcon_core.shell:Creating environment hook '/home/prateek/ros2_ws/install/my_py_pkg/share/my_py_pkg/hook/ament_prefix_path.sh'
[0.730s] INFO:colcon.colcon_core.shell:Skip shell extension 'powershell' for command environment: Not usable outside of PowerShell
[0.730s] DEBUG:colcon.colcon_core.shell:Skip shell extension 'dsv' for command environment
[0.738s] DEBUG:colcon.colcon_core.event_handler.log_command:Invoking command in '/home/prateek/ros2_ws/build/my_cpp_pkg': CMAKE_PREFIX_PATH=/home/prateek/ros2_ws/install/my_robot_interfaces:/home/prateek/ros2_ws/install/my_robot_bringup:/home/prateek/ros2_ws/install/my_cpp_pkg:/home/prateek/ros2_ws/install:/home/prateek/ros2_ws/src/install/my_py_pkg:/home/prateek/ros2_ws/src/install/my_robot_interfaces:/home/prateek/ros2_ws/install/my_py_pkg:/opt/ros/humble:/home/prateek/ros2_ws/src/install/:/home/prateek/ros2_ws/src/install/my_robot_interfaces :/home/prateek/ros2_ws/install/my_py_pkg:/home/prateek/ros2_ws/src/install/my_robot_interfaces:/home/prateek/ros2_ws/src/install/my_robot_interfaces
: LD_LIBRARY_PATH=/home/prateek/ros2_ws/install/my_robot_interfaces/lib:/usr/local/lib/z3-z3-4.7.1/build:/usr/local/lib/z3-z3-4.7.1/build:/usr/local/lib/z3-z3-4.7.1/build:/usr/local/lib/z3-z3-4.7.1/build:/usr/local/lib/z3-z3-4.7.1/build:/home/prateek/ros2_ws/src/install/my_robot_interfaces/lib:/usr/local/lib/z3-z3-4.7.1/build:/usr/local/lib/z3-z3-4.7.1/build:/opt/ros/humble/opt/rviz_ogre_vendor/lib:/opt/ros/humble/lib/x86_64-linux-gnu:/opt/ros/humble/lib:/usr/local/lib/z3-z3-4.7.1/build:/usr/local/lib/z3-z3-4.7.1/build /usr/bin/cmake --build /home/prateek/ros2_ws/build/my_cpp_pkg -- -j16 -l16
[0.943s] INFO:colcon.colcon_core.task.python.build:Building Python package in '/home/prateek/ros2_ws/src/my_py_pkg'
[0.943s] INFO:colcon.colcon_core.shell:Skip shell extension 'powershell' for command environment: Not usable outside of PowerShell
[0.943s] DEBUG:colcon.colcon_core.shell:Skip shell extension 'dsv' for command environment
[0.947s] DEBUG:colcon.colcon_core.event_handler.log_command:Invoked command in '/home/prateek/ros2_ws/build/my_cpp_pkg' returned '0': CMAKE_PREFIX_PATH=/home/prateek/ros2_ws/install/my_robot_interfaces:/home/prateek/ros2_ws/install/my_robot_bringup:/home/prateek/ros2_ws/install/my_cpp_pkg:/home/prateek/ros2_ws/install:/home/prateek/ros2_ws/src/install/my_py_pkg:/home/prateek/ros2_ws/src/install/my_robot_interfaces:/home/prateek/ros2_ws/install/my_py_pkg:/opt/ros/humble:/home/prateek/ros2_ws/src/install/:/home/prateek/ros2_ws/src/install/my_robot_interfaces :/home/prateek/ros2_ws/install/my_py_pkg:/home/prateek/ros2_ws/src/install/my_robot_interfaces:/home/prateek/ros2_ws/src/install/my_robot_interfaces
: LD_LIBRARY_PATH=/home/prateek/ros2_ws/install/my_robot_interfaces/lib:/usr/local/lib/z3-z3-4.7.1/build:/usr/local/lib/z3-z3-4.7.1/build:/usr/local/lib/z3-z3-4.7.1/build:/usr/local/lib/z3-z3-4.7.1/build:/usr/local/lib/z3-z3-4.7.1/build:/home/prateek/ros2_ws/src/install/my_robot_interfaces/lib:/usr/local/lib/z3-z3-4.7.1/build:/usr/local/lib/z3-z3-4.7.1/build:/opt/ros/humble/opt/rviz_ogre_vendor/lib:/opt/ros/humble/lib/x86_64-linux-gnu:/opt/ros/humble/lib:/usr/local/lib/z3-z3-4.7.1/build:/usr/local/lib/z3-z3-4.7.1/build /usr/bin/cmake --build /home/prateek/ros2_ws/build/my_cpp_pkg -- -j16 -l16
[0.976s] DEBUG:colcon.colcon_core.event_handler.log_command:Invoking command in '/home/prateek/ros2_ws/build/my_cpp_pkg': CMAKE_PREFIX_PATH=/home/prateek/ros2_ws/install/my_robot_interfaces:/home/prateek/ros2_ws/install/my_robot_bringup:/home/prateek/ros2_ws/install/my_cpp_pkg:/home/prateek/ros2_ws/install:/home/prateek/ros2_ws/src/install/my_py_pkg:/home/prateek/ros2_ws/src/install/my_robot_interfaces:/home/prateek/ros2_ws/install/my_py_pkg:/opt/ros/humble:/home/prateek/ros2_ws/src/install/:/home/prateek/ros2_ws/src/install/my_robot_interfaces :/home/prateek/ros2_ws/install/my_py_pkg:/home/prateek/ros2_ws/src/install/my_robot_interfaces:/home/prateek/ros2_ws/src/install/my_robot_interfaces
: LD_LIBRARY_PATH=/home/prateek/ros2_ws/install/my_robot_interfaces/lib:/usr/local/lib/z3-z3-4.7.1/build:/usr/local/lib/z3-z3-4.7.1/build:/usr/local/lib/z3-z3-4.7.1/build:/usr/local/lib/z3-z3-4.7.1/build:/usr/local/lib/z3-z3-4.7.1/build:/home/prateek/ros2_ws/src/install/my_robot_interfaces/lib:/usr/local/lib/z3-z3-4.7.1/build:/usr/local/lib/z3-z3-4.7.1/build:/opt/ros/humble/opt/rviz_ogre_vendor/lib:/opt/ros/humble/lib/x86_64-linux-gnu:/opt/ros/humble/lib:/usr/local/lib/z3-z3-4.7.1/build:/usr/local/lib/z3-z3-4.7.1/build /usr/bin/cmake --install /home/prateek/ros2_ws/build/my_cpp_pkg
[0.982s] Level 1:colcon.colcon_core.environment:create_environment_scripts_only(my_cpp_pkg)
[0.983s] Level 1:colcon.colcon_core.environment:checking '/home/prateek/ros2_ws/install/my_cpp_pkg' for CMake module files
[0.983s] DEBUG:colcon.colcon_core.event_handler.log_command:Invoked command in '/home/prateek/ros2_ws/build/my_cpp_pkg' returned '0': CMAKE_PREFIX_PATH=/home/prateek/ros2_ws/install/my_robot_interfaces:/home/prateek/ros2_ws/install/my_robot_bringup:/home/prateek/ros2_ws/install/my_cpp_pkg:/home/prateek/ros2_ws/install:/home/prateek/ros2_ws/src/install/my_py_pkg:/home/prateek/ros2_ws/src/install/my_robot_interfaces:/home/prateek/ros2_ws/install/my_py_pkg:/opt/ros/humble:/home/prateek/ros2_ws/src/install/:/home/prateek/ros2_ws/src/install/my_robot_interfaces :/home/prateek/ros2_ws/install/my_py_pkg:/home/prateek/ros2_ws/src/install/my_robot_interfaces:/home/prateek/ros2_ws/src/install/my_robot_interfaces
: LD_LIBRARY_PATH=/home/prateek/ros2_ws/install/my_robot_interfaces/lib:/usr/local/lib/z3-z3-4.7.1/build:/usr/local/lib/z3-z3-4.7.1/build:/usr/local/lib/z3-z3-4.7.1/build:/usr/local/lib/z3-z3-4.7.1/build:/usr/local/lib/z3-z3-4.7.1/build:/home/prateek/ros2_ws/src/install/my_robot_interfaces/lib:/usr/local/lib/z3-z3-4.7.1/build:/usr/local/lib/z3-z3-4.7.1/build:/opt/ros/humble/opt/rviz_ogre_vendor/lib:/opt/ros/humble/lib/x86_64-linux-gnu:/opt/ros/humble/lib:/usr/local/lib/z3-z3-4.7.1/build:/usr/local/lib/z3-z3-4.7.1/build /usr/bin/cmake --install /home/prateek/ros2_ws/build/my_cpp_pkg
[0.984s] Level 1:colcon.colcon_core.environment:checking '/home/prateek/ros2_ws/install/my_cpp_pkg' for CMake config files
[0.984s] Level 1:colcon.colcon_core.shell:create_environment_hook('my_cpp_pkg', 'cmake_prefix_path')
[0.984s] INFO:colcon.colcon_core.shell:Creating environment hook '/home/prateek/ros2_ws/install/my_cpp_pkg/share/my_cpp_pkg/hook/cmake_prefix_path.ps1'
[0.985s] INFO:colcon.colcon_core.shell:Creating environment descriptor '/home/prateek/ros2_ws/install/my_cpp_pkg/share/my_cpp_pkg/hook/cmake_prefix_path.dsv'
[0.985s] INFO:colcon.colcon_core.shell:Creating environment hook '/home/prateek/ros2_ws/install/my_cpp_pkg/share/my_cpp_pkg/hook/cmake_prefix_path.sh'
[0.985s] Level 1:colcon.colcon_core.environment:checking '/home/prateek/ros2_ws/install/my_cpp_pkg/lib'
[0.985s] Level 1:colcon.colcon_core.environment:checking '/home/prateek/ros2_ws/install/my_cpp_pkg/bin'
[0.985s] Level 1:colcon.colcon_core.environment:checking '/home/prateek/ros2_ws/install/my_cpp_pkg/lib/pkgconfig/my_cpp_pkg.pc'
[0.986s] Level 1:colcon.colcon_core.environment:checking '/home/prateek/ros2_ws/install/my_cpp_pkg/lib/python3.10/site-packages'
[0.986s] Level 1:colcon.colcon_core.environment:checking '/home/prateek/ros2_ws/install/my_cpp_pkg/bin'
[0.986s] INFO:colcon.colcon_core.shell:Creating package script '/home/prateek/ros2_ws/install/my_cpp_pkg/share/my_cpp_pkg/package.ps1'
[0.987s] INFO:colcon.colcon_core.shell:Creating package descriptor '/home/prateek/ros2_ws/install/my_cpp_pkg/share/my_cpp_pkg/package.dsv'
[0.987s] INFO:colcon.colcon_core.shell:Creating package script '/home/prateek/ros2_ws/install/my_cpp_pkg/share/my_cpp_pkg/package.sh'
[0.987s] INFO:colcon.colcon_core.shell:Creating package script '/home/prateek/ros2_ws/install/my_cpp_pkg/share/my_cpp_pkg/package.bash'
[0.988s] INFO:colcon.colcon_core.shell:Creating package script '/home/prateek/ros2_ws/install/my_cpp_pkg/share/my_cpp_pkg/package.zsh'
[0.988s] Level 1:colcon.colcon_core.environment:create_file_with_runtime_dependencies(/home/prateek/ros2_ws/install/my_cpp_pkg/share/colcon-core/packages/my_cpp_pkg)
[1.017s] Level 1:colcon.colcon_core.environment:create_environment_scripts_only(my_cpp_pkg)
[1.017s] Level 1:colcon.colcon_core.environment:checking '/home/prateek/ros2_ws/install/my_cpp_pkg' for CMake module files
[1.018s] Level 1:colcon.colcon_core.environment:checking '/home/prateek/ros2_ws/install/my_cpp_pkg' for CMake config files
[1.018s] Level 1:colcon.colcon_core.shell:create_environment_hook('my_cpp_pkg', 'cmake_prefix_path')
[1.018s] INFO:colcon.colcon_core.shell:Creating environment hook '/home/prateek/ros2_ws/install/my_cpp_pkg/share/my_cpp_pkg/hook/cmake_prefix_path.ps1'
[1.019s] INFO:colcon.colcon_core.shell:Creating environment descriptor '/home/prateek/ros2_ws/install/my_cpp_pkg/share/my_cpp_pkg/hook/cmake_prefix_path.dsv'
[1.019s] INFO:colcon.colcon_core.shell:Creating environment hook '/home/prateek/ros2_ws/install/my_cpp_pkg/share/my_cpp_pkg/hook/cmake_prefix_path.sh'
[1.020s] Level 1:colcon.colcon_core.environment:checking '/home/prateek/ros2_ws/install/my_cpp_pkg/lib'
[1.020s] Level 1:colcon.colcon_core.environment:checking '/home/prateek/ros2_ws/install/my_cpp_pkg/bin'
[1.020s] Level 1:colcon.colcon_core.environment:checking '/home/prateek/ros2_ws/install/my_cpp_pkg/lib/pkgconfig/my_cpp_pkg.pc'
[1.020s] Level 1:colcon.colcon_core.environment:checking '/home/prateek/ros2_ws/install/my_cpp_pkg/lib/python3.10/site-packages'
[1.020s] Level 1:colcon.colcon_core.environment:checking '/home/prateek/ros2_ws/install/my_cpp_pkg/bin'
[1.020s] INFO:colcon.colcon_core.shell:Creating package script '/home/prateek/ros2_ws/install/my_cpp_pkg/share/my_cpp_pkg/package.ps1'
[1.021s] INFO:colcon.colcon_core.shell:Creating package descriptor '/home/prateek/ros2_ws/install/my_cpp_pkg/share/my_cpp_pkg/package.dsv'
[1.021s] INFO:colcon.colcon_core.shell:Creating package script '/home/prateek/ros2_ws/install/my_cpp_pkg/share/my_cpp_pkg/package.sh'
[1.022s] INFO:colcon.colcon_core.shell:Creating package script '/home/prateek/ros2_ws/install/my_cpp_pkg/share/my_cpp_pkg/package.bash'
[1.022s] INFO:colcon.colcon_core.shell:Creating package script '/home/prateek/ros2_ws/install/my_cpp_pkg/share/my_cpp_pkg/package.zsh'
[1.023s] Level 1:colcon.colcon_core.environment:create_file_with_runtime_dependencies(/home/prateek/ros2_ws/install/my_cpp_pkg/share/colcon-core/packages/my_cpp_pkg)
[1.223s] DEBUG:colcon.colcon_core.event_handler.log_command:Invoking command in '/home/prateek/ros2_ws/src/my_py_pkg': CMAKE_PREFIX_PATH=/home/prateek/ros2_ws/install/my_robot_interfaces:/home/prateek/ros2_ws/install/my_robot_bringup:/home/prateek/ros2_ws/install/my_cpp_pkg:/home/prateek/ros2_ws/install:/home/prateek/ros2_ws/src/install/my_py_pkg:/home/prateek/ros2_ws/src/install/my_robot_interfaces:/home/prateek/ros2_ws/install/my_py_pkg:/opt/ros/humble:/home/prateek/ros2_ws/src/install/:/home/prateek/ros2_ws/src/install/my_robot_interfaces :/home/prateek/ros2_ws/install/my_py_pkg:/home/prateek/ros2_ws/src/install/my_robot_interfaces LD_LIBRARY_PATH=/home/prateek/ros2_ws/install/my_robot_interfaces/lib:/usr/local/lib/z3-z3-4.7.1/build:/usr/local/lib/z3-z3-4.7.1/build:/usr/local/lib/z3-z3-4.7.1/build:/usr/local/lib/z3-z3-4.7.1/build:/usr/local/lib/z3-z3-4.7.1/build:/home/prateek/ros2_ws/src/install/my_robot_interfaces/lib:/usr/local/lib/z3-z3-4.7.1/build:/usr/local/lib/z3-z3-4.7.1/build:/opt/ros/humble/opt/rviz_ogre_vendor/lib:/opt/ros/humble/lib/x86_64-linux-gnu:/opt/ros/humble/lib:/usr/local/lib/z3-z3-4.7.1/build:/usr/local/lib/z3-z3-4.7.1/build PYTHONPATH=/home/prateek/ros2_ws/build/my_py_pkg/prefix_override:/home/prateek/ros2_ws/install/my_py_pkg/lib/python3.10/site-packages:${PYTHONPATH} /usr/bin/python3 -W ignore:setup.py install is deprecated setup.py egg_info --egg-base ../../build/my_py_pkg build --build-base /home/prateek/ros2_ws/build/my_py_pkg/build install --record /home/prateek/ros2_ws/build/my_py_pkg/install.log --single-version-externally-managed install_data
[1.435s] Level 1:colcon.colcon_core.environment:checking '/home/prateek/ros2_ws/install/my_py_pkg' for CMake module files
[1.435s] DEBUG:colcon.colcon_core.event_handler.log_command:Invoked command in '/home/prateek/ros2_ws/src/my_py_pkg' returned '0': CMAKE_PREFIX_PATH=/home/prateek/ros2_ws/install/my_robot_interfaces:/home/prateek/ros2_ws/install/my_robot_bringup:/home/prateek/ros2_ws/install/my_cpp_pkg:/home/prateek/ros2_ws/install:/home/prateek/ros2_ws/src/install/my_py_pkg:/home/prateek/ros2_ws/src/install/my_robot_interfaces:/home/prateek/ros2_ws/install/my_py_pkg:/opt/ros/humble:/home/prateek/ros2_ws/src/install/:/home/prateek/ros2_ws/src/install/my_robot_interfaces :/home/prateek/ros2_ws/install/my_py_pkg:/home/prateek/ros2_ws/src/install/my_robot_interfaces LD_LIBRARY_PATH=/home/prateek/ros2_ws/install/my_robot_interfaces/lib:/usr/local/lib/z3-z3-4.7.1/build:/usr/local/lib/z3-z3-4.7.1/build:/usr/local/lib/z3-z3-4.7.1/build:/usr/local/lib/z3-z3-4.7.1/build:/usr/local/lib/z3-z3-4.7.1/build:/home/prateek/ros2_ws/src/install/my_robot_interfaces/lib:/usr/local/lib/z3-z3-4.7.1/build:/usr/local/lib/z3-z3-4.7.1/build:/opt/ros/humble/opt/rviz_ogre_vendor/lib:/opt/ros/humble/lib/x86_64-linux-gnu:/opt/ros/humble/lib:/usr/local/lib/z3-z3-4.7.1/build:/usr/local/lib/z3-z3-4.7.1/build PYTHONPATH=/home/prateek/ros2_ws/build/my_py_pkg/prefix_override:/home/prateek/ros2_ws/install/my_py_pkg/lib/python3.10/site-packages:${PYTHONPATH} /usr/bin/python3 -W ignore:setup.py install is deprecated setup.py egg_info --egg-base ../../build/my_py_pkg build --build-base /home/prateek/ros2_ws/build/my_py_pkg/build install --record /home/prateek/ros2_ws/build/my_py_pkg/install.log --single-version-externally-managed install_data
[1.436s] Level 1:colcon.colcon_core.environment:checking '/home/prateek/ros2_ws/install/my_py_pkg' for CMake config files
[1.436s] Level 1:colcon.colcon_core.environment:checking '/home/prateek/ros2_ws/install/my_py_pkg/lib'
[1.436s] Level 1:colcon.colcon_core.environment:checking '/home/prateek/ros2_ws/install/my_py_pkg/bin'
[1.436s] Level 1:colcon.colcon_core.environment:checking '/home/prateek/ros2_ws/install/my_py_pkg/lib/pkgconfig/my_py_pkg.pc'
[1.436s] Level 1:colcon.colcon_core.environment:checking '/home/prateek/ros2_ws/install/my_py_pkg/lib/python3.10/site-packages'
[1.436s] Level 1:colcon.colcon_core.shell:create_environment_hook('my_py_pkg', 'pythonpath')
[1.437s] INFO:colcon.colcon_core.shell:Creating environment hook '/home/prateek/ros2_ws/install/my_py_pkg/share/my_py_pkg/hook/pythonpath.ps1'
[1.437s] INFO:colcon.colcon_core.shell:Creating environment descriptor '/home/prateek/ros2_ws/install/my_py_pkg/share/my_py_pkg/hook/pythonpath.dsv'
[1.437s] INFO:colcon.colcon_core.shell:Creating environment hook '/home/prateek/ros2_ws/install/my_py_pkg/share/my_py_pkg/hook/pythonpath.sh'
[1.437s] Level 1:colcon.colcon_core.environment:checking '/home/prateek/ros2_ws/install/my_py_pkg/bin'
[1.437s] Level 1:colcon.colcon_core.environment:create_environment_scripts_only(my_py_pkg)
[1.438s] INFO:colcon.colcon_core.shell:Creating package script '/home/prateek/ros2_ws/install/my_py_pkg/share/my_py_pkg/package.ps1'
[1.438s] INFO:colcon.colcon_core.shell:Creating package descriptor '/home/prateek/ros2_ws/install/my_py_pkg/share/my_py_pkg/package.dsv'
[1.438s] INFO:colcon.colcon_core.shell:Creating package script '/home/prateek/ros2_ws/install/my_py_pkg/share/my_py_pkg/package.sh'
[1.438s] INFO:colcon.colcon_core.shell:Creating package script '/home/prateek/ros2_ws/install/my_py_pkg/share/my_py_pkg/package.bash'
[1.439s] INFO:colcon.colcon_core.shell:Creating package script '/home/prateek/ros2_ws/install/my_py_pkg/share/my_py_pkg/package.zsh'
[1.439s] Level 1:colcon.colcon_core.environment:create_file_with_runtime_dependencies(/home/prateek/ros2_ws/install/my_py_pkg/share/colcon-core/packages/my_py_pkg)
[1.439s] INFO:colcon.colcon_ros.task.ament_cmake.build:Building ROS package in '/home/prateek/ros2_ws/src/my_robot_bringup' with build type 'ament_cmake'
[1.439s] INFO:colcon.colcon_cmake.task.cmake.build:Building CMake package in '/home/prateek/ros2_ws/src/my_robot_bringup'
[1.439s] INFO:colcon.colcon_core.shell:Skip shell extension 'powershell' for command environment: Not usable outside of PowerShell
[1.440s] DEBUG:colcon.colcon_core.shell:Skip shell extension 'dsv' for command environment
[1.448s] DEBUG:colcon.colcon_core.event_handler.log_command:Invoking command in '/home/prateek/ros2_ws/build/my_robot_bringup': AMENT_PREFIX_PATH=/home/prateek/ros2_ws/install/my_py_pkg:/home/prateek/ros2_ws/install/my_robot_bringup:/home/prateek/ros2_ws/install/my_cpp_pkg:/home/prateek/ros2_ws/install/my_robot_interfaces:/home/prateek/ros2_ws/install:/home/prateek/ros2_ws/src/install/my_py_pkg:/home/prateek/ros2_ws/src/install/my_robot_interfaces:/opt/ros/humble:/home/prateek/ros2_ws/src/install/:/home/prateek/ros2_ws/src/install/my_robot_interfaces :/home/prateek/ros2_ws/install/my_robot_interfaces CMAKE_PREFIX_PATH=/home/prateek/ros2_ws/install/my_cpp_pkg:/home/prateek/ros2_ws/install/my_robot_interfaces:/home/prateek/ros2_ws/install/my_robot_bringup:/home/prateek/ros2_ws/install:/home/prateek/ros2_ws/src/install/my_py_pkg:/home/prateek/ros2_ws/src/install/my_robot_interfaces:/home/prateek/ros2_ws/install/my_py_pkg:/opt/ros/humble:/home/prateek/ros2_ws/src/install/:/home/prateek/ros2_ws/src/install/my_robot_interfaces :/home/prateek/ros2_ws/install/my_py_pkg:/home/prateek/ros2_ws/src/install/my_robot_interfaces:/home/prateek/ros2_ws/src/install/my_robot_interfaces
: LD_LIBRARY_PATH=/home/prateek/ros2_ws/install/my_robot_interfaces/lib:/usr/local/lib/z3-z3-4.7.1/build:/usr/local/lib/z3-z3-4.7.1/build:/usr/local/lib/z3-z3-4.7.1/build:/usr/local/lib/z3-z3-4.7.1/build:/usr/local/lib/z3-z3-4.7.1/build:/home/prateek/ros2_ws/src/install/my_robot_interfaces/lib:/usr/local/lib/z3-z3-4.7.1/build:/usr/local/lib/z3-z3-4.7.1/build:/opt/ros/humble/opt/rviz_ogre_vendor/lib:/opt/ros/humble/lib/x86_64-linux-gnu:/opt/ros/humble/lib:/usr/local/lib/z3-z3-4.7.1/build:/usr/local/lib/z3-z3-4.7.1/build PYTHONPATH=/home/prateek/ros2_ws/install/my_py_pkg/lib/python3.10/site-packages:/home/prateek/ros2_ws/install/my_robot_interfaces/local/lib/python3.10/dist-packages:/home/prateek/ros2_ws/src/install/my_py_pkg/lib/python3.10/site-packages:/home/prateek/ros2_ws/src/install/my_robot_interfaces/local/lib/python3.10/dist-packages:/opt/ros/humble/lib/python3.10/site-packages:/opt/ros/humble/local/lib/python3.10/dist-packages /usr/bin/cmake --build /home/prateek/ros2_ws/build/my_robot_bringup -- -j16 -l16
[1.473s] DEBUG:colcon.colcon_core.event_handler.log_command:Invoked command in '/home/prateek/ros2_ws/build/my_robot_bringup' returned '0': AMENT_PREFIX_PATH=/home/prateek/ros2_ws/install/my_py_pkg:/home/prateek/ros2_ws/install/my_robot_bringup:/home/prateek/ros2_ws/install/my_cpp_pkg:/home/prateek/ros2_ws/install/my_robot_interfaces:/home/prateek/ros2_ws/install:/home/prateek/ros2_ws/src/install/my_py_pkg:/home/prateek/ros2_ws/src/install/my_robot_interfaces:/opt/ros/humble:/home/prateek/ros2_ws/src/install/:/home/prateek/ros2_ws/src/install/my_robot_interfaces :/home/prateek/ros2_ws/install/my_robot_interfaces CMAKE_PREFIX_PATH=/home/prateek/ros2_ws/install/my_cpp_pkg:/home/prateek/ros2_ws/install/my_robot_interfaces:/home/prateek/ros2_ws/install/my_robot_bringup:/home/prateek/ros2_ws/install:/home/prateek/ros2_ws/src/install/my_py_pkg:/home/prateek/ros2_ws/src/install/my_robot_interfaces:/home/prateek/ros2_ws/install/my_py_pkg:/opt/ros/humble:/home/prateek/ros2_ws/src/install/:/home/prateek/ros2_ws/src/install/my_robot_interfaces :/home/prateek/ros2_ws/install/my_py_pkg:/home/prateek/ros2_ws/src/install/my_robot_interfaces:/home/prateek/ros2_ws/src/install/my_robot_interfaces
: LD_LIBRARY_PATH=/home/prateek/ros2_ws/install/my_robot_interfaces/lib:/usr/local/lib/z3-z3-4.7.1/build:/usr/local/lib/z3-z3-4.7.1/build:/usr/local/lib/z3-z3-4.7.1/build:/usr/local/lib/z3-z3-4.7.1/build:/usr/local/lib/z3-z3-4.7.1/build:/home/prateek/ros2_ws/src/install/my_robot_interfaces/lib:/usr/local/lib/z3-z3-4.7.1/build:/usr/local/lib/z3-z3-4.7.1/build:/opt/ros/humble/opt/rviz_ogre_vendor/lib:/opt/ros/humble/lib/x86_64-linux-gnu:/opt/ros/humble/lib:/usr/local/lib/z3-z3-4.7.1/build:/usr/local/lib/z3-z3-4.7.1/build PYTHONPATH=/home/prateek/ros2_ws/install/my_py_pkg/lib/python3.10/site-packages:/home/prateek/ros2_ws/install/my_robot_interfaces/local/lib/python3.10/dist-packages:/home/prateek/ros2_ws/src/install/my_py_pkg/lib/python3.10/site-packages:/home/prateek/ros2_ws/src/install/my_robot_interfaces/local/lib/python3.10/dist-packages:/opt/ros/humble/lib/python3.10/site-packages:/opt/ros/humble/local/lib/python3.10/dist-packages /usr/bin/cmake --build /home/prateek/ros2_ws/build/my_robot_bringup -- -j16 -l16
[1.487s] DEBUG:colcon.colcon_core.event_handler.log_command:Invoking command in '/home/prateek/ros2_ws/build/my_robot_bringup': AMENT_PREFIX_PATH=/home/prateek/ros2_ws/install/my_py_pkg:/home/prateek/ros2_ws/install/my_robot_bringup:/home/prateek/ros2_ws/install/my_cpp_pkg:/home/prateek/ros2_ws/install/my_robot_interfaces:/home/prateek/ros2_ws/install:/home/prateek/ros2_ws/src/install/my_py_pkg:/home/prateek/ros2_ws/src/install/my_robot_interfaces:/opt/ros/humble:/home/prateek/ros2_ws/src/install/:/home/prateek/ros2_ws/src/install/my_robot_interfaces :/home/prateek/ros2_ws/install/my_robot_interfaces CMAKE_PREFIX_PATH=/home/prateek/ros2_ws/install/my_cpp_pkg:/home/prateek/ros2_ws/install/my_robot_interfaces:/home/prateek/ros2_ws/install/my_robot_bringup:/home/prateek/ros2_ws/install:/home/prateek/ros2_ws/src/install/my_py_pkg:/home/prateek/ros2_ws/src/install/my_robot_interfaces:/home/prateek/ros2_ws/install/my_py_pkg:/opt/ros/humble:/home/prateek/ros2_ws/src/install/:/home/prateek/ros2_ws/src/install/my_robot_interfaces :/home/prateek/ros2_ws/install/my_py_pkg:/home/prateek/ros2_ws/src/install/my_robot_interfaces:/home/prateek/ros2_ws/src/install/my_robot_interfaces
: LD_LIBRARY_PATH=/home/prateek/ros2_ws/install/my_robot_interfaces/lib:/usr/local/lib/z3-z3-4.7.1/build:/usr/local/lib/z3-z3-4.7.1/build:/usr/local/lib/z3-z3-4.7.1/build:/usr/local/lib/z3-z3-4.7.1/build:/usr/local/lib/z3-z3-4.7.1/build:/home/prateek/ros2_ws/src/install/my_robot_interfaces/lib:/usr/local/lib/z3-z3-4.7.1/build:/usr/local/lib/z3-z3-4.7.1/build:/opt/ros/humble/opt/rviz_ogre_vendor/lib:/opt/ros/humble/lib/x86_64-linux-gnu:/opt/ros/humble/lib:/usr/local/lib/z3-z3-4.7.1/build:/usr/local/lib/z3-z3-4.7.1/build PYTHONPATH=/home/prateek/ros2_ws/install/my_py_pkg/lib/python3.10/site-packages:/home/prateek/ros2_ws/install/my_robot_interfaces/local/lib/python3.10/dist-packages:/home/prateek/ros2_ws/src/install/my_py_pkg/lib/python3.10/site-packages:/home/prateek/ros2_ws/src/install/my_robot_interfaces/local/lib/python3.10/dist-packages:/opt/ros/humble/lib/python3.10/site-packages:/opt/ros/humble/local/lib/python3.10/dist-packages /usr/bin/cmake --install /home/prateek/ros2_ws/build/my_robot_bringup
[1.493s] Level 1:colcon.colcon_core.environment:create_environment_scripts_only(my_robot_bringup)
[1.493s] Level 1:colcon.colcon_core.environment:checking '/home/prateek/ros2_ws/install/my_robot_bringup' for CMake module files
[1.493s] DEBUG:colcon.colcon_core.event_handler.log_command:Invoked command in '/home/prateek/ros2_ws/build/my_robot_bringup' returned '0': AMENT_PREFIX_PATH=/home/prateek/ros2_ws/install/my_py_pkg:/home/prateek/ros2_ws/install/my_robot_bringup:/home/prateek/ros2_ws/install/my_cpp_pkg:/home/prateek/ros2_ws/install/my_robot_interfaces:/home/prateek/ros2_ws/install:/home/prateek/ros2_ws/src/install/my_py_pkg:/home/prateek/ros2_ws/src/install/my_robot_interfaces:/opt/ros/humble:/home/prateek/ros2_ws/src/install/:/home/prateek/ros2_ws/src/install/my_robot_interfaces :/home/prateek/ros2_ws/install/my_robot_interfaces CMAKE_PREFIX_PATH=/home/prateek/ros2_ws/install/my_cpp_pkg:/home/prateek/ros2_ws/install/my_robot_interfaces:/home/prateek/ros2_ws/install/my_robot_bringup:/home/prateek/ros2_ws/install:/home/prateek/ros2_ws/src/install/my_py_pkg:/home/prateek/ros2_ws/src/install/my_robot_interfaces:/home/prateek/ros2_ws/install/my_py_pkg:/opt/ros/humble:/home/prateek/ros2_ws/src/install/:/home/prateek/ros2_ws/src/install/my_robot_interfaces :/home/prateek/ros2_ws/install/my_py_pkg:/home/prateek/ros2_ws/src/install/my_robot_interfaces:/home/prateek/ros2_ws/src/install/my_robot_interfaces
: LD_LIBRARY_PATH=/home/prateek/ros2_ws/install/my_robot_interfaces/lib:/usr/local/lib/z3-z3-4.7.1/build:/usr/local/lib/z3-z3-4.7.1/build:/usr/local/lib/z3-z3-4.7.1/build:/usr/local/lib/z3-z3-4.7.1/build:/usr/local/lib/z3-z3-4.7.1/build:/home/prateek/ros2_ws/src/install/my_robot_interfaces/lib:/usr/local/lib/z3-z3-4.7.1/build:/usr/local/lib/z3-z3-4.7.1/build:/opt/ros/humble/opt/rviz_ogre_vendor/lib:/opt/ros/humble/lib/x86_64-linux-gnu:/opt/ros/humble/lib:/usr/local/lib/z3-z3-4.7.1/build:/usr/local/lib/z3-z3-4.7.1/build PYTHONPATH=/home/prateek/ros2_ws/install/my_py_pkg/lib/python3.10/site-packages:/home/prateek/ros2_ws/install/my_robot_interfaces/local/lib/python3.10/dist-packages:/home/prateek/ros2_ws/src/install/my_py_pkg/lib/python3.10/site-packages:/home/prateek/ros2_ws/src/install/my_robot_interfaces/local/lib/python3.10/dist-packages:/opt/ros/humble/lib/python3.10/site-packages:/opt/ros/humble/local/lib/python3.10/dist-packages /usr/bin/cmake --install /home/prateek/ros2_ws/build/my_robot_bringup
[1.494s] Level 1:colcon.colcon_core.environment:checking '/home/prateek/ros2_ws/install/my_robot_bringup' for CMake config files
[1.494s] Level 1:colcon.colcon_core.shell:create_environment_hook('my_robot_bringup', 'cmake_prefix_path')
[1.494s] INFO:colcon.colcon_core.shell:Creating environment hook '/home/prateek/ros2_ws/install/my_robot_bringup/share/my_robot_bringup/hook/cmake_prefix_path.ps1'
[1.495s] INFO:colcon.colcon_core.shell:Creating environment descriptor '/home/prateek/ros2_ws/install/my_robot_bringup/share/my_robot_bringup/hook/cmake_prefix_path.dsv'
[1.495s] INFO:colcon.colcon_core.shell:Creating environment hook '/home/prateek/ros2_ws/install/my_robot_bringup/share/my_robot_bringup/hook/cmake_prefix_path.sh'
[1.495s] Level 1:colcon.colcon_core.environment:checking '/home/prateek/ros2_ws/install/my_robot_bringup/bin'
[1.495s] Level 1:colcon.colcon_core.environment:checking '/home/prateek/ros2_ws/install/my_robot_bringup/lib/pkgconfig/my_robot_bringup.pc'
[1.496s] Level 1:colcon.colcon_core.environment:checking '/home/prateek/ros2_ws/install/my_robot_bringup/lib/python3.10/site-packages'
[1.496s] Level 1:colcon.colcon_core.environment:checking '/home/prateek/ros2_ws/install/my_robot_bringup/bin'
[1.496s] INFO:colcon.colcon_core.shell:Creating package script '/home/prateek/ros2_ws/install/my_robot_bringup/share/my_robot_bringup/package.ps1'
[1.497s] INFO:colcon.colcon_core.shell:Creating package descriptor '/home/prateek/ros2_ws/install/my_robot_bringup/share/my_robot_bringup/package.dsv'
[1.497s] INFO:colcon.colcon_core.shell:Creating package script '/home/prateek/ros2_ws/install/my_robot_bringup/share/my_robot_bringup/package.sh'
[1.497s] INFO:colcon.colcon_core.shell:Creating package script '/home/prateek/ros2_ws/install/my_robot_bringup/share/my_robot_bringup/package.bash'
[1.498s] INFO:colcon.colcon_core.shell:Creating package script '/home/prateek/ros2_ws/install/my_robot_bringup/share/my_robot_bringup/package.zsh'
[1.498s] Level 1:colcon.colcon_core.environment:create_file_with_runtime_dependencies(/home/prateek/ros2_ws/install/my_robot_bringup/share/colcon-core/packages/my_robot_bringup)
[1.512s] Level 1:colcon.colcon_core.environment:create_environment_scripts_only(my_robot_bringup)
[1.513s] Level 1:colcon.colcon_core.environment:checking '/home/prateek/ros2_ws/install/my_robot_bringup' for CMake module files
[1.513s] Level 1:colcon.colcon_core.environment:checking '/home/prateek/ros2_ws/install/my_robot_bringup' for CMake config files
[1.513s] Level 1:colcon.colcon_core.shell:create_environment_hook('my_robot_bringup', 'cmake_prefix_path')
[1.514s] INFO:colcon.colcon_core.shell:Creating environment hook '/home/prateek/ros2_ws/install/my_robot_bringup/share/my_robot_bringup/hook/cmake_prefix_path.ps1'
[1.514s] INFO:colcon.colcon_core.shell:Creating environment descriptor '/home/prateek/ros2_ws/install/my_robot_bringup/share/my_robot_bringup/hook/cmake_prefix_path.dsv'
[1.514s] INFO:colcon.colcon_core.shell:Creating environment hook '/home/prateek/ros2_ws/install/my_robot_bringup/share/my_robot_bringup/hook/cmake_prefix_path.sh'
[1.515s] Level 1:colcon.colcon_core.environment:checking '/home/prateek/ros2_ws/install/my_robot_bringup/bin'
[1.515s] Level 1:colcon.colcon_core.environment:checking '/home/prateek/ros2_ws/install/my_robot_bringup/lib/pkgconfig/my_robot_bringup.pc'
[1.515s] Level 1:colcon.colcon_core.environment:checking '/home/prateek/ros2_ws/install/my_robot_bringup/lib/python3.10/site-packages'
[1.515s] Level 1:colcon.colcon_core.environment:checking '/home/prateek/ros2_ws/install/my_robot_bringup/bin'
[1.516s] INFO:colcon.colcon_core.shell:Creating package script '/home/prateek/ros2_ws/install/my_robot_bringup/share/my_robot_bringup/package.ps1'
[1.516s] INFO:colcon.colcon_core.shell:Creating package descriptor '/home/prateek/ros2_ws/install/my_robot_bringup/share/my_robot_bringup/package.dsv'
[1.517s] INFO:colcon.colcon_core.shell:Creating package script '/home/prateek/ros2_ws/install/my_robot_bringup/share/my_robot_bringup/package.sh'
[1.517s] INFO:colcon.colcon_core.shell:Creating package script '/home/prateek/ros2_ws/install/my_robot_bringup/share/my_robot_bringup/package.bash'
[1.517s] INFO:colcon.colcon_core.shell:Creating package script '/home/prateek/ros2_ws/install/my_robot_bringup/share/my_robot_bringup/package.zsh'
[1.518s] Level 1:colcon.colcon_core.environment:create_file_with_runtime_dependencies(/home/prateek/ros2_ws/install/my_robot_bringup/share/colcon-core/packages/my_robot_bringup)
[1.518s] DEBUG:colcon.colcon_parallel_executor.executor.parallel:closing loop
[1.518s] DEBUG:colcon.colcon_parallel_executor.executor.parallel:loop closed
[1.518s] DEBUG:colcon.colcon_parallel_executor.executor.parallel:run_until_complete finished with '0'
[1.518s] DEBUG:colcon.colcon_core.event_reactor:joining thread
[1.523s] INFO:colcon.colcon_core.plugin_system:Skipping extension 'colcon_notification.desktop_notification.terminal_notifier': Not used on non-Darwin systems
[1.524s] INFO:colcon.colcon_core.plugin_system:Skipping extension 'colcon_notification.desktop_notification.win32': Not used on non-Windows systems
[1.524s] INFO:colcon.colcon_notification.desktop_notification:Sending desktop notification using 'notify2'
[1.532s] DEBUG:colcon.colcon_core.event_reactor:joined thread
[1.532s] INFO:colcon.colcon_core.shell:Creating prefix script '/home/prateek/ros2_ws/install/local_setup.ps1'
[1.533s] INFO:colcon.colcon_core.shell:Creating prefix util module '/home/prateek/ros2_ws/install/_local_setup_util_ps1.py'
[1.535s] INFO:colcon.colcon_core.shell:Creating prefix chain script '/home/prateek/ros2_ws/install/setup.ps1'
[1.536s] INFO:colcon.colcon_core.shell:Creating prefix script '/home/prateek/ros2_ws/install/local_setup.sh'
[1.537s] INFO:colcon.colcon_core.shell:Creating prefix util module '/home/prateek/ros2_ws/install/_local_setup_util_sh.py'
[1.537s] INFO:colcon.colcon_core.shell:Creating prefix chain script '/home/prateek/ros2_ws/install/setup.sh'
[1.538s] INFO:colcon.colcon_core.shell:Creating prefix script '/home/prateek/ros2_ws/install/local_setup.bash'
[1.539s] INFO:colcon.colcon_core.shell:Creating prefix chain script '/home/prateek/ros2_ws/install/setup.bash'
[1.540s] INFO:colcon.colcon_core.shell:Creating prefix script '/home/prateek/ros2_ws/install/local_setup.zsh'
[1.541s] INFO:colcon.colcon_core.shell:Creating prefix chain script '/home/prateek/ros2_ws/install/setup.zsh'
