[  2%] Built target my_robot_interfaces__cpp
[ 12%] Built target my_robot_interfaces__rosidl_generator_c
[ 12%] Built target ament_cmake_python_copy_my_robot_interfaces
[ 23%] Built target my_robot_interfaces__rosidl_typesupport_introspection_cpp
[ 33%] Built target my_robot_interfaces__rosidl_typesupport_cpp
[ 43%] Built target my_robot_interfaces__rosidl_typesupport_fastrtps_cpp
[ 53%] Built target my_robot_interfaces__rosidl_typesupport_introspection_c
[ 64%] Built target my_robot_interfaces__rosidl_typesupport_fastrtps_c
[ 74%] Built target my_robot_interfaces__rosidl_typesupport_c
[ 74%] Built target my_robot_interfaces
[ 76%] Built target my_robot_interfaces__py
gmake[2]: *** No rule to make target '/usr/lib/x86_64-linux-gnu/libpython3.10.so', needed by 'rosidl_generator_py/my_robot_interfaces/libmy_robot_interfaces__rosidl_generator_py.so'.  Stop.
gmake[1]: *** [CMakeFiles/Makefile2:475: CMakeFiles/my_robot_interfaces__rosidl_generator_py.dir/all] Error 2
gmake[1]: *** Waiting for unfinished jobs....
running egg_info
writing my_robot_interfaces.egg-info/PKG-INFO
writing dependency_links to my_robot_interfaces.egg-info/dependency_links.txt
writing top-level names to my_robot_interfaces.egg-info/top_level.txt
reading manifest file 'my_robot_interfaces.egg-info/SOURCES.txt'
writing manifest file 'my_robot_interfaces.egg-info/SOURCES.txt'
[ 76%] Built target ament_cmake_python_build_my_robot_interfaces_egg
gmake: *** [Makefile:146: all] Error 2
