[0.006s] Invoking command in '/home/prateek/ros2_ws/build/my_robot_interfaces': /usr/bin/cmake --build /home/prateek/ros2_ws/build/my_robot_interfaces -- -j16 -l16
[0.042s] [  2%] Built target my_robot_interfaces__cpp
[0.042s] [ 12%] Built target my_robot_interfaces__rosidl_generator_c
[0.048s] [ 12%] Built target ament_cmake_python_symlink_my_robot_interfaces
[0.058s] [ 23%] Built target my_robot_interfaces__rosidl_typesupport_fastrtps_cpp
[0.058s] [ 33%] Built target my_robot_interfaces__rosidl_typesupport_introspection_cpp
[0.060s] [ 43%] Built target my_robot_interfaces__rosidl_typesupport_cpp
[0.066s] [ 53%] Built target my_robot_interfaces__rosidl_typesupport_c
[0.066s] [ 64%] Built target my_robot_interfaces__rosidl_typesupport_fastrtps_c
[0.067s] [ 74%] Built target my_robot_interfaces__rosidl_typesupport_introspection_c
[0.080s] [ 74%] Built target my_robot_interfaces
[0.094s] [ 76%] Built target my_robot_interfaces__py
[0.109s] [ 84%] Built target my_robot_interfaces__rosidl_generator_py
[0.127s] [100%] Built target my_robot_interfaces__rosidl_typesupport_fastrtps_c__pyext
[0.127s] [100%] Built target my_robot_interfaces__rosidl_typesupport_introspection_c__pyext
[0.127s] [100%] Built target my_robot_interfaces__rosidl_typesupport_c__pyext
[0.258s] running egg_info
[0.258s] writing my_robot_interfaces.egg-info/PKG-INFO
[0.259s] writing dependency_links to my_robot_interfaces.egg-info/dependency_links.txt
[0.259s] writing top-level names to my_robot_interfaces.egg-info/top_level.txt
[0.260s] reading manifest file 'my_robot_interfaces.egg-info/SOURCES.txt'
[0.261s] writing manifest file 'my_robot_interfaces.egg-info/SOURCES.txt'
[0.278s] [100%] Built target ament_cmake_python_build_my_robot_interfaces_egg
[0.286s] Invoked command in '/home/prateek/ros2_ws/build/my_robot_interfaces' returned '0': /usr/bin/cmake --build /home/prateek/ros2_ws/build/my_robot_interfaces -- -j16 -l16
[0.339s] Invoking command in '/home/prateek/ros2_ws/build/my_robot_interfaces': /usr/bin/cmake --install /home/prateek/ros2_ws/build/my_robot_interfaces
[0.344s] -- Install configuration: ""
[0.345s] -- Execute custom install script
[0.345s] -- Up-to-date symlink: /home/prateek/ros2_ws/install/my_robot_interfaces/share/ament_index/resource_index/rosidl_interfaces/my_robot_interfaces
[0.345s] -- Up-to-date symlink: /home/prateek/ros2_ws/install/my_robot_interfaces/include/my_robot_interfaces/my_robot_interfaces/msg/detail/hardware_status__functions.h
[0.345s] -- Up-to-date symlink: /home/prateek/ros2_ws/install/my_robot_interfaces/include/my_robot_interfaces/my_robot_interfaces/msg/detail/hardware_status__struct.h
[0.345s] -- Up-to-date symlink: /home/prateek/ros2_ws/install/my_robot_interfaces/include/my_robot_interfaces/my_robot_interfaces/msg/detail/hardware_status__type_support.h
[0.345s] -- Up-to-date symlink: /home/prateek/ros2_ws/install/my_robot_interfaces/include/my_robot_interfaces/my_robot_interfaces/msg/hardware_status.h
[0.345s] -- Up-to-date symlink: /home/prateek/ros2_ws/install/my_robot_interfaces/include/my_robot_interfaces/my_robot_interfaces/msg/rosidl_generator_c__visibility_control.h
[0.345s] -- Up-to-date symlink: /home/prateek/ros2_ws/install/my_robot_interfaces/include/my_robot_interfaces/my_robot_interfaces/srv/compute_rectangle_area.h
[0.346s] -- Up-to-date symlink: /home/prateek/ros2_ws/install/my_robot_interfaces/include/my_robot_interfaces/my_robot_interfaces/srv/detail/compute_rectangle_area__functions.h
[0.346s] -- Up-to-date symlink: /home/prateek/ros2_ws/install/my_robot_interfaces/include/my_robot_interfaces/my_robot_interfaces/srv/detail/compute_rectangle_area__struct.h
[0.346s] -- Up-to-date symlink: /home/prateek/ros2_ws/install/my_robot_interfaces/include/my_robot_interfaces/my_robot_interfaces/srv/detail/compute_rectangle_area__type_support.h
[0.346s] -- Up-to-date symlink: /home/prateek/ros2_ws/install/my_robot_interfaces/share/my_robot_interfaces/environment/library_path.sh
[0.346s] -- Up-to-date symlink: /home/prateek/ros2_ws/install/my_robot_interfaces/share/my_robot_interfaces/environment/library_path.dsv
[0.346s] -- Up-to-date symlink: /home/prateek/ros2_ws/install/my_robot_interfaces/include/my_robot_interfaces/my_robot_interfaces/msg/detail/hardware_status__rosidl_typesupport_fastrtps_c.h
[0.346s] -- Up-to-date symlink: /home/prateek/ros2_ws/install/my_robot_interfaces/include/my_robot_interfaces/my_robot_interfaces/msg/rosidl_typesupport_fastrtps_c__visibility_control.h
[0.346s] -- Up-to-date symlink: /home/prateek/ros2_ws/install/my_robot_interfaces/include/my_robot_interfaces/my_robot_interfaces/srv/detail/compute_rectangle_area__rosidl_typesupport_fastrtps_c.h
[0.347s] -- Up-to-date symlink: /home/prateek/ros2_ws/install/my_robot_interfaces/include/my_robot_interfaces/my_robot_interfaces/msg/detail/hardware_status__rosidl_typesupport_introspection_c.h
[0.347s] -- Up-to-date symlink: /home/prateek/ros2_ws/install/my_robot_interfaces/include/my_robot_interfaces/my_robot_interfaces/msg/rosidl_typesupport_introspection_c__visibility_control.h
[0.347s] -- Up-to-date symlink: /home/prateek/ros2_ws/install/my_robot_interfaces/include/my_robot_interfaces/my_robot_interfaces/srv/detail/compute_rectangle_area__rosidl_typesupport_introspection_c.h
[0.347s] -- Up-to-date symlink: /home/prateek/ros2_ws/install/my_robot_interfaces/include/my_robot_interfaces/my_robot_interfaces/msg/detail/hardware_status__builder.hpp
[0.347s] -- Up-to-date symlink: /home/prateek/ros2_ws/install/my_robot_interfaces/include/my_robot_interfaces/my_robot_interfaces/msg/detail/hardware_status__struct.hpp
[0.347s] -- Up-to-date symlink: /home/prateek/ros2_ws/install/my_robot_interfaces/include/my_robot_interfaces/my_robot_interfaces/msg/detail/hardware_status__traits.hpp
[0.347s] -- Up-to-date symlink: /home/prateek/ros2_ws/install/my_robot_interfaces/include/my_robot_interfaces/my_robot_interfaces/msg/hardware_status.hpp
[0.347s] -- Up-to-date symlink: /home/prateek/ros2_ws/install/my_robot_interfaces/include/my_robot_interfaces/my_robot_interfaces/srv/compute_rectangle_area.hpp
[0.347s] -- Up-to-date symlink: /home/prateek/ros2_ws/install/my_robot_interfaces/include/my_robot_interfaces/my_robot_interfaces/srv/detail/compute_rectangle_area__builder.hpp
[0.347s] -- Up-to-date symlink: /home/prateek/ros2_ws/install/my_robot_interfaces/include/my_robot_interfaces/my_robot_interfaces/srv/detail/compute_rectangle_area__struct.hpp
[0.347s] -- Up-to-date symlink: /home/prateek/ros2_ws/install/my_robot_interfaces/include/my_robot_interfaces/my_robot_interfaces/srv/detail/compute_rectangle_area__traits.hpp
[0.348s] -- Up-to-date symlink: /home/prateek/ros2_ws/install/my_robot_interfaces/include/my_robot_interfaces/my_robot_interfaces/msg/detail/hardware_status__rosidl_typesupport_fastrtps_cpp.hpp
[0.348s] -- Up-to-date symlink: /home/prateek/ros2_ws/install/my_robot_interfaces/include/my_robot_interfaces/my_robot_interfaces/msg/rosidl_typesupport_fastrtps_cpp__visibility_control.h
[0.348s] -- Up-to-date symlink: /home/prateek/ros2_ws/install/my_robot_interfaces/include/my_robot_interfaces/my_robot_interfaces/srv/detail/compute_rectangle_area__rosidl_typesupport_fastrtps_cpp.hpp
[0.348s] -- Up-to-date symlink: /home/prateek/ros2_ws/install/my_robot_interfaces/include/my_robot_interfaces/my_robot_interfaces/msg/detail/hardware_status__rosidl_typesupport_introspection_cpp.hpp
[0.348s] -- Up-to-date symlink: /home/prateek/ros2_ws/install/my_robot_interfaces/include/my_robot_interfaces/my_robot_interfaces/srv/detail/compute_rectangle_area__rosidl_typesupport_introspection_cpp.hpp
[0.348s] -- Up-to-date symlink: /home/prateek/ros2_ws/install/my_robot_interfaces/share/my_robot_interfaces/environment/pythonpath.sh
[0.348s] -- Up-to-date symlink: /home/prateek/ros2_ws/install/my_robot_interfaces/share/my_robot_interfaces/environment/pythonpath.dsv
[0.349s] -- Up-to-date symlink: /home/prateek/ros2_ws/install/my_robot_interfaces/local/lib/python3.10/dist-packages/my_robot_interfaces-0.0.0-py3.10.egg-info/PKG-INFO
[0.349s] -- Up-to-date symlink: /home/prateek/ros2_ws/install/my_robot_interfaces/local/lib/python3.10/dist-packages/my_robot_interfaces-0.0.0-py3.10.egg-info/SOURCES.txt
[0.349s] -- Up-to-date symlink: /home/prateek/ros2_ws/install/my_robot_interfaces/local/lib/python3.10/dist-packages/my_robot_interfaces-0.0.0-py3.10.egg-info/dependency_links.txt
[0.349s] -- Up-to-date symlink: /home/prateek/ros2_ws/install/my_robot_interfaces/local/lib/python3.10/dist-packages/my_robot_interfaces-0.0.0-py3.10.egg-info/top_level.txt
[0.349s] -- Up-to-date symlink: /home/prateek/ros2_ws/install/my_robot_interfaces/local/lib/python3.10/dist-packages/my_robot_interfaces/__init__.py
[0.349s] -- Up-to-date symlink: /home/prateek/ros2_ws/install/my_robot_interfaces/local/lib/python3.10/dist-packages/my_robot_interfaces/_my_robot_interfaces_s.ep.rosidl_typesupport_c.c
[0.349s] -- Up-to-date symlink: /home/prateek/ros2_ws/install/my_robot_interfaces/local/lib/python3.10/dist-packages/my_robot_interfaces/_my_robot_interfaces_s.ep.rosidl_typesupport_fastrtps_c.c
[0.349s] -- Up-to-date symlink: /home/prateek/ros2_ws/install/my_robot_interfaces/local/lib/python3.10/dist-packages/my_robot_interfaces/_my_robot_interfaces_s.ep.rosidl_typesupport_introspection_c.c
[0.350s] -- Up-to-date symlink: /home/prateek/ros2_ws/install/my_robot_interfaces/local/lib/python3.10/dist-packages/my_robot_interfaces/libmy_robot_interfaces__rosidl_generator_py.so
[0.350s] -- Up-to-date symlink: /home/prateek/ros2_ws/install/my_robot_interfaces/local/lib/python3.10/dist-packages/my_robot_interfaces/msg/__init__.py
[0.350s] -- Up-to-date symlink: /home/prateek/ros2_ws/install/my_robot_interfaces/local/lib/python3.10/dist-packages/my_robot_interfaces/msg/_hardware_status.py
[0.350s] -- Up-to-date symlink: /home/prateek/ros2_ws/install/my_robot_interfaces/local/lib/python3.10/dist-packages/my_robot_interfaces/msg/_hardware_status_s.c
[0.350s] -- Up-to-date symlink: /home/prateek/ros2_ws/install/my_robot_interfaces/local/lib/python3.10/dist-packages/my_robot_interfaces/my_robot_interfaces_s__rosidl_typesupport_c.cpython-310-x86_64-linux-gnu.so
[0.350s] -- Up-to-date symlink: /home/prateek/ros2_ws/install/my_robot_interfaces/local/lib/python3.10/dist-packages/my_robot_interfaces/my_robot_interfaces_s__rosidl_typesupport_fastrtps_c.cpython-310-x86_64-linux-gnu.so
[0.350s] -- Up-to-date symlink: /home/prateek/ros2_ws/install/my_robot_interfaces/local/lib/python3.10/dist-packages/my_robot_interfaces/my_robot_interfaces_s__rosidl_typesupport_introspection_c.cpython-310-x86_64-linux-gnu.so
[0.350s] -- Up-to-date symlink: /home/prateek/ros2_ws/install/my_robot_interfaces/local/lib/python3.10/dist-packages/my_robot_interfaces/srv/__init__.py
[0.350s] -- Up-to-date symlink: /home/prateek/ros2_ws/install/my_robot_interfaces/local/lib/python3.10/dist-packages/my_robot_interfaces/srv/_compute_rectangle_area.py
[0.350s] -- Up-to-date symlink: /home/prateek/ros2_ws/install/my_robot_interfaces/local/lib/python3.10/dist-packages/my_robot_interfaces/srv/_compute_rectangle_area_s.c
[0.351s] -- Up-to-date symlink: /home/prateek/ros2_ws/install/my_robot_interfaces/local/lib/python3.10/dist-packages/my_robot_interfaces/my_robot_interfaces_s__rosidl_typesupport_fastrtps_c.cpython-310-x86_64-linux-gnu.so
[0.351s] -- Up-to-date symlink: /home/prateek/ros2_ws/install/my_robot_interfaces/local/lib/python3.10/dist-packages/my_robot_interfaces/my_robot_interfaces_s__rosidl_typesupport_introspection_c.cpython-310-x86_64-linux-gnu.so
[0.351s] -- Up-to-date symlink: /home/prateek/ros2_ws/install/my_robot_interfaces/local/lib/python3.10/dist-packages/my_robot_interfaces/my_robot_interfaces_s__rosidl_typesupport_c.cpython-310-x86_64-linux-gnu.so
[0.351s] -- Up-to-date symlink: /home/prateek/ros2_ws/install/my_robot_interfaces/share/my_robot_interfaces/msg/HardwareStatus.idl
[0.351s] -- Up-to-date symlink: /home/prateek/ros2_ws/install/my_robot_interfaces/share/my_robot_interfaces/srv/ComputeRectangleArea.idl
[0.351s] -- Up-to-date symlink: /home/prateek/ros2_ws/install/my_robot_interfaces/share/my_robot_interfaces/msg/HardwareStatus.msg
[0.351s] -- Up-to-date symlink: /home/prateek/ros2_ws/install/my_robot_interfaces/share/my_robot_interfaces/srv/ComputeRectangleArea.srv
[0.351s] -- Up-to-date symlink: /home/prateek/ros2_ws/install/my_robot_interfaces/share/my_robot_interfaces/srv/ComputeRectangleArea_Request.msg
[0.352s] -- Up-to-date symlink: /home/prateek/ros2_ws/install/my_robot_interfaces/share/my_robot_interfaces/srv/ComputeRectangleArea_Response.msg
[0.352s] -- Up-to-date symlink: /home/prateek/ros2_ws/install/my_robot_interfaces/share/ament_index/resource_index/package_run_dependencies/my_robot_interfaces
[0.352s] -- Up-to-date symlink: /home/prateek/ros2_ws/install/my_robot_interfaces/share/ament_index/resource_index/parent_prefix_path/my_robot_interfaces
[0.352s] -- Up-to-date symlink: /home/prateek/ros2_ws/install/my_robot_interfaces/share/my_robot_interfaces/environment/ament_prefix_path.sh
[0.352s] -- Up-to-date symlink: /home/prateek/ros2_ws/install/my_robot_interfaces/share/my_robot_interfaces/environment/ament_prefix_path.dsv
[0.352s] -- Up-to-date symlink: /home/prateek/ros2_ws/install/my_robot_interfaces/share/my_robot_interfaces/environment/path.sh
[0.352s] -- Up-to-date symlink: /home/prateek/ros2_ws/install/my_robot_interfaces/share/my_robot_interfaces/environment/path.dsv
[0.352s] -- Up-to-date symlink: /home/prateek/ros2_ws/install/my_robot_interfaces/share/my_robot_interfaces/local_setup.bash
[0.352s] -- Up-to-date symlink: /home/prateek/ros2_ws/install/my_robot_interfaces/share/my_robot_interfaces/local_setup.sh
[0.352s] -- Up-to-date symlink: /home/prateek/ros2_ws/install/my_robot_interfaces/share/my_robot_interfaces/local_setup.zsh
[0.353s] -- Up-to-date symlink: /home/prateek/ros2_ws/install/my_robot_interfaces/share/my_robot_interfaces/local_setup.dsv
[0.353s] -- Symlinking: /home/prateek/ros2_ws/install/my_robot_interfaces/share/my_robot_interfaces/package.dsv
[0.358s] -- Up-to-date symlink: /home/prateek/ros2_ws/install/my_robot_interfaces/share/ament_index/resource_index/packages/my_robot_interfaces
[0.359s] -- Up-to-date symlink: /home/prateek/ros2_ws/install/my_robot_interfaces/share/my_robot_interfaces/cmake/rosidl_cmake-extras.cmake
[0.359s] -- Up-to-date symlink: /home/prateek/ros2_ws/install/my_robot_interfaces/share/my_robot_interfaces/cmake/ament_cmake_export_include_directories-extras.cmake
[0.359s] -- Up-to-date symlink: /home/prateek/ros2_ws/install/my_robot_interfaces/share/my_robot_interfaces/cmake/ament_cmake_export_libraries-extras.cmake
[0.359s] -- Up-to-date symlink: /home/prateek/ros2_ws/install/my_robot_interfaces/share/my_robot_interfaces/cmake/ament_cmake_export_targets-extras.cmake
[0.359s] -- Up-to-date symlink: /home/prateek/ros2_ws/install/my_robot_interfaces/share/my_robot_interfaces/cmake/rosidl_cmake_export_typesupport_targets-extras.cmake
[0.359s] -- Up-to-date symlink: /home/prateek/ros2_ws/install/my_robot_interfaces/share/my_robot_interfaces/cmake/ament_cmake_export_dependencies-extras.cmake
[0.359s] -- Up-to-date symlink: /home/prateek/ros2_ws/install/my_robot_interfaces/share/my_robot_interfaces/cmake/rosidl_cmake_export_typesupport_libraries-extras.cmake
[0.359s] -- Up-to-date symlink: /home/prateek/ros2_ws/install/my_robot_interfaces/share/my_robot_interfaces/cmake/my_robot_interfacesConfig.cmake
[0.359s] -- Up-to-date symlink: /home/prateek/ros2_ws/install/my_robot_interfaces/share/my_robot_interfaces/cmake/my_robot_interfacesConfig-version.cmake
[0.359s] -- Up-to-date symlink: /home/prateek/ros2_ws/install/my_robot_interfaces/share/my_robot_interfaces/package.xml
[0.360s] -- Up-to-date: /home/prateek/ros2_ws/install/my_robot_interfaces/lib/libmy_robot_interfaces__rosidl_generator_c.so
[0.360s] -- Up-to-date: /home/prateek/ros2_ws/install/my_robot_interfaces/lib/libmy_robot_interfaces__rosidl_typesupport_fastrtps_c.so
[0.360s] -- Up-to-date: /home/prateek/ros2_ws/install/my_robot_interfaces/lib/libmy_robot_interfaces__rosidl_typesupport_introspection_c.so
[0.360s] -- Up-to-date: /home/prateek/ros2_ws/install/my_robot_interfaces/lib/libmy_robot_interfaces__rosidl_typesupport_c.so
[0.360s] -- Up-to-date: /home/prateek/ros2_ws/install/my_robot_interfaces/lib/libmy_robot_interfaces__rosidl_typesupport_fastrtps_cpp.so
[0.360s] -- Up-to-date: /home/prateek/ros2_ws/install/my_robot_interfaces/lib/libmy_robot_interfaces__rosidl_typesupport_introspection_cpp.so
[0.360s] -- Up-to-date: /home/prateek/ros2_ws/install/my_robot_interfaces/lib/libmy_robot_interfaces__rosidl_typesupport_cpp.so
[0.384s] Listing '/home/prateek/ros2_ws/install/my_robot_interfaces/local/lib/python3.10/dist-packages/my_robot_interfaces'...
[0.384s] Listing '/home/prateek/ros2_ws/install/my_robot_interfaces/local/lib/python3.10/dist-packages/my_robot_interfaces/msg'...
[0.384s] Listing '/home/prateek/ros2_ws/install/my_robot_interfaces/local/lib/python3.10/dist-packages/my_robot_interfaces/srv'...
[0.387s] -- Up-to-date: /home/prateek/ros2_ws/install/my_robot_interfaces/lib/libmy_robot_interfaces__rosidl_generator_py.so
[0.387s] -- Up-to-date: /home/prateek/ros2_ws/install/my_robot_interfaces/share/my_robot_interfaces/cmake/export_my_robot_interfaces__rosidl_generator_cExport.cmake
[0.387s] -- Up-to-date: /home/prateek/ros2_ws/install/my_robot_interfaces/share/my_robot_interfaces/cmake/export_my_robot_interfaces__rosidl_generator_cExport-noconfig.cmake
[0.387s] -- Up-to-date: /home/prateek/ros2_ws/install/my_robot_interfaces/share/my_robot_interfaces/cmake/export_my_robot_interfaces__rosidl_typesupport_fastrtps_cExport.cmake
[0.387s] -- Up-to-date: /home/prateek/ros2_ws/install/my_robot_interfaces/share/my_robot_interfaces/cmake/export_my_robot_interfaces__rosidl_typesupport_fastrtps_cExport-noconfig.cmake
[0.387s] -- Up-to-date: /home/prateek/ros2_ws/install/my_robot_interfaces/share/my_robot_interfaces/cmake/my_robot_interfaces__rosidl_typesupport_introspection_cExport.cmake
[0.387s] -- Up-to-date: /home/prateek/ros2_ws/install/my_robot_interfaces/share/my_robot_interfaces/cmake/my_robot_interfaces__rosidl_typesupport_introspection_cExport-noconfig.cmake
[0.387s] -- Up-to-date: /home/prateek/ros2_ws/install/my_robot_interfaces/share/my_robot_interfaces/cmake/my_robot_interfaces__rosidl_typesupport_cExport.cmake
[0.387s] -- Up-to-date: /home/prateek/ros2_ws/install/my_robot_interfaces/share/my_robot_interfaces/cmake/my_robot_interfaces__rosidl_typesupport_cExport-noconfig.cmake
[0.387s] -- Up-to-date: /home/prateek/ros2_ws/install/my_robot_interfaces/share/my_robot_interfaces/cmake/export_my_robot_interfaces__rosidl_generator_cppExport.cmake
[0.387s] -- Up-to-date: /home/prateek/ros2_ws/install/my_robot_interfaces/share/my_robot_interfaces/cmake/export_my_robot_interfaces__rosidl_typesupport_fastrtps_cppExport.cmake
[0.388s] -- Up-to-date: /home/prateek/ros2_ws/install/my_robot_interfaces/share/my_robot_interfaces/cmake/export_my_robot_interfaces__rosidl_typesupport_fastrtps_cppExport-noconfig.cmake
[0.388s] -- Up-to-date: /home/prateek/ros2_ws/install/my_robot_interfaces/share/my_robot_interfaces/cmake/my_robot_interfaces__rosidl_typesupport_introspection_cppExport.cmake
[0.388s] -- Up-to-date: /home/prateek/ros2_ws/install/my_robot_interfaces/share/my_robot_interfaces/cmake/my_robot_interfaces__rosidl_typesupport_introspection_cppExport-noconfig.cmake
[0.388s] -- Up-to-date: /home/prateek/ros2_ws/install/my_robot_interfaces/share/my_robot_interfaces/cmake/my_robot_interfaces__rosidl_typesupport_cppExport.cmake
[0.388s] -- Up-to-date: /home/prateek/ros2_ws/install/my_robot_interfaces/share/my_robot_interfaces/cmake/my_robot_interfaces__rosidl_typesupport_cppExport-noconfig.cmake
[0.388s] -- Up-to-date: /home/prateek/ros2_ws/install/my_robot_interfaces/share/my_robot_interfaces/cmake/export_my_robot_interfaces__rosidl_generator_pyExport.cmake
[0.388s] -- Up-to-date: /home/prateek/ros2_ws/install/my_robot_interfaces/share/my_robot_interfaces/cmake/export_my_robot_interfaces__rosidl_generator_pyExport-noconfig.cmake
[0.389s] Invoked command in '/home/prateek/ros2_ws/build/my_robot_interfaces' returned '0': /usr/bin/cmake --install /home/prateek/ros2_ws/build/my_robot_interfaces
