[1.508s] Invoking command in '/home/prateek/ros2_ws/src/my_py_pkg': PYTHONPATH=/home/prateek/ros2_ws/build/my_py_pkg/prefix_override:/home/prateek/ros2_ws/install/my_py_pkg/lib/python3.10/site-packages:${PYTHONPATH} /usr/bin/python3 setup.py egg_info --egg-base ../../build/my_py_pkg build --build-base /home/prateek/ros2_ws/build/my_py_pkg/build install --record /home/prateek/ros2_ws/build/my_py_pkg/install.log --single-version-externally-managed
[2.155s] running egg_info
[2.156s] writing ../../build/my_py_pkg/my_py_pkg.egg-info/PKG-INFO
[2.158s] writing dependency_links to ../../build/my_py_pkg/my_py_pkg.egg-info/dependency_links.txt
[2.159s] writing entry points to ../../build/my_py_pkg/my_py_pkg.egg-info/entry_points.txt
[2.161s] writing requirements to ../../build/my_py_pkg/my_py_pkg.egg-info/requires.txt
[2.162s] writing top-level names to ../../build/my_py_pkg/my_py_pkg.egg-info/top_level.txt
[2.167s] reading manifest file '../../build/my_py_pkg/my_py_pkg.egg-info/SOURCES.txt'
[2.169s] writing manifest file '../../build/my_py_pkg/my_py_pkg.egg-info/SOURCES.txt'
[2.173s] running build
[2.173s] running build_py
[2.174s] copying my_py_pkg/my_first_node.py -> /home/prateek/ros2_ws/build/my_py_pkg/build/lib/my_py_pkg
[2.174s] running install
[2.174s] running install_lib
[2.174s] copying /home/prateek/ros2_ws/build/my_py_pkg/build/lib/my_py_pkg/my_first_node.py -> /home/prateek/ros2_ws/install/my_py_pkg/lib/python3.10/site-packages/my_py_pkg
[2.175s] byte-compiling /home/prateek/ros2_ws/install/my_py_pkg/lib/python3.10/site-packages/my_py_pkg/my_first_node.py to my_first_node.cpython-310.pyc
[2.177s] running install_data
[2.178s] running install_egg_info
[2.181s] removing '/home/prateek/ros2_ws/install/my_py_pkg/lib/python3.10/site-packages/my_py_pkg-0.0.0-py3.10.egg-info' (and everything under it)
[2.187s] Copying ../../build/my_py_pkg/my_py_pkg.egg-info to /home/prateek/ros2_ws/install/my_py_pkg/lib/python3.10/site-packages/my_py_pkg-0.0.0-py3.10.egg-info
[2.190s] running install_scripts
[2.229s] Installing py_node script to /home/prateek/ros2_ws/install/my_py_pkg/lib/my_py_pkg
[2.231s] writing list of installed files to '/home/prateek/ros2_ws/build/my_py_pkg/install.log'
[2.287s] Invoked command in '/home/prateek/ros2_ws/src/my_py_pkg' returned '0': PYTHONPATH=/home/prateek/ros2_ws/build/my_py_pkg/prefix_override:/home/prateek/ros2_ws/install/my_py_pkg/lib/python3.10/site-packages:${PYTHONPATH} /usr/bin/python3 setup.py egg_info --egg-base ../../build/my_py_pkg build --build-base /home/prateek/ros2_ws/build/my_py_pkg/build install --record /home/prateek/ros2_ws/build/my_py_pkg/install.log --single-version-externally-managed
