[0.128s] Invoking command in '/home/prateek/ros2_ws/src/build/my_robot_interfaces': CMAKE_PREFIX_PATH=${CMAKE_PREFIX_PATH}:/home/prateek/ros2_ws/install/my_py_pkg:/opt/ros/humble /usr/bin/cmake /home/prateek/ros2_ws/src/my_robot_interfaces -DCMAKE_INSTALL_PREFIX=/home/prateek/ros2_ws/src/install/my_robot_interfaces
[0.358s] -- The C compiler identification is GNU 11.4.0
[0.686s] -- The CXX compiler identification is GNU 11.4.0
[0.731s] -- Detecting C compiler ABI info
[0.957s] -- Detecting C compiler ABI info - done
[0.961s] -- Check for working C compiler: /usr/bin/cc - skipped
[0.966s] -- Detecting C compile features
[0.971s] -- Detecting C compile features - done
[0.980s] -- Detecting CXX compiler ABI info
[1.182s] -- Detecting CXX compiler ABI info - done
[1.194s] -- Check for working CXX compiler: /usr/bin/c++ - skipped
[1.195s] -- Detecting CXX compile features
[1.196s] -- Detecting CXX compile features - done
[1.223s] -- Found ament_cmake: 1.3.6 (/opt/ros/humble/share/ament_cmake/cmake)
[1.632s] -- Found Python3: /usr/bin/python3.10 (found version "3.10.12") found components: Interpreter 
[1.794s] -- Found rosidl_default_generators: 1.2.0 (/opt/ros/humble/share/rosidl_default_generators/cmake)
[1.798s] -- Using all available rosidl_typesupport_c: rosidl_typesupport_fastrtps_c;rosidl_typesupport_introspection_c
[1.809s] -- Found rosidl_adapter: 3.1.5 (/opt/ros/humble/share/rosidl_adapter/cmake)
[1.873s] -- Using all available rosidl_typesupport_cpp: rosidl_typesupport_fastrtps_cpp;rosidl_typesupport_introspection_cpp
[2.546s] -- Found ament_cmake_ros: 0.10.0 (/opt/ros/humble/share/ament_cmake_ros/cmake)
[2.883s] -- Using all available rosidl_typesupport_c: rosidl_typesupport_fastrtps_c;rosidl_typesupport_introspection_c
[3.332s] -- Using all available rosidl_typesupport_cpp: rosidl_typesupport_fastrtps_cpp;rosidl_typesupport_introspection_cpp
[3.372s] -- Found PythonInterp: /usr/bin/python3 (found suitable version "3.10.12", minimum required is "3.6") 
[3.375s] -- Found python_cmake_module: 0.10.0 (/opt/ros/humble/share/python_cmake_module/cmake)
[3.433s] -- Found PythonLibs: /usr/lib/x86_64-linux-gnu/libpython3.10.so (found suitable version "3.10.12", minimum required is "3.5") 
[3.433s] -- Using PYTHON_EXECUTABLE: /usr/bin/python3
[3.433s] -- Using PYTHON_INCLUDE_DIRS: /usr/include/python3.10
[3.434s] -- Using PYTHON_LIBRARIES: /usr/lib/x86_64-linux-gnu/libpython3.10.so
[3.472s] -- Found PythonExtra: .so  
[3.544s] -- Configuring done
[3.598s] -- Generating done
[3.605s] -- Build files have been written to: /home/prateek/ros2_ws/src/build/my_robot_interfaces
[3.620s] Invoked command in '/home/prateek/ros2_ws/src/build/my_robot_interfaces' returned '0': CMAKE_PREFIX_PATH=${CMAKE_PREFIX_PATH}:/home/prateek/ros2_ws/install/my_py_pkg:/opt/ros/humble /usr/bin/cmake /home/prateek/ros2_ws/src/my_robot_interfaces -DCMAKE_INSTALL_PREFIX=/home/prateek/ros2_ws/src/install/my_robot_interfaces
[3.620s] Invoking command in '/home/prateek/ros2_ws/src/build/my_robot_interfaces': CMAKE_PREFIX_PATH=${CMAKE_PREFIX_PATH}:/home/prateek/ros2_ws/install/my_py_pkg:/opt/ros/humble /usr/bin/cmake --build /home/prateek/ros2_ws/src/build/my_robot_interfaces -- -j2 -l2
[3.726s] [  2%] [34m[1mGenerating C code for ROS interfaces[0m
[3.752s] [  5%] [34m[1mGenerating C++ code for ROS interfaces[0m
[4.491s] [  5%] Built target my_robot_interfaces__cpp
[4.539s] [  7%] [32mBuilding C object CMakeFiles/my_robot_interfaces__rosidl_generator_c.dir/rosidl_generator_c/my_robot_interfaces/msg/detail/hardware_status__functions.c.o[0m
[4.575s] [  7%] Built target ament_cmake_python_copy_my_robot_interfaces
[4.603s] [ 10%] [34m[1mGenerating C++ type support dispatch for ROS interfaces[0m
[4.662s] [ 12%] [32mBuilding C object CMakeFiles/my_robot_interfaces__rosidl_generator_c.dir/rosidl_generator_c/my_robot_interfaces/srv/detail/compute_rectangle_area__functions.c.o[0m
[4.781s] [ 15%] [32m[1mLinking C shared library libmy_robot_interfaces__rosidl_generator_c.so[0m
[4.881s] [ 15%] Built target my_robot_interfaces__rosidl_generator_c
[4.918s] [ 17%] [34m[1mGenerating C++ type support for eProsima Fast-RTPS[0m
[5.160s] [ 20%] [32mBuilding CXX object CMakeFiles/my_robot_interfaces__rosidl_typesupport_cpp.dir/rosidl_typesupport_cpp/my_robot_interfaces/msg/hardware_status__type_support.cpp.o[0m
[5.541s] [ 23%] [32mBuilding CXX object CMakeFiles/my_robot_interfaces__rosidl_typesupport_fastrtps_cpp.dir/rosidl_typesupport_fastrtps_cpp/my_robot_interfaces/msg/detail/dds_fastrtps/hardware_status__type_support.cpp.o[0m
[5.692s] [ 25%] [32mBuilding CXX object CMakeFiles/my_robot_interfaces__rosidl_typesupport_cpp.dir/rosidl_typesupport_cpp/my_robot_interfaces/srv/compute_rectangle_area__type_support.cpp.o[0m
[6.307s] [ 28%] [32m[1mLinking CXX shared library libmy_robot_interfaces__rosidl_typesupport_cpp.so[0m
[6.554s] [ 30%] [32mBuilding CXX object CMakeFiles/my_robot_interfaces__rosidl_typesupport_fastrtps_cpp.dir/rosidl_typesupport_fastrtps_cpp/my_robot_interfaces/srv/detail/dds_fastrtps/compute_rectangle_area__type_support.cpp.o[0m
[6.622s] [ 30%] Built target my_robot_interfaces__rosidl_typesupport_cpp
[6.711s] [ 33%] [34m[1mGenerating C++ introspection for ROS interfaces[0m
[7.224s] [ 35%] [32mBuilding CXX object CMakeFiles/my_robot_interfaces__rosidl_typesupport_introspection_cpp.dir/rosidl_typesupport_introspection_cpp/my_robot_interfaces/msg/detail/hardware_status__type_support.cpp.o[0m
[7.354s] [ 38%] [32m[1mLinking CXX shared library libmy_robot_interfaces__rosidl_typesupport_fastrtps_cpp.so[0m
[7.520s] [ 38%] Built target my_robot_interfaces__rosidl_typesupport_fastrtps_cpp
[7.548s] [ 41%] [32mBuilding CXX object CMakeFiles/my_robot_interfaces__rosidl_typesupport_introspection_cpp.dir/rosidl_typesupport_introspection_cpp/my_robot_interfaces/srv/detail/compute_rectangle_area__type_support.cpp.o[0m
[8.212s] [ 43%] [32m[1mLinking CXX shared library libmy_robot_interfaces__rosidl_typesupport_introspection_cpp.so[0m
[8.386s] [ 43%] Built target my_robot_interfaces__rosidl_typesupport_introspection_cpp
[8.416s] [ 46%] [34m[1mGenerating C type support for eProsima Fast-RTPS[0m
[8.696s] running egg_info
[8.702s] creating my_robot_interfaces.egg-info
[8.702s] writing my_robot_interfaces.egg-info/PKG-INFO
[8.703s] writing dependency_links to my_robot_interfaces.egg-info/dependency_links.txt
[8.703s] writing top-level names to my_robot_interfaces.egg-info/top_level.txt
[8.703s] writing manifest file 'my_robot_interfaces.egg-info/SOURCES.txt'
[8.708s] reading manifest file 'my_robot_interfaces.egg-info/SOURCES.txt'
[8.710s] writing manifest file 'my_robot_interfaces.egg-info/SOURCES.txt'
[8.767s] [ 46%] Built target ament_cmake_python_build_my_robot_interfaces_egg
[8.794s] [ 48%] [34m[1mGenerating C introspection for ROS interfaces[0m
[8.996s] [ 51%] [32mBuilding CXX object CMakeFiles/my_robot_interfaces__rosidl_typesupport_fastrtps_c.dir/rosidl_typesupport_fastrtps_c/my_robot_interfaces/msg/detail/hardware_status__type_support_c.cpp.o[0m
[9.436s] [ 53%] [32mBuilding C object CMakeFiles/my_robot_interfaces__rosidl_typesupport_introspection_c.dir/rosidl_typesupport_introspection_c/my_robot_interfaces/msg/detail/hardware_status__type_support.c.o[0m
[9.530s] [ 56%] [32mBuilding C object CMakeFiles/my_robot_interfaces__rosidl_typesupport_introspection_c.dir/rosidl_typesupport_introspection_c/my_robot_interfaces/srv/detail/compute_rectangle_area__type_support.c.o[0m
[9.612s] [ 58%] [32m[1mLinking C shared library libmy_robot_interfaces__rosidl_typesupport_introspection_c.so[0m
[9.698s] [ 61%] [32mBuilding CXX object CMakeFiles/my_robot_interfaces__rosidl_typesupport_fastrtps_c.dir/rosidl_typesupport_fastrtps_c/my_robot_interfaces/srv/detail/compute_rectangle_area__type_support_c.cpp.o[0m
[9.718s] [ 61%] Built target my_robot_interfaces__rosidl_typesupport_introspection_c
[9.742s] [ 64%] [34m[1mGenerating C type support dispatch for ROS interfaces[0m
[10.202s] [ 66%] [32mBuilding CXX object CMakeFiles/my_robot_interfaces__rosidl_typesupport_c.dir/rosidl_typesupport_c/my_robot_interfaces/msg/hardware_status__type_support.cpp.o[0m
[10.283s] [ 69%] [32mBuilding CXX object CMakeFiles/my_robot_interfaces__rosidl_typesupport_c.dir/rosidl_typesupport_c/my_robot_interfaces/srv/compute_rectangle_area__type_support.cpp.o[0m
[10.333s] [ 71%] [32m[1mLinking CXX shared library libmy_robot_interfaces__rosidl_typesupport_fastrtps_c.so[0m
[10.374s] [ 74%] [32m[1mLinking CXX shared library libmy_robot_interfaces__rosidl_typesupport_c.so[0m
[10.488s] [ 74%] Built target my_robot_interfaces__rosidl_typesupport_c
[10.548s] [ 74%] Built target my_robot_interfaces__rosidl_typesupport_fastrtps_c
[10.602s] [ 74%] Built target my_robot_interfaces
[10.668s] [ 76%] [34m[1mGenerating Python code for ROS interfaces[0m
[11.502s] [ 76%] Built target my_robot_interfaces__py
[11.564s] [ 79%] [32mBuilding C object CMakeFiles/my_robot_interfaces__rosidl_generator_py.dir/rosidl_generator_py/my_robot_interfaces/msg/_hardware_status_s.c.o[0m
[11.566s] [ 82%] [32mBuilding C object CMakeFiles/my_robot_interfaces__rosidl_generator_py.dir/rosidl_generator_py/my_robot_interfaces/srv/_compute_rectangle_area_s.c.o[0m
[11.768s] [ 84%] [32m[1mLinking C shared library rosidl_generator_py/my_robot_interfaces/libmy_robot_interfaces__rosidl_generator_py.so[0m
[11.865s] [ 84%] Built target my_robot_interfaces__rosidl_generator_py
[11.925s] [ 87%] [32mBuilding C object CMakeFiles/my_robot_interfaces__rosidl_typesupport_fastrtps_c__pyext.dir/rosidl_generator_py/my_robot_interfaces/_my_robot_interfaces_s.ep.rosidl_typesupport_fastrtps_c.c.o[0m
[11.926s] [ 89%] [32mBuilding C object CMakeFiles/my_robot_interfaces__rosidl_typesupport_introspection_c__pyext.dir/rosidl_generator_py/my_robot_interfaces/_my_robot_interfaces_s.ep.rosidl_typesupport_introspection_c.c.o[0m
[12.180s] [ 92%] [32m[1mLinking C shared library rosidl_generator_py/my_robot_interfaces/my_robot_interfaces_s__rosidl_typesupport_fastrtps_c.cpython-310-x86_64-linux-gnu.so[0m
[12.188s] [ 94%] [32m[1mLinking C shared library rosidl_generator_py/my_robot_interfaces/my_robot_interfaces_s__rosidl_typesupport_introspection_c.cpython-310-x86_64-linux-gnu.so[0m
[12.268s] [ 94%] Built target my_robot_interfaces__rosidl_typesupport_introspection_c__pyext
[12.277s] [ 94%] Built target my_robot_interfaces__rosidl_typesupport_fastrtps_c__pyext
[12.329s] [ 97%] [32mBuilding C object CMakeFiles/my_robot_interfaces__rosidl_typesupport_c__pyext.dir/rosidl_generator_py/my_robot_interfaces/_my_robot_interfaces_s.ep.rosidl_typesupport_c.c.o[0m
[12.526s] [100%] [32m[1mLinking C shared library rosidl_generator_py/my_robot_interfaces/my_robot_interfaces_s__rosidl_typesupport_c.cpython-310-x86_64-linux-gnu.so[0m
[12.613s] [100%] Built target my_robot_interfaces__rosidl_typesupport_c__pyext
[12.643s] Invoked command in '/home/prateek/ros2_ws/src/build/my_robot_interfaces' returned '0': CMAKE_PREFIX_PATH=${CMAKE_PREFIX_PATH}:/home/prateek/ros2_ws/install/my_py_pkg:/opt/ros/humble /usr/bin/cmake --build /home/prateek/ros2_ws/src/build/my_robot_interfaces -- -j2 -l2
[13.109s] Invoking command in '/home/prateek/ros2_ws/src/build/my_robot_interfaces': CMAKE_PREFIX_PATH=${CMAKE_PREFIX_PATH}:/home/prateek/ros2_ws/install/my_py_pkg:/opt/ros/humble /usr/bin/cmake --install /home/prateek/ros2_ws/src/build/my_robot_interfaces
[13.126s] -- Install configuration: ""
[13.126s] -- Installing: /home/prateek/ros2_ws/src/install/my_robot_interfaces/share/ament_index/resource_index/rosidl_interfaces/my_robot_interfaces
[13.128s] -- Installing: /home/prateek/ros2_ws/src/install/my_robot_interfaces/include/my_robot_interfaces/my_robot_interfaces
[13.130s] -- Installing: /home/prateek/ros2_ws/src/install/my_robot_interfaces/include/my_robot_interfaces/my_robot_interfaces/srv
[13.130s] -- Installing: /home/prateek/ros2_ws/src/install/my_robot_interfaces/include/my_robot_interfaces/my_robot_interfaces/srv/compute_rectangle_area.h
[13.130s] -- Installing: /home/prateek/ros2_ws/src/install/my_robot_interfaces/include/my_robot_interfaces/my_robot_interfaces/srv/detail
[13.131s] -- Installing: /home/prateek/ros2_ws/src/install/my_robot_interfaces/include/my_robot_interfaces/my_robot_interfaces/srv/detail/compute_rectangle_area__type_support.h
[13.131s] -- Installing: /home/prateek/ros2_ws/src/install/my_robot_interfaces/include/my_robot_interfaces/my_robot_interfaces/srv/detail/compute_rectangle_area__functions.h
[13.133s] -- Installing: /home/prateek/ros2_ws/src/install/my_robot_interfaces/include/my_robot_interfaces/my_robot_interfaces/srv/detail/compute_rectangle_area__functions.c
[13.133s] -- Installing: /home/prateek/ros2_ws/src/install/my_robot_interfaces/include/my_robot_interfaces/my_robot_interfaces/srv/detail/compute_rectangle_area__struct.h
[13.135s] -- Installing: /home/prateek/ros2_ws/src/install/my_robot_interfaces/include/my_robot_interfaces/my_robot_interfaces/msg
[13.135s] -- Installing: /home/prateek/ros2_ws/src/install/my_robot_interfaces/include/my_robot_interfaces/my_robot_interfaces/msg/rosidl_generator_c__visibility_control.h
[13.136s] -- Installing: /home/prateek/ros2_ws/src/install/my_robot_interfaces/include/my_robot_interfaces/my_robot_interfaces/msg/hardware_status.h
[13.136s] -- Installing: /home/prateek/ros2_ws/src/install/my_robot_interfaces/include/my_robot_interfaces/my_robot_interfaces/msg/detail
[13.137s] -- Installing: /home/prateek/ros2_ws/src/install/my_robot_interfaces/include/my_robot_interfaces/my_robot_interfaces/msg/detail/hardware_status__functions.h
[13.138s] -- Installing: /home/prateek/ros2_ws/src/install/my_robot_interfaces/include/my_robot_interfaces/my_robot_interfaces/msg/detail/hardware_status__struct.h
[13.139s] -- Installing: /home/prateek/ros2_ws/src/install/my_robot_interfaces/include/my_robot_interfaces/my_robot_interfaces/msg/detail/hardware_status__functions.c
[13.139s] -- Installing: /home/prateek/ros2_ws/src/install/my_robot_interfaces/include/my_robot_interfaces/my_robot_interfaces/msg/detail/hardware_status__type_support.h
[13.140s] -- Installing: /home/prateek/ros2_ws/src/install/my_robot_interfaces/share/my_robot_interfaces/environment/library_path.sh
[13.141s] -- Installing: /home/prateek/ros2_ws/src/install/my_robot_interfaces/share/my_robot_interfaces/environment/library_path.dsv
[13.142s] -- Installing: /home/prateek/ros2_ws/src/install/my_robot_interfaces/lib/libmy_robot_interfaces__rosidl_generator_c.so
[13.144s] -- Set runtime path of "/home/prateek/ros2_ws/src/install/my_robot_interfaces/lib/libmy_robot_interfaces__rosidl_generator_c.so" to ""
[13.144s] -- Up-to-date: /home/prateek/ros2_ws/src/install/my_robot_interfaces/include/my_robot_interfaces/my_robot_interfaces
[13.144s] -- Up-to-date: /home/prateek/ros2_ws/src/install/my_robot_interfaces/include/my_robot_interfaces/my_robot_interfaces/srv
[13.144s] -- Up-to-date: /home/prateek/ros2_ws/src/install/my_robot_interfaces/include/my_robot_interfaces/my_robot_interfaces/srv/detail
[13.144s] -- Installing: /home/prateek/ros2_ws/src/install/my_robot_interfaces/include/my_robot_interfaces/my_robot_interfaces/srv/detail/compute_rectangle_area__rosidl_typesupport_fastrtps_c.h
[13.146s] -- Up-to-date: /home/prateek/ros2_ws/src/install/my_robot_interfaces/include/my_robot_interfaces/my_robot_interfaces/msg
[13.146s] -- Up-to-date: /home/prateek/ros2_ws/src/install/my_robot_interfaces/include/my_robot_interfaces/my_robot_interfaces/msg/detail
[13.147s] -- Installing: /home/prateek/ros2_ws/src/install/my_robot_interfaces/include/my_robot_interfaces/my_robot_interfaces/msg/detail/hardware_status__rosidl_typesupport_fastrtps_c.h
[13.147s] -- Installing: /home/prateek/ros2_ws/src/install/my_robot_interfaces/include/my_robot_interfaces/my_robot_interfaces/msg/rosidl_typesupport_fastrtps_c__visibility_control.h
[13.147s] -- Installing: /home/prateek/ros2_ws/src/install/my_robot_interfaces/lib/libmy_robot_interfaces__rosidl_typesupport_fastrtps_c.so
[13.148s] -- Set runtime path of "/home/prateek/ros2_ws/src/install/my_robot_interfaces/lib/libmy_robot_interfaces__rosidl_typesupport_fastrtps_c.so" to ""
[13.148s] -- Up-to-date: /home/prateek/ros2_ws/src/install/my_robot_interfaces/include/my_robot_interfaces/my_robot_interfaces
[13.148s] -- Up-to-date: /home/prateek/ros2_ws/src/install/my_robot_interfaces/include/my_robot_interfaces/my_robot_interfaces/srv
[13.148s] -- Up-to-date: /home/prateek/ros2_ws/src/install/my_robot_interfaces/include/my_robot_interfaces/my_robot_interfaces/srv/detail
[13.148s] -- Installing: /home/prateek/ros2_ws/src/install/my_robot_interfaces/include/my_robot_interfaces/my_robot_interfaces/srv/detail/compute_rectangle_area__rosidl_typesupport_introspection_c.h
[13.148s] -- Installing: /home/prateek/ros2_ws/src/install/my_robot_interfaces/include/my_robot_interfaces/my_robot_interfaces/srv/detail/compute_rectangle_area__type_support.c
[13.149s] -- Up-to-date: /home/prateek/ros2_ws/src/install/my_robot_interfaces/include/my_robot_interfaces/my_robot_interfaces/msg
[13.149s] -- Up-to-date: /home/prateek/ros2_ws/src/install/my_robot_interfaces/include/my_robot_interfaces/my_robot_interfaces/msg/detail
[13.149s] -- Installing: /home/prateek/ros2_ws/src/install/my_robot_interfaces/include/my_robot_interfaces/my_robot_interfaces/msg/detail/hardware_status__rosidl_typesupport_introspection_c.h
[13.149s] -- Installing: /home/prateek/ros2_ws/src/install/my_robot_interfaces/include/my_robot_interfaces/my_robot_interfaces/msg/detail/hardware_status__type_support.c
[13.149s] -- Installing: /home/prateek/ros2_ws/src/install/my_robot_interfaces/include/my_robot_interfaces/my_robot_interfaces/msg/rosidl_typesupport_introspection_c__visibility_control.h
[13.149s] -- Installing: /home/prateek/ros2_ws/src/install/my_robot_interfaces/lib/libmy_robot_interfaces__rosidl_typesupport_introspection_c.so
[13.151s] -- Set runtime path of "/home/prateek/ros2_ws/src/install/my_robot_interfaces/lib/libmy_robot_interfaces__rosidl_typesupport_introspection_c.so" to ""
[13.151s] -- Installing: /home/prateek/ros2_ws/src/install/my_robot_interfaces/lib/libmy_robot_interfaces__rosidl_typesupport_c.so
[13.152s] -- Set runtime path of "/home/prateek/ros2_ws/src/install/my_robot_interfaces/lib/libmy_robot_interfaces__rosidl_typesupport_c.so" to ""
[13.152s] -- Up-to-date: /home/prateek/ros2_ws/src/install/my_robot_interfaces/include/my_robot_interfaces/my_robot_interfaces
[13.152s] -- Up-to-date: /home/prateek/ros2_ws/src/install/my_robot_interfaces/include/my_robot_interfaces/my_robot_interfaces/srv
[13.153s] -- Installing: /home/prateek/ros2_ws/src/install/my_robot_interfaces/include/my_robot_interfaces/my_robot_interfaces/srv/compute_rectangle_area.hpp
[13.153s] -- Up-to-date: /home/prateek/ros2_ws/src/install/my_robot_interfaces/include/my_robot_interfaces/my_robot_interfaces/srv/detail
[13.153s] -- Installing: /home/prateek/ros2_ws/src/install/my_robot_interfaces/include/my_robot_interfaces/my_robot_interfaces/srv/detail/compute_rectangle_area__struct.hpp
[13.153s] -- Installing: /home/prateek/ros2_ws/src/install/my_robot_interfaces/include/my_robot_interfaces/my_robot_interfaces/srv/detail/compute_rectangle_area__traits.hpp
[13.153s] -- Installing: /home/prateek/ros2_ws/src/install/my_robot_interfaces/include/my_robot_interfaces/my_robot_interfaces/srv/detail/compute_rectangle_area__builder.hpp
[13.154s] -- Up-to-date: /home/prateek/ros2_ws/src/install/my_robot_interfaces/include/my_robot_interfaces/my_robot_interfaces/msg
[13.154s] -- Installing: /home/prateek/ros2_ws/src/install/my_robot_interfaces/include/my_robot_interfaces/my_robot_interfaces/msg/hardware_status.hpp
[13.154s] -- Up-to-date: /home/prateek/ros2_ws/src/install/my_robot_interfaces/include/my_robot_interfaces/my_robot_interfaces/msg/detail
[13.154s] -- Installing: /home/prateek/ros2_ws/src/install/my_robot_interfaces/include/my_robot_interfaces/my_robot_interfaces/msg/detail/hardware_status__struct.hpp
[13.154s] -- Installing: /home/prateek/ros2_ws/src/install/my_robot_interfaces/include/my_robot_interfaces/my_robot_interfaces/msg/detail/hardware_status__builder.hpp
[13.154s] -- Installing: /home/prateek/ros2_ws/src/install/my_robot_interfaces/include/my_robot_interfaces/my_robot_interfaces/msg/detail/hardware_status__traits.hpp
[13.155s] -- Up-to-date: /home/prateek/ros2_ws/src/install/my_robot_interfaces/include/my_robot_interfaces/my_robot_interfaces
[13.155s] -- Up-to-date: /home/prateek/ros2_ws/src/install/my_robot_interfaces/include/my_robot_interfaces/my_robot_interfaces/srv
[13.155s] -- Up-to-date: /home/prateek/ros2_ws/src/install/my_robot_interfaces/include/my_robot_interfaces/my_robot_interfaces/srv/detail
[13.155s] -- Installing: /home/prateek/ros2_ws/src/install/my_robot_interfaces/include/my_robot_interfaces/my_robot_interfaces/srv/detail/dds_fastrtps
[13.156s] -- Installing: /home/prateek/ros2_ws/src/install/my_robot_interfaces/include/my_robot_interfaces/my_robot_interfaces/srv/detail/compute_rectangle_area__rosidl_typesupport_fastrtps_cpp.hpp
[13.156s] -- Up-to-date: /home/prateek/ros2_ws/src/install/my_robot_interfaces/include/my_robot_interfaces/my_robot_interfaces/msg
[13.157s] -- Installing: /home/prateek/ros2_ws/src/install/my_robot_interfaces/include/my_robot_interfaces/my_robot_interfaces/msg/rosidl_typesupport_fastrtps_cpp__visibility_control.h
[13.158s] -- Up-to-date: /home/prateek/ros2_ws/src/install/my_robot_interfaces/include/my_robot_interfaces/my_robot_interfaces/msg/detail
[13.158s] -- Installing: /home/prateek/ros2_ws/src/install/my_robot_interfaces/include/my_robot_interfaces/my_robot_interfaces/msg/detail/hardware_status__rosidl_typesupport_fastrtps_cpp.hpp
[13.159s] -- Installing: /home/prateek/ros2_ws/src/install/my_robot_interfaces/include/my_robot_interfaces/my_robot_interfaces/msg/detail/dds_fastrtps
[13.159s] -- Installing: /home/prateek/ros2_ws/src/install/my_robot_interfaces/lib/libmy_robot_interfaces__rosidl_typesupport_fastrtps_cpp.so
[13.159s] -- Set runtime path of "/home/prateek/ros2_ws/src/install/my_robot_interfaces/lib/libmy_robot_interfaces__rosidl_typesupport_fastrtps_cpp.so" to ""
[13.159s] -- Up-to-date: /home/prateek/ros2_ws/src/install/my_robot_interfaces/include/my_robot_interfaces/my_robot_interfaces
[13.159s] -- Up-to-date: /home/prateek/ros2_ws/src/install/my_robot_interfaces/include/my_robot_interfaces/my_robot_interfaces/srv
[13.159s] -- Up-to-date: /home/prateek/ros2_ws/src/install/my_robot_interfaces/include/my_robot_interfaces/my_robot_interfaces/srv/detail
[13.160s] -- Installing: /home/prateek/ros2_ws/src/install/my_robot_interfaces/include/my_robot_interfaces/my_robot_interfaces/srv/detail/compute_rectangle_area__rosidl_typesupport_introspection_cpp.hpp
[13.160s] -- Installing: /home/prateek/ros2_ws/src/install/my_robot_interfaces/include/my_robot_interfaces/my_robot_interfaces/srv/detail/compute_rectangle_area__type_support.cpp
[13.160s] -- Up-to-date: /home/prateek/ros2_ws/src/install/my_robot_interfaces/include/my_robot_interfaces/my_robot_interfaces/msg
[13.160s] -- Up-to-date: /home/prateek/ros2_ws/src/install/my_robot_interfaces/include/my_robot_interfaces/my_robot_interfaces/msg/detail
[13.160s] -- Installing: /home/prateek/ros2_ws/src/install/my_robot_interfaces/include/my_robot_interfaces/my_robot_interfaces/msg/detail/hardware_status__rosidl_typesupport_introspection_cpp.hpp
[13.161s] -- Installing: /home/prateek/ros2_ws/src/install/my_robot_interfaces/include/my_robot_interfaces/my_robot_interfaces/msg/detail/hardware_status__type_support.cpp
[13.161s] -- Installing: /home/prateek/ros2_ws/src/install/my_robot_interfaces/lib/libmy_robot_interfaces__rosidl_typesupport_introspection_cpp.so
[13.161s] -- Set runtime path of "/home/prateek/ros2_ws/src/install/my_robot_interfaces/lib/libmy_robot_interfaces__rosidl_typesupport_introspection_cpp.so" to ""
[13.162s] -- Installing: /home/prateek/ros2_ws/src/install/my_robot_interfaces/lib/libmy_robot_interfaces__rosidl_typesupport_cpp.so
[13.162s] -- Set runtime path of "/home/prateek/ros2_ws/src/install/my_robot_interfaces/lib/libmy_robot_interfaces__rosidl_typesupport_cpp.so" to ""
[13.162s] -- Installing: /home/prateek/ros2_ws/src/install/my_robot_interfaces/share/my_robot_interfaces/environment/pythonpath.sh
[13.162s] -- Installing: /home/prateek/ros2_ws/src/install/my_robot_interfaces/share/my_robot_interfaces/environment/pythonpath.dsv
[13.162s] -- Installing: /home/prateek/ros2_ws/src/install/my_robot_interfaces/local/lib/python3.10/dist-packages/my_robot_interfaces-0.0.0-py3.10.egg-info
[13.163s] -- Installing: /home/prateek/ros2_ws/src/install/my_robot_interfaces/local/lib/python3.10/dist-packages/my_robot_interfaces-0.0.0-py3.10.egg-info/dependency_links.txt
[13.163s] -- Installing: /home/prateek/ros2_ws/src/install/my_robot_interfaces/local/lib/python3.10/dist-packages/my_robot_interfaces-0.0.0-py3.10.egg-info/PKG-INFO
[13.163s] -- Installing: /home/prateek/ros2_ws/src/install/my_robot_interfaces/local/lib/python3.10/dist-packages/my_robot_interfaces-0.0.0-py3.10.egg-info/top_level.txt
[13.163s] -- Installing: /home/prateek/ros2_ws/src/install/my_robot_interfaces/local/lib/python3.10/dist-packages/my_robot_interfaces-0.0.0-py3.10.egg-info/SOURCES.txt
[13.164s] -- Installing: /home/prateek/ros2_ws/src/install/my_robot_interfaces/local/lib/python3.10/dist-packages/my_robot_interfaces
[13.164s] -- Installing: /home/prateek/ros2_ws/src/install/my_robot_interfaces/local/lib/python3.10/dist-packages/my_robot_interfaces/_my_robot_interfaces_s.ep.rosidl_typesupport_c.c
[13.165s] -- Installing: /home/prateek/ros2_ws/src/install/my_robot_interfaces/local/lib/python3.10/dist-packages/my_robot_interfaces/srv
[13.165s] -- Installing: /home/prateek/ros2_ws/src/install/my_robot_interfaces/local/lib/python3.10/dist-packages/my_robot_interfaces/srv/_compute_rectangle_area.py
[13.165s] -- Installing: /home/prateek/ros2_ws/src/install/my_robot_interfaces/local/lib/python3.10/dist-packages/my_robot_interfaces/srv/__init__.py
[13.165s] -- Installing: /home/prateek/ros2_ws/src/install/my_robot_interfaces/local/lib/python3.10/dist-packages/my_robot_interfaces/srv/_compute_rectangle_area_s.c
[13.166s] -- Installing: /home/prateek/ros2_ws/src/install/my_robot_interfaces/local/lib/python3.10/dist-packages/my_robot_interfaces/__init__.py
[13.166s] -- Installing: /home/prateek/ros2_ws/src/install/my_robot_interfaces/local/lib/python3.10/dist-packages/my_robot_interfaces/_my_robot_interfaces_s.ep.rosidl_typesupport_fastrtps_c.c
[13.166s] -- Installing: /home/prateek/ros2_ws/src/install/my_robot_interfaces/local/lib/python3.10/dist-packages/my_robot_interfaces/_my_robot_interfaces_s.ep.rosidl_typesupport_introspection_c.c
[13.166s] -- Installing: /home/prateek/ros2_ws/src/install/my_robot_interfaces/local/lib/python3.10/dist-packages/my_robot_interfaces/libmy_robot_interfaces__rosidl_generator_py.so
[13.167s] -- Installing: /home/prateek/ros2_ws/src/install/my_robot_interfaces/local/lib/python3.10/dist-packages/my_robot_interfaces/my_robot_interfaces_s__rosidl_typesupport_fastrtps_c.cpython-310-x86_64-linux-gnu.so
[13.167s] -- Installing: /home/prateek/ros2_ws/src/install/my_robot_interfaces/local/lib/python3.10/dist-packages/my_robot_interfaces/my_robot_interfaces_s__rosidl_typesupport_introspection_c.cpython-310-x86_64-linux-gnu.so
[13.167s] -- Installing: /home/prateek/ros2_ws/src/install/my_robot_interfaces/local/lib/python3.10/dist-packages/my_robot_interfaces/my_robot_interfaces_s__rosidl_typesupport_c.cpython-310-x86_64-linux-gnu.so
[13.167s] -- Installing: /home/prateek/ros2_ws/src/install/my_robot_interfaces/local/lib/python3.10/dist-packages/my_robot_interfaces/msg
[13.168s] -- Installing: /home/prateek/ros2_ws/src/install/my_robot_interfaces/local/lib/python3.10/dist-packages/my_robot_interfaces/msg/_hardware_status_s.c
[13.168s] -- Installing: /home/prateek/ros2_ws/src/install/my_robot_interfaces/local/lib/python3.10/dist-packages/my_robot_interfaces/msg/__init__.py
[13.168s] -- Installing: /home/prateek/ros2_ws/src/install/my_robot_interfaces/local/lib/python3.10/dist-packages/my_robot_interfaces/msg/_hardware_status.py
[13.231s] Listing '/home/prateek/ros2_ws/src/install/my_robot_interfaces/local/lib/python3.10/dist-packages/my_robot_interfaces'...
[13.231s] Compiling '/home/prateek/ros2_ws/src/install/my_robot_interfaces/local/lib/python3.10/dist-packages/my_robot_interfaces/__init__.py'...
[13.231s] Listing '/home/prateek/ros2_ws/src/install/my_robot_interfaces/local/lib/python3.10/dist-packages/my_robot_interfaces/msg'...
[13.231s] Compiling '/home/prateek/ros2_ws/src/install/my_robot_interfaces/local/lib/python3.10/dist-packages/my_robot_interfaces/msg/__init__.py'...
[13.231s] Compiling '/home/prateek/ros2_ws/src/install/my_robot_interfaces/local/lib/python3.10/dist-packages/my_robot_interfaces/msg/_hardware_status.py'...
[13.231s] Listing '/home/prateek/ros2_ws/src/install/my_robot_interfaces/local/lib/python3.10/dist-packages/my_robot_interfaces/srv'...
[13.231s] Compiling '/home/prateek/ros2_ws/src/install/my_robot_interfaces/local/lib/python3.10/dist-packages/my_robot_interfaces/srv/__init__.py'...
[13.231s] Compiling '/home/prateek/ros2_ws/src/install/my_robot_interfaces/local/lib/python3.10/dist-packages/my_robot_interfaces/srv/_compute_rectangle_area.py'...
[13.245s] -- Installing: /home/prateek/ros2_ws/src/install/my_robot_interfaces/local/lib/python3.10/dist-packages/my_robot_interfaces/my_robot_interfaces_s__rosidl_typesupport_fastrtps_c.cpython-310-x86_64-linux-gnu.so
[13.246s] -- Set runtime path of "/home/prateek/ros2_ws/src/install/my_robot_interfaces/local/lib/python3.10/dist-packages/my_robot_interfaces/my_robot_interfaces_s__rosidl_typesupport_fastrtps_c.cpython-310-x86_64-linux-gnu.so" to ""
[13.247s] -- Installing: /home/prateek/ros2_ws/src/install/my_robot_interfaces/local/lib/python3.10/dist-packages/my_robot_interfaces/my_robot_interfaces_s__rosidl_typesupport_introspection_c.cpython-310-x86_64-linux-gnu.so
[13.248s] -- Set runtime path of "/home/prateek/ros2_ws/src/install/my_robot_interfaces/local/lib/python3.10/dist-packages/my_robot_interfaces/my_robot_interfaces_s__rosidl_typesupport_introspection_c.cpython-310-x86_64-linux-gnu.so" to ""
[13.248s] -- Installing: /home/prateek/ros2_ws/src/install/my_robot_interfaces/local/lib/python3.10/dist-packages/my_robot_interfaces/my_robot_interfaces_s__rosidl_typesupport_c.cpython-310-x86_64-linux-gnu.so
[13.249s] -- Set runtime path of "/home/prateek/ros2_ws/src/install/my_robot_interfaces/local/lib/python3.10/dist-packages/my_robot_interfaces/my_robot_interfaces_s__rosidl_typesupport_c.cpython-310-x86_64-linux-gnu.so" to ""
[13.249s] -- Installing: /home/prateek/ros2_ws/src/install/my_robot_interfaces/lib/libmy_robot_interfaces__rosidl_generator_py.so
[13.251s] -- Set runtime path of "/home/prateek/ros2_ws/src/install/my_robot_interfaces/lib/libmy_robot_interfaces__rosidl_generator_py.so" to ""
[13.252s] -- Installing: /home/prateek/ros2_ws/src/install/my_robot_interfaces/share/my_robot_interfaces/msg/HardwareStatus.idl
[13.253s] -- Installing: /home/prateek/ros2_ws/src/install/my_robot_interfaces/share/my_robot_interfaces/srv/ComputeRectangleArea.idl
[13.253s] -- Installing: /home/prateek/ros2_ws/src/install/my_robot_interfaces/share/my_robot_interfaces/msg/HardwareStatus.msg
[13.253s] -- Installing: /home/prateek/ros2_ws/src/install/my_robot_interfaces/share/my_robot_interfaces/srv/ComputeRectangleArea.srv
[13.253s] -- Installing: /home/prateek/ros2_ws/src/install/my_robot_interfaces/share/my_robot_interfaces/srv/ComputeRectangleArea_Request.msg
[13.254s] -- Installing: /home/prateek/ros2_ws/src/install/my_robot_interfaces/share/my_robot_interfaces/srv/ComputeRectangleArea_Response.msg
[13.254s] -- Installing: /home/prateek/ros2_ws/src/install/my_robot_interfaces/share/ament_index/resource_index/package_run_dependencies/my_robot_interfaces
[13.255s] -- Installing: /home/prateek/ros2_ws/src/install/my_robot_interfaces/share/ament_index/resource_index/parent_prefix_path/my_robot_interfaces
[13.256s] -- Installing: /home/prateek/ros2_ws/src/install/my_robot_interfaces/share/my_robot_interfaces/environment/ament_prefix_path.sh
[13.256s] -- Installing: /home/prateek/ros2_ws/src/install/my_robot_interfaces/share/my_robot_interfaces/environment/ament_prefix_path.dsv
[13.256s] -- Installing: /home/prateek/ros2_ws/src/install/my_robot_interfaces/share/my_robot_interfaces/environment/path.sh
[13.260s] -- Installing: /home/prateek/ros2_ws/src/install/my_robot_interfaces/share/my_robot_interfaces/environment/path.dsv
[13.260s] -- Installing: /home/prateek/ros2_ws/src/install/my_robot_interfaces/share/my_robot_interfaces/local_setup.bash
[13.261s] -- Installing: /home/prateek/ros2_ws/src/install/my_robot_interfaces/share/my_robot_interfaces/local_setup.sh
[13.261s] -- Installing: /home/prateek/ros2_ws/src/install/my_robot_interfaces/share/my_robot_interfaces/local_setup.zsh
[13.261s] -- Installing: /home/prateek/ros2_ws/src/install/my_robot_interfaces/share/my_robot_interfaces/local_setup.dsv
[13.261s] -- Installing: /home/prateek/ros2_ws/src/install/my_robot_interfaces/share/my_robot_interfaces/package.dsv
[13.261s] -- Installing: /home/prateek/ros2_ws/src/install/my_robot_interfaces/share/ament_index/resource_index/packages/my_robot_interfaces
[13.261s] -- Installing: /home/prateek/ros2_ws/src/install/my_robot_interfaces/share/my_robot_interfaces/cmake/export_my_robot_interfaces__rosidl_generator_cExport.cmake
[13.261s] -- Installing: /home/prateek/ros2_ws/src/install/my_robot_interfaces/share/my_robot_interfaces/cmake/export_my_robot_interfaces__rosidl_generator_cExport-noconfig.cmake
[13.261s] -- Installing: /home/prateek/ros2_ws/src/install/my_robot_interfaces/share/my_robot_interfaces/cmake/export_my_robot_interfaces__rosidl_typesupport_fastrtps_cExport.cmake
[13.262s] -- Installing: /home/prateek/ros2_ws/src/install/my_robot_interfaces/share/my_robot_interfaces/cmake/export_my_robot_interfaces__rosidl_typesupport_fastrtps_cExport-noconfig.cmake
[13.262s] -- Installing: /home/prateek/ros2_ws/src/install/my_robot_interfaces/share/my_robot_interfaces/cmake/my_robot_interfaces__rosidl_typesupport_introspection_cExport.cmake
[13.263s] -- Installing: /home/prateek/ros2_ws/src/install/my_robot_interfaces/share/my_robot_interfaces/cmake/my_robot_interfaces__rosidl_typesupport_introspection_cExport-noconfig.cmake
[13.264s] -- Installing: /home/prateek/ros2_ws/src/install/my_robot_interfaces/share/my_robot_interfaces/cmake/my_robot_interfaces__rosidl_typesupport_cExport.cmake
[13.264s] -- Installing: /home/prateek/ros2_ws/src/install/my_robot_interfaces/share/my_robot_interfaces/cmake/my_robot_interfaces__rosidl_typesupport_cExport-noconfig.cmake
[13.267s] -- Installing: /home/prateek/ros2_ws/src/install/my_robot_interfaces/share/my_robot_interfaces/cmake/export_my_robot_interfaces__rosidl_generator_cppExport.cmake
[13.267s] -- Installing: /home/prateek/ros2_ws/src/install/my_robot_interfaces/share/my_robot_interfaces/cmake/export_my_robot_interfaces__rosidl_typesupport_fastrtps_cppExport.cmake
[13.269s] -- Installing: /home/prateek/ros2_ws/src/install/my_robot_interfaces/share/my_robot_interfaces/cmake/export_my_robot_interfaces__rosidl_typesupport_fastrtps_cppExport-noconfig.cmake
[13.271s] -- Installing: /home/prateek/ros2_ws/src/install/my_robot_interfaces/share/my_robot_interfaces/cmake/my_robot_interfaces__rosidl_typesupport_introspection_cppExport.cmake
[13.272s] -- Installing: /home/prateek/ros2_ws/src/install/my_robot_interfaces/share/my_robot_interfaces/cmake/my_robot_interfaces__rosidl_typesupport_introspection_cppExport-noconfig.cmake
[13.272s] -- Installing: /home/prateek/ros2_ws/src/install/my_robot_interfaces/share/my_robot_interfaces/cmake/my_robot_interfaces__rosidl_typesupport_cppExport.cmake
[13.273s] -- Installing: /home/prateek/ros2_ws/src/install/my_robot_interfaces/share/my_robot_interfaces/cmake/my_robot_interfaces__rosidl_typesupport_cppExport-noconfig.cmake
[13.274s] -- Installing: /home/prateek/ros2_ws/src/install/my_robot_interfaces/share/my_robot_interfaces/cmake/export_my_robot_interfaces__rosidl_generator_pyExport.cmake
[13.274s] -- Installing: /home/prateek/ros2_ws/src/install/my_robot_interfaces/share/my_robot_interfaces/cmake/export_my_robot_interfaces__rosidl_generator_pyExport-noconfig.cmake
[13.275s] -- Installing: /home/prateek/ros2_ws/src/install/my_robot_interfaces/share/my_robot_interfaces/cmake/rosidl_cmake-extras.cmake
[13.276s] -- Installing: /home/prateek/ros2_ws/src/install/my_robot_interfaces/share/my_robot_interfaces/cmake/ament_cmake_export_include_directories-extras.cmake
[13.276s] -- Installing: /home/prateek/ros2_ws/src/install/my_robot_interfaces/share/my_robot_interfaces/cmake/ament_cmake_export_libraries-extras.cmake
[13.278s] -- Installing: /home/prateek/ros2_ws/src/install/my_robot_interfaces/share/my_robot_interfaces/cmake/ament_cmake_export_targets-extras.cmake
[13.278s] -- Installing: /home/prateek/ros2_ws/src/install/my_robot_interfaces/share/my_robot_interfaces/cmake/rosidl_cmake_export_typesupport_targets-extras.cmake
[13.278s] -- Installing: /home/prateek/ros2_ws/src/install/my_robot_interfaces/share/my_robot_interfaces/cmake/ament_cmake_export_dependencies-extras.cmake
[13.279s] -- Installing: /home/prateek/ros2_ws/src/install/my_robot_interfaces/share/my_robot_interfaces/cmake/rosidl_cmake_export_typesupport_libraries-extras.cmake
[13.280s] -- Installing: /home/prateek/ros2_ws/src/install/my_robot_interfaces/share/my_robot_interfaces/cmake/my_robot_interfacesConfig.cmake
[13.280s] -- Installing: /home/prateek/ros2_ws/src/install/my_robot_interfaces/share/my_robot_interfaces/cmake/my_robot_interfacesConfig-version.cmake
[13.280s] -- Installing: /home/prateek/ros2_ws/src/install/my_robot_interfaces/share/my_robot_interfaces/package.xml
[13.286s] Invoked command in '/home/prateek/ros2_ws/src/build/my_robot_interfaces' returned '0': CMAKE_PREFIX_PATH=${CMAKE_PREFIX_PATH}:/home/prateek/ros2_ws/install/my_py_pkg:/opt/ros/humble /usr/bin/cmake --install /home/prateek/ros2_ws/src/build/my_robot_interfaces
