[0.064s] Invoking command in '/home/prateek/ros2_ws/build/my_cpp_pkg': CMAKE_PREFIX_PATH=/home/prateek/ros2_ws/install/my_robot_interfaces:/home/prateek/ros2_ws/install/my_robot_bringup:/home/prateek/ros2_ws/install/my_cpp_pkg:/home/prateek/ros2_ws/install/my_py_pkg:/opt/ros/humble /usr/bin/cmake --build /home/prateek/ros2_ws/build/my_cpp_pkg -- -j4 -l4
[0.118s] [ 12%] Built target cpp_node
[0.123s] [ 37%] Built target number_counter
[0.123s] [ 37%] Built target smartphone
[0.141s] [ 50%] Built target robot_news_station
[0.161s] [ 62%] Built target add_two_ints_client_no_oop
[0.162s] [ 75%] Built target add_two_ints_server
[0.166s] [ 81%] [32m[1mLinking CXX executable hw_status_publisher[0m
[0.167s] [ 93%] Built target add_two_ints_client
[0.275s] [100%] Built target hw_status_publisher
[0.282s] Invoked command in '/home/prateek/ros2_ws/build/my_cpp_pkg' returned '0': CMAKE_PREFIX_PATH=/home/prateek/ros2_ws/install/my_robot_interfaces:/home/prateek/ros2_ws/install/my_robot_bringup:/home/prateek/ros2_ws/install/my_cpp_pkg:/home/prateek/ros2_ws/install/my_py_pkg:/opt/ros/humble /usr/bin/cmake --build /home/prateek/ros2_ws/build/my_cpp_pkg -- -j4 -l4
[0.312s] Invoking command in '/home/prateek/ros2_ws/build/my_cpp_pkg': CMAKE_PREFIX_PATH=/home/prateek/ros2_ws/install/my_robot_interfaces:/home/prateek/ros2_ws/install/my_robot_bringup:/home/prateek/ros2_ws/install/my_cpp_pkg:/home/prateek/ros2_ws/install/my_py_pkg:/opt/ros/humble /usr/bin/cmake --install /home/prateek/ros2_ws/build/my_cpp_pkg
[0.317s] -- Install configuration: ""
[0.318s] -- Execute custom install script
[0.318s] -- Up-to-date symlink: /home/prateek/ros2_ws/install/my_cpp_pkg/lib/my_cpp_pkg/cpp_node
[0.318s] -- Up-to-date symlink: /home/prateek/ros2_ws/install/my_cpp_pkg/lib/my_cpp_pkg/robot_news_station
[0.318s] -- Up-to-date symlink: /home/prateek/ros2_ws/install/my_cpp_pkg/lib/my_cpp_pkg/smartphone
[0.318s] -- Up-to-date symlink: /home/prateek/ros2_ws/install/my_cpp_pkg/lib/my_cpp_pkg/number_counter
[0.318s] -- Up-to-date symlink: /home/prateek/ros2_ws/install/my_cpp_pkg/lib/my_cpp_pkg/add_two_ints_server
[0.318s] -- Up-to-date symlink: /home/prateek/ros2_ws/install/my_cpp_pkg/lib/my_cpp_pkg/add_two_ints_client
[0.318s] -- Up-to-date symlink: /home/prateek/ros2_ws/install/my_cpp_pkg/lib/my_cpp_pkg/add_two_ints_client_no_oop
[0.318s] -- Up-to-date symlink: /home/prateek/ros2_ws/install/my_cpp_pkg/lib/my_cpp_pkg/hw_status_publisher
[0.319s] -- Up-to-date symlink: /home/prateek/ros2_ws/install/my_cpp_pkg/share/ament_index/resource_index/package_run_dependencies/my_cpp_pkg
[0.319s] -- Up-to-date symlink: /home/prateek/ros2_ws/install/my_cpp_pkg/share/ament_index/resource_index/parent_prefix_path/my_cpp_pkg
[0.319s] -- Up-to-date symlink: /home/prateek/ros2_ws/install/my_cpp_pkg/share/my_cpp_pkg/environment/ament_prefix_path.sh
[0.319s] -- Up-to-date symlink: /home/prateek/ros2_ws/install/my_cpp_pkg/share/my_cpp_pkg/environment/ament_prefix_path.dsv
[0.319s] -- Up-to-date symlink: /home/prateek/ros2_ws/install/my_cpp_pkg/share/my_cpp_pkg/environment/path.sh
[0.319s] -- Up-to-date symlink: /home/prateek/ros2_ws/install/my_cpp_pkg/share/my_cpp_pkg/environment/path.dsv
[0.319s] -- Up-to-date symlink: /home/prateek/ros2_ws/install/my_cpp_pkg/share/my_cpp_pkg/local_setup.bash
[0.319s] -- Up-to-date symlink: /home/prateek/ros2_ws/install/my_cpp_pkg/share/my_cpp_pkg/local_setup.sh
[0.319s] -- Up-to-date symlink: /home/prateek/ros2_ws/install/my_cpp_pkg/share/my_cpp_pkg/local_setup.zsh
[0.320s] -- Up-to-date symlink: /home/prateek/ros2_ws/install/my_cpp_pkg/share/my_cpp_pkg/local_setup.dsv
[0.320s] -- Symlinking: /home/prateek/ros2_ws/install/my_cpp_pkg/share/my_cpp_pkg/package.dsv
[0.333s] -- Up-to-date symlink: /home/prateek/ros2_ws/install/my_cpp_pkg/share/ament_index/resource_index/packages/my_cpp_pkg
[0.333s] -- Up-to-date symlink: /home/prateek/ros2_ws/install/my_cpp_pkg/share/my_cpp_pkg/cmake/my_cpp_pkgConfig.cmake
[0.333s] -- Up-to-date symlink: /home/prateek/ros2_ws/install/my_cpp_pkg/share/my_cpp_pkg/cmake/my_cpp_pkgConfig-version.cmake
[0.333s] -- Up-to-date symlink: /home/prateek/ros2_ws/install/my_cpp_pkg/share/my_cpp_pkg/package.xml
[0.335s] Invoked command in '/home/prateek/ros2_ws/build/my_cpp_pkg' returned '0': CMAKE_PREFIX_PATH=/home/prateek/ros2_ws/install/my_robot_interfaces:/home/prateek/ros2_ws/install/my_robot_bringup:/home/prateek/ros2_ws/install/my_cpp_pkg:/home/prateek/ros2_ws/install/my_py_pkg:/opt/ros/humble /usr/bin/cmake --install /home/prateek/ros2_ws/build/my_cpp_pkg
