[0.245s] Invoking command in '/home/prateek/ros2_ws/build/my_cpp_pkg': CMAKE_PREFIX_PATH=${CMAKE_PREFIX_PATH}:/home/prateek/ros2_ws/install/my_py_pkg:/opt/ros/humble /usr/bin/cmake --build /home/prateek/ros2_ws/build/my_cpp_pkg -- -j2 -l2
[0.421s] [35m[1mConsolidate compiler generated dependencies of target cpp_node[0m
[0.475s] [ 50%] [32mBuilding CXX object CMakeFiles/cpp_node.dir/src/my_first_node.cpp.o[0m
[8.434s] [100%] [32m[1mLinking CXX executable cpp_node[0m
[8.797s] [100%] Built target cpp_node
[8.822s] Invoked command in '/home/prateek/ros2_ws/build/my_cpp_pkg' returned '0': CMAKE_PREFIX_PATH=${CMAKE_PREFIX_PATH}:/home/prateek/ros2_ws/install/my_py_pkg:/opt/ros/humble /usr/bin/cmake --build /home/prateek/ros2_ws/build/my_cpp_pkg -- -j2 -l2
[8.985s] Invoking command in '/home/prateek/ros2_ws/build/my_cpp_pkg': CMAKE_PREFIX_PATH=${CMAKE_PREFIX_PATH}:/home/prateek/ros2_ws/install/my_py_pkg:/opt/ros/humble /usr/bin/cmake --install /home/prateek/ros2_ws/build/my_cpp_pkg
[9.066s] -- Install configuration: ""
[9.073s] -- Installing: /home/prateek/ros2_ws/install/my_cpp_pkg/lib/my_cpp_pkg/cpp_node
[9.073s] -- Set runtime path of "/home/prateek/ros2_ws/install/my_cpp_pkg/lib/my_cpp_pkg/cpp_node" to ""
[9.073s] -- Up-to-date: /home/prateek/ros2_ws/install/my_cpp_pkg/share/ament_index/resource_index/package_run_dependencies/my_cpp_pkg
[9.074s] -- Up-to-date: /home/prateek/ros2_ws/install/my_cpp_pkg/share/ament_index/resource_index/parent_prefix_path/my_cpp_pkg
[9.074s] -- Up-to-date: /home/prateek/ros2_ws/install/my_cpp_pkg/share/my_cpp_pkg/environment/ament_prefix_path.sh
[9.074s] -- Up-to-date: /home/prateek/ros2_ws/install/my_cpp_pkg/share/my_cpp_pkg/environment/ament_prefix_path.dsv
[9.074s] -- Up-to-date: /home/prateek/ros2_ws/install/my_cpp_pkg/share/my_cpp_pkg/environment/path.sh
[9.074s] -- Up-to-date: /home/prateek/ros2_ws/install/my_cpp_pkg/share/my_cpp_pkg/environment/path.dsv
[9.074s] -- Up-to-date: /home/prateek/ros2_ws/install/my_cpp_pkg/share/my_cpp_pkg/local_setup.bash
[9.074s] -- Up-to-date: /home/prateek/ros2_ws/install/my_cpp_pkg/share/my_cpp_pkg/local_setup.sh
[9.075s] -- Up-to-date: /home/prateek/ros2_ws/install/my_cpp_pkg/share/my_cpp_pkg/local_setup.zsh
[9.075s] -- Up-to-date: /home/prateek/ros2_ws/install/my_cpp_pkg/share/my_cpp_pkg/local_setup.dsv
[9.075s] -- Installing: /home/prateek/ros2_ws/install/my_cpp_pkg/share/my_cpp_pkg/package.dsv
[9.075s] -- Up-to-date: /home/prateek/ros2_ws/install/my_cpp_pkg/share/ament_index/resource_index/packages/my_cpp_pkg
[9.075s] -- Up-to-date: /home/prateek/ros2_ws/install/my_cpp_pkg/share/my_cpp_pkg/cmake/my_cpp_pkgConfig.cmake
[9.075s] -- Up-to-date: /home/prateek/ros2_ws/install/my_cpp_pkg/share/my_cpp_pkg/cmake/my_cpp_pkgConfig-version.cmake
[9.075s] -- Up-to-date: /home/prateek/ros2_ws/install/my_cpp_pkg/share/my_cpp_pkg/package.xml
[9.076s] Invoked command in '/home/prateek/ros2_ws/build/my_cpp_pkg' returned '0': CMAKE_PREFIX_PATH=${CMAKE_PREFIX_PATH}:/home/prateek/ros2_ws/install/my_py_pkg:/opt/ros/humble /usr/bin/cmake --install /home/prateek/ros2_ws/build/my_cpp_pkg
