[1.672s] Invoking command in '/home/prateek/ros2_ws/build/my_py_pkg': PYTHONPATH=/home/prateek/ros2_ws/build/my_py_pkg/prefix_override:/home/prateek/ros2_ws/install/my_py_pkg/lib/python3.10/site-packages:${PYTHONPATH} /usr/bin/python3 setup.py develop --editable --build-directory /home/prateek/ros2_ws/build/my_py_pkg/build --no-deps install_data
[2.076s] running develop
[2.350s] running egg_info
[2.368s] writing my_py_pkg.egg-info/PKG-INFO
[2.368s] writing dependency_links to my_py_pkg.egg-info/dependency_links.txt
[2.368s] writing entry points to my_py_pkg.egg-info/entry_points.txt
[2.368s] writing requirements to my_py_pkg.egg-info/requires.txt
[2.368s] writing top-level names to my_py_pkg.egg-info/top_level.txt
[2.368s] reading manifest file 'my_py_pkg.egg-info/SOURCES.txt'
[2.378s] writing manifest file 'my_py_pkg.egg-info/SOURCES.txt'
[2.382s] running build_ext
[2.382s] Creating /home/prateek/ros2_ws/install/my_py_pkg/lib/python3.10/site-packages/my-py-pkg.egg-link (link to .)
[2.384s] Installing add_two_ints_client script to /home/prateek/ros2_ws/install/my_py_pkg/lib/my_py_pkg
[2.385s] Installing add_two_ints_client_no_oop script to /home/prateek/ros2_ws/install/my_py_pkg/lib/my_py_pkg
[2.388s] Installing add_two_ints_server script to /home/prateek/ros2_ws/install/my_py_pkg/lib/my_py_pkg
[2.389s] Installing hw_status_publisher script to /home/prateek/ros2_ws/install/my_py_pkg/lib/my_py_pkg
[2.390s] Installing number_publisher script to /home/prateek/ros2_ws/install/my_py_pkg/lib/my_py_pkg
[2.390s] Installing py_node script to /home/prateek/ros2_ws/install/my_py_pkg/lib/my_py_pkg
[2.390s] Installing robot_news_station script to /home/prateek/ros2_ws/install/my_py_pkg/lib/my_py_pkg
[2.390s] Installing smartphone script to /home/prateek/ros2_ws/install/my_py_pkg/lib/my_py_pkg
[2.395s] 
[2.395s] Installed /home/prateek/ros2_ws/build/my_py_pkg
[2.396s] running install_data
[2.403s] copying package.xml -> /home/prateek/ros2_ws/install/my_py_pkg/share/my_py_pkg
[2.468s] Invoked command in '/home/prateek/ros2_ws/build/my_py_pkg' returned '0': PYTHONPATH=/home/prateek/ros2_ws/build/my_py_pkg/prefix_override:/home/prateek/ros2_ws/install/my_py_pkg/lib/python3.10/site-packages:${PYTHONPATH} /usr/bin/python3 setup.py develop --editable --build-directory /home/prateek/ros2_ws/build/my_py_pkg/build --no-deps install_data
