[0.005s] Invoking command in '/home/prateek/ros2_ws/build/my_robot_interfaces': /usr/bin/cmake /home/prateek/ros2_ws/src/my_robot_interfaces -DAMENT_CMAKE_SYMLINK_INSTALL=1 -DCMAKE_INSTALL_PREFIX=/home/prateek/ros2_ws/install/my_robot_interfaces
[0.019s] [31mCMake Error at CMakeLists.txt:9 (find_package):
[0.019s]   By not providing "Findament_cmake.cmake" in CMAKE_MODULE_PATH this project
[0.019s]   has asked CMake to find a package configuration file provided by
[0.019s]   "ament_cmake", but CMake did not find one.
[0.019s] 
[0.019s]   Could not find a package configuration file provided by "ament_cmake" with
[0.019s]   any of the following names:
[0.019s] 
[0.019s]     ament_cmakeConfig.cmake
[0.019s]     ament_cmake-config.cmake
[0.019s] 
[0.019s]   Add the installation prefix of "ament_cmake" to CMAKE_PREFIX_PATH or set
[0.019s]   "ament_cmake_DIR" to a directory containing one of the above files.  If
[0.019s]   "ament_cmake" provides a separate development package or SDK, be sure it
[0.020s]   has been installed.
[0.020s] 
[0.020s] [0m
[0.020s] -- Configuring incomplete, errors occurred!
[0.020s] See also "/home/prateek/ros2_ws/build/my_robot_interfaces/CMakeFiles/CMakeOutput.log".
[0.021s] Invoked command in '/home/prateek/ros2_ws/build/my_robot_interfaces' returned '1': /usr/bin/cmake /home/prateek/ros2_ws/src/my_robot_interfaces -DAMENT_CMAKE_SYMLINK_INSTALL=1 -DCMAKE_INSTALL_PREFIX=/home/prateek/ros2_ws/install/my_robot_interfaces
