[0.510s] Invoking command in '/home/prateek/ros2_ws/src/my_py_pkg': CMAKE_PREFIX_PATH=/home/prateek/ros2_ws/install/my_robot_interfaces:/home/prateek/ros2_ws/install/my_robot_bringup:/home/prateek/ros2_ws/install/my_cpp_pkg:/home/prateek/ros2_ws/install:/home/prateek/ros2_ws/src/install/my_py_pkg:/home/prateek/ros2_ws/src/install/my_robot_interfaces:/home/prateek/ros2_ws/install/my_py_pkg:/opt/ros/humble:/home/prateek/ros2_ws/src/install/:/home/prateek/ros2_ws/src/install/my_robot_interfaces :/home/prateek/ros2_ws/install/my_py_pkg:/home/prateek/ros2_ws/src/install/my_robot_interfaces LD_LIBRARY_PATH=/home/prateek/ros2_ws/install/my_robot_interfaces/lib:/usr/local/lib/z3-z3-4.7.1/build:/usr/local/lib/z3-z3-4.7.1/build:/usr/local/lib/z3-z3-4.7.1/build:/usr/local/lib/z3-z3-4.7.1/build:/usr/local/lib/z3-z3-4.7.1/build:/home/prateek/ros2_ws/src/install/my_robot_interfaces/lib:/usr/local/lib/z3-z3-4.7.1/build:/usr/local/lib/z3-z3-4.7.1/build:/opt/ros/humble/opt/rviz_ogre_vendor/lib:/opt/ros/humble/lib/x86_64-linux-gnu:/opt/ros/humble/lib:/usr/local/lib/z3-z3-4.7.1/build:/usr/local/lib/z3-z3-4.7.1/build PYTHONPATH=/home/prateek/ros2_ws/build/my_py_pkg/prefix_override:/home/prateek/ros2_ws/install/my_py_pkg/lib/python3.10/site-packages:${PYTHONPATH} /usr/bin/python3 -W ignore:setup.py install is deprecated setup.py egg_info --egg-base ../../build/my_py_pkg build --build-base /home/prateek/ros2_ws/build/my_py_pkg/build install --record /home/prateek/ros2_ws/build/my_py_pkg/install.log --single-version-externally-managed install_data
[0.709s] running egg_info
[0.709s] writing ../../build/my_py_pkg/my_py_pkg.egg-info/PKG-INFO
[0.709s] writing dependency_links to ../../build/my_py_pkg/my_py_pkg.egg-info/dependency_links.txt
[0.709s] writing entry points to ../../build/my_py_pkg/my_py_pkg.egg-info/entry_points.txt
[0.710s] writing requirements to ../../build/my_py_pkg/my_py_pkg.egg-info/requires.txt
[0.710s] writing top-level names to ../../build/my_py_pkg/my_py_pkg.egg-info/top_level.txt
[0.711s] reading manifest file '../../build/my_py_pkg/my_py_pkg.egg-info/SOURCES.txt'
[0.711s] writing manifest file '../../build/my_py_pkg/my_py_pkg.egg-info/SOURCES.txt'
[0.712s] running build
[0.712s] running build_py
[0.712s] running install
[0.712s] running install_lib
[0.713s] running install_data
[0.713s] running install_egg_info
[0.715s] removing '/home/prateek/ros2_ws/install/my_py_pkg/lib/python3.10/site-packages/my_py_pkg-0.0.0-py3.10.egg-info' (and everything under it)
[0.715s] Copying ../../build/my_py_pkg/my_py_pkg.egg-info to /home/prateek/ros2_ws/install/my_py_pkg/lib/python3.10/site-packages/my_py_pkg-0.0.0-py3.10.egg-info
[0.716s] running install_scripts
[0.730s] Installing add_two_ints_client script to /home/prateek/ros2_ws/install/my_py_pkg/lib/my_py_pkg
[0.730s] Installing add_two_ints_client_no_oop script to /home/prateek/ros2_ws/install/my_py_pkg/lib/my_py_pkg
[0.730s] Installing add_two_ints_server script to /home/prateek/ros2_ws/install/my_py_pkg/lib/my_py_pkg
[0.730s] Installing hw_status_publisher script to /home/prateek/ros2_ws/install/my_py_pkg/lib/my_py_pkg
[0.731s] Installing number_publisher script to /home/prateek/ros2_ws/install/my_py_pkg/lib/my_py_pkg
[0.731s] Installing py_node script to /home/prateek/ros2_ws/install/my_py_pkg/lib/my_py_pkg
[0.731s] Installing robot_news_station script to /home/prateek/ros2_ws/install/my_py_pkg/lib/my_py_pkg
[0.731s] Installing smartphone script to /home/prateek/ros2_ws/install/my_py_pkg/lib/my_py_pkg
[0.731s] writing list of installed files to '/home/prateek/ros2_ws/build/my_py_pkg/install.log'
[0.746s] Invoked command in '/home/prateek/ros2_ws/src/my_py_pkg' returned '0': CMAKE_PREFIX_PATH=/home/prateek/ros2_ws/install/my_robot_interfaces:/home/prateek/ros2_ws/install/my_robot_bringup:/home/prateek/ros2_ws/install/my_cpp_pkg:/home/prateek/ros2_ws/install:/home/prateek/ros2_ws/src/install/my_py_pkg:/home/prateek/ros2_ws/src/install/my_robot_interfaces:/home/prateek/ros2_ws/install/my_py_pkg:/opt/ros/humble:/home/prateek/ros2_ws/src/install/:/home/prateek/ros2_ws/src/install/my_robot_interfaces :/home/prateek/ros2_ws/install/my_py_pkg:/home/prateek/ros2_ws/src/install/my_robot_interfaces LD_LIBRARY_PATH=/home/prateek/ros2_ws/install/my_robot_interfaces/lib:/usr/local/lib/z3-z3-4.7.1/build:/usr/local/lib/z3-z3-4.7.1/build:/usr/local/lib/z3-z3-4.7.1/build:/usr/local/lib/z3-z3-4.7.1/build:/usr/local/lib/z3-z3-4.7.1/build:/home/prateek/ros2_ws/src/install/my_robot_interfaces/lib:/usr/local/lib/z3-z3-4.7.1/build:/usr/local/lib/z3-z3-4.7.1/build:/opt/ros/humble/opt/rviz_ogre_vendor/lib:/opt/ros/humble/lib/x86_64-linux-gnu:/opt/ros/humble/lib:/usr/local/lib/z3-z3-4.7.1/build:/usr/local/lib/z3-z3-4.7.1/build PYTHONPATH=/home/prateek/ros2_ws/build/my_py_pkg/prefix_override:/home/prateek/ros2_ws/install/my_py_pkg/lib/python3.10/site-packages:${PYTHONPATH} /usr/bin/python3 -W ignore:setup.py install is deprecated setup.py egg_info --egg-base ../../build/my_py_pkg build --build-base /home/prateek/ros2_ws/build/my_py_pkg/build install --record /home/prateek/ros2_ws/build/my_py_pkg/install.log --single-version-externally-managed install_data
