[0.187s] Invoking command in '/home/prateek/ros2_ws/build/my_robot_bringup': CMAKE_PREFIX_PATH=${CMAKE_PREFIX_PATH}:/home/prateek/ros2_ws/install/my_py_pkg:/opt/ros/humble /usr/bin/cmake /home/prateek/ros2_ws/src/my_robot_bringup -DAMENT_CMAKE_SYMLINK_INSTALL=1 -DCMAKE_INSTALL_PREFIX=/home/prateek/ros2_ws/install/my_robot_bringup
[0.214s] -- Found ament_cmake: 1.3.6 (/opt/ros/humble/share/ament_cmake/cmake)
[0.521s] -- Override CMake install command with custom implementation using symlinks instead of copying resources
[0.681s] -- Configuring done
[0.684s] -- Generating done
[0.691s] -- Build files have been written to: /home/prateek/ros2_ws/build/my_robot_bringup
[0.701s] Invoked command in '/home/prateek/ros2_ws/build/my_robot_bringup' returned '0': CMAKE_PREFIX_PATH=${CMAKE_PREFIX_PATH}:/home/prateek/ros2_ws/install/my_py_pkg:/opt/ros/humble /usr/bin/cmake /home/prateek/ros2_ws/src/my_robot_bringup -DAMENT_CMAKE_SYMLINK_INSTALL=1 -DCMAKE_INSTALL_PREFIX=/home/prateek/ros2_ws/install/my_robot_bringup
[0.703s] Invoking command in '/home/prateek/ros2_ws/build/my_robot_bringup': CMAKE_PREFIX_PATH=${CMAKE_PREFIX_PATH}:/home/prateek/ros2_ws/install/my_py_pkg:/opt/ros/humble /usr/bin/cmake --build /home/prateek/ros2_ws/build/my_robot_bringup -- -j2 -l2
[0.807s] Invoked command in '/home/prateek/ros2_ws/build/my_robot_bringup' returned '0': CMAKE_PREFIX_PATH=${CMAKE_PREFIX_PATH}:/home/prateek/ros2_ws/install/my_py_pkg:/opt/ros/humble /usr/bin/cmake --build /home/prateek/ros2_ws/build/my_robot_bringup -- -j2 -l2
[0.931s] Invoking command in '/home/prateek/ros2_ws/build/my_robot_bringup': CMAKE_PREFIX_PATH=${CMAKE_PREFIX_PATH}:/home/prateek/ros2_ws/install/my_py_pkg:/opt/ros/humble /usr/bin/cmake --install /home/prateek/ros2_ws/build/my_robot_bringup
[0.949s] -- Install configuration: ""
[0.951s] -- Execute custom install script
[0.953s] -- Up-to-date symlink: /home/prateek/ros2_ws/install/my_robot_bringup/share/ament_index/resource_index/package_run_dependencies/my_robot_bringup
[0.956s] -- Up-to-date symlink: /home/prateek/ros2_ws/install/my_robot_bringup/share/ament_index/resource_index/parent_prefix_path/my_robot_bringup
[0.956s] -- Up-to-date symlink: /home/prateek/ros2_ws/install/my_robot_bringup/share/my_robot_bringup/environment/ament_prefix_path.sh
[0.957s] -- Up-to-date symlink: /home/prateek/ros2_ws/install/my_robot_bringup/share/my_robot_bringup/environment/ament_prefix_path.dsv
[0.960s] -- Up-to-date symlink: /home/prateek/ros2_ws/install/my_robot_bringup/share/my_robot_bringup/environment/path.sh
[0.963s] -- Up-to-date symlink: /home/prateek/ros2_ws/install/my_robot_bringup/share/my_robot_bringup/environment/path.dsv
[0.967s] -- Up-to-date symlink: /home/prateek/ros2_ws/install/my_robot_bringup/share/my_robot_bringup/local_setup.bash
[0.971s] -- Up-to-date symlink: /home/prateek/ros2_ws/install/my_robot_bringup/share/my_robot_bringup/local_setup.sh
[0.972s] -- Up-to-date symlink: /home/prateek/ros2_ws/install/my_robot_bringup/share/my_robot_bringup/local_setup.zsh
[0.974s] -- Up-to-date symlink: /home/prateek/ros2_ws/install/my_robot_bringup/share/my_robot_bringup/local_setup.dsv
[0.975s] -- Symlinking: /home/prateek/ros2_ws/install/my_robot_bringup/share/my_robot_bringup/package.dsv
[0.999s] -- Up-to-date symlink: /home/prateek/ros2_ws/install/my_robot_bringup/share/ament_index/resource_index/packages/my_robot_bringup
[1.001s] -- Up-to-date symlink: /home/prateek/ros2_ws/install/my_robot_bringup/share/my_robot_bringup/cmake/my_robot_bringupConfig.cmake
[1.003s] -- Up-to-date symlink: /home/prateek/ros2_ws/install/my_robot_bringup/share/my_robot_bringup/cmake/my_robot_bringupConfig-version.cmake
[1.003s] -- Up-to-date symlink: /home/prateek/ros2_ws/install/my_robot_bringup/share/my_robot_bringup/package.xml
[1.004s] -- Symlinking: /home/prateek/ros2_ws/install/my_robot_bringup/share/my_robot_bringup//launch/number_app.launch.py
[1.036s] Invoked command in '/home/prateek/ros2_ws/build/my_robot_bringup' returned '0': CMAKE_PREFIX_PATH=${CMAKE_PREFIX_PATH}:/home/prateek/ros2_ws/install/my_py_pkg:/opt/ros/humble /usr/bin/cmake --install /home/prateek/ros2_ws/build/my_robot_bringup
