[0.026s] Invoking command in '/home/prateek/ros2_ws/build/my_robot_bringup': AMENT_PREFIX_PATH=/home/prateek/ros2_ws/install/my_py_pkg:/home/prateek/ros2_ws/install/my_robot_bringup:/home/prateek/ros2_ws/install/my_cpp_pkg:/home/prateek/ros2_ws/install/my_robot_interfaces:/opt/ros/humble CMAKE_PREFIX_PATH=/home/prateek/ros2_ws/install/my_cpp_pkg:/home/prateek/ros2_ws/install/my_robot_interfaces:/home/prateek/ros2_ws/install/my_robot_bringup:/home/prateek/ros2_ws/install/my_py_pkg:/opt/ros/humble /usr/bin/cmake --build /home/prateek/ros2_ws/build/my_robot_bringup -- -j4 -l4
[0.053s] Invoked command in '/home/prateek/ros2_ws/build/my_robot_bringup' returned '0': AMENT_PREFIX_PATH=/home/prateek/ros2_ws/install/my_py_pkg:/home/prateek/ros2_ws/install/my_robot_bringup:/home/prateek/ros2_ws/install/my_cpp_pkg:/home/prateek/ros2_ws/install/my_robot_interfaces:/opt/ros/humble CMAKE_PREFIX_PATH=/home/prateek/ros2_ws/install/my_cpp_pkg:/home/prateek/ros2_ws/install/my_robot_interfaces:/home/prateek/ros2_ws/install/my_robot_bringup:/home/prateek/ros2_ws/install/my_py_pkg:/opt/ros/humble /usr/bin/cmake --build /home/prateek/ros2_ws/build/my_robot_bringup -- -j4 -l4
[0.067s] Invoking command in '/home/prateek/ros2_ws/build/my_robot_bringup': AMENT_PREFIX_PATH=/home/prateek/ros2_ws/install/my_py_pkg:/home/prateek/ros2_ws/install/my_robot_bringup:/home/prateek/ros2_ws/install/my_cpp_pkg:/home/prateek/ros2_ws/install/my_robot_interfaces:/opt/ros/humble CMAKE_PREFIX_PATH=/home/prateek/ros2_ws/install/my_cpp_pkg:/home/prateek/ros2_ws/install/my_robot_interfaces:/home/prateek/ros2_ws/install/my_robot_bringup:/home/prateek/ros2_ws/install/my_py_pkg:/opt/ros/humble /usr/bin/cmake --install /home/prateek/ros2_ws/build/my_robot_bringup
[0.071s] -- Install configuration: ""
[0.071s] -- Execute custom install script
[0.071s] -- Up-to-date symlink: /home/prateek/ros2_ws/install/my_robot_bringup/share/ament_index/resource_index/package_run_dependencies/my_robot_bringup
[0.071s] -- Up-to-date symlink: /home/prateek/ros2_ws/install/my_robot_bringup/share/ament_index/resource_index/parent_prefix_path/my_robot_bringup
[0.072s] -- Up-to-date symlink: /home/prateek/ros2_ws/install/my_robot_bringup/share/my_robot_bringup/environment/ament_prefix_path.sh
[0.072s] -- Up-to-date symlink: /home/prateek/ros2_ws/install/my_robot_bringup/share/my_robot_bringup/environment/ament_prefix_path.dsv
[0.072s] -- Up-to-date symlink: /home/prateek/ros2_ws/install/my_robot_bringup/share/my_robot_bringup/environment/path.sh
[0.072s] -- Up-to-date symlink: /home/prateek/ros2_ws/install/my_robot_bringup/share/my_robot_bringup/environment/path.dsv
[0.072s] -- Up-to-date symlink: /home/prateek/ros2_ws/install/my_robot_bringup/share/my_robot_bringup/local_setup.bash
[0.072s] -- Up-to-date symlink: /home/prateek/ros2_ws/install/my_robot_bringup/share/my_robot_bringup/local_setup.sh
[0.072s] -- Up-to-date symlink: /home/prateek/ros2_ws/install/my_robot_bringup/share/my_robot_bringup/local_setup.zsh
[0.072s] -- Up-to-date symlink: /home/prateek/ros2_ws/install/my_robot_bringup/share/my_robot_bringup/local_setup.dsv
[0.072s] -- Symlinking: /home/prateek/ros2_ws/install/my_robot_bringup/share/my_robot_bringup/package.dsv
[0.078s] -- Up-to-date symlink: /home/prateek/ros2_ws/install/my_robot_bringup/share/ament_index/resource_index/packages/my_robot_bringup
[0.078s] -- Up-to-date symlink: /home/prateek/ros2_ws/install/my_robot_bringup/share/my_robot_bringup/cmake/my_robot_bringupConfig.cmake
[0.078s] -- Up-to-date symlink: /home/prateek/ros2_ws/install/my_robot_bringup/share/my_robot_bringup/cmake/my_robot_bringupConfig-version.cmake
[0.078s] -- Up-to-date symlink: /home/prateek/ros2_ws/install/my_robot_bringup/share/my_robot_bringup/package.xml
[0.078s] -- Up-to-date symlink: /home/prateek/ros2_ws/install/my_robot_bringup/share/my_robot_bringup//launch/number_app.launch.py
[0.080s] Invoked command in '/home/prateek/ros2_ws/build/my_robot_bringup' returned '0': AMENT_PREFIX_PATH=/home/prateek/ros2_ws/install/my_py_pkg:/home/prateek/ros2_ws/install/my_robot_bringup:/home/prateek/ros2_ws/install/my_cpp_pkg:/home/prateek/ros2_ws/install/my_robot_interfaces:/opt/ros/humble CMAKE_PREFIX_PATH=/home/prateek/ros2_ws/install/my_cpp_pkg:/home/prateek/ros2_ws/install/my_robot_interfaces:/home/prateek/ros2_ws/install/my_robot_bringup:/home/prateek/ros2_ws/install/my_py_pkg:/opt/ros/humble /usr/bin/cmake --install /home/prateek/ros2_ws/build/my_robot_bringup
