[1.876s] DEBUG:colcon:Command line arguments: ['/usr/bin/colcon', 'build', '--packages-select', 'my_cpp_pkg', '--symlink-install']
[1.876s] DEBUG:colcon:Parsed command line arguments: Namespace(log_base=None, log_level=None, verb_name='build', build_base='build', install_base='install', merge_install=False, symlink_install=True, test_result_base=None, continue_on_error=False, executor='parallel', parallel_workers=2, event_handlers=None, ignore_user_meta=False, metas=['./colcon.meta'], base_paths=['.'], packages_ignore=None, packages_ignore_regex=None, paths=None, packages_up_to=None, packages_up_to_regex=None, packages_above=None, packages_above_and_dependencies=None, packages_above_depth=None, packages_select_by_dep=None, packages_skip_by_dep=None, packages_skip_up_to=None, packages_select_build_failed=False, packages_skip_build_finished=False, packages_select_test_failures=False, packages_skip_test_passed=False, packages_select=['my_cpp_pkg'], packages_skip=None, packages_select_regex=None, packages_skip_regex=None, packages_start=None, packages_end=None, allow_overriding=[], cmake_args=None, cmake_target=None, cmake_target_skip_unavailable=False, cmake_clean_cache=False, cmake_clean_first=False, cmake_force_configure=False, ament_cmake_args=None, catkin_cmake_args=None, catkin_skip_building_tests=False, verb_parser=<colcon_defaults.argument_parser.defaults.DefaultArgumentsDecorator object at 0x7faf20f8b580>, verb_extension=<colcon_core.verb.build.BuildVerb object at 0x7faf20f8a770>, main=<bound method BuildVerb.main of <colcon_core.verb.build.BuildVerb object at 0x7faf20f8a770>>)
[1.959s] Level 1:colcon.colcon_core.package_discovery:discover_packages(colcon_meta) check parameters
[1.959s] Level 1:colcon.colcon_core.package_discovery:discover_packages(recursive) check parameters
[1.959s] Level 1:colcon.colcon_core.package_discovery:discover_packages(ignore) check parameters
[1.959s] Level 1:colcon.colcon_core.package_discovery:discover_packages(path) check parameters
[1.959s] Level 1:colcon.colcon_core.package_discovery:discover_packages(colcon_meta) discover
[1.959s] Level 1:colcon.colcon_core.package_discovery:discover_packages(recursive) discover
[1.959s] INFO:colcon.colcon_core.package_discovery:Crawling recursively for packages in '/home/prateek/ros2_ws'
[1.959s] Level 1:colcon.colcon_core.package_identification:_identify(.) by extensions ['ignore', 'ignore_ament_install']
[1.959s] Level 1:colcon.colcon_core.package_identification:_identify(.) by extension 'ignore'
[1.959s] Level 1:colcon.colcon_core.package_identification:_identify(.) by extension 'ignore_ament_install'
[1.960s] Level 1:colcon.colcon_core.package_identification:_identify(.) by extensions ['colcon_pkg']
[1.960s] Level 1:colcon.colcon_core.package_identification:_identify(.) by extension 'colcon_pkg'
[1.960s] Level 1:colcon.colcon_core.package_identification:_identify(.) by extensions ['colcon_meta']
[1.960s] Level 1:colcon.colcon_core.package_identification:_identify(.) by extension 'colcon_meta'
[1.960s] Level 1:colcon.colcon_core.package_identification:_identify(.) by extensions ['ros']
[1.960s] Level 1:colcon.colcon_core.package_identification:_identify(.) by extension 'ros'
[1.980s] Level 1:colcon.colcon_core.package_identification:_identify(.) by extensions ['cmake', 'python']
[1.980s] Level 1:colcon.colcon_core.package_identification:_identify(.) by extension 'cmake'
[1.980s] Level 1:colcon.colcon_core.package_identification:_identify(.) by extension 'python'
[1.980s] Level 1:colcon.colcon_core.package_identification:_identify(.) by extensions ['python_setup_py']
[1.980s] Level 1:colcon.colcon_core.package_identification:_identify(.) by extension 'python_setup_py'
[1.981s] Level 1:colcon.colcon_core.package_identification:_identify(build) by extensions ['ignore', 'ignore_ament_install']
[1.981s] Level 1:colcon.colcon_core.package_identification:_identify(build) by extension 'ignore'
[1.981s] Level 1:colcon.colcon_core.package_identification:_identify(build) ignored
[1.981s] Level 1:colcon.colcon_core.package_identification:_identify(install) by extensions ['ignore', 'ignore_ament_install']
[1.981s] Level 1:colcon.colcon_core.package_identification:_identify(install) by extension 'ignore'
[1.981s] Level 1:colcon.colcon_core.package_identification:_identify(install) ignored
[1.981s] Level 1:colcon.colcon_core.package_identification:_identify(log) by extensions ['ignore', 'ignore_ament_install']
[1.982s] Level 1:colcon.colcon_core.package_identification:_identify(log) by extension 'ignore'
[1.982s] Level 1:colcon.colcon_core.package_identification:_identify(log) ignored
[1.982s] Level 1:colcon.colcon_core.package_identification:_identify(src) by extensions ['ignore', 'ignore_ament_install']
[1.982s] Level 1:colcon.colcon_core.package_identification:_identify(src) by extension 'ignore'
[1.982s] Level 1:colcon.colcon_core.package_identification:_identify(src) by extension 'ignore_ament_install'
[1.982s] Level 1:colcon.colcon_core.package_identification:_identify(src) by extensions ['colcon_pkg']
[1.982s] Level 1:colcon.colcon_core.package_identification:_identify(src) by extension 'colcon_pkg'
[1.983s] Level 1:colcon.colcon_core.package_identification:_identify(src) by extensions ['colcon_meta']
[1.983s] Level 1:colcon.colcon_core.package_identification:_identify(src) by extension 'colcon_meta'
[1.983s] Level 1:colcon.colcon_core.package_identification:_identify(src) by extensions ['ros']
[1.983s] Level 1:colcon.colcon_core.package_identification:_identify(src) by extension 'ros'
[1.983s] Level 1:colcon.colcon_core.package_identification:_identify(src) by extensions ['cmake', 'python']
[1.983s] Level 1:colcon.colcon_core.package_identification:_identify(src) by extension 'cmake'
[1.983s] Level 1:colcon.colcon_core.package_identification:_identify(src) by extension 'python'
[1.983s] Level 1:colcon.colcon_core.package_identification:_identify(src) by extensions ['python_setup_py']
[1.983s] Level 1:colcon.colcon_core.package_identification:_identify(src) by extension 'python_setup_py'
[1.984s] Level 1:colcon.colcon_core.package_identification:_identify(src/my_cpp_pkg) by extensions ['ignore', 'ignore_ament_install']
[1.984s] Level 1:colcon.colcon_core.package_identification:_identify(src/my_cpp_pkg) by extension 'ignore'
[1.984s] Level 1:colcon.colcon_core.package_identification:_identify(src/my_cpp_pkg) by extension 'ignore_ament_install'
[1.984s] Level 1:colcon.colcon_core.package_identification:_identify(src/my_cpp_pkg) by extensions ['colcon_pkg']
[1.984s] Level 1:colcon.colcon_core.package_identification:_identify(src/my_cpp_pkg) by extension 'colcon_pkg'
[1.984s] Level 1:colcon.colcon_core.package_identification:_identify(src/my_cpp_pkg) by extensions ['colcon_meta']
[1.984s] Level 1:colcon.colcon_core.package_identification:_identify(src/my_cpp_pkg) by extension 'colcon_meta'
[1.984s] Level 1:colcon.colcon_core.package_identification:_identify(src/my_cpp_pkg) by extensions ['ros']
[1.984s] Level 1:colcon.colcon_core.package_identification:_identify(src/my_cpp_pkg) by extension 'ros'
[1.989s] DEBUG:colcon.colcon_core.package_identification:Package 'src/my_cpp_pkg' with type 'ros.ament_cmake' and name 'my_cpp_pkg'
[1.989s] Level 1:colcon.colcon_core.package_identification:_identify(src/my_py_pkg) by extensions ['ignore', 'ignore_ament_install']
[1.989s] Level 1:colcon.colcon_core.package_identification:_identify(src/my_py_pkg) by extension 'ignore'
[1.989s] Level 1:colcon.colcon_core.package_identification:_identify(src/my_py_pkg) by extension 'ignore_ament_install'
[1.989s] Level 1:colcon.colcon_core.package_identification:_identify(src/my_py_pkg) by extensions ['colcon_pkg']
[1.990s] Level 1:colcon.colcon_core.package_identification:_identify(src/my_py_pkg) by extension 'colcon_pkg'
[1.990s] Level 1:colcon.colcon_core.package_identification:_identify(src/my_py_pkg) by extensions ['colcon_meta']
[1.990s] Level 1:colcon.colcon_core.package_identification:_identify(src/my_py_pkg) by extension 'colcon_meta'
[1.990s] Level 1:colcon.colcon_core.package_identification:_identify(src/my_py_pkg) by extensions ['ros']
[1.990s] Level 1:colcon.colcon_core.package_identification:_identify(src/my_py_pkg) by extension 'ros'
[1.991s] DEBUG:colcon.colcon_core.package_identification:Package 'src/my_py_pkg' with type 'ros.ament_python' and name 'my_py_pkg'
[1.992s] Level 1:colcon.colcon_core.package_discovery:discover_packages(recursive) using defaults
[1.992s] Level 1:colcon.colcon_core.package_discovery:discover_packages(ignore) discover
[1.992s] Level 1:colcon.colcon_core.package_discovery:discover_packages(ignore) using defaults
[1.992s] Level 1:colcon.colcon_core.package_discovery:discover_packages(path) discover
[1.992s] Level 1:colcon.colcon_core.package_discovery:discover_packages(path) using defaults
[2.100s] INFO:colcon.colcon_core.package_selection:Skipping not selected package 'my_py_pkg' in 'src/my_py_pkg'
[2.151s] Level 1:colcon.colcon_core.package_discovery:discover_packages(prefix_path) check parameters
[2.152s] Level 1:colcon.colcon_core.package_discovery:discover_packages(prefix_path) discover
[2.204s] DEBUG:colcon.colcon_installed_package_information.package_discovery:Found 2 installed packages in /home/prateek/ros2_ws/install
[2.232s] DEBUG:colcon.colcon_installed_package_information.package_discovery:Found 270 installed packages in /opt/ros/humble
[2.234s] Level 1:colcon.colcon_core.package_discovery:discover_packages(prefix_path) using defaults
[2.395s] Level 5:colcon.colcon_core.verb:set package 'my_cpp_pkg' build argument 'cmake_args' from command line to 'None'
[2.395s] Level 5:colcon.colcon_core.verb:set package 'my_cpp_pkg' build argument 'cmake_target' from command line to 'None'
[2.395s] Level 5:colcon.colcon_core.verb:set package 'my_cpp_pkg' build argument 'cmake_target_skip_unavailable' from command line to 'False'
[2.395s] Level 5:colcon.colcon_core.verb:set package 'my_cpp_pkg' build argument 'cmake_clean_cache' from command line to 'False'
[2.395s] Level 5:colcon.colcon_core.verb:set package 'my_cpp_pkg' build argument 'cmake_clean_first' from command line to 'False'
[2.395s] Level 5:colcon.colcon_core.verb:set package 'my_cpp_pkg' build argument 'cmake_force_configure' from command line to 'False'
[2.395s] Level 5:colcon.colcon_core.verb:set package 'my_cpp_pkg' build argument 'ament_cmake_args' from command line to 'None'
[2.395s] Level 5:colcon.colcon_core.verb:set package 'my_cpp_pkg' build argument 'catkin_cmake_args' from command line to 'None'
[2.396s] Level 5:colcon.colcon_core.verb:set package 'my_cpp_pkg' build argument 'catkin_skip_building_tests' from command line to 'False'
[2.399s] DEBUG:colcon.colcon_core.verb:Building package 'my_cpp_pkg' with the following arguments: {'ament_cmake_args': None, 'build_base': '/home/prateek/ros2_ws/build/my_cpp_pkg', 'catkin_cmake_args': None, 'catkin_skip_building_tests': False, 'cmake_args': None, 'cmake_clean_cache': False, 'cmake_clean_first': False, 'cmake_force_configure': False, 'cmake_target': None, 'cmake_target_skip_unavailable': False, 'install_base': '/home/prateek/ros2_ws/install/my_cpp_pkg', 'merge_install': False, 'path': '/home/prateek/ros2_ws/src/my_cpp_pkg', 'symlink_install': True, 'test_result_base': None}
[2.423s] INFO:colcon.colcon_core.executor:Executing jobs using 'parallel' executor
[2.451s] DEBUG:colcon.colcon_parallel_executor.executor.parallel:run_until_complete
[2.452s] INFO:colcon.colcon_ros.task.ament_cmake.build:Building ROS package in '/home/prateek/ros2_ws/src/my_cpp_pkg' with build type 'ament_cmake'
[2.452s] INFO:colcon.colcon_cmake.task.cmake.build:Building CMake package in '/home/prateek/ros2_ws/src/my_cpp_pkg'
[2.494s] INFO:colcon.colcon_core.plugin_system:Skipping extension 'colcon_core.shell.bat': Not used on non-Windows systems
[2.494s] INFO:colcon.colcon_core.shell:Skip shell extension 'powershell' for command environment: Not usable outside of PowerShell
[2.494s] DEBUG:colcon.colcon_core.shell:Skip shell extension 'dsv' for command environment
[2.637s] DEBUG:colcon.colcon_core.event_handler.log_command:Invoking command in '/home/prateek/ros2_ws/build/my_cpp_pkg': CMAKE_PREFIX_PATH=${CMAKE_PREFIX_PATH}:/home/prateek/ros2_ws/install/my_py_pkg:/opt/ros/humble /usr/bin/cmake /home/prateek/ros2_ws/src/my_cpp_pkg -DAMENT_CMAKE_SYMLINK_INSTALL=1 -DCMAKE_INSTALL_PREFIX=/home/prateek/ros2_ws/install/my_cpp_pkg
[4.176s] DEBUG:colcon.colcon_core.event_handler.log_command:Invoked command in '/home/prateek/ros2_ws/build/my_cpp_pkg' returned '0': CMAKE_PREFIX_PATH=${CMAKE_PREFIX_PATH}:/home/prateek/ros2_ws/install/my_py_pkg:/opt/ros/humble /usr/bin/cmake /home/prateek/ros2_ws/src/my_cpp_pkg -DAMENT_CMAKE_SYMLINK_INSTALL=1 -DCMAKE_INSTALL_PREFIX=/home/prateek/ros2_ws/install/my_cpp_pkg
[4.182s] DEBUG:colcon.colcon_core.event_handler.log_command:Invoking command in '/home/prateek/ros2_ws/build/my_cpp_pkg': CMAKE_PREFIX_PATH=${CMAKE_PREFIX_PATH}:/home/prateek/ros2_ws/install/my_py_pkg:/opt/ros/humble /usr/bin/cmake --build /home/prateek/ros2_ws/build/my_cpp_pkg -- -j2 -l2
[9.983s] DEBUG:colcon.colcon_core.event_handler.log_command:Invoked command in '/home/prateek/ros2_ws/build/my_cpp_pkg' returned '0': CMAKE_PREFIX_PATH=${CMAKE_PREFIX_PATH}:/home/prateek/ros2_ws/install/my_py_pkg:/opt/ros/humble /usr/bin/cmake --build /home/prateek/ros2_ws/build/my_cpp_pkg -- -j2 -l2
[10.133s] DEBUG:colcon.colcon_core.event_handler.log_command:Invoking command in '/home/prateek/ros2_ws/build/my_cpp_pkg': CMAKE_PREFIX_PATH=${CMAKE_PREFIX_PATH}:/home/prateek/ros2_ws/install/my_py_pkg:/opt/ros/humble /usr/bin/cmake --install /home/prateek/ros2_ws/build/my_cpp_pkg
[10.506s] Level 1:colcon.colcon_core.environment:create_environment_scripts_only(my_cpp_pkg)
[10.544s] DEBUG:colcon.colcon_core.event_handler.log_command:Invoked command in '/home/prateek/ros2_ws/build/my_cpp_pkg' returned '0': CMAKE_PREFIX_PATH=${CMAKE_PREFIX_PATH}:/home/prateek/ros2_ws/install/my_py_pkg:/opt/ros/humble /usr/bin/cmake --install /home/prateek/ros2_ws/build/my_cpp_pkg
[10.574s] Level 1:colcon.colcon_core.environment:checking '/home/prateek/ros2_ws/install/my_cpp_pkg' for CMake module files
[10.574s] Level 1:colcon.colcon_core.environment:checking '/home/prateek/ros2_ws/install/my_cpp_pkg' for CMake config files
[10.582s] Level 1:colcon.colcon_core.shell:create_environment_hook('my_cpp_pkg', 'cmake_prefix_path')
[10.611s] INFO:colcon.colcon_core.shell:Creating environment hook '/home/prateek/ros2_ws/install/my_cpp_pkg/share/my_cpp_pkg/hook/cmake_prefix_path.ps1'
[10.612s] INFO:colcon.colcon_core.shell:Creating environment descriptor '/home/prateek/ros2_ws/install/my_cpp_pkg/share/my_cpp_pkg/hook/cmake_prefix_path.dsv'
[10.614s] INFO:colcon.colcon_core.shell:Creating environment hook '/home/prateek/ros2_ws/install/my_cpp_pkg/share/my_cpp_pkg/hook/cmake_prefix_path.sh'
[10.616s] Level 1:colcon.colcon_core.environment:checking '/home/prateek/ros2_ws/install/my_cpp_pkg/lib'
[10.617s] Level 1:colcon.colcon_core.environment:checking '/home/prateek/ros2_ws/install/my_cpp_pkg/bin'
[10.617s] Level 1:colcon.colcon_core.environment:checking '/home/prateek/ros2_ws/install/my_cpp_pkg/lib/pkgconfig/my_cpp_pkg.pc'
[10.617s] Level 1:colcon.colcon_core.environment:checking '/home/prateek/ros2_ws/install/my_cpp_pkg/lib/python3.10/site-packages'
[10.617s] Level 1:colcon.colcon_core.environment:checking '/home/prateek/ros2_ws/install/my_cpp_pkg/bin'
[10.647s] INFO:colcon.colcon_core.shell:Creating package script '/home/prateek/ros2_ws/install/my_cpp_pkg/share/my_cpp_pkg/package.ps1'
[10.650s] INFO:colcon.colcon_core.shell:Creating package descriptor '/home/prateek/ros2_ws/install/my_cpp_pkg/share/my_cpp_pkg/package.dsv'
[10.651s] INFO:colcon.colcon_core.shell:Creating package script '/home/prateek/ros2_ws/install/my_cpp_pkg/share/my_cpp_pkg/package.sh'
[10.654s] INFO:colcon.colcon_core.shell:Creating package script '/home/prateek/ros2_ws/install/my_cpp_pkg/share/my_cpp_pkg/package.bash'
[10.654s] INFO:colcon.colcon_core.shell:Creating package script '/home/prateek/ros2_ws/install/my_cpp_pkg/share/my_cpp_pkg/package.zsh'
[10.658s] Level 1:colcon.colcon_core.environment:create_file_with_runtime_dependencies(/home/prateek/ros2_ws/install/my_cpp_pkg/share/colcon-core/packages/my_cpp_pkg)
[10.805s] Level 1:colcon.colcon_core.environment:create_environment_scripts_only(my_cpp_pkg)
[10.827s] Level 1:colcon.colcon_core.environment:checking '/home/prateek/ros2_ws/install/my_cpp_pkg' for CMake module files
[10.828s] Level 1:colcon.colcon_core.environment:checking '/home/prateek/ros2_ws/install/my_cpp_pkg' for CMake config files
[10.829s] Level 1:colcon.colcon_core.shell:create_environment_hook('my_cpp_pkg', 'cmake_prefix_path')
[10.861s] INFO:colcon.colcon_core.shell:Creating environment hook '/home/prateek/ros2_ws/install/my_cpp_pkg/share/my_cpp_pkg/hook/cmake_prefix_path.ps1'
[10.868s] INFO:colcon.colcon_core.shell:Creating environment descriptor '/home/prateek/ros2_ws/install/my_cpp_pkg/share/my_cpp_pkg/hook/cmake_prefix_path.dsv'
[10.878s] INFO:colcon.colcon_core.shell:Creating environment hook '/home/prateek/ros2_ws/install/my_cpp_pkg/share/my_cpp_pkg/hook/cmake_prefix_path.sh'
[10.880s] Level 1:colcon.colcon_core.environment:checking '/home/prateek/ros2_ws/install/my_cpp_pkg/lib'
[10.881s] Level 1:colcon.colcon_core.environment:checking '/home/prateek/ros2_ws/install/my_cpp_pkg/bin'
[10.881s] Level 1:colcon.colcon_core.environment:checking '/home/prateek/ros2_ws/install/my_cpp_pkg/lib/pkgconfig/my_cpp_pkg.pc'
[10.881s] Level 1:colcon.colcon_core.environment:checking '/home/prateek/ros2_ws/install/my_cpp_pkg/lib/python3.10/site-packages'
[10.881s] Level 1:colcon.colcon_core.environment:checking '/home/prateek/ros2_ws/install/my_cpp_pkg/bin'
[10.909s] INFO:colcon.colcon_core.shell:Creating package script '/home/prateek/ros2_ws/install/my_cpp_pkg/share/my_cpp_pkg/package.ps1'
[10.911s] INFO:colcon.colcon_core.shell:Creating package descriptor '/home/prateek/ros2_ws/install/my_cpp_pkg/share/my_cpp_pkg/package.dsv'
[10.913s] INFO:colcon.colcon_core.shell:Creating package script '/home/prateek/ros2_ws/install/my_cpp_pkg/share/my_cpp_pkg/package.sh'
[10.915s] INFO:colcon.colcon_core.shell:Creating package script '/home/prateek/ros2_ws/install/my_cpp_pkg/share/my_cpp_pkg/package.bash'
[10.917s] INFO:colcon.colcon_core.shell:Creating package script '/home/prateek/ros2_ws/install/my_cpp_pkg/share/my_cpp_pkg/package.zsh'
[10.918s] Level 1:colcon.colcon_core.environment:create_file_with_runtime_dependencies(/home/prateek/ros2_ws/install/my_cpp_pkg/share/colcon-core/packages/my_cpp_pkg)
[10.920s] DEBUG:colcon.colcon_parallel_executor.executor.parallel:closing loop
[10.920s] DEBUG:colcon.colcon_parallel_executor.executor.parallel:loop closed
[10.920s] DEBUG:colcon.colcon_parallel_executor.executor.parallel:run_until_complete finished with '0'
[10.920s] DEBUG:colcon.colcon_core.event_reactor:joining thread
[10.972s] INFO:colcon.colcon_core.plugin_system:Skipping extension 'colcon_notification.desktop_notification.terminal_notifier': Not used on non-Darwin systems
[10.972s] INFO:colcon.colcon_core.plugin_system:Skipping extension 'colcon_notification.desktop_notification.win32': Not used on non-Windows systems
[10.973s] INFO:colcon.colcon_notification.desktop_notification:Sending desktop notification using 'notify2'
[11.006s] DEBUG:colcon.colcon_core.event_reactor:joined thread
[11.030s] INFO:colcon.colcon_core.shell:Creating prefix script '/home/prateek/ros2_ws/install/local_setup.ps1'
[11.032s] INFO:colcon.colcon_core.shell:Creating prefix util module '/home/prateek/ros2_ws/install/_local_setup_util_ps1.py'
[11.036s] INFO:colcon.colcon_core.shell:Creating prefix chain script '/home/prateek/ros2_ws/install/setup.ps1'
[11.061s] INFO:colcon.colcon_core.shell:Creating prefix script '/home/prateek/ros2_ws/install/local_setup.sh'
[11.063s] INFO:colcon.colcon_core.shell:Creating prefix util module '/home/prateek/ros2_ws/install/_local_setup_util_sh.py'
[11.065s] INFO:colcon.colcon_core.shell:Creating prefix chain script '/home/prateek/ros2_ws/install/setup.sh'
[11.098s] INFO:colcon.colcon_core.shell:Creating prefix script '/home/prateek/ros2_ws/install/local_setup.bash'
[11.101s] INFO:colcon.colcon_core.shell:Creating prefix chain script '/home/prateek/ros2_ws/install/setup.bash'
[11.126s] INFO:colcon.colcon_core.shell:Creating prefix script '/home/prateek/ros2_ws/install/local_setup.zsh'
[11.129s] INFO:colcon.colcon_core.shell:Creating prefix chain script '/home/prateek/ros2_ws/install/setup.zsh'
