[0.414s] Invoking command in '/home/prateek/ros2_ws/src/my_py_pkg': AMENT_PREFIX_PATH=/home/prateek/ros2_ws/src/install/my_robot_interfaces CMAKE_PREFIX_PATH=/home/prateek/ros2_ws/src/install/my_robot_interfaces LD_LIBRARY_PATH=/home/prateek/ros2_ws/src/install/my_robot_interfaces/lib:/usr/local/lib/z3-z3-4.7.1/build PYTHONPATH=/home/prateek/ros2_ws/src/build/my_py_pkg/prefix_override:/home/prateek/ros2_ws/src/install/my_py_pkg/lib/python3.10/site-packages:/home/prateek/ros2_ws/src/install/my_robot_interfaces/local/lib/python3.10/dist-packages /usr/bin/python3 -W ignore:setup.py install is deprecated setup.py egg_info --egg-base ../build/my_py_pkg build --build-base /home/prateek/ros2_ws/src/build/my_py_pkg/build install --record /home/prateek/ros2_ws/src/build/my_py_pkg/install.log --single-version-externally-managed install_data
[0.558s] running egg_info
[0.559s] writing ../build/my_py_pkg/my_py_pkg.egg-info/PKG-INFO
[0.559s] writing dependency_links to ../build/my_py_pkg/my_py_pkg.egg-info/dependency_links.txt
[0.559s] writing entry points to ../build/my_py_pkg/my_py_pkg.egg-info/entry_points.txt
[0.559s] writing requirements to ../build/my_py_pkg/my_py_pkg.egg-info/requires.txt
[0.559s] writing top-level names to ../build/my_py_pkg/my_py_pkg.egg-info/top_level.txt
[0.560s] reading manifest file '../build/my_py_pkg/my_py_pkg.egg-info/SOURCES.txt'
[0.561s] writing manifest file '../build/my_py_pkg/my_py_pkg.egg-info/SOURCES.txt'
[0.561s] running build
[0.561s] running build_py
[0.561s] running install
[0.562s] running install_lib
[0.563s] running install_data
[0.563s] running install_egg_info
[0.564s] removing '/home/prateek/ros2_ws/src/install/my_py_pkg/lib/python3.10/site-packages/my_py_pkg-0.0.0-py3.10.egg-info' (and everything under it)
[0.564s] Copying ../build/my_py_pkg/my_py_pkg.egg-info to /home/prateek/ros2_ws/src/install/my_py_pkg/lib/python3.10/site-packages/my_py_pkg-0.0.0-py3.10.egg-info
[0.564s] running install_scripts
[0.578s] Installing add_two_ints_client script to /home/prateek/ros2_ws/src/install/my_py_pkg/lib/my_py_pkg
[0.578s] Installing add_two_ints_client_no_oop script to /home/prateek/ros2_ws/src/install/my_py_pkg/lib/my_py_pkg
[0.578s] Installing add_two_ints_server script to /home/prateek/ros2_ws/src/install/my_py_pkg/lib/my_py_pkg
[0.578s] Installing hw_status_publisher script to /home/prateek/ros2_ws/src/install/my_py_pkg/lib/my_py_pkg
[0.578s] Installing number_publisher script to /home/prateek/ros2_ws/src/install/my_py_pkg/lib/my_py_pkg
[0.578s] Installing py_node script to /home/prateek/ros2_ws/src/install/my_py_pkg/lib/my_py_pkg
[0.578s] Installing robot_news_station script to /home/prateek/ros2_ws/src/install/my_py_pkg/lib/my_py_pkg
[0.578s] Installing smartphone script to /home/prateek/ros2_ws/src/install/my_py_pkg/lib/my_py_pkg
[0.579s] writing list of installed files to '/home/prateek/ros2_ws/src/build/my_py_pkg/install.log'
[0.591s] Invoked command in '/home/prateek/ros2_ws/src/my_py_pkg' returned '0': AMENT_PREFIX_PATH=/home/prateek/ros2_ws/src/install/my_robot_interfaces CMAKE_PREFIX_PATH=/home/prateek/ros2_ws/src/install/my_robot_interfaces LD_LIBRARY_PATH=/home/prateek/ros2_ws/src/install/my_robot_interfaces/lib:/usr/local/lib/z3-z3-4.7.1/build PYTHONPATH=/home/prateek/ros2_ws/src/build/my_py_pkg/prefix_override:/home/prateek/ros2_ws/src/install/my_py_pkg/lib/python3.10/site-packages:/home/prateek/ros2_ws/src/install/my_robot_interfaces/local/lib/python3.10/dist-packages /usr/bin/python3 -W ignore:setup.py install is deprecated setup.py egg_info --egg-base ../build/my_py_pkg build --build-base /home/prateek/ros2_ws/src/build/my_py_pkg/build install --record /home/prateek/ros2_ws/src/build/my_py_pkg/install.log --single-version-externally-managed install_data
