[1.852s] Invoking command in '/home/prateek/ros2_ws/build/my_py_pkg': PYTHONPATH=/home/prateek/ros2_ws/build/my_py_pkg/prefix_override:/home/prateek/ros2_ws/install/my_py_pkg/lib/python3.10/site-packages:${PYTHONPATH} /usr/bin/python3 setup.py develop --editable --build-directory /home/prateek/ros2_ws/build/my_py_pkg/build --no-deps install_data
[2.288s] running develop
[2.532s] running egg_info
[2.541s] writing my_py_pkg.egg-info/PKG-INFO
[2.541s] writing dependency_links to my_py_pkg.egg-info/dependency_links.txt
[2.545s] writing entry points to my_py_pkg.egg-info/entry_points.txt
[2.549s] writing requirements to my_py_pkg.egg-info/requires.txt
[2.553s] writing top-level names to my_py_pkg.egg-info/top_level.txt
[2.561s] reading manifest file 'my_py_pkg.egg-info/SOURCES.txt'
[2.587s] writing manifest file 'my_py_pkg.egg-info/SOURCES.txt'
[2.589s] running build_ext
[2.590s] Creating /home/prateek/ros2_ws/install/my_py_pkg/lib/python3.10/site-packages/my-py-pkg.egg-link (link to .)
[2.605s] Installing add_two_ints_client_no_oop script to /home/prateek/ros2_ws/install/my_py_pkg/lib/my_py_pkg
[2.609s] Installing add_two_ints_server script to /home/prateek/ros2_ws/install/my_py_pkg/lib/my_py_pkg
[2.614s] Installing number_publisher script to /home/prateek/ros2_ws/install/my_py_pkg/lib/my_py_pkg
[2.615s] Installing py_node script to /home/prateek/ros2_ws/install/my_py_pkg/lib/my_py_pkg
[2.615s] Installing robot_news_station script to /home/prateek/ros2_ws/install/my_py_pkg/lib/my_py_pkg
[2.615s] Installing smartphone script to /home/prateek/ros2_ws/install/my_py_pkg/lib/my_py_pkg
[2.615s] 
[2.615s] Installed /home/prateek/ros2_ws/build/my_py_pkg
[2.615s] running install_data
[2.716s] Invoked command in '/home/prateek/ros2_ws/build/my_py_pkg' returned '0': PYTHONPATH=/home/prateek/ros2_ws/build/my_py_pkg/prefix_override:/home/prateek/ros2_ws/install/my_py_pkg/lib/python3.10/site-packages:${PYTHONPATH} /usr/bin/python3 setup.py develop --editable --build-directory /home/prateek/ros2_ws/build/my_py_pkg/build --no-deps install_data
