[0.181s] Invoking command in '/home/prateek/ros2_ws/build/my_cpp_pkg': CMAKE_PREFIX_PATH=${CMAKE_PREFIX_PATH}:/home/prateek/ros2_ws/install/my_py_pkg:/opt/ros/humble /usr/bin/cmake --build /home/prateek/ros2_ws/build/my_cpp_pkg -- -j2 -l2
[0.526s] [ 37%] Built target robot_news_station
[0.531s] [ 50%] Built target cpp_node
[0.599s] [35m[1mConsolidate compiler generated dependencies of target number_counter[0m
[0.666s] [ 75%] Built target smartphone
[0.700s] [ 87%] [32mBuilding CXX object CMakeFiles/number_counter.dir/src/number_counter.cpp.o[0m
[4.619s] [01m[K/home/prateek/ros2_ws/src/my_cpp_pkg/src/number_counter.cpp:[m[K In constructor ‘[01m[KNumberCounterNode::NumberCounterNode()[m[K’:
[4.623s] [01m[K/home/prateek/ros2_ws/src/my_cpp_pkg/src/number_counter.cpp:11:87:[m[K [01;31m[Kerror: [m[Kno matching function for call to ‘[01m[KNumberCounterNode::create_subscription<example_interfaces::msg::Int64>(const char [13], int)[m[K’
[4.624s]    11 | [01;31m[Kreate_subscription<example_interfaces::msg::Int64>("number_count",[m[K
[4.624s]       | [01;31m[K~~~~~~~~~~~~~~~~~~~~~~~~~~~~~~~~~~~~~~~~~~~~~~~~~~^~~~~~~~~~~~~~~~[m[K
[4.625s] 
[4.635s]    12 | 
[4.636s]       |                                                    
[4.636s] 
[4.636s] In file included from [01m[K/opt/ros/humble/include/rclcpp/rclcpp/node.hpp:1321[m[K,
[4.636s]                  from [01m[K/opt/ros/humble/include/rclcpp/rclcpp/executors/single_threaded_executor.hpp:28[m[K,
[4.636s]                  from [01m[K/opt/ros/humble/include/rclcpp/rclcpp/executors.hpp:22[m[K,
[4.636s]                  from [01m[K/opt/ros/humble/include/rclcpp/rclcpp/rclcpp.hpp:155[m[K,
[4.636s]                  from [01m[K/home/prateek/ros2_ws/src/my_cpp_pkg/src/number_counter.cpp:1[m[K:
[4.636s] [01m[K/opt/ros/humble/include/rclcpp/rclcpp/node_impl.hpp:92:1:[m[K [01;36m[Knote: [m[Kcandidate: ‘[01m[Ktemplate<class MessageT, class CallbackT, class AllocatorT, class SubscriptionT, class MessageMemoryStrategyT> std::shared_ptr<ROSMessageT> rclcpp::Node::create_subscription(const string&, const rclcpp::QoS&, CallbackT&&, const rclcpp::SubscriptionOptionsWithAllocator<AllocatorT>&, typename MessageMemoryStrategyT::SharedPtr)[m[K’
[4.636s]    92 | [01;36m[KNode[m[K::create_subscription(
[4.636s]       | [01;36m[K^~~~[m[K
[4.637s] [01m[K/opt/ros/humble/include/rclcpp/rclcpp/node_impl.hpp:92:1:[m[K [01;36m[Knote: [m[K  template argument deduction/substitution failed:
[4.637s] [01m[K/home/prateek/ros2_ws/src/my_cpp_pkg/src/number_counter.cpp:11:87:[m[K [01;36m[Knote: [m[K  candidate expects 5 arguments, 2 provided
[4.637s]    11 | [01;36m[Kreate_subscription<example_interfaces::msg::Int64>("number_count",[m[K
[4.637s]       | [01;36m[K~~~~~~~~~~~~~~~~~~~~~~~~~~~~~~~~~~~~~~~~~~~~~~~~~~^~~~~~~~~~~~~~~~[m[K
[4.637s] 
[4.637s]    12 | 
[4.637s]       |                                                    
[4.637s] 
[9.753s] gmake[2]: *** [CMakeFiles/number_counter.dir/build.make:76: CMakeFiles/number_counter.dir/src/number_counter.cpp.o] Error 1
[9.754s] gmake[1]: *** [CMakeFiles/Makefile2:221: CMakeFiles/number_counter.dir/all] Error 2
[9.754s] gmake: *** [Makefile:146: all] Error 2
[9.771s] Invoked command in '/home/prateek/ros2_ws/build/my_cpp_pkg' returned '2': CMAKE_PREFIX_PATH=${CMAKE_PREFIX_PATH}:/home/prateek/ros2_ws/install/my_py_pkg:/opt/ros/humble /usr/bin/cmake --build /home/prateek/ros2_ws/build/my_cpp_pkg -- -j2 -l2
