[0.011s] Invoking command in '/home/prateek/ros2_ws/src/build/my_robot_interfaces': CMAKE_PREFIX_PATH=${CMAKE_PREFIX_PATH}:/home/prateek/ros2_ws/install/my_py_pkg:/opt/ros/humble /usr/bin/cmake --build /home/prateek/ros2_ws/src/build/my_robot_interfaces -- -j4 -l4
[0.102s] -- Found ament_cmake: 1.3.8 (/opt/ros/humble/share/ament_cmake/cmake)
[0.306s] -- Found Python3: /usr/bin/python3 (found version "3.10.12") found components: Interpreter 
[0.391s] -- Found rosidl_default_generators: 1.2.0 (/opt/ros/humble/share/rosidl_default_generators/cmake)
[0.394s] -- Using all available rosidl_typesupport_c: rosidl_typesupport_fastrtps_c;rosidl_typesupport_introspection_c
[0.398s] -- Found rosidl_adapter: 3.1.5 (/opt/ros/humble/share/rosidl_adapter/cmake)
[0.415s] [33mCMake Warning at /opt/ros/humble/share/rcutils/cmake/ament_cmake_export_libraries-extras.cmake:116 (message):
[0.415s]   Package 'rcutils' exports library 'dl' which couldn't be found
[0.415s] Call Stack (most recent call first):
[0.415s]   /opt/ros/humble/share/rcutils/cmake/rcutilsConfig.cmake:41 (include)
[0.415s]   /opt/ros/humble/share/rosidl_runtime_c/cmake/ament_cmake_export_dependencies-extras.cmake:21 (find_package)
[0.416s]   /opt/ros/humble/share/rosidl_runtime_c/cmake/rosidl_runtime_cConfig.cmake:41 (include)
[0.416s]   /opt/ros/humble/share/rosidl_typesupport_fastrtps_c/cmake/ament_cmake_export_dependencies-extras.cmake:21 (find_package)
[0.416s]   /opt/ros/humble/share/rosidl_typesupport_fastrtps_c/cmake/rosidl_typesupport_fastrtps_cConfig.cmake:41 (include)
[0.416s]   /opt/ros/humble/share/rosidl_typesupport_c/cmake/rosidl_typesupport_c-extras.cmake:13 (find_package)
[0.416s]   /opt/ros/humble/share/rosidl_typesupport_c/cmake/rosidl_typesupport_cConfig.cmake:41 (include)
[0.416s]   /opt/ros/humble/share/rosidl_default_generators/cmake/rosidl_default_generators-extras.cmake:21 (find_package)
[0.416s]   /opt/ros/humble/share/rosidl_default_generators/cmake/rosidl_default_generatorsConfig.cmake:41 (include)
[0.416s]   CMakeLists.txt:10 (find_package)
[0.416s] 
[0.416s] [0m
[0.452s] -- Using all available rosidl_typesupport_cpp: rosidl_typesupport_fastrtps_cpp;rosidl_typesupport_introspection_cpp
[0.698s] -- Found ament_cmake_ros: 0.10.0 (/opt/ros/humble/share/ament_cmake_ros/cmake)
[0.880s] -- Using all available rosidl_typesupport_c: rosidl_typesupport_fastrtps_c;rosidl_typesupport_introspection_c
[1.066s] -- Using all available rosidl_typesupport_cpp: rosidl_typesupport_fastrtps_cpp;rosidl_typesupport_introspection_cpp
[1.084s] -- Found python_cmake_module: 0.10.0 (/opt/ros/humble/share/python_cmake_module/cmake)
[1.103s] -- Using PYTHON_EXECUTABLE: /usr/bin/python3
[1.103s] -- Using PYTHON_INCLUDE_DIRS: /usr/include/python3.10
[1.103s] -- Using PYTHON_LIBRARIES: /usr/lib/x86_64-linux-gnu/libpython3.10.so
[1.125s] -- Configuring done
[1.186s] -- Generating done
[1.190s] -- Build files have been written to: /home/prateek/ros2_ws/src/build/my_robot_interfaces
[1.205s] [  2%] [34m[1mGenerating C code for ROS interfaces[0m
[1.217s] [  5%] [34m[1mGenerating C++ code for ROS interfaces[0m
[1.219s] [  5%] Built target ament_cmake_python_copy_my_robot_interfaces
[1.458s] running egg_info
[1.459s] writing my_robot_interfaces.egg-info/PKG-INFO
[1.459s] writing dependency_links to my_robot_interfaces.egg-info/dependency_links.txt
[1.459s] writing top-level names to my_robot_interfaces.egg-info/top_level.txt
[1.462s] reading manifest file 'my_robot_interfaces.egg-info/SOURCES.txt'
[1.463s] writing manifest file 'my_robot_interfaces.egg-info/SOURCES.txt'
[1.489s] [  5%] Built target ament_cmake_python_build_my_robot_interfaces_egg
[1.573s] [  5%] Built target my_robot_interfaces__cpp
[1.580s] [  7%] [34m[1mGenerating C++ type support dispatch for ROS interfaces[0m
[1.580s] [ 10%] [34m[1mGenerating C++ type support for eProsima Fast-RTPS[0m
[1.582s] [ 12%] [34m[1mGenerating C++ introspection for ROS interfaces[0m
[1.712s] [35m[1mConsolidate compiler generated dependencies of target my_robot_interfaces__rosidl_generator_c[0m
[1.721s] [ 15%] [32mBuilding C object CMakeFiles/my_robot_interfaces__rosidl_generator_c.dir/rosidl_generator_c/my_robot_interfaces/msg/detail/hardware_status__functions.c.o[0m
[1.823s] [ 17%] [32mBuilding C object CMakeFiles/my_robot_interfaces__rosidl_generator_c.dir/rosidl_generator_c/my_robot_interfaces/srv/detail/compute_rectangle_area__functions.c.o[0m
[1.887s] [35m[1mConsolidate compiler generated dependencies of target my_robot_interfaces__rosidl_typesupport_cpp[0m
[1.898s] [ 20%] [32mBuilding CXX object CMakeFiles/my_robot_interfaces__rosidl_typesupport_cpp.dir/rosidl_typesupport_cpp/my_robot_interfaces/msg/hardware_status__type_support.cpp.o[0m
[1.910s] [35m[1mConsolidate compiler generated dependencies of target my_robot_interfaces__rosidl_typesupport_fastrtps_cpp[0m
[1.921s] [ 23%] [32m[1mLinking C shared library libmy_robot_interfaces__rosidl_generator_c.so[0m
[1.926s] [ 25%] [32mBuilding CXX object CMakeFiles/my_robot_interfaces__rosidl_typesupport_fastrtps_cpp.dir/rosidl_typesupport_fastrtps_cpp/my_robot_interfaces/msg/detail/dds_fastrtps/hardware_status__type_support.cpp.o[0m
[1.964s] [35m[1mConsolidate compiler generated dependencies of target my_robot_interfaces__rosidl_typesupport_introspection_cpp[0m
[2.021s] [ 28%] [32mBuilding CXX object CMakeFiles/my_robot_interfaces__rosidl_typesupport_introspection_cpp.dir/rosidl_typesupport_introspection_cpp/my_robot_interfaces/msg/detail/hardware_status__type_support.cpp.o[0m
[2.028s] [ 28%] Built target my_robot_interfaces__rosidl_generator_c
[2.057s] [ 30%] [32mBuilding CXX object CMakeFiles/my_robot_interfaces__rosidl_typesupport_introspection_cpp.dir/rosidl_typesupport_introspection_cpp/my_robot_interfaces/srv/detail/compute_rectangle_area__type_support.cpp.o[0m
[2.424s] [ 33%] [32mBuilding CXX object CMakeFiles/my_robot_interfaces__rosidl_typesupport_cpp.dir/rosidl_typesupport_cpp/my_robot_interfaces/srv/compute_rectangle_area__type_support.cpp.o[0m
[2.703s] [ 38%] [32mBuilding CXX object CMakeFiles/my_robot_interfaces__rosidl_typesupport_fastrtps_cpp.dir/rosidl_typesupport_fastrtps_cpp/my_robot_interfaces/srv/detail/dds_fastrtps/compute_rectangle_area__type_support.cpp.o[0m
[2.703s] [ 38%] [34m[1mGenerating C type support for eProsima Fast-RTPS[0m
[2.707s] [ 41%] [32m[1mLinking CXX shared library libmy_robot_interfaces__rosidl_typesupport_introspection_cpp.so[0m
[2.797s] [ 41%] Built target my_robot_interfaces__rosidl_typesupport_introspection_cpp
[2.812s] [ 43%] [34m[1mGenerating C introspection for ROS interfaces[0m
[2.817s] [ 46%] [32m[1mLinking CXX shared library libmy_robot_interfaces__rosidl_typesupport_cpp.so[0m
[2.892s] [ 46%] Built target my_robot_interfaces__rosidl_typesupport_cpp
[2.901s] [ 48%] [34m[1mGenerating C type support dispatch for ROS interfaces[0m
[3.336s] [35m[1mConsolidate compiler generated dependencies of target my_robot_interfaces__rosidl_typesupport_fastrtps_c[0m
[3.367s] [ 51%] [32mBuilding CXX object CMakeFiles/my_robot_interfaces__rosidl_typesupport_fastrtps_c.dir/rosidl_typesupport_fastrtps_c/my_robot_interfaces/msg/detail/hardware_status__type_support_c.cpp.o[0m
[3.425s] [35m[1mConsolidate compiler generated dependencies of target my_robot_interfaces__rosidl_typesupport_c[0m
[3.426s] [ 53%] [32m[1mLinking CXX shared library libmy_robot_interfaces__rosidl_typesupport_fastrtps_cpp.so[0m
[3.435s] [35m[1mConsolidate compiler generated dependencies of target my_robot_interfaces__rosidl_typesupport_introspection_c[0m
[3.435s] [ 56%] [32mBuilding CXX object CMakeFiles/my_robot_interfaces__rosidl_typesupport_c.dir/rosidl_typesupport_c/my_robot_interfaces/msg/hardware_status__type_support.cpp.o[0m
[3.446s] [ 58%] [32mBuilding C object CMakeFiles/my_robot_interfaces__rosidl_typesupport_introspection_c.dir/rosidl_typesupport_introspection_c/my_robot_interfaces/msg/detail/hardware_status__type_support.c.o[0m
[3.499s] [ 61%] [32mBuilding CXX object CMakeFiles/my_robot_interfaces__rosidl_typesupport_c.dir/rosidl_typesupport_c/my_robot_interfaces/srv/compute_rectangle_area__type_support.cpp.o[0m
[3.505s] [ 64%] [32mBuilding C object CMakeFiles/my_robot_interfaces__rosidl_typesupport_introspection_c.dir/rosidl_typesupport_introspection_c/my_robot_interfaces/srv/detail/compute_rectangle_area__type_support.c.o[0m
[3.531s] [ 66%] [32m[1mLinking CXX shared library libmy_robot_interfaces__rosidl_typesupport_c.so[0m
[3.540s] [ 69%] [32m[1mLinking C shared library libmy_robot_interfaces__rosidl_typesupport_introspection_c.so[0m
[3.546s] [ 69%] Built target my_robot_interfaces__rosidl_typesupport_fastrtps_cpp
[3.572s] [ 71%] [32mBuilding CXX object CMakeFiles/my_robot_interfaces__rosidl_typesupport_fastrtps_c.dir/rosidl_typesupport_fastrtps_c/my_robot_interfaces/srv/detail/compute_rectangle_area__type_support_c.cpp.o[0m
[3.590s] [ 71%] Built target my_robot_interfaces__rosidl_typesupport_introspection_c
[3.605s] [ 71%] Built target my_robot_interfaces__rosidl_typesupport_c
[3.891s] [ 74%] [32m[1mLinking CXX shared library libmy_robot_interfaces__rosidl_typesupport_fastrtps_c.so[0m
[3.943s] [ 74%] Built target my_robot_interfaces__rosidl_typesupport_fastrtps_c
[3.981s] [ 74%] Built target my_robot_interfaces
[3.994s] [ 76%] [34m[1mGenerating Python code for ROS interfaces[0m
[4.410s] [ 76%] Built target my_robot_interfaces__py
[4.417s] [35m[1mConsolidate compiler generated dependencies of target my_robot_interfaces__rosidl_generator_py[0m
[4.422s] gmake[2]: *** No rule to make target '/usr/lib/x86_64-linux-gnu/libpython3.10.so', needed by 'rosidl_generator_py/my_robot_interfaces/libmy_robot_interfaces__rosidl_generator_py.so'.  Stop.
[4.422s] gmake[2]: *** Waiting for unfinished jobs....
[4.427s] [ 79%] [32mBuilding C object CMakeFiles/my_robot_interfaces__rosidl_generator_py.dir/rosidl_generator_py/my_robot_interfaces/msg/_hardware_status_s.c.o[0m
[4.427s] [ 82%] [32mBuilding C object CMakeFiles/my_robot_interfaces__rosidl_generator_py.dir/rosidl_generator_py/my_robot_interfaces/srv/_compute_rectangle_area_s.c.o[0m
[4.536s] gmake[1]: *** [CMakeFiles/Makefile2:475: CMakeFiles/my_robot_interfaces__rosidl_generator_py.dir/all] Error 2
[4.537s] gmake: *** [Makefile:146: all] Error 2
[4.541s] Invoked command in '/home/prateek/ros2_ws/src/build/my_robot_interfaces' returned '2': CMAKE_PREFIX_PATH=${CMAKE_PREFIX_PATH}:/home/prateek/ros2_ws/install/my_py_pkg:/opt/ros/humble /usr/bin/cmake --build /home/prateek/ros2_ws/src/build/my_robot_interfaces -- -j4 -l4
