[0.608s] Invoking command in '/home/prateek/ros2_ws/src/my_py_pkg': AMENT_PREFIX_PATH=/home/prateek/ros2_ws/install/my_robot_interfaces:${AMENT_PREFIX_PATH} CMAKE_PREFIX_PATH=/home/prateek/ros2_ws/install/my_robot_interfaces LD_LIBRARY_PATH=/home/prateek/ros2_ws/install/my_robot_interfaces/lib:${LD_LIBRARY_PATH} PYTHONPATH=/home/prateek/ros2_ws/build/my_py_pkg/prefix_override:/home/prateek/ros2_ws/install/my_py_pkg/lib/python3.10/site-packages:/home/prateek/ros2_ws/install/my_robot_interfaces/local/lib/python3.10/dist-packages:${PYTHONPATH} /usr/bin/python3 setup.py egg_info --egg-base ../../build/my_py_pkg build --build-base /home/prateek/ros2_ws/build/my_py_pkg/build install --record /home/prateek/ros2_ws/build/my_py_pkg/install.log --single-version-externally-managed
[0.808s] running egg_info
[0.809s] writing ../../build/my_py_pkg/my_py_pkg.egg-info/PKG-INFO
[0.809s] writing dependency_links to ../../build/my_py_pkg/my_py_pkg.egg-info/dependency_links.txt
[0.809s] writing entry points to ../../build/my_py_pkg/my_py_pkg.egg-info/entry_points.txt
[0.810s] writing requirements to ../../build/my_py_pkg/my_py_pkg.egg-info/requires.txt
[0.810s] writing top-level names to ../../build/my_py_pkg/my_py_pkg.egg-info/top_level.txt
[0.812s] reading manifest file '../../build/my_py_pkg/my_py_pkg.egg-info/SOURCES.txt'
[0.812s] writing manifest file '../../build/my_py_pkg/my_py_pkg.egg-info/SOURCES.txt'
[0.812s] running build
[0.812s] running build_py
[0.813s] running install
[0.813s] running install_lib
[0.814s] running install_data
[0.815s] running install_egg_info
[0.816s] removing '/home/prateek/ros2_ws/install/my_py_pkg/lib/python3.10/site-packages/my_py_pkg-0.0.0-py3.10.egg-info' (and everything under it)
[0.816s] Copying ../../build/my_py_pkg/my_py_pkg.egg-info to /home/prateek/ros2_ws/install/my_py_pkg/lib/python3.10/site-packages/my_py_pkg-0.0.0-py3.10.egg-info
[0.817s] running install_scripts
[0.835s] Installing add_two_ints_client script to /home/prateek/ros2_ws/install/my_py_pkg/lib/my_py_pkg
[0.835s] Installing add_two_ints_client_no_oop script to /home/prateek/ros2_ws/install/my_py_pkg/lib/my_py_pkg
[0.835s] Installing add_two_ints_server script to /home/prateek/ros2_ws/install/my_py_pkg/lib/my_py_pkg
[0.835s] Installing hw_status_publisher script to /home/prateek/ros2_ws/install/my_py_pkg/lib/my_py_pkg
[0.835s] Installing number_publisher script to /home/prateek/ros2_ws/install/my_py_pkg/lib/my_py_pkg
[0.836s] Installing py_node script to /home/prateek/ros2_ws/install/my_py_pkg/lib/my_py_pkg
[0.836s] Installing robot_news_station script to /home/prateek/ros2_ws/install/my_py_pkg/lib/my_py_pkg
[0.836s] Installing smartphone script to /home/prateek/ros2_ws/install/my_py_pkg/lib/my_py_pkg
[0.836s] writing list of installed files to '/home/prateek/ros2_ws/build/my_py_pkg/install.log'
[0.855s] Invoked command in '/home/prateek/ros2_ws/src/my_py_pkg' returned '0': AMENT_PREFIX_PATH=/home/prateek/ros2_ws/install/my_robot_interfaces:${AMENT_PREFIX_PATH} CMAKE_PREFIX_PATH=/home/prateek/ros2_ws/install/my_robot_interfaces LD_LIBRARY_PATH=/home/prateek/ros2_ws/install/my_robot_interfaces/lib:${LD_LIBRARY_PATH} PYTHONPATH=/home/prateek/ros2_ws/build/my_py_pkg/prefix_override:/home/prateek/ros2_ws/install/my_py_pkg/lib/python3.10/site-packages:/home/prateek/ros2_ws/install/my_robot_interfaces/local/lib/python3.10/dist-packages:${PYTHONPATH} /usr/bin/python3 setup.py egg_info --egg-base ../../build/my_py_pkg build --build-base /home/prateek/ros2_ws/build/my_py_pkg/build install --record /home/prateek/ros2_ws/build/my_py_pkg/install.log --single-version-externally-managed
