[0.192s] Invoking command in '/home/prateek/ros2_ws/build/my_robot_interfaces': CMAKE_PREFIX_PATH=${CMAKE_PREFIX_PATH}:/home/prateek/ros2_ws/install/my_py_pkg:/opt/ros/humble /usr/bin/cmake --build /home/prateek/ros2_ws/build/my_robot_interfaces -- -j2 -l2
[0.331s] [  2%] Built target my_robot_interfaces__cpp
[0.343s] [ 12%] Built target my_robot_interfaces__rosidl_generator_c
[0.409s] [ 12%] Built target ament_cmake_python_copy_my_robot_interfaces
[0.411s] [ 23%] Built target my_robot_interfaces__rosidl_typesupport_fastrtps_c
[0.469s] [ 33%] Built target my_robot_interfaces__rosidl_typesupport_introspection_c
[0.480s] [ 43%] Built target my_robot_interfaces__rosidl_typesupport_c
[0.528s] [ 53%] Built target my_robot_interfaces__rosidl_typesupport_fastrtps_cpp
[0.547s] [ 64%] Built target my_robot_interfaces__rosidl_typesupport_introspection_cpp
[0.596s] [ 74%] Built target my_robot_interfaces__rosidl_typesupport_cpp
[0.655s] [ 74%] Built target my_robot_interfaces
[0.717s] [ 76%] Built target my_robot_interfaces__py
[0.771s] [ 84%] Built target my_robot_interfaces__rosidl_generator_py
[0.830s] [ 89%] Built target my_robot_interfaces__rosidl_typesupport_fastrtps_c__pyext
[0.913s] [ 94%] Built target my_robot_interfaces__rosidl_typesupport_introspection_c__pyext
[0.966s] [100%] Built target my_robot_interfaces__rosidl_typesupport_c__pyext
[1.081s] running egg_info
[1.095s] writing my_robot_interfaces.egg-info/PKG-INFO
[1.095s] writing dependency_links to my_robot_interfaces.egg-info/dependency_links.txt
[1.095s] writing top-level names to my_robot_interfaces.egg-info/top_level.txt
[1.100s] reading manifest file 'my_robot_interfaces.egg-info/SOURCES.txt'
[1.103s] writing manifest file 'my_robot_interfaces.egg-info/SOURCES.txt'
[1.164s] [100%] Built target ament_cmake_python_build_my_robot_interfaces_egg
[1.195s] Invoked command in '/home/prateek/ros2_ws/build/my_robot_interfaces' returned '0': CMAKE_PREFIX_PATH=${CMAKE_PREFIX_PATH}:/home/prateek/ros2_ws/install/my_py_pkg:/opt/ros/humble /usr/bin/cmake --build /home/prateek/ros2_ws/build/my_robot_interfaces -- -j2 -l2
[1.667s] Invoking command in '/home/prateek/ros2_ws/build/my_robot_interfaces': CMAKE_PREFIX_PATH=${CMAKE_PREFIX_PATH}:/home/prateek/ros2_ws/install/my_py_pkg:/opt/ros/humble /usr/bin/cmake --install /home/prateek/ros2_ws/build/my_robot_interfaces
[1.690s] -- Install configuration: ""
[1.690s] -- Up-to-date: /home/prateek/ros2_ws/install/my_robot_interfaces/share/ament_index/resource_index/rosidl_interfaces/my_robot_interfaces
[1.691s] -- Up-to-date: /home/prateek/ros2_ws/install/my_robot_interfaces/include/my_robot_interfaces/my_robot_interfaces
[1.691s] -- Up-to-date: /home/prateek/ros2_ws/install/my_robot_interfaces/include/my_robot_interfaces/my_robot_interfaces/srv
[1.691s] -- Up-to-date: /home/prateek/ros2_ws/install/my_robot_interfaces/include/my_robot_interfaces/my_robot_interfaces/srv/compute_rectangle_area.h
[1.692s] -- Up-to-date: /home/prateek/ros2_ws/install/my_robot_interfaces/include/my_robot_interfaces/my_robot_interfaces/srv/detail
[1.692s] -- Up-to-date: /home/prateek/ros2_ws/install/my_robot_interfaces/include/my_robot_interfaces/my_robot_interfaces/srv/detail/compute_rectangle_area__type_support.h
[1.692s] -- Up-to-date: /home/prateek/ros2_ws/install/my_robot_interfaces/include/my_robot_interfaces/my_robot_interfaces/srv/detail/compute_rectangle_area__functions.h
[1.693s] -- Up-to-date: /home/prateek/ros2_ws/install/my_robot_interfaces/include/my_robot_interfaces/my_robot_interfaces/srv/detail/compute_rectangle_area__functions.c
[1.694s] -- Up-to-date: /home/prateek/ros2_ws/install/my_robot_interfaces/include/my_robot_interfaces/my_robot_interfaces/srv/detail/compute_rectangle_area__struct.h
[1.696s] -- Up-to-date: /home/prateek/ros2_ws/install/my_robot_interfaces/include/my_robot_interfaces/my_robot_interfaces/msg
[1.696s] -- Up-to-date: /home/prateek/ros2_ws/install/my_robot_interfaces/include/my_robot_interfaces/my_robot_interfaces/msg/rosidl_generator_c__visibility_control.h
[1.696s] -- Up-to-date: /home/prateek/ros2_ws/install/my_robot_interfaces/include/my_robot_interfaces/my_robot_interfaces/msg/hardware_status.h
[1.698s] -- Up-to-date: /home/prateek/ros2_ws/install/my_robot_interfaces/include/my_robot_interfaces/my_robot_interfaces/msg/detail
[1.698s] -- Up-to-date: /home/prateek/ros2_ws/install/my_robot_interfaces/include/my_robot_interfaces/my_robot_interfaces/msg/detail/hardware_status__functions.h
[1.698s] -- Up-to-date: /home/prateek/ros2_ws/install/my_robot_interfaces/include/my_robot_interfaces/my_robot_interfaces/msg/detail/hardware_status__struct.h
[1.699s] -- Up-to-date: /home/prateek/ros2_ws/install/my_robot_interfaces/include/my_robot_interfaces/my_robot_interfaces/msg/detail/hardware_status__functions.c
[1.699s] -- Up-to-date: /home/prateek/ros2_ws/install/my_robot_interfaces/include/my_robot_interfaces/my_robot_interfaces/msg/detail/hardware_status__type_support.h
[1.699s] -- Up-to-date: /home/prateek/ros2_ws/install/my_robot_interfaces/share/my_robot_interfaces/environment/library_path.sh
[1.702s] -- Up-to-date: /home/prateek/ros2_ws/install/my_robot_interfaces/share/my_robot_interfaces/environment/library_path.dsv
[1.702s] -- Up-to-date: /home/prateek/ros2_ws/install/my_robot_interfaces/lib/libmy_robot_interfaces__rosidl_generator_c.so
[1.702s] -- Up-to-date: /home/prateek/ros2_ws/install/my_robot_interfaces/include/my_robot_interfaces/my_robot_interfaces
[1.702s] -- Up-to-date: /home/prateek/ros2_ws/install/my_robot_interfaces/include/my_robot_interfaces/my_robot_interfaces/srv
[1.702s] -- Up-to-date: /home/prateek/ros2_ws/install/my_robot_interfaces/include/my_robot_interfaces/my_robot_interfaces/srv/detail
[1.702s] -- Up-to-date: /home/prateek/ros2_ws/install/my_robot_interfaces/include/my_robot_interfaces/my_robot_interfaces/srv/detail/compute_rectangle_area__rosidl_typesupport_fastrtps_c.h
[1.702s] -- Up-to-date: /home/prateek/ros2_ws/install/my_robot_interfaces/include/my_robot_interfaces/my_robot_interfaces/msg
[1.703s] -- Up-to-date: /home/prateek/ros2_ws/install/my_robot_interfaces/include/my_robot_interfaces/my_robot_interfaces/msg/detail
[1.703s] -- Up-to-date: /home/prateek/ros2_ws/install/my_robot_interfaces/include/my_robot_interfaces/my_robot_interfaces/msg/detail/hardware_status__rosidl_typesupport_fastrtps_c.h
[1.703s] -- Up-to-date: /home/prateek/ros2_ws/install/my_robot_interfaces/include/my_robot_interfaces/my_robot_interfaces/msg/rosidl_typesupport_fastrtps_c__visibility_control.h
[1.703s] -- Up-to-date: /home/prateek/ros2_ws/install/my_robot_interfaces/lib/libmy_robot_interfaces__rosidl_typesupport_fastrtps_c.so
[1.703s] -- Up-to-date: /home/prateek/ros2_ws/install/my_robot_interfaces/include/my_robot_interfaces/my_robot_interfaces
[1.703s] -- Up-to-date: /home/prateek/ros2_ws/install/my_robot_interfaces/include/my_robot_interfaces/my_robot_interfaces/srv
[1.703s] -- Up-to-date: /home/prateek/ros2_ws/install/my_robot_interfaces/include/my_robot_interfaces/my_robot_interfaces/srv/detail
[1.703s] -- Up-to-date: /home/prateek/ros2_ws/install/my_robot_interfaces/include/my_robot_interfaces/my_robot_interfaces/srv/detail/compute_rectangle_area__rosidl_typesupport_introspection_c.h
[1.703s] -- Up-to-date: /home/prateek/ros2_ws/install/my_robot_interfaces/include/my_robot_interfaces/my_robot_interfaces/srv/detail/compute_rectangle_area__type_support.c
[1.703s] -- Up-to-date: /home/prateek/ros2_ws/install/my_robot_interfaces/include/my_robot_interfaces/my_robot_interfaces/msg
[1.703s] -- Up-to-date: /home/prateek/ros2_ws/install/my_robot_interfaces/include/my_robot_interfaces/my_robot_interfaces/msg/detail
[1.703s] -- Up-to-date: /home/prateek/ros2_ws/install/my_robot_interfaces/include/my_robot_interfaces/my_robot_interfaces/msg/detail/hardware_status__rosidl_typesupport_introspection_c.h
[1.704s] -- Up-to-date: /home/prateek/ros2_ws/install/my_robot_interfaces/include/my_robot_interfaces/my_robot_interfaces/msg/detail/hardware_status__type_support.c
[1.704s] -- Up-to-date: /home/prateek/ros2_ws/install/my_robot_interfaces/include/my_robot_interfaces/my_robot_interfaces/msg/rosidl_typesupport_introspection_c__visibility_control.h
[1.704s] -- Up-to-date: /home/prateek/ros2_ws/install/my_robot_interfaces/lib/libmy_robot_interfaces__rosidl_typesupport_introspection_c.so
[1.704s] -- Up-to-date: /home/prateek/ros2_ws/install/my_robot_interfaces/lib/libmy_robot_interfaces__rosidl_typesupport_c.so
[1.704s] -- Up-to-date: /home/prateek/ros2_ws/install/my_robot_interfaces/include/my_robot_interfaces/my_robot_interfaces
[1.704s] -- Up-to-date: /home/prateek/ros2_ws/install/my_robot_interfaces/include/my_robot_interfaces/my_robot_interfaces/srv
[1.705s] -- Up-to-date: /home/prateek/ros2_ws/install/my_robot_interfaces/include/my_robot_interfaces/my_robot_interfaces/srv/compute_rectangle_area.hpp
[1.705s] -- Up-to-date: /home/prateek/ros2_ws/install/my_robot_interfaces/include/my_robot_interfaces/my_robot_interfaces/srv/detail
[1.705s] -- Up-to-date: /home/prateek/ros2_ws/install/my_robot_interfaces/include/my_robot_interfaces/my_robot_interfaces/srv/detail/compute_rectangle_area__struct.hpp
[1.705s] -- Up-to-date: /home/prateek/ros2_ws/install/my_robot_interfaces/include/my_robot_interfaces/my_robot_interfaces/srv/detail/compute_rectangle_area__traits.hpp
[1.705s] -- Up-to-date: /home/prateek/ros2_ws/install/my_robot_interfaces/include/my_robot_interfaces/my_robot_interfaces/srv/detail/compute_rectangle_area__builder.hpp
[1.706s] -- Up-to-date: /home/prateek/ros2_ws/install/my_robot_interfaces/include/my_robot_interfaces/my_robot_interfaces/msg
[1.706s] -- Up-to-date: /home/prateek/ros2_ws/install/my_robot_interfaces/include/my_robot_interfaces/my_robot_interfaces/msg/hardware_status.hpp
[1.706s] -- Up-to-date: /home/prateek/ros2_ws/install/my_robot_interfaces/include/my_robot_interfaces/my_robot_interfaces/msg/detail
[1.706s] -- Up-to-date: /home/prateek/ros2_ws/install/my_robot_interfaces/include/my_robot_interfaces/my_robot_interfaces/msg/detail/hardware_status__struct.hpp
[1.706s] -- Up-to-date: /home/prateek/ros2_ws/install/my_robot_interfaces/include/my_robot_interfaces/my_robot_interfaces/msg/detail/hardware_status__builder.hpp
[1.706s] -- Up-to-date: /home/prateek/ros2_ws/install/my_robot_interfaces/include/my_robot_interfaces/my_robot_interfaces/msg/detail/hardware_status__traits.hpp
[1.706s] -- Up-to-date: /home/prateek/ros2_ws/install/my_robot_interfaces/include/my_robot_interfaces/my_robot_interfaces
[1.706s] -- Up-to-date: /home/prateek/ros2_ws/install/my_robot_interfaces/include/my_robot_interfaces/my_robot_interfaces/srv
[1.706s] -- Up-to-date: /home/prateek/ros2_ws/install/my_robot_interfaces/include/my_robot_interfaces/my_robot_interfaces/srv/detail
[1.706s] -- Up-to-date: /home/prateek/ros2_ws/install/my_robot_interfaces/include/my_robot_interfaces/my_robot_interfaces/srv/detail/dds_fastrtps
[1.706s] -- Up-to-date: /home/prateek/ros2_ws/install/my_robot_interfaces/include/my_robot_interfaces/my_robot_interfaces/srv/detail/compute_rectangle_area__rosidl_typesupport_fastrtps_cpp.hpp
[1.706s] -- Up-to-date: /home/prateek/ros2_ws/install/my_robot_interfaces/include/my_robot_interfaces/my_robot_interfaces/msg
[1.707s] -- Up-to-date: /home/prateek/ros2_ws/install/my_robot_interfaces/include/my_robot_interfaces/my_robot_interfaces/msg/rosidl_typesupport_fastrtps_cpp__visibility_control.h
[1.707s] -- Up-to-date: /home/prateek/ros2_ws/install/my_robot_interfaces/include/my_robot_interfaces/my_robot_interfaces/msg/detail
[1.707s] -- Up-to-date: /home/prateek/ros2_ws/install/my_robot_interfaces/include/my_robot_interfaces/my_robot_interfaces/msg/detail/hardware_status__rosidl_typesupport_fastrtps_cpp.hpp
[1.707s] -- Up-to-date: /home/prateek/ros2_ws/install/my_robot_interfaces/include/my_robot_interfaces/my_robot_interfaces/msg/detail/dds_fastrtps
[1.707s] -- Up-to-date: /home/prateek/ros2_ws/install/my_robot_interfaces/lib/libmy_robot_interfaces__rosidl_typesupport_fastrtps_cpp.so
[1.707s] -- Up-to-date: /home/prateek/ros2_ws/install/my_robot_interfaces/include/my_robot_interfaces/my_robot_interfaces
[1.707s] -- Up-to-date: /home/prateek/ros2_ws/install/my_robot_interfaces/include/my_robot_interfaces/my_robot_interfaces/srv
[1.707s] -- Up-to-date: /home/prateek/ros2_ws/install/my_robot_interfaces/include/my_robot_interfaces/my_robot_interfaces/srv/detail
[1.707s] -- Up-to-date: /home/prateek/ros2_ws/install/my_robot_interfaces/include/my_robot_interfaces/my_robot_interfaces/srv/detail/compute_rectangle_area__rosidl_typesupport_introspection_cpp.hpp
[1.707s] -- Up-to-date: /home/prateek/ros2_ws/install/my_robot_interfaces/include/my_robot_interfaces/my_robot_interfaces/srv/detail/compute_rectangle_area__type_support.cpp
[1.707s] -- Up-to-date: /home/prateek/ros2_ws/install/my_robot_interfaces/include/my_robot_interfaces/my_robot_interfaces/msg
[1.707s] -- Up-to-date: /home/prateek/ros2_ws/install/my_robot_interfaces/include/my_robot_interfaces/my_robot_interfaces/msg/detail
[1.708s] -- Up-to-date: /home/prateek/ros2_ws/install/my_robot_interfaces/include/my_robot_interfaces/my_robot_interfaces/msg/detail/hardware_status__rosidl_typesupport_introspection_cpp.hpp
[1.708s] -- Up-to-date: /home/prateek/ros2_ws/install/my_robot_interfaces/include/my_robot_interfaces/my_robot_interfaces/msg/detail/hardware_status__type_support.cpp
[1.708s] -- Up-to-date: /home/prateek/ros2_ws/install/my_robot_interfaces/lib/libmy_robot_interfaces__rosidl_typesupport_introspection_cpp.so
[1.708s] -- Up-to-date: /home/prateek/ros2_ws/install/my_robot_interfaces/lib/libmy_robot_interfaces__rosidl_typesupport_cpp.so
[1.708s] -- Up-to-date: /home/prateek/ros2_ws/install/my_robot_interfaces/share/my_robot_interfaces/environment/pythonpath.sh
[1.708s] -- Up-to-date: /home/prateek/ros2_ws/install/my_robot_interfaces/share/my_robot_interfaces/environment/pythonpath.dsv
[1.708s] -- Up-to-date: /home/prateek/ros2_ws/install/my_robot_interfaces/local/lib/python3.10/dist-packages/my_robot_interfaces-0.0.0-py3.10.egg-info
[1.708s] -- Installing: /home/prateek/ros2_ws/install/my_robot_interfaces/local/lib/python3.10/dist-packages/my_robot_interfaces-0.0.0-py3.10.egg-info/dependency_links.txt
[1.708s] -- Installing: /home/prateek/ros2_ws/install/my_robot_interfaces/local/lib/python3.10/dist-packages/my_robot_interfaces-0.0.0-py3.10.egg-info/PKG-INFO
[1.708s] -- Installing: /home/prateek/ros2_ws/install/my_robot_interfaces/local/lib/python3.10/dist-packages/my_robot_interfaces-0.0.0-py3.10.egg-info/top_level.txt
[1.708s] -- Installing: /home/prateek/ros2_ws/install/my_robot_interfaces/local/lib/python3.10/dist-packages/my_robot_interfaces-0.0.0-py3.10.egg-info/SOURCES.txt
[1.709s] -- Up-to-date: /home/prateek/ros2_ws/install/my_robot_interfaces/local/lib/python3.10/dist-packages/my_robot_interfaces
[1.709s] -- Up-to-date: /home/prateek/ros2_ws/install/my_robot_interfaces/local/lib/python3.10/dist-packages/my_robot_interfaces/_my_robot_interfaces_s.ep.rosidl_typesupport_c.c
[1.709s] -- Up-to-date: /home/prateek/ros2_ws/install/my_robot_interfaces/local/lib/python3.10/dist-packages/my_robot_interfaces/srv
[1.709s] -- Up-to-date: /home/prateek/ros2_ws/install/my_robot_interfaces/local/lib/python3.10/dist-packages/my_robot_interfaces/srv/_compute_rectangle_area.py
[1.709s] -- Up-to-date: /home/prateek/ros2_ws/install/my_robot_interfaces/local/lib/python3.10/dist-packages/my_robot_interfaces/srv/__init__.py
[1.709s] -- Up-to-date: /home/prateek/ros2_ws/install/my_robot_interfaces/local/lib/python3.10/dist-packages/my_robot_interfaces/srv/_compute_rectangle_area_s.c
[1.709s] -- Up-to-date: /home/prateek/ros2_ws/install/my_robot_interfaces/local/lib/python3.10/dist-packages/my_robot_interfaces/__init__.py
[1.709s] -- Up-to-date: /home/prateek/ros2_ws/install/my_robot_interfaces/local/lib/python3.10/dist-packages/my_robot_interfaces/_my_robot_interfaces_s.ep.rosidl_typesupport_fastrtps_c.c
[1.709s] -- Up-to-date: /home/prateek/ros2_ws/install/my_robot_interfaces/local/lib/python3.10/dist-packages/my_robot_interfaces/_my_robot_interfaces_s.ep.rosidl_typesupport_introspection_c.c
[1.709s] -- Up-to-date: /home/prateek/ros2_ws/install/my_robot_interfaces/local/lib/python3.10/dist-packages/my_robot_interfaces/libmy_robot_interfaces__rosidl_generator_py.so
[1.709s] -- Up-to-date: /home/prateek/ros2_ws/install/my_robot_interfaces/local/lib/python3.10/dist-packages/my_robot_interfaces/my_robot_interfaces_s__rosidl_typesupport_fastrtps_c.cpython-310-x86_64-linux-gnu.so
[1.709s] -- Up-to-date: /home/prateek/ros2_ws/install/my_robot_interfaces/local/lib/python3.10/dist-packages/my_robot_interfaces/my_robot_interfaces_s__rosidl_typesupport_introspection_c.cpython-310-x86_64-linux-gnu.so
[1.710s] -- Up-to-date: /home/prateek/ros2_ws/install/my_robot_interfaces/local/lib/python3.10/dist-packages/my_robot_interfaces/my_robot_interfaces_s__rosidl_typesupport_c.cpython-310-x86_64-linux-gnu.so
[1.710s] -- Up-to-date: /home/prateek/ros2_ws/install/my_robot_interfaces/local/lib/python3.10/dist-packages/my_robot_interfaces/msg
[1.710s] -- Up-to-date: /home/prateek/ros2_ws/install/my_robot_interfaces/local/lib/python3.10/dist-packages/my_robot_interfaces/msg/_hardware_status_s.c
[1.710s] -- Up-to-date: /home/prateek/ros2_ws/install/my_robot_interfaces/local/lib/python3.10/dist-packages/my_robot_interfaces/msg/__init__.py
[1.710s] -- Up-to-date: /home/prateek/ros2_ws/install/my_robot_interfaces/local/lib/python3.10/dist-packages/my_robot_interfaces/msg/_hardware_status.py
[1.771s] Listing '/home/prateek/ros2_ws/install/my_robot_interfaces/local/lib/python3.10/dist-packages/my_robot_interfaces'...
[1.771s] Listing '/home/prateek/ros2_ws/install/my_robot_interfaces/local/lib/python3.10/dist-packages/my_robot_interfaces/msg'...
[1.771s] Listing '/home/prateek/ros2_ws/install/my_robot_interfaces/local/lib/python3.10/dist-packages/my_robot_interfaces/srv'...
[1.782s] -- Up-to-date: /home/prateek/ros2_ws/install/my_robot_interfaces/local/lib/python3.10/dist-packages/my_robot_interfaces/my_robot_interfaces_s__rosidl_typesupport_fastrtps_c.cpython-310-x86_64-linux-gnu.so
[1.782s] -- Up-to-date: /home/prateek/ros2_ws/install/my_robot_interfaces/local/lib/python3.10/dist-packages/my_robot_interfaces/my_robot_interfaces_s__rosidl_typesupport_introspection_c.cpython-310-x86_64-linux-gnu.so
[1.783s] -- Up-to-date: /home/prateek/ros2_ws/install/my_robot_interfaces/local/lib/python3.10/dist-packages/my_robot_interfaces/my_robot_interfaces_s__rosidl_typesupport_c.cpython-310-x86_64-linux-gnu.so
[1.783s] -- Up-to-date: /home/prateek/ros2_ws/install/my_robot_interfaces/lib/libmy_robot_interfaces__rosidl_generator_py.so
[1.785s] -- Up-to-date: /home/prateek/ros2_ws/install/my_robot_interfaces/share/my_robot_interfaces/msg/HardwareStatus.idl
[1.786s] -- Up-to-date: /home/prateek/ros2_ws/install/my_robot_interfaces/share/my_robot_interfaces/srv/ComputeRectangleArea.idl
[1.786s] -- Up-to-date: /home/prateek/ros2_ws/install/my_robot_interfaces/share/my_robot_interfaces/msg/HardwareStatus.msg
[1.786s] -- Up-to-date: /home/prateek/ros2_ws/install/my_robot_interfaces/share/my_robot_interfaces/srv/ComputeRectangleArea.srv
[1.787s] -- Up-to-date: /home/prateek/ros2_ws/install/my_robot_interfaces/share/my_robot_interfaces/srv/ComputeRectangleArea_Request.msg
[1.788s] -- Up-to-date: /home/prateek/ros2_ws/install/my_robot_interfaces/share/my_robot_interfaces/srv/ComputeRectangleArea_Response.msg
[1.790s] -- Up-to-date: /home/prateek/ros2_ws/install/my_robot_interfaces/share/ament_index/resource_index/package_run_dependencies/my_robot_interfaces
[1.791s] -- Up-to-date: /home/prateek/ros2_ws/install/my_robot_interfaces/share/ament_index/resource_index/parent_prefix_path/my_robot_interfaces
[1.791s] -- Up-to-date: /home/prateek/ros2_ws/install/my_robot_interfaces/share/my_robot_interfaces/environment/ament_prefix_path.sh
[1.792s] -- Up-to-date: /home/prateek/ros2_ws/install/my_robot_interfaces/share/my_robot_interfaces/environment/ament_prefix_path.dsv
[1.793s] -- Up-to-date: /home/prateek/ros2_ws/install/my_robot_interfaces/share/my_robot_interfaces/environment/path.sh
[1.793s] -- Up-to-date: /home/prateek/ros2_ws/install/my_robot_interfaces/share/my_robot_interfaces/environment/path.dsv
[1.794s] -- Up-to-date: /home/prateek/ros2_ws/install/my_robot_interfaces/share/my_robot_interfaces/local_setup.bash
[1.801s] -- Up-to-date: /home/prateek/ros2_ws/install/my_robot_interfaces/share/my_robot_interfaces/local_setup.sh
[1.801s] -- Up-to-date: /home/prateek/ros2_ws/install/my_robot_interfaces/share/my_robot_interfaces/local_setup.zsh
[1.802s] -- Up-to-date: /home/prateek/ros2_ws/install/my_robot_interfaces/share/my_robot_interfaces/local_setup.dsv
[1.802s] -- Installing: /home/prateek/ros2_ws/install/my_robot_interfaces/share/my_robot_interfaces/package.dsv
[1.802s] -- Up-to-date: /home/prateek/ros2_ws/install/my_robot_interfaces/share/ament_index/resource_index/packages/my_robot_interfaces
[1.802s] -- Up-to-date: /home/prateek/ros2_ws/install/my_robot_interfaces/share/my_robot_interfaces/cmake/export_my_robot_interfaces__rosidl_generator_cExport.cmake
[1.803s] -- Up-to-date: /home/prateek/ros2_ws/install/my_robot_interfaces/share/my_robot_interfaces/cmake/export_my_robot_interfaces__rosidl_generator_cExport-noconfig.cmake
[1.803s] -- Up-to-date: /home/prateek/ros2_ws/install/my_robot_interfaces/share/my_robot_interfaces/cmake/export_my_robot_interfaces__rosidl_typesupport_fastrtps_cExport.cmake
[1.803s] -- Up-to-date: /home/prateek/ros2_ws/install/my_robot_interfaces/share/my_robot_interfaces/cmake/export_my_robot_interfaces__rosidl_typesupport_fastrtps_cExport-noconfig.cmake
[1.808s] -- Up-to-date: /home/prateek/ros2_ws/install/my_robot_interfaces/share/my_robot_interfaces/cmake/my_robot_interfaces__rosidl_typesupport_introspection_cExport.cmake
[1.808s] -- Up-to-date: /home/prateek/ros2_ws/install/my_robot_interfaces/share/my_robot_interfaces/cmake/my_robot_interfaces__rosidl_typesupport_introspection_cExport-noconfig.cmake
[1.808s] -- Up-to-date: /home/prateek/ros2_ws/install/my_robot_interfaces/share/my_robot_interfaces/cmake/my_robot_interfaces__rosidl_typesupport_cExport.cmake
[1.809s] -- Up-to-date: /home/prateek/ros2_ws/install/my_robot_interfaces/share/my_robot_interfaces/cmake/my_robot_interfaces__rosidl_typesupport_cExport-noconfig.cmake
[1.810s] -- Up-to-date: /home/prateek/ros2_ws/install/my_robot_interfaces/share/my_robot_interfaces/cmake/export_my_robot_interfaces__rosidl_generator_cppExport.cmake
[1.810s] -- Up-to-date: /home/prateek/ros2_ws/install/my_robot_interfaces/share/my_robot_interfaces/cmake/export_my_robot_interfaces__rosidl_typesupport_fastrtps_cppExport.cmake
[1.810s] -- Up-to-date: /home/prateek/ros2_ws/install/my_robot_interfaces/share/my_robot_interfaces/cmake/export_my_robot_interfaces__rosidl_typesupport_fastrtps_cppExport-noconfig.cmake
[1.810s] -- Up-to-date: /home/prateek/ros2_ws/install/my_robot_interfaces/share/my_robot_interfaces/cmake/my_robot_interfaces__rosidl_typesupport_introspection_cppExport.cmake
[1.810s] -- Up-to-date: /home/prateek/ros2_ws/install/my_robot_interfaces/share/my_robot_interfaces/cmake/my_robot_interfaces__rosidl_typesupport_introspection_cppExport-noconfig.cmake
[1.811s] -- Up-to-date: /home/prateek/ros2_ws/install/my_robot_interfaces/share/my_robot_interfaces/cmake/my_robot_interfaces__rosidl_typesupport_cppExport.cmake
[1.811s] -- Up-to-date: /home/prateek/ros2_ws/install/my_robot_interfaces/share/my_robot_interfaces/cmake/my_robot_interfaces__rosidl_typesupport_cppExport-noconfig.cmake
[1.819s] -- Up-to-date: /home/prateek/ros2_ws/install/my_robot_interfaces/share/my_robot_interfaces/cmake/export_my_robot_interfaces__rosidl_generator_pyExport.cmake
[1.819s] -- Up-to-date: /home/prateek/ros2_ws/install/my_robot_interfaces/share/my_robot_interfaces/cmake/export_my_robot_interfaces__rosidl_generator_pyExport-noconfig.cmake
[1.819s] -- Up-to-date: /home/prateek/ros2_ws/install/my_robot_interfaces/share/my_robot_interfaces/cmake/rosidl_cmake-extras.cmake
[1.820s] -- Up-to-date: /home/prateek/ros2_ws/install/my_robot_interfaces/share/my_robot_interfaces/cmake/ament_cmake_export_include_directories-extras.cmake
[1.820s] -- Up-to-date: /home/prateek/ros2_ws/install/my_robot_interfaces/share/my_robot_interfaces/cmake/ament_cmake_export_libraries-extras.cmake
[1.820s] -- Up-to-date: /home/prateek/ros2_ws/install/my_robot_interfaces/share/my_robot_interfaces/cmake/ament_cmake_export_targets-extras.cmake
[1.825s] -- Up-to-date: /home/prateek/ros2_ws/install/my_robot_interfaces/share/my_robot_interfaces/cmake/rosidl_cmake_export_typesupport_targets-extras.cmake
[1.826s] -- Up-to-date: /home/prateek/ros2_ws/install/my_robot_interfaces/share/my_robot_interfaces/cmake/ament_cmake_export_dependencies-extras.cmake
[1.826s] -- Up-to-date: /home/prateek/ros2_ws/install/my_robot_interfaces/share/my_robot_interfaces/cmake/rosidl_cmake_export_typesupport_libraries-extras.cmake
[1.830s] -- Up-to-date: /home/prateek/ros2_ws/install/my_robot_interfaces/share/my_robot_interfaces/cmake/my_robot_interfacesConfig.cmake
[1.831s] -- Up-to-date: /home/prateek/ros2_ws/install/my_robot_interfaces/share/my_robot_interfaces/cmake/my_robot_interfacesConfig-version.cmake
[1.831s] -- Up-to-date: /home/prateek/ros2_ws/install/my_robot_interfaces/share/my_robot_interfaces/package.xml
[1.834s] Invoked command in '/home/prateek/ros2_ws/build/my_robot_interfaces' returned '0': CMAKE_PREFIX_PATH=${CMAKE_PREFIX_PATH}:/home/prateek/ros2_ws/install/my_py_pkg:/opt/ros/humble /usr/bin/cmake --install /home/prateek/ros2_ws/build/my_robot_interfaces
