[0.369s] DEBUG:colcon:Command line arguments: ['/usr/bin/colcon', 'build']
[0.369s] DEBUG:colcon:Parsed command line arguments: Namespace(log_base=None, log_level=None, verb_name='build', build_base='build', install_base='install', merge_install=False, symlink_install=False, test_result_base=None, continue_on_error=False, executor='parallel', parallel_workers=4, event_handlers=None, ignore_user_meta=False, metas=['./colcon.meta'], base_paths=['.'], packages_ignore=None, packages_ignore_regex=None, paths=None, packages_up_to=None, packages_up_to_regex=None, packages_above=None, packages_above_and_dependencies=None, packages_above_depth=None, packages_select_by_dep=None, packages_skip_by_dep=None, packages_skip_up_to=None, packages_select_build_failed=False, packages_skip_build_finished=False, packages_select_test_failures=False, packages_skip_test_passed=False, packages_select=None, packages_skip=None, packages_select_regex=None, packages_skip_regex=None, packages_start=None, packages_end=None, allow_overriding=[], cmake_args=None, cmake_target=None, cmake_target_skip_unavailable=False, cmake_clean_cache=False, cmake_clean_first=False, cmake_force_configure=False, ament_cmake_args=None, catkin_cmake_args=None, catkin_skip_building_tests=False, verb_parser=<colcon_defaults.argument_parser.defaults.DefaultArgumentsDecorator object at 0xffff9b5a5360>, verb_extension=<colcon_core.verb.build.BuildVerb object at 0xffff9bab7d00>, main=<bound method BuildVerb.main of <colcon_core.verb.build.BuildVerb object at 0xffff9bab7d00>>)
[0.387s] Level 1:colcon.colcon_core.package_discovery:discover_packages(colcon_meta) check parameters
[0.387s] Level 1:colcon.colcon_core.package_discovery:discover_packages(recursive) check parameters
[0.387s] Level 1:colcon.colcon_core.package_discovery:discover_packages(ignore) check parameters
[0.387s] Level 1:colcon.colcon_core.package_discovery:discover_packages(path) check parameters
[0.387s] Level 1:colcon.colcon_core.package_discovery:discover_packages(colcon_meta) discover
[0.387s] Level 1:colcon.colcon_core.package_discovery:discover_packages(recursive) discover
[0.387s] INFO:colcon.colcon_core.package_discovery:Crawling recursively for packages in '/home/prateek/ros2_ws'
[0.387s] Level 1:colcon.colcon_core.package_identification:_identify(.) by extensions ['ignore', 'ignore_ament_install']
[0.387s] Level 1:colcon.colcon_core.package_identification:_identify(.) by extension 'ignore'
[0.387s] Level 1:colcon.colcon_core.package_identification:_identify(.) by extension 'ignore_ament_install'
[0.387s] Level 1:colcon.colcon_core.package_identification:_identify(.) by extensions ['colcon_pkg']
[0.387s] Level 1:colcon.colcon_core.package_identification:_identify(.) by extension 'colcon_pkg'
[0.387s] Level 1:colcon.colcon_core.package_identification:_identify(.) by extensions ['colcon_meta']
[0.387s] Level 1:colcon.colcon_core.package_identification:_identify(.) by extension 'colcon_meta'
[0.387s] Level 1:colcon.colcon_core.package_identification:_identify(.) by extensions ['ros']
[0.387s] Level 1:colcon.colcon_core.package_identification:_identify(.) by extension 'ros'
[0.394s] Level 1:colcon.colcon_core.package_identification:_identify(.) by extensions ['cmake', 'python']
[0.394s] Level 1:colcon.colcon_core.package_identification:_identify(.) by extension 'cmake'
[0.394s] Level 1:colcon.colcon_core.package_identification:_identify(.) by extension 'python'
[0.394s] Level 1:colcon.colcon_core.package_identification:_identify(.) by extensions ['python_setup_py']
[0.394s] Level 1:colcon.colcon_core.package_identification:_identify(.) by extension 'python_setup_py'
[0.394s] Level 1:colcon.colcon_core.package_identification:_identify(Screenshots) by extensions ['ignore', 'ignore_ament_install']
[0.394s] Level 1:colcon.colcon_core.package_identification:_identify(Screenshots) by extension 'ignore'
[0.394s] Level 1:colcon.colcon_core.package_identification:_identify(Screenshots) by extension 'ignore_ament_install'
[0.394s] Level 1:colcon.colcon_core.package_identification:_identify(Screenshots) by extensions ['colcon_pkg']
[0.394s] Level 1:colcon.colcon_core.package_identification:_identify(Screenshots) by extension 'colcon_pkg'
[0.394s] Level 1:colcon.colcon_core.package_identification:_identify(Screenshots) by extensions ['colcon_meta']
[0.394s] Level 1:colcon.colcon_core.package_identification:_identify(Screenshots) by extension 'colcon_meta'
[0.394s] Level 1:colcon.colcon_core.package_identification:_identify(Screenshots) by extensions ['ros']
[0.394s] Level 1:colcon.colcon_core.package_identification:_identify(Screenshots) by extension 'ros'
[0.394s] Level 1:colcon.colcon_core.package_identification:_identify(Screenshots) by extensions ['cmake', 'python']
[0.394s] Level 1:colcon.colcon_core.package_identification:_identify(Screenshots) by extension 'cmake'
[0.394s] Level 1:colcon.colcon_core.package_identification:_identify(Screenshots) by extension 'python'
[0.394s] Level 1:colcon.colcon_core.package_identification:_identify(Screenshots) by extensions ['python_setup_py']
[0.394s] Level 1:colcon.colcon_core.package_identification:_identify(Screenshots) by extension 'python_setup_py'
[0.394s] Level 1:colcon.colcon_core.package_identification:_identify(build) by extensions ['ignore', 'ignore_ament_install']
[0.394s] Level 1:colcon.colcon_core.package_identification:_identify(build) by extension 'ignore'
[0.394s] Level 1:colcon.colcon_core.package_identification:_identify(build) ignored
[0.394s] Level 1:colcon.colcon_core.package_identification:_identify(install) by extensions ['ignore', 'ignore_ament_install']
[0.394s] Level 1:colcon.colcon_core.package_identification:_identify(install) by extension 'ignore'
[0.394s] Level 1:colcon.colcon_core.package_identification:_identify(install) ignored
[0.394s] Level 1:colcon.colcon_core.package_identification:_identify(log) by extensions ['ignore', 'ignore_ament_install']
[0.394s] Level 1:colcon.colcon_core.package_identification:_identify(log) by extension 'ignore'
[0.394s] Level 1:colcon.colcon_core.package_identification:_identify(log) ignored
[0.394s] Level 1:colcon.colcon_core.package_identification:_identify(src) by extensions ['ignore', 'ignore_ament_install']
[0.394s] Level 1:colcon.colcon_core.package_identification:_identify(src) by extension 'ignore'
[0.394s] Level 1:colcon.colcon_core.package_identification:_identify(src) by extension 'ignore_ament_install'
[0.394s] Level 1:colcon.colcon_core.package_identification:_identify(src) by extensions ['colcon_pkg']
[0.394s] Level 1:colcon.colcon_core.package_identification:_identify(src) by extension 'colcon_pkg'
[0.394s] Level 1:colcon.colcon_core.package_identification:_identify(src) by extensions ['colcon_meta']
[0.394s] Level 1:colcon.colcon_core.package_identification:_identify(src) by extension 'colcon_meta'
[0.394s] Level 1:colcon.colcon_core.package_identification:_identify(src) by extensions ['ros']
[0.394s] Level 1:colcon.colcon_core.package_identification:_identify(src) by extension 'ros'
[0.394s] Level 1:colcon.colcon_core.package_identification:_identify(src) by extensions ['cmake', 'python']
[0.394s] Level 1:colcon.colcon_core.package_identification:_identify(src) by extension 'cmake'
[0.394s] Level 1:colcon.colcon_core.package_identification:_identify(src) by extension 'python'
[0.394s] Level 1:colcon.colcon_core.package_identification:_identify(src) by extensions ['python_setup_py']
[0.394s] Level 1:colcon.colcon_core.package_identification:_identify(src) by extension 'python_setup_py'
[0.395s] Level 1:colcon.colcon_core.package_identification:_identify(src/build) by extensions ['ignore', 'ignore_ament_install']
[0.395s] Level 1:colcon.colcon_core.package_identification:_identify(src/build) by extension 'ignore'
[0.395s] Level 1:colcon.colcon_core.package_identification:_identify(src/build) ignored
[0.395s] Level 1:colcon.colcon_core.package_identification:_identify(src/install) by extensions ['ignore', 'ignore_ament_install']
[0.395s] Level 1:colcon.colcon_core.package_identification:_identify(src/install) by extension 'ignore'
[0.395s] Level 1:colcon.colcon_core.package_identification:_identify(src/install) ignored
[0.395s] Level 1:colcon.colcon_core.package_identification:_identify(src/log) by extensions ['ignore', 'ignore_ament_install']
[0.395s] Level 1:colcon.colcon_core.package_identification:_identify(src/log) by extension 'ignore'
[0.395s] Level 1:colcon.colcon_core.package_identification:_identify(src/log) ignored
[0.395s] Level 1:colcon.colcon_core.package_identification:_identify(src/my_cpp_pkg) by extensions ['ignore', 'ignore_ament_install']
[0.395s] Level 1:colcon.colcon_core.package_identification:_identify(src/my_cpp_pkg) by extension 'ignore'
[0.395s] Level 1:colcon.colcon_core.package_identification:_identify(src/my_cpp_pkg) by extension 'ignore_ament_install'
[0.395s] Level 1:colcon.colcon_core.package_identification:_identify(src/my_cpp_pkg) by extensions ['colcon_pkg']
[0.395s] Level 1:colcon.colcon_core.package_identification:_identify(src/my_cpp_pkg) by extension 'colcon_pkg'
[0.395s] Level 1:colcon.colcon_core.package_identification:_identify(src/my_cpp_pkg) by extensions ['colcon_meta']
[0.395s] Level 1:colcon.colcon_core.package_identification:_identify(src/my_cpp_pkg) by extension 'colcon_meta'
[0.395s] Level 1:colcon.colcon_core.package_identification:_identify(src/my_cpp_pkg) by extensions ['ros']
[0.395s] Level 1:colcon.colcon_core.package_identification:_identify(src/my_cpp_pkg) by extension 'ros'
[0.396s] DEBUG:colcon.colcon_core.package_identification:Package 'src/my_cpp_pkg' with type 'ros.ament_cmake' and name 'my_cpp_pkg'
[0.396s] Level 1:colcon.colcon_core.package_identification:_identify(src/my_py_pkg) by extensions ['ignore', 'ignore_ament_install']
[0.396s] Level 1:colcon.colcon_core.package_identification:_identify(src/my_py_pkg) by extension 'ignore'
[0.396s] Level 1:colcon.colcon_core.package_identification:_identify(src/my_py_pkg) by extension 'ignore_ament_install'
[0.396s] Level 1:colcon.colcon_core.package_identification:_identify(src/my_py_pkg) by extensions ['colcon_pkg']
[0.396s] Level 1:colcon.colcon_core.package_identification:_identify(src/my_py_pkg) by extension 'colcon_pkg'
[0.396s] Level 1:colcon.colcon_core.package_identification:_identify(src/my_py_pkg) by extensions ['colcon_meta']
[0.396s] Level 1:colcon.colcon_core.package_identification:_identify(src/my_py_pkg) by extension 'colcon_meta'
[0.396s] Level 1:colcon.colcon_core.package_identification:_identify(src/my_py_pkg) by extensions ['ros']
[0.396s] Level 1:colcon.colcon_core.package_identification:_identify(src/my_py_pkg) by extension 'ros'
[0.397s] DEBUG:colcon.colcon_core.package_identification:Package 'src/my_py_pkg' with type 'ros.ament_python' and name 'my_py_pkg'
[0.397s] Level 1:colcon.colcon_core.package_identification:_identify(src/my_robot_bringup) by extensions ['ignore', 'ignore_ament_install']
[0.397s] Level 1:colcon.colcon_core.package_identification:_identify(src/my_robot_bringup) by extension 'ignore'
[0.397s] Level 1:colcon.colcon_core.package_identification:_identify(src/my_robot_bringup) by extension 'ignore_ament_install'
[0.397s] Level 1:colcon.colcon_core.package_identification:_identify(src/my_robot_bringup) by extensions ['colcon_pkg']
[0.397s] Level 1:colcon.colcon_core.package_identification:_identify(src/my_robot_bringup) by extension 'colcon_pkg'
[0.397s] Level 1:colcon.colcon_core.package_identification:_identify(src/my_robot_bringup) by extensions ['colcon_meta']
[0.397s] Level 1:colcon.colcon_core.package_identification:_identify(src/my_robot_bringup) by extension 'colcon_meta'
[0.397s] Level 1:colcon.colcon_core.package_identification:_identify(src/my_robot_bringup) by extensions ['ros']
[0.397s] Level 1:colcon.colcon_core.package_identification:_identify(src/my_robot_bringup) by extension 'ros'
[0.397s] DEBUG:colcon.colcon_core.package_identification:Package 'src/my_robot_bringup' with type 'ros.ament_cmake' and name 'my_robot_bringup'
[0.397s] Level 1:colcon.colcon_core.package_identification:_identify(src/my_robot_interfaces) by extensions ['ignore', 'ignore_ament_install']
[0.397s] Level 1:colcon.colcon_core.package_identification:_identify(src/my_robot_interfaces) by extension 'ignore'
[0.397s] Level 1:colcon.colcon_core.package_identification:_identify(src/my_robot_interfaces) by extension 'ignore_ament_install'
[0.397s] Level 1:colcon.colcon_core.package_identification:_identify(src/my_robot_interfaces) by extensions ['colcon_pkg']
[0.397s] Level 1:colcon.colcon_core.package_identification:_identify(src/my_robot_interfaces) by extension 'colcon_pkg'
[0.397s] Level 1:colcon.colcon_core.package_identification:_identify(src/my_robot_interfaces) by extensions ['colcon_meta']
[0.397s] Level 1:colcon.colcon_core.package_identification:_identify(src/my_robot_interfaces) by extension 'colcon_meta'
[0.397s] Level 1:colcon.colcon_core.package_identification:_identify(src/my_robot_interfaces) by extensions ['ros']
[0.397s] Level 1:colcon.colcon_core.package_identification:_identify(src/my_robot_interfaces) by extension 'ros'
[0.398s] DEBUG:colcon.colcon_core.package_identification:Package 'src/my_robot_interfaces' with type 'ros.ament_cmake' and name 'my_robot_interfaces'
[0.398s] Level 1:colcon.colcon_core.package_discovery:discover_packages(recursive) using defaults
[0.398s] Level 1:colcon.colcon_core.package_discovery:discover_packages(ignore) discover
[0.398s] Level 1:colcon.colcon_core.package_discovery:discover_packages(ignore) using defaults
[0.398s] Level 1:colcon.colcon_core.package_discovery:discover_packages(path) discover
[0.398s] Level 1:colcon.colcon_core.package_discovery:discover_packages(path) using defaults
[0.431s] Level 1:colcon.colcon_core.package_discovery:discover_packages(prefix_path) check parameters
[0.431s] Level 1:colcon.colcon_core.package_discovery:discover_packages(prefix_path) discover
[0.441s] DEBUG:colcon.colcon_installed_package_information.package_discovery:Found 4 installed packages in /home/prateek/ros2_ws/install
[0.446s] DEBUG:colcon.colcon_installed_package_information.package_discovery:Found 270 installed packages in /opt/ros/humble
[0.446s] Level 1:colcon.colcon_core.package_discovery:discover_packages(prefix_path) using defaults
[0.483s] Level 5:colcon.colcon_core.verb:set package 'my_robot_interfaces' build argument 'cmake_args' from command line to 'None'
[0.483s] Level 5:colcon.colcon_core.verb:set package 'my_robot_interfaces' build argument 'cmake_target' from command line to 'None'
[0.483s] Level 5:colcon.colcon_core.verb:set package 'my_robot_interfaces' build argument 'cmake_target_skip_unavailable' from command line to 'False'
[0.483s] Level 5:colcon.colcon_core.verb:set package 'my_robot_interfaces' build argument 'cmake_clean_cache' from command line to 'False'
[0.484s] Level 5:colcon.colcon_core.verb:set package 'my_robot_interfaces' build argument 'cmake_clean_first' from command line to 'False'
[0.484s] Level 5:colcon.colcon_core.verb:set package 'my_robot_interfaces' build argument 'cmake_force_configure' from command line to 'False'
[0.484s] Level 5:colcon.colcon_core.verb:set package 'my_robot_interfaces' build argument 'ament_cmake_args' from command line to 'None'
[0.484s] Level 5:colcon.colcon_core.verb:set package 'my_robot_interfaces' build argument 'catkin_cmake_args' from command line to 'None'
[0.484s] Level 5:colcon.colcon_core.verb:set package 'my_robot_interfaces' build argument 'catkin_skip_building_tests' from command line to 'False'
[0.484s] DEBUG:colcon.colcon_core.verb:Building package 'my_robot_interfaces' with the following arguments: {'ament_cmake_args': None, 'build_base': '/home/prateek/ros2_ws/build/my_robot_interfaces', 'catkin_cmake_args': None, 'catkin_skip_building_tests': False, 'cmake_args': None, 'cmake_clean_cache': False, 'cmake_clean_first': False, 'cmake_force_configure': False, 'cmake_target': None, 'cmake_target_skip_unavailable': False, 'install_base': '/home/prateek/ros2_ws/install/my_robot_interfaces', 'merge_install': False, 'path': '/home/prateek/ros2_ws/src/my_robot_interfaces', 'symlink_install': False, 'test_result_base': None}
[0.488s] Level 5:colcon.colcon_core.verb:set package 'my_cpp_pkg' build argument 'cmake_args' from command line to 'None'
[0.488s] Level 5:colcon.colcon_core.verb:set package 'my_cpp_pkg' build argument 'cmake_target' from command line to 'None'
[0.488s] Level 5:colcon.colcon_core.verb:set package 'my_cpp_pkg' build argument 'cmake_target_skip_unavailable' from command line to 'False'
[0.488s] Level 5:colcon.colcon_core.verb:set package 'my_cpp_pkg' build argument 'cmake_clean_cache' from command line to 'False'
[0.488s] Level 5:colcon.colcon_core.verb:set package 'my_cpp_pkg' build argument 'cmake_clean_first' from command line to 'False'
[0.488s] Level 5:colcon.colcon_core.verb:set package 'my_cpp_pkg' build argument 'cmake_force_configure' from command line to 'False'
[0.488s] Level 5:colcon.colcon_core.verb:set package 'my_cpp_pkg' build argument 'ament_cmake_args' from command line to 'None'
[0.488s] Level 5:colcon.colcon_core.verb:set package 'my_cpp_pkg' build argument 'catkin_cmake_args' from command line to 'None'
[0.488s] Level 5:colcon.colcon_core.verb:set package 'my_cpp_pkg' build argument 'catkin_skip_building_tests' from command line to 'False'
[0.488s] DEBUG:colcon.colcon_core.verb:Building package 'my_cpp_pkg' with the following arguments: {'ament_cmake_args': None, 'build_base': '/home/prateek/ros2_ws/build/my_cpp_pkg', 'catkin_cmake_args': None, 'catkin_skip_building_tests': False, 'cmake_args': None, 'cmake_clean_cache': False, 'cmake_clean_first': False, 'cmake_force_configure': False, 'cmake_target': None, 'cmake_target_skip_unavailable': False, 'install_base': '/home/prateek/ros2_ws/install/my_cpp_pkg', 'merge_install': False, 'path': '/home/prateek/ros2_ws/src/my_cpp_pkg', 'symlink_install': False, 'test_result_base': None}
[0.493s] Level 5:colcon.colcon_core.verb:set package 'my_py_pkg' build argument 'cmake_args' from command line to 'None'
[0.493s] Level 5:colcon.colcon_core.verb:set package 'my_py_pkg' build argument 'cmake_target' from command line to 'None'
[0.493s] Level 5:colcon.colcon_core.verb:set package 'my_py_pkg' build argument 'cmake_target_skip_unavailable' from command line to 'False'
[0.493s] Level 5:colcon.colcon_core.verb:set package 'my_py_pkg' build argument 'cmake_clean_cache' from command line to 'False'
[0.493s] Level 5:colcon.colcon_core.verb:set package 'my_py_pkg' build argument 'cmake_clean_first' from command line to 'False'
[0.493s] Level 5:colcon.colcon_core.verb:set package 'my_py_pkg' build argument 'cmake_force_configure' from command line to 'False'
[0.493s] Level 5:colcon.colcon_core.verb:set package 'my_py_pkg' build argument 'ament_cmake_args' from command line to 'None'
[0.493s] Level 5:colcon.colcon_core.verb:set package 'my_py_pkg' build argument 'catkin_cmake_args' from command line to 'None'
[0.493s] Level 5:colcon.colcon_core.verb:set package 'my_py_pkg' build argument 'catkin_skip_building_tests' from command line to 'False'
[0.493s] DEBUG:colcon.colcon_core.verb:Building package 'my_py_pkg' with the following arguments: {'ament_cmake_args': None, 'build_base': '/home/prateek/ros2_ws/build/my_py_pkg', 'catkin_cmake_args': None, 'catkin_skip_building_tests': False, 'cmake_args': None, 'cmake_clean_cache': False, 'cmake_clean_first': False, 'cmake_force_configure': False, 'cmake_target': None, 'cmake_target_skip_unavailable': False, 'install_base': '/home/prateek/ros2_ws/install/my_py_pkg', 'merge_install': False, 'path': '/home/prateek/ros2_ws/src/my_py_pkg', 'symlink_install': False, 'test_result_base': None}
[0.498s] Level 5:colcon.colcon_core.verb:set package 'my_robot_bringup' build argument 'cmake_args' from command line to 'None'
[0.498s] Level 5:colcon.colcon_core.verb:set package 'my_robot_bringup' build argument 'cmake_target' from command line to 'None'
[0.498s] Level 5:colcon.colcon_core.verb:set package 'my_robot_bringup' build argument 'cmake_target_skip_unavailable' from command line to 'False'
[0.498s] Level 5:colcon.colcon_core.verb:set package 'my_robot_bringup' build argument 'cmake_clean_cache' from command line to 'False'
[0.498s] Level 5:colcon.colcon_core.verb:set package 'my_robot_bringup' build argument 'cmake_clean_first' from command line to 'False'
[0.498s] Level 5:colcon.colcon_core.verb:set package 'my_robot_bringup' build argument 'cmake_force_configure' from command line to 'False'
[0.498s] Level 5:colcon.colcon_core.verb:set package 'my_robot_bringup' build argument 'ament_cmake_args' from command line to 'None'
[0.498s] Level 5:colcon.colcon_core.verb:set package 'my_robot_bringup' build argument 'catkin_cmake_args' from command line to 'None'
[0.498s] Level 5:colcon.colcon_core.verb:set package 'my_robot_bringup' build argument 'catkin_skip_building_tests' from command line to 'False'
[0.498s] DEBUG:colcon.colcon_core.verb:Building package 'my_robot_bringup' with the following arguments: {'ament_cmake_args': None, 'build_base': '/home/prateek/ros2_ws/build/my_robot_bringup', 'catkin_cmake_args': None, 'catkin_skip_building_tests': False, 'cmake_args': None, 'cmake_clean_cache': False, 'cmake_clean_first': False, 'cmake_force_configure': False, 'cmake_target': None, 'cmake_target_skip_unavailable': False, 'install_base': '/home/prateek/ros2_ws/install/my_robot_bringup', 'merge_install': False, 'path': '/home/prateek/ros2_ws/src/my_robot_bringup', 'symlink_install': False, 'test_result_base': None}
[0.502s] INFO:colcon.colcon_core.executor:Executing jobs using 'parallel' executor
[0.508s] DEBUG:colcon.colcon_parallel_executor.executor.parallel:run_until_complete
[0.508s] INFO:colcon.colcon_ros.task.ament_cmake.build:Building ROS package in '/home/prateek/ros2_ws/src/my_robot_interfaces' with build type 'ament_cmake'
[0.508s] INFO:colcon.colcon_cmake.task.cmake.build:Building CMake package in '/home/prateek/ros2_ws/src/my_robot_interfaces'
[0.514s] INFO:colcon.colcon_core.plugin_system:Skipping extension 'colcon_core.shell.bat': Not used on non-Windows systems
[0.514s] INFO:colcon.colcon_core.shell:Skip shell extension 'powershell' for command environment: Not usable outside of PowerShell
[0.514s] DEBUG:colcon.colcon_core.shell:Skip shell extension 'dsv' for command environment
[0.536s] DEBUG:colcon.colcon_core.event_handler.log_command:Invoking command in '/home/prateek/ros2_ws/build/my_robot_interfaces': CMAKE_PREFIX_PATH=${CMAKE_PREFIX_PATH}:/home/prateek/ros2_ws/install/my_py_pkg:/opt/ros/humble /usr/bin/cmake --build /home/prateek/ros2_ws/build/my_robot_interfaces -- -j4 -l4
[0.767s] DEBUG:colcon.colcon_core.event_handler.log_command:Invoked command in '/home/prateek/ros2_ws/build/my_robot_interfaces' returned '0': CMAKE_PREFIX_PATH=${CMAKE_PREFIX_PATH}:/home/prateek/ros2_ws/install/my_py_pkg:/opt/ros/humble /usr/bin/cmake --build /home/prateek/ros2_ws/build/my_robot_interfaces -- -j4 -l4
[0.821s] DEBUG:colcon.colcon_core.event_handler.log_command:Invoking command in '/home/prateek/ros2_ws/build/my_robot_interfaces': CMAKE_PREFIX_PATH=${CMAKE_PREFIX_PATH}:/home/prateek/ros2_ws/install/my_py_pkg:/opt/ros/humble /usr/bin/cmake --install /home/prateek/ros2_ws/build/my_robot_interfaces
[0.861s] Level 1:colcon.colcon_core.environment:create_environment_scripts_only(my_robot_interfaces)
[0.861s] DEBUG:colcon.colcon_core.event_handler.log_command:Invoked command in '/home/prateek/ros2_ws/build/my_robot_interfaces' returned '0': CMAKE_PREFIX_PATH=${CMAKE_PREFIX_PATH}:/home/prateek/ros2_ws/install/my_py_pkg:/opt/ros/humble /usr/bin/cmake --install /home/prateek/ros2_ws/build/my_robot_interfaces
[0.867s] Level 1:colcon.colcon_core.environment:checking '/home/prateek/ros2_ws/install/my_robot_interfaces' for CMake module files
[0.868s] Level 1:colcon.colcon_core.environment:checking '/home/prateek/ros2_ws/install/my_robot_interfaces' for CMake config files
[0.868s] Level 1:colcon.colcon_core.shell:create_environment_hook('my_robot_interfaces', 'cmake_prefix_path')
[0.873s] INFO:colcon.colcon_core.shell:Creating environment hook '/home/prateek/ros2_ws/install/my_robot_interfaces/share/my_robot_interfaces/hook/cmake_prefix_path.ps1'
[0.873s] INFO:colcon.colcon_core.shell:Creating environment descriptor '/home/prateek/ros2_ws/install/my_robot_interfaces/share/my_robot_interfaces/hook/cmake_prefix_path.dsv'
[0.873s] INFO:colcon.colcon_core.shell:Creating environment hook '/home/prateek/ros2_ws/install/my_robot_interfaces/share/my_robot_interfaces/hook/cmake_prefix_path.sh'
[0.874s] Level 1:colcon.colcon_core.environment:checking '/home/prateek/ros2_ws/install/my_robot_interfaces/lib'
[0.874s] Level 1:colcon.colcon_core.shell:create_environment_hook('my_robot_interfaces', 'ld_library_path_lib')
[0.878s] INFO:colcon.colcon_core.shell:Creating environment hook '/home/prateek/ros2_ws/install/my_robot_interfaces/share/my_robot_interfaces/hook/ld_library_path_lib.ps1'
[0.878s] INFO:colcon.colcon_core.shell:Creating environment descriptor '/home/prateek/ros2_ws/install/my_robot_interfaces/share/my_robot_interfaces/hook/ld_library_path_lib.dsv'
[0.879s] INFO:colcon.colcon_core.shell:Creating environment hook '/home/prateek/ros2_ws/install/my_robot_interfaces/share/my_robot_interfaces/hook/ld_library_path_lib.sh'
[0.879s] Level 1:colcon.colcon_core.environment:checking '/home/prateek/ros2_ws/install/my_robot_interfaces/bin'
[0.879s] Level 1:colcon.colcon_core.environment:checking '/home/prateek/ros2_ws/install/my_robot_interfaces/lib/pkgconfig/my_robot_interfaces.pc'
[0.879s] Level 1:colcon.colcon_core.environment:checking '/home/prateek/ros2_ws/install/my_robot_interfaces/lib/python3.10/site-packages'
[0.879s] Level 1:colcon.colcon_core.environment:checking '/home/prateek/ros2_ws/install/my_robot_interfaces/bin'
[0.884s] INFO:colcon.colcon_core.shell:Creating package script '/home/prateek/ros2_ws/install/my_robot_interfaces/share/my_robot_interfaces/package.ps1'
[0.884s] INFO:colcon.colcon_core.shell:Creating package descriptor '/home/prateek/ros2_ws/install/my_robot_interfaces/share/my_robot_interfaces/package.dsv'
[0.884s] INFO:colcon.colcon_core.shell:Creating package script '/home/prateek/ros2_ws/install/my_robot_interfaces/share/my_robot_interfaces/package.sh'
[0.885s] INFO:colcon.colcon_core.shell:Creating package script '/home/prateek/ros2_ws/install/my_robot_interfaces/share/my_robot_interfaces/package.bash'
[0.885s] INFO:colcon.colcon_core.shell:Creating package script '/home/prateek/ros2_ws/install/my_robot_interfaces/share/my_robot_interfaces/package.zsh'
[0.885s] Level 1:colcon.colcon_core.environment:create_file_with_runtime_dependencies(/home/prateek/ros2_ws/install/my_robot_interfaces/share/colcon-core/packages/my_robot_interfaces)
[0.946s] Level 1:colcon.colcon_core.environment:create_environment_scripts_only(my_robot_interfaces)
[0.951s] Level 1:colcon.colcon_core.environment:checking '/home/prateek/ros2_ws/install/my_robot_interfaces' for CMake module files
[0.951s] Level 1:colcon.colcon_core.environment:checking '/home/prateek/ros2_ws/install/my_robot_interfaces' for CMake config files
[0.952s] Level 1:colcon.colcon_core.shell:create_environment_hook('my_robot_interfaces', 'cmake_prefix_path')
[0.963s] INFO:colcon.colcon_core.shell:Creating environment hook '/home/prateek/ros2_ws/install/my_robot_interfaces/share/my_robot_interfaces/hook/cmake_prefix_path.ps1'
[0.963s] INFO:colcon.colcon_core.shell:Creating environment descriptor '/home/prateek/ros2_ws/install/my_robot_interfaces/share/my_robot_interfaces/hook/cmake_prefix_path.dsv'
[0.963s] INFO:colcon.colcon_core.shell:Creating environment hook '/home/prateek/ros2_ws/install/my_robot_interfaces/share/my_robot_interfaces/hook/cmake_prefix_path.sh'
[0.964s] Level 1:colcon.colcon_core.environment:checking '/home/prateek/ros2_ws/install/my_robot_interfaces/lib'
[0.964s] Level 1:colcon.colcon_core.shell:create_environment_hook('my_robot_interfaces', 'ld_library_path_lib')
[0.969s] INFO:colcon.colcon_core.shell:Creating environment hook '/home/prateek/ros2_ws/install/my_robot_interfaces/share/my_robot_interfaces/hook/ld_library_path_lib.ps1'
[0.969s] INFO:colcon.colcon_core.shell:Creating environment descriptor '/home/prateek/ros2_ws/install/my_robot_interfaces/share/my_robot_interfaces/hook/ld_library_path_lib.dsv'
[0.969s] INFO:colcon.colcon_core.shell:Creating environment hook '/home/prateek/ros2_ws/install/my_robot_interfaces/share/my_robot_interfaces/hook/ld_library_path_lib.sh'
[0.969s] Level 1:colcon.colcon_core.environment:checking '/home/prateek/ros2_ws/install/my_robot_interfaces/bin'
[0.969s] Level 1:colcon.colcon_core.environment:checking '/home/prateek/ros2_ws/install/my_robot_interfaces/lib/pkgconfig/my_robot_interfaces.pc'
[0.969s] Level 1:colcon.colcon_core.environment:checking '/home/prateek/ros2_ws/install/my_robot_interfaces/lib/python3.10/site-packages'
[0.969s] Level 1:colcon.colcon_core.environment:checking '/home/prateek/ros2_ws/install/my_robot_interfaces/bin'
[0.974s] INFO:colcon.colcon_core.shell:Creating package script '/home/prateek/ros2_ws/install/my_robot_interfaces/share/my_robot_interfaces/package.ps1'
[0.974s] INFO:colcon.colcon_core.shell:Creating package descriptor '/home/prateek/ros2_ws/install/my_robot_interfaces/share/my_robot_interfaces/package.dsv'
[0.975s] INFO:colcon.colcon_core.shell:Creating package script '/home/prateek/ros2_ws/install/my_robot_interfaces/share/my_robot_interfaces/package.sh'
[0.975s] INFO:colcon.colcon_core.shell:Creating package script '/home/prateek/ros2_ws/install/my_robot_interfaces/share/my_robot_interfaces/package.bash'
[0.975s] INFO:colcon.colcon_core.shell:Creating package script '/home/prateek/ros2_ws/install/my_robot_interfaces/share/my_robot_interfaces/package.zsh'
[0.975s] Level 1:colcon.colcon_core.environment:create_file_with_runtime_dependencies(/home/prateek/ros2_ws/install/my_robot_interfaces/share/colcon-core/packages/my_robot_interfaces)
[0.975s] INFO:colcon.colcon_ros.task.ament_cmake.build:Building ROS package in '/home/prateek/ros2_ws/src/my_cpp_pkg' with build type 'ament_cmake'
[0.975s] INFO:colcon.colcon_cmake.task.cmake.build:Building CMake package in '/home/prateek/ros2_ws/src/my_cpp_pkg'
[0.980s] INFO:colcon.colcon_core.shell:Skip shell extension 'powershell' for command environment: Not usable outside of PowerShell
[0.980s] DEBUG:colcon.colcon_core.shell:Skip shell extension 'dsv' for command environment
[0.999s] INFO:colcon.colcon_ros.task.ament_python.build:Building ROS package in '/home/prateek/ros2_ws/src/my_py_pkg' with build type 'ament_python'
[0.999s] Level 1:colcon.colcon_core.shell:create_environment_hook('my_py_pkg', 'ament_prefix_path')
[1.005s] INFO:colcon.colcon_core.shell:Creating environment hook '/home/prateek/ros2_ws/install/my_py_pkg/share/my_py_pkg/hook/ament_prefix_path.ps1'
[1.005s] INFO:colcon.colcon_core.shell:Creating environment descriptor '/home/prateek/ros2_ws/install/my_py_pkg/share/my_py_pkg/hook/ament_prefix_path.dsv'
[1.005s] INFO:colcon.colcon_core.shell:Creating environment hook '/home/prateek/ros2_ws/install/my_py_pkg/share/my_py_pkg/hook/ament_prefix_path.sh'
[1.010s] INFO:colcon.colcon_core.shell:Skip shell extension 'powershell' for command environment: Not usable outside of PowerShell
[1.010s] DEBUG:colcon.colcon_core.shell:Skip shell extension 'dsv' for command environment
[1.028s] DEBUG:colcon.colcon_core.event_handler.log_command:Invoking command in '/home/prateek/ros2_ws/build/my_cpp_pkg': CMAKE_PREFIX_PATH=/home/prateek/ros2_ws/install/my_robot_interfaces:/home/prateek/ros2_ws/install/my_robot_bringup:/home/prateek/ros2_ws/install/my_cpp_pkg:/home/prateek/ros2_ws/install/my_py_pkg:/opt/ros/humble /usr/bin/cmake --build /home/prateek/ros2_ws/build/my_cpp_pkg -- -j4 -l4
[1.164s] INFO:colcon.colcon_core.task.python.build:Building Python package in '/home/prateek/ros2_ws/src/my_py_pkg'
[1.169s] INFO:colcon.colcon_core.shell:Skip shell extension 'powershell' for command environment: Not usable outside of PowerShell
[1.169s] DEBUG:colcon.colcon_core.shell:Skip shell extension 'dsv' for command environment
[1.185s] DEBUG:colcon.colcon_core.event_handler.log_command:Invoked command in '/home/prateek/ros2_ws/build/my_cpp_pkg' returned '0': CMAKE_PREFIX_PATH=/home/prateek/ros2_ws/install/my_robot_interfaces:/home/prateek/ros2_ws/install/my_robot_bringup:/home/prateek/ros2_ws/install/my_cpp_pkg:/home/prateek/ros2_ws/install/my_py_pkg:/opt/ros/humble /usr/bin/cmake --build /home/prateek/ros2_ws/build/my_cpp_pkg -- -j4 -l4
[1.216s] DEBUG:colcon.colcon_core.event_handler.log_command:Invoking command in '/home/prateek/ros2_ws/build/my_cpp_pkg': CMAKE_PREFIX_PATH=/home/prateek/ros2_ws/install/my_robot_interfaces:/home/prateek/ros2_ws/install/my_robot_bringup:/home/prateek/ros2_ws/install/my_cpp_pkg:/home/prateek/ros2_ws/install/my_py_pkg:/opt/ros/humble /usr/bin/cmake --install /home/prateek/ros2_ws/build/my_cpp_pkg
[1.229s] Level 1:colcon.colcon_core.environment:create_environment_scripts_only(my_cpp_pkg)
[1.230s] DEBUG:colcon.colcon_core.event_handler.log_command:Invoked command in '/home/prateek/ros2_ws/build/my_cpp_pkg' returned '0': CMAKE_PREFIX_PATH=/home/prateek/ros2_ws/install/my_robot_interfaces:/home/prateek/ros2_ws/install/my_robot_bringup:/home/prateek/ros2_ws/install/my_cpp_pkg:/home/prateek/ros2_ws/install/my_py_pkg:/opt/ros/humble /usr/bin/cmake --install /home/prateek/ros2_ws/build/my_cpp_pkg
[1.235s] Level 1:colcon.colcon_core.environment:checking '/home/prateek/ros2_ws/install/my_cpp_pkg' for CMake module files
[1.235s] Level 1:colcon.colcon_core.environment:checking '/home/prateek/ros2_ws/install/my_cpp_pkg' for CMake config files
[1.235s] Level 1:colcon.colcon_core.shell:create_environment_hook('my_cpp_pkg', 'cmake_prefix_path')
[1.249s] INFO:colcon.colcon_core.shell:Creating environment hook '/home/prateek/ros2_ws/install/my_cpp_pkg/share/my_cpp_pkg/hook/cmake_prefix_path.ps1'
[1.249s] INFO:colcon.colcon_core.shell:Creating environment descriptor '/home/prateek/ros2_ws/install/my_cpp_pkg/share/my_cpp_pkg/hook/cmake_prefix_path.dsv'
[1.250s] INFO:colcon.colcon_core.shell:Creating environment hook '/home/prateek/ros2_ws/install/my_cpp_pkg/share/my_cpp_pkg/hook/cmake_prefix_path.sh'
[1.250s] Level 1:colcon.colcon_core.environment:checking '/home/prateek/ros2_ws/install/my_cpp_pkg/lib'
[1.250s] Level 1:colcon.colcon_core.environment:checking '/home/prateek/ros2_ws/install/my_cpp_pkg/bin'
[1.250s] Level 1:colcon.colcon_core.environment:checking '/home/prateek/ros2_ws/install/my_cpp_pkg/lib/pkgconfig/my_cpp_pkg.pc'
[1.250s] Level 1:colcon.colcon_core.environment:checking '/home/prateek/ros2_ws/install/my_cpp_pkg/lib/python3.10/site-packages'
[1.250s] Level 1:colcon.colcon_core.environment:checking '/home/prateek/ros2_ws/install/my_cpp_pkg/bin'
[1.255s] INFO:colcon.colcon_core.shell:Creating package script '/home/prateek/ros2_ws/install/my_cpp_pkg/share/my_cpp_pkg/package.ps1'
[1.256s] INFO:colcon.colcon_core.shell:Creating package descriptor '/home/prateek/ros2_ws/install/my_cpp_pkg/share/my_cpp_pkg/package.dsv'
[1.256s] INFO:colcon.colcon_core.shell:Creating package script '/home/prateek/ros2_ws/install/my_cpp_pkg/share/my_cpp_pkg/package.sh'
[1.256s] INFO:colcon.colcon_core.shell:Creating package script '/home/prateek/ros2_ws/install/my_cpp_pkg/share/my_cpp_pkg/package.bash'
[1.256s] INFO:colcon.colcon_core.shell:Creating package script '/home/prateek/ros2_ws/install/my_cpp_pkg/share/my_cpp_pkg/package.zsh'
[1.256s] Level 1:colcon.colcon_core.environment:create_file_with_runtime_dependencies(/home/prateek/ros2_ws/install/my_cpp_pkg/share/colcon-core/packages/my_cpp_pkg)
[1.293s] Level 1:colcon.colcon_core.environment:create_environment_scripts_only(my_cpp_pkg)
[1.298s] Level 1:colcon.colcon_core.environment:checking '/home/prateek/ros2_ws/install/my_cpp_pkg' for CMake module files
[1.298s] Level 1:colcon.colcon_core.environment:checking '/home/prateek/ros2_ws/install/my_cpp_pkg' for CMake config files
[1.298s] Level 1:colcon.colcon_core.shell:create_environment_hook('my_cpp_pkg', 'cmake_prefix_path')
[1.303s] INFO:colcon.colcon_core.shell:Creating environment hook '/home/prateek/ros2_ws/install/my_cpp_pkg/share/my_cpp_pkg/hook/cmake_prefix_path.ps1'
[1.303s] INFO:colcon.colcon_core.shell:Creating environment descriptor '/home/prateek/ros2_ws/install/my_cpp_pkg/share/my_cpp_pkg/hook/cmake_prefix_path.dsv'
[1.304s] INFO:colcon.colcon_core.shell:Creating environment hook '/home/prateek/ros2_ws/install/my_cpp_pkg/share/my_cpp_pkg/hook/cmake_prefix_path.sh'
[1.304s] Level 1:colcon.colcon_core.environment:checking '/home/prateek/ros2_ws/install/my_cpp_pkg/lib'
[1.304s] Level 1:colcon.colcon_core.environment:checking '/home/prateek/ros2_ws/install/my_cpp_pkg/bin'
[1.304s] Level 1:colcon.colcon_core.environment:checking '/home/prateek/ros2_ws/install/my_cpp_pkg/lib/pkgconfig/my_cpp_pkg.pc'
[1.304s] Level 1:colcon.colcon_core.environment:checking '/home/prateek/ros2_ws/install/my_cpp_pkg/lib/python3.10/site-packages'
[1.304s] Level 1:colcon.colcon_core.environment:checking '/home/prateek/ros2_ws/install/my_cpp_pkg/bin'
[1.309s] INFO:colcon.colcon_core.shell:Creating package script '/home/prateek/ros2_ws/install/my_cpp_pkg/share/my_cpp_pkg/package.ps1'
[1.309s] INFO:colcon.colcon_core.shell:Creating package descriptor '/home/prateek/ros2_ws/install/my_cpp_pkg/share/my_cpp_pkg/package.dsv'
[1.309s] INFO:colcon.colcon_core.shell:Creating package script '/home/prateek/ros2_ws/install/my_cpp_pkg/share/my_cpp_pkg/package.sh'
[1.310s] INFO:colcon.colcon_core.shell:Creating package script '/home/prateek/ros2_ws/install/my_cpp_pkg/share/my_cpp_pkg/package.bash'
[1.310s] INFO:colcon.colcon_core.shell:Creating package script '/home/prateek/ros2_ws/install/my_cpp_pkg/share/my_cpp_pkg/package.zsh'
[1.310s] Level 1:colcon.colcon_core.environment:create_file_with_runtime_dependencies(/home/prateek/ros2_ws/install/my_cpp_pkg/share/colcon-core/packages/my_cpp_pkg)
[1.360s] DEBUG:colcon.colcon_core.event_handler.log_command:Invoking command in '/home/prateek/ros2_ws/src/my_py_pkg': CMAKE_PREFIX_PATH=/home/prateek/ros2_ws/install/my_robot_interfaces:/home/prateek/ros2_ws/install/my_robot_bringup:/home/prateek/ros2_ws/install/my_cpp_pkg PYTHONPATH=/home/prateek/ros2_ws/build/my_py_pkg/prefix_override:/home/prateek/ros2_ws/install/my_py_pkg/lib/python3.10/site-packages:${PYTHONPATH} /usr/bin/python3 setup.py egg_info --egg-base ../../build/my_py_pkg build --build-base /home/prateek/ros2_ws/build/my_py_pkg/build install --record /home/prateek/ros2_ws/build/my_py_pkg/install.log --single-version-externally-managed
[1.487s] DEBUG:colcon.colcon_core.event_handler.log_command:Invoked command in '/home/prateek/ros2_ws/src/my_py_pkg' returned '0': CMAKE_PREFIX_PATH=/home/prateek/ros2_ws/install/my_robot_interfaces:/home/prateek/ros2_ws/install/my_robot_bringup:/home/prateek/ros2_ws/install/my_cpp_pkg PYTHONPATH=/home/prateek/ros2_ws/build/my_py_pkg/prefix_override:/home/prateek/ros2_ws/install/my_py_pkg/lib/python3.10/site-packages:${PYTHONPATH} /usr/bin/python3 setup.py egg_info --egg-base ../../build/my_py_pkg build --build-base /home/prateek/ros2_ws/build/my_py_pkg/build install --record /home/prateek/ros2_ws/build/my_py_pkg/install.log --single-version-externally-managed
[1.492s] Level 1:colcon.colcon_core.environment:checking '/home/prateek/ros2_ws/install/my_py_pkg' for CMake module files
[1.492s] Level 1:colcon.colcon_core.environment:checking '/home/prateek/ros2_ws/install/my_py_pkg' for CMake config files
[1.493s] Level 1:colcon.colcon_core.environment:checking '/home/prateek/ros2_ws/install/my_py_pkg/lib'
[1.493s] Level 1:colcon.colcon_core.environment:checking '/home/prateek/ros2_ws/install/my_py_pkg/bin'
[1.493s] Level 1:colcon.colcon_core.environment:checking '/home/prateek/ros2_ws/install/my_py_pkg/lib/pkgconfig/my_py_pkg.pc'
[1.493s] Level 1:colcon.colcon_core.environment:checking '/home/prateek/ros2_ws/install/my_py_pkg/lib/python3.10/site-packages'
[1.493s] Level 1:colcon.colcon_core.shell:create_environment_hook('my_py_pkg', 'pythonpath')
[1.498s] INFO:colcon.colcon_core.shell:Creating environment hook '/home/prateek/ros2_ws/install/my_py_pkg/share/my_py_pkg/hook/pythonpath.ps1'
[1.498s] INFO:colcon.colcon_core.shell:Creating environment descriptor '/home/prateek/ros2_ws/install/my_py_pkg/share/my_py_pkg/hook/pythonpath.dsv'
[1.498s] INFO:colcon.colcon_core.shell:Creating environment hook '/home/prateek/ros2_ws/install/my_py_pkg/share/my_py_pkg/hook/pythonpath.sh'
[1.498s] Level 1:colcon.colcon_core.environment:checking '/home/prateek/ros2_ws/install/my_py_pkg/bin'
[1.498s] Level 1:colcon.colcon_core.environment:create_environment_scripts_only(my_py_pkg)
[1.503s] INFO:colcon.colcon_core.shell:Creating package script '/home/prateek/ros2_ws/install/my_py_pkg/share/my_py_pkg/package.ps1'
[1.503s] INFO:colcon.colcon_core.shell:Creating package descriptor '/home/prateek/ros2_ws/install/my_py_pkg/share/my_py_pkg/package.dsv'
[1.503s] INFO:colcon.colcon_core.shell:Creating package script '/home/prateek/ros2_ws/install/my_py_pkg/share/my_py_pkg/package.sh'
[1.503s] INFO:colcon.colcon_core.shell:Creating package script '/home/prateek/ros2_ws/install/my_py_pkg/share/my_py_pkg/package.bash'
[1.504s] INFO:colcon.colcon_core.shell:Creating package script '/home/prateek/ros2_ws/install/my_py_pkg/share/my_py_pkg/package.zsh'
[1.504s] Level 1:colcon.colcon_core.environment:create_file_with_runtime_dependencies(/home/prateek/ros2_ws/install/my_py_pkg/share/colcon-core/packages/my_py_pkg)
[1.504s] INFO:colcon.colcon_ros.task.ament_cmake.build:Building ROS package in '/home/prateek/ros2_ws/src/my_robot_bringup' with build type 'ament_cmake'
[1.504s] INFO:colcon.colcon_cmake.task.cmake.build:Building CMake package in '/home/prateek/ros2_ws/src/my_robot_bringup'
[1.509s] INFO:colcon.colcon_core.shell:Skip shell extension 'powershell' for command environment: Not usable outside of PowerShell
[1.509s] DEBUG:colcon.colcon_core.shell:Skip shell extension 'dsv' for command environment
[1.536s] DEBUG:colcon.colcon_core.event_handler.log_command:Invoking command in '/home/prateek/ros2_ws/build/my_robot_bringup': AMENT_PREFIX_PATH=/home/prateek/ros2_ws/install/my_py_pkg:/home/prateek/ros2_ws/install/my_robot_bringup:/home/prateek/ros2_ws/install/my_cpp_pkg:/home/prateek/ros2_ws/install/my_robot_interfaces:/opt/ros/humble CMAKE_PREFIX_PATH=/home/prateek/ros2_ws/install/my_cpp_pkg:/home/prateek/ros2_ws/install/my_robot_interfaces:/home/prateek/ros2_ws/install/my_robot_bringup:/home/prateek/ros2_ws/install/my_py_pkg:/opt/ros/humble /usr/bin/cmake --build /home/prateek/ros2_ws/build/my_robot_bringup -- -j4 -l4
[1.566s] DEBUG:colcon.colcon_core.event_handler.log_command:Invoked command in '/home/prateek/ros2_ws/build/my_robot_bringup' returned '0': AMENT_PREFIX_PATH=/home/prateek/ros2_ws/install/my_py_pkg:/home/prateek/ros2_ws/install/my_robot_bringup:/home/prateek/ros2_ws/install/my_cpp_pkg:/home/prateek/ros2_ws/install/my_robot_interfaces:/opt/ros/humble CMAKE_PREFIX_PATH=/home/prateek/ros2_ws/install/my_cpp_pkg:/home/prateek/ros2_ws/install/my_robot_interfaces:/home/prateek/ros2_ws/install/my_robot_bringup:/home/prateek/ros2_ws/install/my_py_pkg:/opt/ros/humble /usr/bin/cmake --build /home/prateek/ros2_ws/build/my_robot_bringup -- -j4 -l4
[1.579s] DEBUG:colcon.colcon_core.event_handler.log_command:Invoking command in '/home/prateek/ros2_ws/build/my_robot_bringup': AMENT_PREFIX_PATH=/home/prateek/ros2_ws/install/my_py_pkg:/home/prateek/ros2_ws/install/my_robot_bringup:/home/prateek/ros2_ws/install/my_cpp_pkg:/home/prateek/ros2_ws/install/my_robot_interfaces:/opt/ros/humble CMAKE_PREFIX_PATH=/home/prateek/ros2_ws/install/my_cpp_pkg:/home/prateek/ros2_ws/install/my_robot_interfaces:/home/prateek/ros2_ws/install/my_robot_bringup:/home/prateek/ros2_ws/install/my_py_pkg:/opt/ros/humble /usr/bin/cmake --install /home/prateek/ros2_ws/build/my_robot_bringup
[1.593s] Level 1:colcon.colcon_core.environment:create_environment_scripts_only(my_robot_bringup)
[1.593s] DEBUG:colcon.colcon_core.event_handler.log_command:Invoked command in '/home/prateek/ros2_ws/build/my_robot_bringup' returned '0': AMENT_PREFIX_PATH=/home/prateek/ros2_ws/install/my_py_pkg:/home/prateek/ros2_ws/install/my_robot_bringup:/home/prateek/ros2_ws/install/my_cpp_pkg:/home/prateek/ros2_ws/install/my_robot_interfaces:/opt/ros/humble CMAKE_PREFIX_PATH=/home/prateek/ros2_ws/install/my_cpp_pkg:/home/prateek/ros2_ws/install/my_robot_interfaces:/home/prateek/ros2_ws/install/my_robot_bringup:/home/prateek/ros2_ws/install/my_py_pkg:/opt/ros/humble /usr/bin/cmake --install /home/prateek/ros2_ws/build/my_robot_bringup
[1.598s] Level 1:colcon.colcon_core.environment:checking '/home/prateek/ros2_ws/install/my_robot_bringup' for CMake module files
[1.598s] Level 1:colcon.colcon_core.environment:checking '/home/prateek/ros2_ws/install/my_robot_bringup' for CMake config files
[1.599s] Level 1:colcon.colcon_core.shell:create_environment_hook('my_robot_bringup', 'cmake_prefix_path')
[1.603s] INFO:colcon.colcon_core.shell:Creating environment hook '/home/prateek/ros2_ws/install/my_robot_bringup/share/my_robot_bringup/hook/cmake_prefix_path.ps1'
[1.603s] INFO:colcon.colcon_core.shell:Creating environment descriptor '/home/prateek/ros2_ws/install/my_robot_bringup/share/my_robot_bringup/hook/cmake_prefix_path.dsv'
[1.604s] INFO:colcon.colcon_core.shell:Creating environment hook '/home/prateek/ros2_ws/install/my_robot_bringup/share/my_robot_bringup/hook/cmake_prefix_path.sh'
[1.604s] Level 1:colcon.colcon_core.environment:checking '/home/prateek/ros2_ws/install/my_robot_bringup/bin'
[1.604s] Level 1:colcon.colcon_core.environment:checking '/home/prateek/ros2_ws/install/my_robot_bringup/lib/pkgconfig/my_robot_bringup.pc'
[1.604s] Level 1:colcon.colcon_core.environment:checking '/home/prateek/ros2_ws/install/my_robot_bringup/lib/python3.10/site-packages'
[1.604s] Level 1:colcon.colcon_core.environment:checking '/home/prateek/ros2_ws/install/my_robot_bringup/bin'
[1.609s] INFO:colcon.colcon_core.shell:Creating package script '/home/prateek/ros2_ws/install/my_robot_bringup/share/my_robot_bringup/package.ps1'
[1.609s] INFO:colcon.colcon_core.shell:Creating package descriptor '/home/prateek/ros2_ws/install/my_robot_bringup/share/my_robot_bringup/package.dsv'
[1.609s] INFO:colcon.colcon_core.shell:Creating package script '/home/prateek/ros2_ws/install/my_robot_bringup/share/my_robot_bringup/package.sh'
[1.609s] INFO:colcon.colcon_core.shell:Creating package script '/home/prateek/ros2_ws/install/my_robot_bringup/share/my_robot_bringup/package.bash'
[1.609s] INFO:colcon.colcon_core.shell:Creating package script '/home/prateek/ros2_ws/install/my_robot_bringup/share/my_robot_bringup/package.zsh'
[1.609s] Level 1:colcon.colcon_core.environment:create_file_with_runtime_dependencies(/home/prateek/ros2_ws/install/my_robot_bringup/share/colcon-core/packages/my_robot_bringup)
[1.627s] Level 1:colcon.colcon_core.environment:create_environment_scripts_only(my_robot_bringup)
[1.631s] Level 1:colcon.colcon_core.environment:checking '/home/prateek/ros2_ws/install/my_robot_bringup' for CMake module files
[1.632s] Level 1:colcon.colcon_core.environment:checking '/home/prateek/ros2_ws/install/my_robot_bringup' for CMake config files
[1.632s] Level 1:colcon.colcon_core.shell:create_environment_hook('my_robot_bringup', 'cmake_prefix_path')
[1.636s] INFO:colcon.colcon_core.shell:Creating environment hook '/home/prateek/ros2_ws/install/my_robot_bringup/share/my_robot_bringup/hook/cmake_prefix_path.ps1'
[1.636s] INFO:colcon.colcon_core.shell:Creating environment descriptor '/home/prateek/ros2_ws/install/my_robot_bringup/share/my_robot_bringup/hook/cmake_prefix_path.dsv'
[1.637s] INFO:colcon.colcon_core.shell:Creating environment hook '/home/prateek/ros2_ws/install/my_robot_bringup/share/my_robot_bringup/hook/cmake_prefix_path.sh'
[1.637s] Level 1:colcon.colcon_core.environment:checking '/home/prateek/ros2_ws/install/my_robot_bringup/bin'
[1.637s] Level 1:colcon.colcon_core.environment:checking '/home/prateek/ros2_ws/install/my_robot_bringup/lib/pkgconfig/my_robot_bringup.pc'
[1.637s] Level 1:colcon.colcon_core.environment:checking '/home/prateek/ros2_ws/install/my_robot_bringup/lib/python3.10/site-packages'
[1.637s] Level 1:colcon.colcon_core.environment:checking '/home/prateek/ros2_ws/install/my_robot_bringup/bin'
[1.642s] INFO:colcon.colcon_core.shell:Creating package script '/home/prateek/ros2_ws/install/my_robot_bringup/share/my_robot_bringup/package.ps1'
[1.642s] INFO:colcon.colcon_core.shell:Creating package descriptor '/home/prateek/ros2_ws/install/my_robot_bringup/share/my_robot_bringup/package.dsv'
[1.642s] INFO:colcon.colcon_core.shell:Creating package script '/home/prateek/ros2_ws/install/my_robot_bringup/share/my_robot_bringup/package.sh'
[1.643s] INFO:colcon.colcon_core.shell:Creating package script '/home/prateek/ros2_ws/install/my_robot_bringup/share/my_robot_bringup/package.bash'
[1.643s] INFO:colcon.colcon_core.shell:Creating package script '/home/prateek/ros2_ws/install/my_robot_bringup/share/my_robot_bringup/package.zsh'
[1.643s] Level 1:colcon.colcon_core.environment:create_file_with_runtime_dependencies(/home/prateek/ros2_ws/install/my_robot_bringup/share/colcon-core/packages/my_robot_bringup)
[1.643s] DEBUG:colcon.colcon_parallel_executor.executor.parallel:closing loop
[1.643s] DEBUG:colcon.colcon_parallel_executor.executor.parallel:loop closed
[1.643s] DEBUG:colcon.colcon_parallel_executor.executor.parallel:run_until_complete finished with '0'
[1.643s] DEBUG:colcon.colcon_core.event_reactor:joining thread
[1.655s] INFO:colcon.colcon_core.plugin_system:Skipping extension 'colcon_notification.desktop_notification.terminal_notifier': Not used on non-Darwin systems
[1.655s] INFO:colcon.colcon_core.plugin_system:Skipping extension 'colcon_notification.desktop_notification.win32': Not used on non-Windows systems
[1.655s] INFO:colcon.colcon_notification.desktop_notification:Sending desktop notification using 'notify2'
[1.669s] DEBUG:colcon.colcon_core.event_reactor:joined thread
[1.682s] INFO:colcon.colcon_core.shell:Creating prefix script '/home/prateek/ros2_ws/install/local_setup.ps1'
[1.682s] INFO:colcon.colcon_core.shell:Creating prefix util module '/home/prateek/ros2_ws/install/_local_setup_util_ps1.py'
[1.683s] INFO:colcon.colcon_core.shell:Creating prefix chain script '/home/prateek/ros2_ws/install/setup.ps1'
[1.690s] INFO:colcon.colcon_core.shell:Creating prefix script '/home/prateek/ros2_ws/install/local_setup.sh'
[1.690s] INFO:colcon.colcon_core.shell:Creating prefix util module '/home/prateek/ros2_ws/install/_local_setup_util_sh.py'
[1.690s] INFO:colcon.colcon_core.shell:Creating prefix chain script '/home/prateek/ros2_ws/install/setup.sh'
[1.696s] INFO:colcon.colcon_core.shell:Creating prefix script '/home/prateek/ros2_ws/install/local_setup.bash'
[1.696s] INFO:colcon.colcon_core.shell:Creating prefix chain script '/home/prateek/ros2_ws/install/setup.bash'
[1.702s] INFO:colcon.colcon_core.shell:Creating prefix script '/home/prateek/ros2_ws/install/local_setup.zsh'
[1.702s] INFO:colcon.colcon_core.shell:Creating prefix chain script '/home/prateek/ros2_ws/install/setup.zsh'
