[0.360s] Invoking command in '/home/prateek/ros2_ws/build/my_cpp_pkg': CMAKE_PREFIX_PATH=${CMAKE_PREFIX_PATH}:/home/prateek/ros2_ws/install/my_py_pkg:/opt/ros/humble /usr/bin/cmake --build /home/prateek/ros2_ws/build/my_cpp_pkg -- -j2 -l2
[0.683s] -- Found ament_cmake: 1.3.6 (/opt/ros/humble/share/ament_cmake/cmake)
[1.181s] -- Override CMake install command with custom implementation using symlinks instead of copying resources
[1.321s] -- Found rclcpp: 16.0.7 (/opt/ros/humble/share/rclcpp/cmake)
[1.551s] -- Found rosidl_generator_c: 3.1.5 (/opt/ros/humble/share/rosidl_generator_c/cmake)
[1.579s] -- Found rosidl_adapter: 3.1.5 (/opt/ros/humble/share/rosidl_adapter/cmake)
[1.626s] -- Found rosidl_generator_cpp: 3.1.5 (/opt/ros/humble/share/rosidl_generator_cpp/cmake)
[1.698s] -- Using all available rosidl_typesupport_c: rosidl_typesupport_fastrtps_c;rosidl_typesupport_introspection_c
[1.804s] -- Using all available rosidl_typesupport_cpp: rosidl_typesupport_fastrtps_cpp;rosidl_typesupport_introspection_cpp
[2.136s] -- Found rmw_implementation_cmake: 6.1.1 (/opt/ros/humble/share/rmw_implementation_cmake/cmake)
[2.154s] -- Found rmw_fastrtps_cpp: 6.2.5 (/opt/ros/humble/share/rmw_fastrtps_cpp/cmake)
[2.610s] -- Using RMW implementation 'rmw_fastrtps_cpp' as default
[3.379s] -- Found example_interfaces: 0.9.3 (/opt/ros/humble/share/example_interfaces/cmake)
[4.133s] -- Configuring done
[4.291s] -- Generating done
[4.298s] -- Build files have been written to: /home/prateek/ros2_ws/build/my_cpp_pkg
[4.481s] [35m[1mConsolidate compiler generated dependencies of target robot_news_station[0m
[4.492s] [35m[1mConsolidate compiler generated dependencies of target cpp_node[0m
[4.667s] [ 25%] Built target cpp_node
[4.704s] [ 50%] Built target robot_news_station
[4.784s] [35m[1mConsolidate compiler generated dependencies of target smartphone[0m
[4.892s] [ 62%] [32mBuilding CXX object CMakeFiles/number_counter.dir/src/number_counter.cpp.o[0m
[4.911s] [ 75%] [32mBuilding CXX object CMakeFiles/smartphone.dir/src/smartphone.cpp.o[0m
[6.993s] [01m[K/home/prateek/ros2_ws/src/my_cpp_pkg/src/number_counter.cpp:2:10:[m[K [01;31m[Kfatal error: [m[Kexample_interfaces/msg/Int64.hpp: No such file or directory
[6.993s]     2 | #include [01;31m[K"example_interfaces/msg/Int64.hpp"[m[K
[6.993s]       |          [01;31m[K^~~~~~~~~~~~~~~~~~~~~~~~~~~~~~~~~~[m[K
[6.993s] compilation terminated.
[7.009s] gmake[2]: *** [CMakeFiles/number_counter.dir/build.make:76: CMakeFiles/number_counter.dir/src/number_counter.cpp.o] Error 1
[7.011s] gmake[1]: *** [CMakeFiles/Makefile2:221: CMakeFiles/number_counter.dir/all] Error 2
[7.012s] gmake[1]: *** Waiting for unfinished jobs....
[30.346s] [ 87%] [32m[1mLinking CXX executable smartphone[0m
[32.013s] [ 87%] Built target smartphone
[32.019s] gmake: *** [Makefile:146: all] Error 2
[32.024s] Invoked command in '/home/prateek/ros2_ws/build/my_cpp_pkg' returned '2': CMAKE_PREFIX_PATH=${CMAKE_PREFIX_PATH}:/home/prateek/ros2_ws/install/my_py_pkg:/opt/ros/humble /usr/bin/cmake --build /home/prateek/ros2_ws/build/my_cpp_pkg -- -j2 -l2
